Log file open, 10/01/17 21:16:27
LogInit:Display: Running engine for game: MyProject
LogPlatformFile: Not using cached read wrapper
LogInit:Display: RandInit(-251039014) SRandInit(-251039013).
LogTaskGraph: Started task graph with 5 named threads and 8 total threads with 1 sets of task threads.
LogStats: Stats thread started at 0.623271
LogInit: Using libcurl 7.47.1
LogInit:  - built for x86_64-pc-win32
LogInit:  - supports SSL with OpenSSL/1.0.2g
LogInit:  - supports HTTP deflate (compression) using libz 1.2.8
LogInit:  - other features:
LogInit:      CURL_VERSION_SSL
LogInit:      CURL_VERSION_LIBZ
LogInit:      CURL_VERSION_IPV6
LogInit:      CURL_VERSION_ASYNCHDNS
LogInit:      CURL_VERSION_LARGEFILE
LogInit:      CURL_VERSION_IDN
LogInit:  CurlRequestOptions (configurable via config and command line):
LogInit:  - bVerifyPeer = false  - Libcurl will NOT verify peer certificate
LogInit:  - bUseHttpProxy = false  - Libcurl will NOT use HTTP proxy
LogInit:  - bDontReuseConnections = false  - Libcurl will reuse connections
LogInit:  - CertBundlePath = nullptr  - Libcurl will use whatever was configured at build time.
LogInit: Build: ++UE4+Release-4.16-CL-3561208
LogInit: Engine Version: 4.16.3-3561208+++UE4+Release-4.16
LogInit: Compatible Engine Version: 4.16.0-3452394+++UE4+Release-4.16
LogInit: Net CL: 3452394
LogDevObjectVersion: Number of dev versions registered: 16
LogDevObjectVersion:   Dev-Blueprints (B0D832E4-1F89-4F0D-ACCF-7EB736FD4AA2): 9
LogDevObjectVersion:   Dev-Build (E1C64328-A22C-4D53-A36C-8E866417BD8C): 0
LogDevObjectVersion:   Dev-Core (375EC13C-06E4-48FB-B500-84F0262A717E): 2
LogDevObjectVersion:   Dev-Editor (E4B068ED-F494-42E9-A231-DA0B2E46BB41): 17
LogDevObjectVersion:   Dev-Framework (CFFC743F-43B0-4480-9391-14DF171D2073): 23
LogDevObjectVersion:   Dev-Mobile (B02B49B5-BB20-44E9-A304-32B752E40360): 0
LogDevObjectVersion:   Dev-Networking (A4E4105C-59A1-49B5-A7C5-40C4547EDFEE): 0
LogDevObjectVersion:   Dev-Online (39C831C9-5AE6-47DC-9A44-9C173E1C8E7C): 0
LogDevObjectVersion:   Dev-Physics (78F01B33-EBEA-4F98-B9B4-84EACCB95AA2): 0
LogDevObjectVersion:   Dev-Platform (6631380F-2D4D-43E0-8009-CF276956A95A): 0
LogDevObjectVersion:   Dev-Rendering (12F88B9F-8875-4AFC-A67C-D90C383ABD29): 15
LogDevObjectVersion:   Dev-Sequencer (7B5AE74C-D270-4C10-A958-57980B212A5A): 4
LogDevObjectVersion:   Dev-VR (D7296918-1DD6-4BDD-9DE2-64A83CC13884): 0
LogDevObjectVersion:   Dev-LoadTimes (C2A15278-BFE7-4AFE-6C17-90FF531DF755): 1
LogDevObjectVersion:   Private-Geometry (6EACA3D4-40EC-4CC1-B786-8BED09428FC5): 1
LogDevObjectVersion:   Dev-AnimPhys (29E575DD-E0A3-4627-9D10-D276232CDCEA): 3
LogInit: Compiled (64-bit): Jul 28 2017 11:49:47
LogInit: Compiled with Visual C++: 19.00.24215.01
LogInit: Build Configuration: Development
LogInit: Branch Name: ++UE4+Release-4.16
LogInit: Command line:  
LogInit: Base directory: C:/Program Files/Epic Games/UE_4.16/Engine/Binaries/Win64/
LogInit: Installed Engine Build: 1
LogInit: Presizing for max 8388607 objects, including 0 objects not considered by GC, pre-allocating 0 bytes for permanent pool.
LogInit: Object subsystem initialized
[2017.10.02-01.16.28:244][  0]LogInit: Selected Device Profile: [Windows]
[2017.10.02-01.16.28:244][  0]LogInit: Applying CVar settings loaded from the selected device profile: [Windows]
[2017.10.02-01.16.28:327][  0]LogInit: Computer: ALEX
[2017.10.02-01.16.28:327][  0]LogInit: User: galla000
[2017.10.02-01.16.28:327][  0]LogInit: CPU Page size=4096, Cores=4
[2017.10.02-01.16.28:327][  0]LogInit: High frequency timer resolution =2.825499 MHz
[2017.10.02-01.16.28:327][  0]LogMemory: Memory total: Physical=31.9GB (32GB approx)
[2017.10.02-01.16.28:327][  0]LogMemory: Platform Memory Stats for Windows
[2017.10.02-01.16.28:327][  0]LogMemory: Process Physical Memory: 271.21 MB used, 271.21 MB peak
[2017.10.02-01.16.28:327][  0]LogMemory: Process Virtual Memory: 260.73 MB used, 260.73 MB peak
[2017.10.02-01.16.28:327][  0]LogMemory: Physical Memory: 3465.46 MB used,  29183.56 MB free, 32649.02 MB total
[2017.10.02-01.16.28:327][  0]LogMemory: Virtual Memory: 621.52 MB used,  29183.56 MB free, 134217728.00 MB total
[2017.10.02-01.16.28:617][  0]LogInit: Using OS detected language (en-US).
[2017.10.02-01.16.28:617][  0]LogInit: Using OS detected locale (en-US).
[2017.10.02-01.16.28:666][  0]LogTextLocalizationManager: No specific localization for 'en-US' exists, so the 'en' localization will be used.
[2017.10.02-01.16.30:855][  0]LogD3D11RHI: D3D11 adapters:
[2017.10.02-01.16.30:865][  0]LogD3D11RHI:    0. 'Intel(R) HD Graphics 4600' (Feature Level 11_0)
[2017.10.02-01.16.30:865][  0]LogD3D11RHI:       4054/0/16324 MB DedicatedVideo/DedicatedSystem/SharedSystem, Outputs:1, VendorId:0x8086
[2017.10.02-01.16.30:866][  0]LogD3D11RHI:    1. 'Microsoft Basic Render Driver' (Feature Level 11_0)
[2017.10.02-01.16.30:866][  0]LogD3D11RHI:       0/0/256 MB DedicatedVideo/DedicatedSystem/SharedSystem, Outputs:0, VendorId:0x1414
[2017.10.02-01.16.30:866][  0]LogD3D11RHI: Chosen D3D11 Adapter: 0
[2017.10.02-01.16.30:870][  0]LogD3D11RHI: Creating new Direct3DDevice
[2017.10.02-01.16.30:871][  0]LogD3D11RHI:     GPU DeviceId: 0x416 (for the marketing name, search the web for "GPU Device Id")
[2017.10.02-01.16.30:871][  0]LogWindows: EnumDisplayDevices:
[2017.10.02-01.16.30:871][  0]LogWindows:    0. 'Intel(R) HD Graphics 4600' (P:1 D:1)
[2017.10.02-01.16.30:871][  0]LogWindows:    1. 'Intel(R) HD Graphics 4600' (P:0 D:0)
[2017.10.02-01.16.30:871][  0]LogWindows:    2. 'Intel(R) HD Graphics 4600' (P:0 D:0)
[2017.10.02-01.16.30:871][  0]LogWindows:    3. 'Intel(R) HD Graphics 4600' (P:0 D:0)
[2017.10.02-01.16.30:871][  0]LogWindows: DebugString: FoundDriverCount:4 
[2017.10.02-01.16.30:871][  0]LogD3D11RHI:     Adapter Name: Intel(R) HD Graphics 4600
[2017.10.02-01.16.30:871][  0]LogD3D11RHI:   Driver Version: 10.18.10.3304 (internal:10.18.10.3304, unified:10.18.10.3304)
[2017.10.02-01.16.30:871][  0]LogD3D11RHI:      Driver Date: 9-9-2013
[2017.10.02-01.16.30:872][  0]LogRHI: Texture pool is 1361 MB (70% of 1945 MB)
[2017.10.02-01.16.30:880][  0]LogD3D11RHI: Async texture creation enabled
[2017.10.02-01.16.30:911][  0]LogD3D11RHI: GPU Timing Frequency: 12.500000 (Debug: 2 2)
[2017.10.02-01.16.30:916][  0]LogShaderCompilers: Guid format shader working directory is 25 characters bigger than the processId version (D:/Unreal Games/MyProject/Intermediate/Shaders/WorkingDirectory/4508/).
[2017.10.02-01.16.30:916][  0]LogShaderCompilers: Cleaned the shader compiler working directory 'C:/Users/galla_000/AppData/Local/Temp/UnrealShaderWorkingDir/D314D7F5469FCB332B84F2999C526966/'.
[2017.10.02-01.16.30:916][  0]LogShaderCompilers:Display: Using Local Shader Compiler.
[2017.10.02-01.16.32:640][  0]LogTemp:Display: Loaded TP AllDesktopTargetPlatform
[2017.10.02-01.16.32:678][  0]LogTemp:Display: Loaded TP MacClientTargetPlatform
[2017.10.02-01.16.32:715][  0]LogTemp:Display: Loaded TP MacNoEditorTargetPlatform
[2017.10.02-01.16.32:753][  0]LogTemp:Display: Loaded TP MacServerTargetPlatform
[2017.10.02-01.16.32:799][  0]LogTemp:Display: Loaded TP MacTargetPlatform
[2017.10.02-01.16.32:837][  0]LogTemp:Display: Loaded TP WindowsClientTargetPlatform
[2017.10.02-01.16.32:875][  0]LogTemp:Display: Loaded TP WindowsNoEditorTargetPlatform
[2017.10.02-01.16.32:913][  0]LogTemp:Display: Loaded TP WindowsServerTargetPlatform
[2017.10.02-01.16.32:948][  0]LogTemp:Display: Loaded TP WindowsTargetPlatform
[2017.10.02-01.16.32:989][  0]LogTemp:Display: Loaded TP AndroidTargetPlatform
[2017.10.02-01.16.33:027][  0]LogTemp:Display: Loaded TP Android_ASTCTargetPlatform
[2017.10.02-01.16.33:064][  0]LogTemp:Display: Loaded TP Android_ATCTargetPlatform
[2017.10.02-01.16.33:102][  0]LogTemp:Display: Loaded TP Android_DXTTargetPlatform
[2017.10.02-01.16.33:140][  0]LogTemp:Display: Loaded TP Android_ETC1TargetPlatform
[2017.10.02-01.16.33:176][  0]LogTemp:Display: Loaded TP Android_ETC2TargetPlatform
[2017.10.02-01.16.33:251][  0]LogTemp:Display: Loaded TP Android_MultiTargetPlatform
[2017.10.02-01.16.33:251][  0]LogTemp:Display: Loaded TP Android_PVRTCTargetPlatform
[2017.10.02-01.16.33:280][  0]LogTemp:Display: Loaded TP HTML5TargetPlatform
[2017.10.02-01.16.33:363][  0]LogTemp:Display: Loaded TP IOSTargetPlatform
[2017.10.02-01.16.33:386][  0]LogTemp:Display: Loaded TP TVOSTargetPlatform
[2017.10.02-01.16.33:423][  0]LogTemp:Display: Loaded TP LinuxClientTargetPlatform
[2017.10.02-01.16.33:461][  0]LogTemp:Display: Loaded TP LinuxNoEditorTargetPlatform
[2017.10.02-01.16.33:499][  0]LogTemp:Display: Loaded TP LinuxServerTargetPlatform
[2017.10.02-01.16.33:540][  0]LogTemp:Display: Loaded TP LinuxTargetPlatform
[2017.10.02-01.16.33:540][  0]LogTargetPlatformManager:Display: Building Assets For Windows
[2017.10.02-01.16.34:017][  0]LogDerivedDataCache:Display: Max Cache Size: 512 MB
[2017.10.02-01.16.34:344][  0]LogDerivedDataCache: Loaded boot cache 0.33s 90MB C:/Users/galla_000/AppData/Local/UnrealEngine/4.16/DerivedDataCache/Boot.ddc.
[2017.10.02-01.16.34:344][  0]LogDerivedDataCache:Display: Loaded Boot cache: C:/Users/galla_000/AppData/Local/UnrealEngine/4.16/DerivedDataCache/Boot.ddc
[2017.10.02-01.16.34:344][  0]LogDerivedDataCache: FDerivedDataBackendGraph:  Pak pak cache file D:/Unreal Games/MyProject/DerivedDataCache/DDC.ddp not found, will not use a pak cache.
[2017.10.02-01.16.34:344][  0]LogDerivedDataCache: Unable to find inner node Pak for hierarchical cache Hierarchy.
[2017.10.02-01.16.34:344][  0]LogDerivedDataCache: FDerivedDataBackendGraph:  CompressedPak pak cache file D:/Unreal Games/MyProject/DerivedDataCache/Compressed.ddp not found, will not use a pak cache.
[2017.10.02-01.16.34:344][  0]LogDerivedDataCache: Unable to find inner node CompressedPak for hierarchical cache Hierarchy.
[2017.10.02-01.16.34:370][  0]LogDerivedDataCache:Display: Pak cache opened for reading ../../../Engine/DerivedDataCache/Compressed.ddp.
[2017.10.02-01.16.34:383][  0]LogDerivedDataCache: Using Local data cache path C:/Users/galla_000/AppData/Local/UnrealEngine/Common/DerivedDataCache: Writable
[2017.10.02-01.16.34:396][  0]LogMaterial: Verifying Global Shaders for PCD3D_SM5
[2017.10.02-01.16.34:400][  0]LogSlate: Using Freetype 2.6.0
[2017.10.02-01.16.34:416][  0]LogSlate: SlateFontCache - WITH_FREETYPE: 1, WITH_HARFBUZZ: 1
[2017.10.02-01.16.34:416][  0]LogSlate: SlateFontCache - WITH_FREETYPE: 1, WITH_HARFBUZZ: 1
[2017.10.02-01.16.35:220][  0]LogInit: Selected Device Profile: [Windows]
[2017.10.02-01.16.35:450][  0]LogContentStreaming: Texture pool size is 0.00 MB
[2017.10.02-01.16.35:702][  0]LogMeshUtilities: Using QuadricMeshReduction for automatic static mesh reduction
[2017.10.02-01.16.35:751][  0]LogSimplygon: Simplygon DLL not present - disabling.
[2017.10.02-01.16.35:791][  0]LogMeshUtilities: Using SimplygonSwarm for distributed automatic mesh merging
[2017.10.02-01.16.35:791][  0]LogMeshUtilities: No automatic skeletal mesh reduction module available
[2017.10.02-01.16.35:791][  0]LogMeshUtilities: No automatic mesh merging module available
[2017.10.02-01.16.37:186][  0]LogNetVersion: MyProject , NetCL: 3452394, EngineNetVer: 2, GameNetVer: 0 (Checksum: 1111101373)
[2017.10.02-01.16.37:280][  0]LogAssetRegistry: FAssetRegistry took 0.0285 seconds to start up
[2017.10.02-01.16.37:441][  0]LogPackageLocalizationCache: Processed 4 localized package path(s) for 2 prioritized culture(s) in 0.143067 seconds
[2017.10.02-01.16.37:446][  0]LogUObjectArray: 34194 objects as part of root set at end of initial load.
[2017.10.02-01.16.37:446][  0]LogUObjectAllocator: 7260416 out of 0 bytes used by permanent object pool.
[2017.10.02-01.16.37:446][  0]LogUObjectArray: CloseDisregardForGC: 0/0 objects in disregard for GC pool
[2017.10.02-01.16.37:500][  0]LogInit: WinSock: version 1.1 (2.2), MaxSocks=32767, MaxUdp=65467
[2017.10.02-01.16.41:801][  0]LogTcpMessaging: Initializing TcpMessaging bridge
[2017.10.02-01.16.41:838][  0]LogUdpMessaging: Initializing bridge on interface 0.0.0.0:0 to multicast group 230.0.0.1:6666.
[2017.10.02-01.16.42:401][  0]LogMaterial: Uniform references updated for custom material expression Custom.
[2017.10.02-01.16.42:810][  0]SourceControl: Info Source control is disabled
[2017.10.02-01.16.42:810][  0]SourceControl: Info Source control is disabled
[2017.10.02-01.16.42:852][  0]SourceControl: Info Source control is disabled
[2017.10.02-01.16.42:890][  0]SourceControl: Info Source control is disabled
[2017.10.02-01.16.43:521][  0]LogAndroidPermission: UAndroidPermissionCallbackProxy::GetInstance
[2017.10.02-01.16.44:028][  0]LogEngine: Initializing Engine...
[2017.10.02-01.16.44:030][  0]LogHMD: Failed to initialize OpenVR with code 110
[2017.10.02-01.16.44:413][  0]LogStats: UGameplayTagsManager::ConstructGameplayTagTree: Construct from data asset -  0.000 s
[2017.10.02-01.16.44:413][  0]LogStats: UGameplayTagsManager::ConstructGameplayTagTree: GameplayTagTreeChangedEvent.Broadcast -  0.000 s
[2017.10.02-01.16.44:648][  0]LogAIModule: Creating AISystem for world Untitled
[2017.10.02-01.16.44:664][  0]LogInit: XAudio2 using 'Speakers (Realtek High Definition Audio)' : 2 channels at 48 kHz using 32 bits per sample (channel mask 0x3)
[2017.10.02-01.16.44:706][  0]LogInit: FAudioDevice initialized.
[2017.10.02-01.16.44:744][  0]LogDerivedDataCache: Saved boot cache 0.04s 90MB C:/Users/galla_000/AppData/Local/UnrealEngine/4.16/DerivedDataCache/Boot.ddc.
[2017.10.02-01.16.44:751][  0]LogInit: Texture streaming: Enabled
[2017.10.02-01.16.44:832][  0]LogEngineSessionManager: EngineSessionManager initialized
[2017.10.02-01.16.45:031][  0]LogInit: Transaction tracking system initialized
[2017.10.02-01.16.45:313][  0]BlueprintLog: New page: Editor Load
[2017.10.02-01.16.46:115][  0]LocalizationService: Info Localization service is disabled
[2017.10.02-01.16.46:709][  0]LogConsoleResponse:Display: 
[2017.10.02-01.16.47:102][  0]LogCook:Display: Max memory allowance for cook 16384mb min free memory 0mb
[2017.10.02-01.16.47:102][  0]LogCook:Display: Mobile HDR setting 1
[2017.10.02-01.16.47:948][  0]LogFileCache: Scanning file cache for directory 'D:/Unreal Games/MyProject/Content/' took 0.02s
[2017.10.02-01.16.48:001][  0]SourceControl: Info Source control is disabled
[2017.10.02-01.16.48:002][  0]Cmd: MAP LOAD FILE="D:/Unreal Games/MyProject/Content/VehicleAdvBP/Maps/VehicleAdvExampleMap.umap" TEMPLATE=0 SHOWPROGRESS=1 FEATURELEVEL=3
[2017.10.02-01.16.48:003][  0]LightingResults: New page: Lighting Build
[2017.10.02-01.16.48:037][  0]MapCheck: New page: Map Check
[2017.10.02-01.16.48:038][  0]LightingResults: New page: Lighting Build
[2017.10.02-01.16.50:071][  0]LogAIModule: Creating AISystem for world VehicleAdvExampleMap
[2017.10.02-01.16.50:240][  0]LogEditorServer: Finished looking for orphan Actors (0.000 secs)
[2017.10.02-01.16.50:257][  0]Cmd: MAP CHECKDEP NOCLEARLOG
[2017.10.02-01.16.50:295][  0]MapCheck: Info Map check complete: 0 Error(s), 0 Warning(s), took 38.214ms to complete.
[2017.10.02-01.16.50:295][  0]LogFileHelpers: Loading map 'VehicleAdvExampleMap' took 2.293
[2017.10.02-01.16.50:494][  0]LogCollectionManager: Loaded 0 collections in 0.001309 seconds
[2017.10.02-01.16.50:581][  0]LogFileCache: Scanning file cache for directory 'D:/Unreal Games/MyProject/Saved/Collections/' took 0.01s
[2017.10.02-01.16.50:581][  0]LogFileCache: Scanning file cache for directory 'D:/Unreal Games/MyProject/Content/Developers/galla000/Collections/' took 0.01s
[2017.10.02-01.16.50:581][  0]LogFileCache: Scanning file cache for directory 'D:/Unreal Games/MyProject/Content/Collections/' took 0.01s
[2017.10.02-01.16.50:581][  0]LogCollectionManager: Rebuilt the GUID cache for 0 collections in 0.000002 seconds
[2017.10.02-01.16.50:591][  0]LogContentBrowser: Native class hierarchy populated in 0.0083 seconds. Added 2331 classes and 494 folders.
[2017.10.02-01.16.50:643][  0]LogContentBrowser: Native class hierarchy updated for 'WidgetCarousel' in 0.0007 seconds. Added 0 classes and 0 folders.
[2017.10.02-01.16.50:976][  0]LogContentBrowser: Native class hierarchy updated for 'AddContentDialog' in 0.0004 seconds. Added 0 classes and 0 folders.
[2017.10.02-01.16.51:016][  0]LogContentBrowser: Native class hierarchy updated for 'SceneOutliner' in 0.0007 seconds. Added 1 classes and 2 folders.
[2017.10.02-01.16.51:277][  0]LogCrashTracker: Crashtracker disabled due to settings.
[2017.10.02-01.16.51:290][  0]LogSlate: Took 0.005494 seconds to synchronously load lazily loaded font '../../../Engine/Content/Slate/Fonts/Roboto-Regular.ttf' (155K)
[2017.10.02-01.16.51:296][  0]LogSlate: Took 0.004530 seconds to synchronously load lazily loaded font '../../../Engine/Content/Slate/Fonts/Roboto-Bold.ttf' (160K)
[2017.10.02-01.16.51:309][  0]LogSlate: Took 0.006131 seconds to synchronously load lazily loaded font '../../../Engine/Content/Editor/Slate/Fonts/FontAwesome.ttf' (139K)
[2017.10.02-01.16.51:450][  0]LogRenderer: Reallocating scene render targets to support 1208x576 NumSamples 1 (Frame:1).
[2017.10.02-01.16.52:020][  0]LogUObjectGlobals:Warning: Failed to find object 'Class None.'
[2017.10.02-01.16.52:081][  0]LogContentBrowser: Native class hierarchy updated for 'HierarchicalLODOutliner' in 0.0005 seconds. Added 1 classes and 2 folders.
[2017.10.02-01.16.52:081][  0]LogLoad: (Engine Initialization) Total time: 26.99 seconds
[2017.10.02-01.16.52:081][  0]LogLoad: (Engine Initialization) Total Blueprint compile time: 0.19 seconds
[2017.10.02-01.16.52:081][  0]LogExternalProfiler: No external profilers were discovered.  External profiling features will not be available.
[2017.10.02-01.16.52:090][  0]LogOcInput: OculusInput pre-init called
[2017.10.02-01.16.52:091][  0]LogRawInputWindows:Warning: Found device 0 devices
[2017.10.02-01.16.52:091][  0]LogRawInputWindows:Warning: Found device 0 devices
[2017.10.02-01.16.52:091][  0]LogRawInputWindows:Warning: Device was registered succesfully but not connected (Usage:4 UsagePage:1
[2017.10.02-01.16.52:091][  0]LogRawInputWindows:Warning: Found device 1 devices
[2017.10.02-01.16.52:091][  0]LogRawInputWindows:Warning: Device was registered succesfully but not connected (Usage:5 UsagePage:1
[2017.10.02-01.16.52:091][  0]LogHMD: Starting GearVRController plugin
[2017.10.02-01.16.52:108][  0]LogAssetRegistry: Asset discovery search completed in 14.8504 seconds
[2017.10.02-01.16.52:110][  0]LogCollectionManager: Rebuilt the object cache for 0 collections in 0.000001 seconds (found 0 objects)
[2017.10.02-01.16.52:110][  0]LogCollectionManager: Fixed up redirectors for 0 collections in 0.000018 seconds (updated 0 objects)
[2017.10.02-01.16.52:114][  0]LogContentStreaming: Texture pool size now 800 MB
[2017.10.02-01.16.52:182][  0]LogSlate: Took 0.004886 seconds to synchronously load lazily loaded font '../../../Engine/Content/Slate/Fonts/Roboto-Light.ttf' (159K)
[2017.10.02-01.16.57:979][106]LogTemp: Repeting last play command: Selected Viewport
[2017.10.02-01.16.58:156][106]LogPlayLevel: PlayLevel: No blueprints needed recompiling
[2017.10.02-01.16.58:158][106]PIE: New page: PIE session: VehicleAdvExampleMap (Oct 1, 2017, 5:16:58 PM)
[2017.10.02-01.16.58:158][106]LogPlayLevel: Creating play world package: /Game/VehicleAdvBP/Maps/UEDPIE_0_VehicleAdvExampleMap
[2017.10.02-01.16.58:188][106]LogPlayLevel: PIE: StaticDuplicateObject took: (0.029870s)
[2017.10.02-01.16.58:189][106]LogAIModule: Creating AISystem for world VehicleAdvExampleMap
[2017.10.02-01.16.58:189][106]LogPlayLevel: PIE: World Init took: (0.000659s)
[2017.10.02-01.16.58:189][106]LogPlayLevel: PIE: Created PIE world by copying editor world from /Game/VehicleAdvBP/Maps/VehicleAdvExampleMap.VehicleAdvExampleMap to /Game/VehicleAdvBP/Maps/UEDPIE_0_VehicleAdvExampleMap.VehicleAdvExampleMap (0.030777s)
[2017.10.02-01.16.58:198][106]LogInit: XAudio2 using 'Speakers (Realtek High Definition Audio)' : 2 channels at 48 kHz using 32 bits per sample (channel mask 0x3)
[2017.10.02-01.16.58:206][106]LogInit: FAudioDevice initialized.
[2017.10.02-01.16.58:256][106]LogLoad: Game class is 'VehicleAdvGameMode_C'
[2017.10.02-01.16.58:267][106]LogWorld: Bringing World /Game/VehicleAdvBP/Maps/UEDPIE_0_VehicleAdvExampleMap.VehicleAdvExampleMap up for play (max tick rate 0) at 2017.10.01-21.16.58
[2017.10.02-01.16.58:267][106]LogWorld: Bringing up level for play took: 0.005469
[2017.10.02-01.16.58:300][106]LogContentBrowser: Native class hierarchy updated for 'MovieSceneCapture' in 0.0006 seconds. Added 11 classes and 0 folders.
[2017.10.02-01.16.58:301][106]PIE: Info Play in editor start time for /Game/VehicleAdvBP/Maps/UEDPIE_0_VehicleAdvExampleMap -0.02
[2017.10.02-01.17.14:801][565]LogBlueprintUserMessages: [VehicleBlueprint_C_1] Reset
[2017.10.02-01.17.32:405][984]LogTemp: Executing iPhonePackager certificates Engine -bundlename com.YourCompany.MyProject
[2017.10.02-01.17.32:405][984]LogTemp: CWD: C:\Program Files\Epic Games\UE_4.16\Engine\Binaries\DotNET\IOS
[2017.10.02-01.17.32:405][984]LogTemp: Initial Dir: C:\Program Files\Epic Games\UE_4.16
[2017.10.02-01.17.32:405][984]LogTemp: Env CWD: C:\Program Files\Epic Games\UE_4.16\Engine\Binaries\DotNET\IOS
[2017.10.02-01.17.32:405][984]LogTemp: BranchPath = ALEX/C/Program Files/Epic Games/UE_4.16/Engine/Binaries --- GameBranchPath = ALEX/C/Program Files/Epic Games/UE_4.16/Engine/Binaries
[2017.10.02-01.17.32:405][984]LogTemp: IPP ERROR: Could not find provision directory 'C:\Users\galla_000\AppData\Local/Apple Computer/MobileDevice/Provisioning Profiles/'.
[2017.10.02-01.17.32:405][984]LogSlate: Only BGRA pngs, bmps or icos are supported in by External Image Picker
[2017.10.02-01.18.36:474][215]LogTemp: Repeting last play command: Selected Viewport
[2017.10.02-01.18.36:488][215]LogPlayLevel: PlayLevel: No blueprints needed recompiling
[2017.10.02-01.18.36:489][215]PIE: New page: PIE session: VehicleAdvExampleMap (Oct 1, 2017, 5:18:36 PM)
[2017.10.02-01.18.36:489][215]LogPlayLevel: Creating play world package: /Game/VehicleAdvBP/Maps/UEDPIE_0_VehicleAdvExampleMap
[2017.10.02-01.18.36:517][215]LogPlayLevel: PIE: StaticDuplicateObject took: (0.028467s)
[2017.10.02-01.18.36:518][215]LogAIModule: Creating AISystem for world VehicleAdvExampleMap
[2017.10.02-01.18.36:518][215]LogPlayLevel: PIE: World Init took: (0.000626s)
[2017.10.02-01.18.36:518][215]LogPlayLevel: PIE: Created PIE world by copying editor world from /Game/VehicleAdvBP/Maps/VehicleAdvExampleMap.VehicleAdvExampleMap to /Game/VehicleAdvBP/Maps/UEDPIE_0_VehicleAdvExampleMap.VehicleAdvExampleMap (0.029318s)
[2017.10.02-01.18.36:531][215]LogInit: XAudio2 using 'Speakers (Realtek High Definition Audio)' : 2 channels at 48 kHz using 32 bits per sample (channel mask 0x3)
[2017.10.02-01.18.36:539][215]LogInit: FAudioDevice initialized.
[2017.10.02-01.18.36:606][215]LogLoad: Game class is 'VehicleAdvGameMode_C'
[2017.10.02-01.18.36:616][215]LogWorld: Bringing World /Game/VehicleAdvBP/Maps/UEDPIE_0_VehicleAdvExampleMap.VehicleAdvExampleMap up for play (max tick rate 0) at 2017.10.01-21.18.36
[2017.10.02-01.18.36:617][215]LogWorld: Bringing up level for play took: 0.004898
[2017.10.02-01.18.36:618][215]PIE: Info Play in editor start time for /Game/VehicleAdvBP/Maps/UEDPIE_0_VehicleAdvExampleMap 0.297
[2017.10.02-01.18.39:158][282]LogBlueprintUserMessages: [VehicleBlueprint_C_1] Reset
[2017.10.02-01.18.41:135][337]LogBlueprintUserMessages: [VehicleBlueprint_C_1] Reset
[2017.10.02-01.20.54:256][881]LogTemp: Repeting last play command: Selected Viewport
[2017.10.02-01.20.54:270][881]LogPlayLevel: PlayLevel: No blueprints needed recompiling
[2017.10.02-01.20.54:271][881]PIE: New page: PIE session: VehicleAdvExampleMap (Oct 1, 2017, 5:20:54 PM)
[2017.10.02-01.20.54:271][881]LogPlayLevel: Creating play world package: /Game/VehicleAdvBP/Maps/UEDPIE_0_VehicleAdvExampleMap
[2017.10.02-01.20.54:297][881]LogPlayLevel: PIE: StaticDuplicateObject took: (0.025956s)
[2017.10.02-01.20.54:297][881]LogAIModule: Creating AISystem for world VehicleAdvExampleMap
[2017.10.02-01.20.54:298][881]LogPlayLevel: PIE: World Init took: (0.000943s)
[2017.10.02-01.20.54:298][881]LogPlayLevel: PIE: Created PIE world by copying editor world from /Game/VehicleAdvBP/Maps/VehicleAdvExampleMap.VehicleAdvExampleMap to /Game/VehicleAdvBP/Maps/UEDPIE_0_VehicleAdvExampleMap.VehicleAdvExampleMap (0.027153s)
[2017.10.02-01.20.54:309][881]LogInit: XAudio2 using 'Speakers (Realtek High Definition Audio)' : 2 channels at 48 kHz using 32 bits per sample (channel mask 0x3)
[2017.10.02-01.20.54:317][881]LogInit: FAudioDevice initialized.
[2017.10.02-01.20.54:380][881]LogLoad: Game class is 'VehicleAdvGameMode_C'
[2017.10.02-01.20.54:390][881]LogWorld: Bringing World /Game/VehicleAdvBP/Maps/UEDPIE_0_VehicleAdvExampleMap.VehicleAdvExampleMap up for play (max tick rate 0) at 2017.10.01-21.20.54
[2017.10.02-01.20.54:391][881]LogWorld: Bringing up level for play took: 0.004692
[2017.10.02-01.20.54:392][881]PIE: Info Play in editor start time for /Game/VehicleAdvBP/Maps/UEDPIE_0_VehicleAdvExampleMap 0.071
[2017.10.02-01.22.14:243][914]LogTemp: Repeting last play command: Selected Viewport
[2017.10.02-01.22.14:256][914]LogPlayLevel: PlayLevel: No blueprints needed recompiling
[2017.10.02-01.22.14:256][914]PIE: New page: PIE session: VehicleAdvExampleMap (Oct 1, 2017, 5:22:14 PM)
[2017.10.02-01.22.14:256][914]LogPlayLevel: Creating play world package: /Game/VehicleAdvBP/Maps/UEDPIE_0_VehicleAdvExampleMap
[2017.10.02-01.22.14:282][914]LogPlayLevel: PIE: StaticDuplicateObject took: (0.025347s)
[2017.10.02-01.22.14:282][914]LogAIModule: Creating AISystem for world VehicleAdvExampleMap
[2017.10.02-01.22.14:282][914]LogPlayLevel: PIE: World Init took: (0.000580s)
[2017.10.02-01.22.14:282][914]LogPlayLevel: PIE: Created PIE world by copying editor world from /Game/VehicleAdvBP/Maps/VehicleAdvExampleMap.VehicleAdvExampleMap to /Game/VehicleAdvBP/Maps/UEDPIE_0_VehicleAdvExampleMap.VehicleAdvExampleMap (0.026132s)
[2017.10.02-01.22.14:293][914]LogInit: XAudio2 using 'Speakers (Realtek High Definition Audio)' : 2 channels at 48 kHz using 32 bits per sample (channel mask 0x3)
[2017.10.02-01.22.14:300][914]LogInit: FAudioDevice initialized.
[2017.10.02-01.22.14:374][914]LogLoad: Game class is 'VehicleAdvGameMode_C'
[2017.10.02-01.22.14:384][914]LogWorld: Bringing World /Game/VehicleAdvBP/Maps/UEDPIE_0_VehicleAdvExampleMap.VehicleAdvExampleMap up for play (max tick rate 0) at 2017.10.01-21.22.14
[2017.10.02-01.22.14:385][914]LogWorld: Bringing up level for play took: 0.004642
[2017.10.02-01.22.14:385][914]PIE: Info Play in editor start time for /Game/VehicleAdvBP/Maps/UEDPIE_0_VehicleAdvExampleMap 0.065
[2017.10.02-01.22.29:077][338]LogBlueprintUserMessages: [VehicleBlueprint_C_1] Reset
[2017.10.02-01.22.30:413][378]LogBlueprintUserMessages: [VehicleBlueprint_C_1] Reset
[2017.10.02-01.22.30:984][395]LogBlueprintUserMessages: [VehicleBlueprint_C_1] Reset
[2017.10.02-01.22.31:151][400]LogBlueprintUserMessages: [VehicleBlueprint_C_1] Reset
[2017.10.02-01.22.31:351][406]LogBlueprintUserMessages: [VehicleBlueprint_C_1] Reset
[2017.10.02-01.22.31:585][413]LogBlueprintUserMessages: [VehicleBlueprint_C_1] Reset
[2017.10.02-01.22.31:851][421]LogBlueprintUserMessages: [VehicleBlueprint_C_1] Reset
[2017.10.02-01.22.32:052][427]LogBlueprintUserMessages: [VehicleBlueprint_C_1] Reset
[2017.10.02-01.22.32:220][432]LogBlueprintUserMessages: [VehicleBlueprint_C_1] Reset
[2017.10.02-01.22.32:419][438]LogBlueprintUserMessages: [VehicleBlueprint_C_1] Reset
[2017.10.02-01.22.32:585][443]LogBlueprintUserMessages: [VehicleBlueprint_C_1] Reset
[2017.10.02-01.22.32:750][448]LogBlueprintUserMessages: [VehicleBlueprint_C_1] Reset
[2017.10.02-01.22.35:469][529]LogBlueprintUserMessages: [VehicleBlueprint_C_1] Reset
[2017.10.02-01.22.36:014][545]LogBlueprintUserMessages: [VehicleBlueprint_C_1] Reset
[2017.10.02-01.22.36:788][568]LogBlueprintUserMessages: [VehicleBlueprint_C_1] Reset
[2017.10.02-01.22.37:155][579]LogBlueprintUserMessages: [VehicleBlueprint_C_1] Reset
[2017.10.02-01.22.37:354][585]LogBlueprintUserMessages: [VehicleBlueprint_C_1] Reset
[2017.10.02-01.22.39:033][635]LogBlueprintUserMessages: [VehicleBlueprint_C_1] Reset
[2017.10.02-01.22.39:231][641]LogBlueprintUserMessages: [VehicleBlueprint_C_1] Reset
[2017.10.02-01.22.39:431][647]LogBlueprintUserMessages: [VehicleBlueprint_C_1] Reset
[2017.10.02-01.22.39:566][651]LogBlueprintUserMessages: [VehicleBlueprint_C_1] Reset
[2017.10.02-01.22.39:697][655]LogBlueprintUserMessages: [VehicleBlueprint_C_1] Reset
[2017.10.02-01.22.39:831][659]LogBlueprintUserMessages: [VehicleBlueprint_C_1] Reset
[2017.10.02-01.22.39:965][663]LogBlueprintUserMessages: [VehicleBlueprint_C_1] Reset
[2017.10.02-01.22.40:133][668]LogBlueprintUserMessages: [VehicleBlueprint_C_1] Reset
[2017.10.02-01.22.40:265][672]LogBlueprintUserMessages: [VehicleBlueprint_C_1] Reset
[2017.10.02-01.22.40:396][676]LogBlueprintUserMessages: [VehicleBlueprint_C_1] Reset
[2017.10.02-01.22.40:530][680]LogBlueprintUserMessages: [VehicleBlueprint_C_1] Reset
[2017.10.02-01.22.40:664][684]LogBlueprintUserMessages: [VehicleBlueprint_C_1] Reset
[2017.10.02-01.22.40:795][688]LogBlueprintUserMessages: [VehicleBlueprint_C_1] Reset
[2017.10.02-01.22.40:927][692]LogBlueprintUserMessages: [VehicleBlueprint_C_1] Reset
[2017.10.02-01.22.44:879][809]LogBlueprintUserMessages: [VehicleBlueprint_C_1] Reset
[2017.10.02-01.22.45:045][814]LogBlueprintUserMessages: [VehicleBlueprint_C_1] Reset
[2017.10.02-01.22.45:179][818]LogBlueprintUserMessages: [VehicleBlueprint_C_1] Reset
[2017.10.02-01.22.45:314][822]LogBlueprintUserMessages: [VehicleBlueprint_C_1] Reset
[2017.10.02-01.22.45:445][826]LogBlueprintUserMessages: [VehicleBlueprint_C_1] Reset
[2017.10.02-01.22.45:578][830]LogBlueprintUserMessages: [VehicleBlueprint_C_1] Reset
[2017.10.02-01.22.45:710][834]LogBlueprintUserMessages: [VehicleBlueprint_C_1] Reset
[2017.10.02-01.22.46:981][872]LogBlueprintUserMessages: [VehicleBlueprint_C_1] Reset
[2017.10.02-01.22.47:147][877]LogBlueprintUserMessages: [VehicleBlueprint_C_1] Reset
[2017.10.02-01.22.47:314][882]LogBlueprintUserMessages: [VehicleBlueprint_C_1] Reset
[2017.10.02-01.22.47:448][886]LogBlueprintUserMessages: [VehicleBlueprint_C_1] Reset
[2017.10.02-01.22.47:578][890]LogBlueprintUserMessages: [VehicleBlueprint_C_1] Reset
[2017.10.02-01.22.47:711][894]LogBlueprintUserMessages: [VehicleBlueprint_C_1] Reset
[2017.10.02-01.22.47:846][898]LogBlueprintUserMessages: [VehicleBlueprint_C_1] Reset
[2017.10.02-01.22.47:980][902]LogBlueprintUserMessages: [VehicleBlueprint_C_1] Reset
[2017.10.02-01.22.48:082][905]LogBlueprintUserMessages: [VehicleBlueprint_C_1] Reset
[2017.10.02-01.22.48:219][909]LogBlueprintUserMessages: [VehicleBlueprint_C_1] Reset
[2017.10.02-01.22.48:317][912]LogBlueprintUserMessages: [VehicleBlueprint_C_1] Reset
[2017.10.02-01.22.48:421][915]LogBlueprintUserMessages: [VehicleBlueprint_C_1] Reset
[2017.10.02-01.22.48:556][919]LogBlueprintUserMessages: [VehicleBlueprint_C_1] Reset
[2017.10.02-01.22.48:658][922]LogBlueprintUserMessages: [VehicleBlueprint_C_1] Reset
[2017.10.02-01.22.56:692][134]LogWindowsTextInputMethodSystem:Display: IME system now deactivated.
[2017.10.02-01.22.56:874][135]Cmd: QUIT_EDITOR
[2017.10.02-01.22.57:899][135]LogExit: Preparing to exit.
[2017.10.02-01.22.58:175][135]LogExit: Editor shut down
[2017.10.02-01.22.58:179][135]LogExit: Transaction tracking system shut down
[2017.10.02-01.22.58:254][135]LogObj: Freed 0b from 0 cluster array pools.
[2017.10.02-01.22.58:254][135]LogExit: Object subsystem successfully closed.
[2017.10.02-01.22.58:277][135]LogD3D11RHI: Shutdown
[2017.10.02-01.22.58:277][135]LogD3D11RHI: CleanupD3DDevice
[2017.10.02-01.22.58:390][135]LogD3D11RHI: ~FD3D11DynamicRHI
[2017.10.02-01.22.58:406][135]LogModuleManager: Shutting down and abandoning module ExternalImagePicker (530)
[2017.10.02-01.22.58:406][135]LogModuleManager: Shutting down and abandoning module MovieSceneCapture (528)
[2017.10.02-01.22.58:406][135]LogModuleManager: Shutting down and abandoning module HierarchicalLODOutliner (526)
[2017.10.02-01.22.58:406][135]LogModuleManager: Shutting down and abandoning module CrashTracker (524)
[2017.10.02-01.22.58:406][135]LogModuleManager: Shutting down and abandoning module SceneOutliner (522)
[2017.10.02-01.22.58:406][135]LogModuleManager: Shutting down and abandoning module AddContentDialog (520)
[2017.10.02-01.22.58:406][135]LogDirectoryWatcher: A directory notification for 'C:/Program Files/Epic Games/UE_4.16/FeaturePacks/' was aborted.
[2017.10.02-01.22.58:407][135]LogModuleManager: Shutting down and abandoning module WidgetCarousel (519)
[2017.10.02-01.22.58:407][135]LogModuleManager: Shutting down and abandoning module EditorWidgets (516)
[2017.10.02-01.22.58:407][135]LogModuleManager: Shutting down and abandoning module CollectionManager (514)
[2017.10.02-01.22.58:407][135]LogDirectoryWatcher: A directory notification for 'D:/Unreal Games/MyProject/Content/Collections/' was aborted.
[2017.10.02-01.22.58:407][135]LogDirectoryWatcher: A directory notification for 'D:/Unreal Games/MyProject/Content/Developers/galla000/Collections/' was aborted.
[2017.10.02-01.22.58:407][135]LogDirectoryWatcher: A directory notification for 'D:/Unreal Games/MyProject/Saved/Collections/' was aborted.
[2017.10.02-01.22.58:407][135]LogModuleManager: Shutting down and abandoning module StatsViewer (512)
[2017.10.02-01.22.58:407][135]LogModuleManager: Shutting down and abandoning module FoliageEdit (510)
[2017.10.02-01.22.58:407][135]LogModuleManager: Shutting down and abandoning module LandscapeEditor (508)
[2017.10.02-01.22.58:408][135]LogModuleManager: Shutting down and abandoning module MeshPaintMode (506)
[2017.10.02-01.22.58:408][135]LogModuleManager: Shutting down and abandoning module SceneDepthPickerMode (504)
[2017.10.02-01.22.58:408][135]LogModuleManager: Shutting down and abandoning module ActorPickerMode (502)
[2017.10.02-01.22.58:408][135]LogModuleManager: Shutting down and abandoning module GeometryMode (500)
[2017.10.02-01.22.58:408][135]LogModuleManager: Shutting down and abandoning module TextureAlignMode (498)
[2017.10.02-01.22.58:408][135]LogModuleManager: Shutting down and abandoning module BspMode (496)
[2017.10.02-01.22.58:408][135]LogModuleManager: Shutting down and abandoning module HardwareSurvey (494)
[2017.10.02-01.22.58:408][135]LogModuleManager: Shutting down and abandoning module SequenceRecorderSections (492)
[2017.10.02-01.22.58:408][135]LogModuleManager: Shutting down and abandoning module AutomationWorker (490)
[2017.10.02-01.22.58:408][135]LogModuleManager: Shutting down and abandoning module MatineeToLevelSequence (488)
[2017.10.02-01.22.58:408][135]LogModuleManager: Shutting down and abandoning module LevelSequenceEditor (486)
[2017.10.02-01.22.58:409][135]LogModuleManager: Shutting down and abandoning module PlacementMode (485)
[2017.10.02-01.22.58:409][135]LogModuleManager: Shutting down and abandoning module WmfMediaFactory (482)
[2017.10.02-01.22.58:409][135]LogModuleManager: Shutting down and abandoning module WmfMediaEditor (480)
[2017.10.02-01.22.58:409][135]LogModuleManager: Shutting down and abandoning module AvfMediaFactory (478)
[2017.10.02-01.22.58:409][135]LogModuleManager: Shutting down and abandoning module AvfMediaEditor (476)
[2017.10.02-01.22.58:409][135]LogModuleManager: Shutting down and abandoning module AndroidMediaFactory (474)
[2017.10.02-01.22.58:409][135]LogModuleManager: Shutting down and abandoning module Media (473)
[2017.10.02-01.22.58:409][135]LogModuleManager: Shutting down and abandoning module AndroidMediaEditor (470)
[2017.10.02-01.22.58:409][135]LogModuleManager: Shutting down and abandoning module CharacterAI (468)
[2017.10.02-01.22.58:409][135]LogModuleManager: Shutting down and abandoning module AudioCapture (466)
[2017.10.02-01.22.58:409][135]LogModuleManager: Shutting down and abandoning module SequenceRecorder (465)
[2017.10.02-01.22.58:409][135]LogModuleManager: Shutting down and abandoning module SmartSnapping (462)
[2017.10.02-01.22.58:409][135]LogModuleManager: Shutting down and abandoning module SessionServices (460)
[2017.10.02-01.22.58:409][135]LogModuleManager: Shutting down and abandoning module ViewportSnapping (458)
[2017.10.02-01.22.58:409][135]LogModuleManager: Shutting down and abandoning module ViewportInteraction (456)
[2017.10.02-01.22.58:409][135]LogModuleManager: Shutting down and abandoning module ClothPainter (454)
[2017.10.02-01.22.58:410][135]LogModuleManager: Shutting down and abandoning module LogVisualizer (452)
[2017.10.02-01.22.58:410][135]LogModuleManager: Shutting down and abandoning module IntroTutorials (450)
[2017.10.02-01.22.58:410][135]LogModuleManager: Shutting down and abandoning module GameProjectGeneration (449)
[2017.10.02-01.22.58:412][135]LogModuleManager: Shutting down and abandoning module EditorLiveStreaming (446)
[2017.10.02-01.22.58:412][135]LogModuleManager: Shutting down and abandoning module IOSPlatformEditor (444)
[2017.10.02-01.22.58:412][135]LogModuleManager: Shutting down and abandoning module HTML5PlatformEditor (442)
[2017.10.02-01.22.58:412][135]LogModuleManager: Shutting down and abandoning module AndroidPlatformEditor (440)
[2017.10.02-01.22.58:412][135]LogModuleManager: Shutting down and abandoning module AndroidDeviceDetection (439)
[2017.10.02-01.22.58:594][135]LogModuleManager: Shutting down and abandoning module IOSRuntimeSettings (436)
[2017.10.02-01.22.58:594][135]LogModuleManager: Shutting down and abandoning module AndroidRuntimeSettings (434)
[2017.10.02-01.22.58:594][135]LogModuleManager: Shutting down and abandoning module InputBindingEditor (432)
[2017.10.02-01.22.58:598][135]LogModuleManager: Shutting down and abandoning module MergeActors (430)
[2017.10.02-01.22.58:598][135]LogModuleManager: Shutting down and abandoning module SizeMap (428)
[2017.10.02-01.22.58:598][135]LogModuleManager: Shutting down and abandoning module TreeMap (426)
[2017.10.02-01.22.58:599][135]LogModuleManager: Shutting down and abandoning module ReferenceViewer (424)
[2017.10.02-01.22.58:599][135]LogModuleManager: Shutting down and abandoning module LocalizationDashboard (422)
[2017.10.02-01.22.58:599][135]LogModuleManager: Shutting down and abandoning module LocalizationService (421)
[2017.10.02-01.22.58:600][135]LogModuleManager: Shutting down and abandoning module HardwareTargeting (418)
[2017.10.02-01.22.58:600][135]LogModuleManager: Shutting down and abandoning module DeviceProfileEditor (416)
[2017.10.02-01.22.58:600][135]LogModuleManager: Shutting down and abandoning module UndoHistory (414)
[2017.10.02-01.22.58:600][135]LogModuleManager: Shutting down and abandoning module UserFeedback (412)
[2017.10.02-01.22.58:600][135]LogModuleManager: Shutting down and abandoning module XmlParser (410)
[2017.10.02-01.22.58:600][135]LogModuleManager: Shutting down and abandoning module Blutility (408)
[2017.10.02-01.22.58:600][135]LogModuleManager: Shutting down and abandoning module ProjectSettingsViewer (406)
[2017.10.02-01.22.58:600][135]LogModuleManager: Shutting down and abandoning module ProjectTargetPlatformEditor (405)
[2017.10.02-01.22.58:600][135]LogModuleManager: Shutting down and abandoning module EditorSettingsViewer (402)
[2017.10.02-01.22.58:600][135]LogModuleManager: Shutting down and abandoning module SettingsEditor (400)
[2017.10.02-01.22.58:600][135]LogModuleManager: Shutting down and abandoning module ProjectLauncher (398)
[2017.10.02-01.22.58:600][135]LogModuleManager: Shutting down and abandoning module SessionFrontend (396)
[2017.10.02-01.22.58:601][135]LogModuleManager: Shutting down and abandoning module ProfilerClient (394)
[2017.10.02-01.22.58:602][135]LogModuleManager: Shutting down and abandoning module DeviceManager (392)
[2017.10.02-01.22.58:602][135]LogModuleManager: Shutting down and abandoning module TargetDeviceServices (391)
[2017.10.02-01.22.58:645][135]LogModuleManager: Shutting down and abandoning module AutomationController (388)
[2017.10.02-01.22.58:645][135]LogModuleManager: Shutting down and abandoning module AutomationWindow (386)
[2017.10.02-01.22.58:646][135]LogModuleManager: Shutting down and abandoning module Layers (384)
[2017.10.02-01.22.58:647][135]LogModuleManager: Shutting down and abandoning module ComponentVisualizers (382)
[2017.10.02-01.22.58:647][135]LogModuleManager: Shutting down and abandoning module DetailCustomizations (380)
[2017.10.02-01.22.58:647][135]LogModuleManager: Shutting down and abandoning module PackagesDialog (378)
[2017.10.02-01.22.58:647][135]LogModuleManager: Shutting down and abandoning module Persona (376)
[2017.10.02-01.22.58:648][135]LogModuleManager: Shutting down and abandoning module AdvancedPreviewScene (375)
[2017.10.02-01.22.58:648][135]LogModuleManager: Shutting down and abandoning module AnimGraph (373)
[2017.10.02-01.22.58:648][135]LogModuleManager: Shutting down and abandoning module Kismet (370)
[2017.10.02-01.22.58:648][135]LogModuleManager: Shutting down and abandoning module ClassViewer (368)
[2017.10.02-01.22.58:648][135]LogModuleManager: Shutting down and abandoning module Toolbox (366)
[2017.10.02-01.22.58:648][135]LogModuleManager: Shutting down and abandoning module ModuleUI (364)
[2017.10.02-01.22.58:649][135]LogModuleManager: Shutting down and abandoning module MovieSceneTools (362)
[2017.10.02-01.22.58:649][135]LogModuleManager: Shutting down and abandoning module OutputLog (360)
[2017.10.02-01.22.58:649][135]LogModuleManager: Shutting down and abandoning module GammaUI (358)
[2017.10.02-01.22.58:650][135]LogModuleManager: Shutting down and abandoning module Documentation (356)
[2017.10.02-01.22.58:650][135]LogModuleManager: Shutting down and abandoning module MovieSceneTracks (354)
[2017.10.02-01.22.58:650][135]LogModuleManager: Shutting down and abandoning module MovieScene (352)
[2017.10.02-01.22.58:650][135]LogModuleManager: Shutting down and abandoning module Niagara (350)
[2017.10.02-01.22.58:650][135]LogModuleManager: Shutting down and abandoning module NiagaraEditor (349)
[2017.10.02-01.22.58:650][135]LogModuleManager: Shutting down and abandoning module StreamingPauseRendering (346)
[2017.10.02-01.22.58:650][135]LogModuleManager: Shutting down and abandoning module AnalyticsET (344)
[2017.10.02-01.22.58:650][135]LogModuleManager: Shutting down and abandoning module PortalServices (342)
[2017.10.02-01.22.58:650][135]LogModuleManager: Shutting down and abandoning module PortalRpc (340)
[2017.10.02-01.22.58:650][135]LogModuleManager: Shutting down and abandoning module MessagingRpc (338)
[2017.10.02-01.22.58:650][135]LogModuleManager: Shutting down and abandoning module AIModule (336)
[2017.10.02-01.22.58:650][135]LogModuleManager: Shutting down and abandoning module GameplayDebugger (335)
[2017.10.02-01.22.58:650][135]LogModuleManager: Shutting down and abandoning module AITestSuite (333)
[2017.10.02-01.22.58:650][135]LogModuleManager: Shutting down and abandoning module ProfilerService (330)
[2017.10.02-01.22.58:698][135]LogModuleManager: Shutting down and abandoning module TaskGraph (328)
[2017.10.02-01.22.58:699][135]LogModuleManager: Shutting down and abandoning module SteamVRController (326)
[2017.10.02-01.22.58:699][135]LogModuleManager: Shutting down and abandoning module SteamVR (324)
[2017.10.02-01.22.58:699][135]LogModuleManager: Shutting down and abandoning module ProceduralMeshComponentEditor (322)
[2017.10.02-01.22.58:699][135]LogModuleManager: Shutting down and abandoning module ProceduralMeshComponent (320)
[2017.10.02-01.22.58:699][135]LogModuleManager: Shutting down and abandoning module OculusLibrary (318)
[2017.10.02-01.22.58:699][135]LogModuleManager: Shutting down and abandoning module OculusInput (316)
[2017.10.02-01.22.58:699][135]LogModuleManager: Shutting down and abandoning module MobilePatchingUtils (314)
[2017.10.02-01.22.58:699][135]LogModuleManager: Shutting down and abandoning module CustomMeshComponent (312)
[2017.10.02-01.22.58:699][135]LogModuleManager: Shutting down and abandoning module CableComponent (310)
[2017.10.02-01.22.58:699][135]LogModuleManager: Shutting down and abandoning module ArchVisCharacter (308)
[2017.10.02-01.22.58:699][135]LogModuleManager: Shutting down and abandoning module AndroidPermission (306)
[2017.10.02-01.22.58:699][135]LogModuleManager: Shutting down and abandoning module MediaPlayerEditor (302)
[2017.10.02-01.22.58:699][135]LogModuleManager: Shutting down and abandoning module RawInput (300)
[2017.10.02-01.22.58:699][135]LogModuleManager: Shutting down and abandoning module HTML5Networking (298)
[2017.10.02-01.22.58:699][135]LogModuleManager: Shutting down and abandoning module AlembicImporter (296)
[2017.10.02-01.22.58:700][135]LogModuleManager: Shutting down and abandoning module AlembicLibrary (295)
[2017.10.02-01.22.58:700][135]LogModuleManager: Shutting down and abandoning module GeometryCache (294)
[2017.10.02-01.22.58:700][135]LogModuleManager: Shutting down and abandoning module GeometryCacheEd (293)
[2017.10.02-01.22.58:700][135]LogModuleManager: Shutting down and abandoning module SuperSearchEditor (288)
[2017.10.02-01.22.58:700][135]LogModuleManager: Shutting down and abandoning module SuperSearch (287)
[2017.10.02-01.22.58:700][135]LogModuleManager: Shutting down and abandoning module SpeedTreeImporter (284)
[2017.10.02-01.22.58:700][135]LogModuleManager: Shutting down and abandoning module PluginBrowser (282)
[2017.10.02-01.22.58:700][135]LogModuleManager: Shutting down and abandoning module MobileLauncherProfileWizard (280)
[2017.10.02-01.22.58:700][135]LogModuleManager: Shutting down and abandoning module VisualStudioSourceCodeAccess (278)
[2017.10.02-01.22.58:700][135]LogModuleManager: Shutting down and abandoning module DesktopPlatform (277)
[2017.10.02-01.22.58:700][135]LogModuleManager: Shutting down and abandoning module UObjectPlugin (274)
[2017.10.02-01.22.58:700][135]LogModuleManager: Shutting down and abandoning module SubversionSourceControl (272)
[2017.10.02-01.22.58:700][135]LogModuleManager: Shutting down and abandoning module PerforceSourceControl (270)
[2017.10.02-01.22.58:700][135]LogModuleManager: Shutting down and abandoning module GitSourceControl (268)
[2017.10.02-01.22.58:700][135]LogModuleManager: Shutting down and abandoning module SourceControl (267)
[2017.10.02-01.22.58:700][135]LogModuleManager: Shutting down and abandoning module LightPropagationVolumeEditor (264)
[2017.10.02-01.22.58:700][135]LogModuleManager: Shutting down and abandoning module PaperTiledImporter (262)
[2017.10.02-01.22.58:700][135]LogModuleManager: Shutting down and abandoning module PaperSpriteSheetImporter (260)
[2017.10.02-01.22.58:700][135]LogModuleManager: Shutting down and abandoning module Paper2DEditor (258)
[2017.10.02-01.22.58:700][135]LogModuleManager: Shutting down and abandoning module MeshPaint (257)
[2017.10.02-01.22.58:700][135]LogModuleManager: Shutting down and abandoning module LevelEditor (255)
[2017.10.02-01.22.58:701][135]LogModuleManager: Shutting down and abandoning module PixelInspectorModule (254)
[2017.10.02-01.22.58:701][135]LogModuleManager: Shutting down and abandoning module MainFrame (252)
[2017.10.02-01.22.58:701][135]LogModuleManager: Shutting down and abandoning module HotReload (251)
[2017.10.02-01.22.58:701][135]LogModuleManager: Shutting down and abandoning module PhysXVehiclesEditor (246)
[2017.10.02-01.22.58:701][135]LogModuleManager: Shutting down and abandoning module PhysXVehicles (244)
[2017.10.02-01.22.58:701][135]LogModuleManager: Shutting down and abandoning module LocationServicesBPLibrary (242)
[2017.10.02-01.22.58:701][135]LogModuleManager: Shutting down and abandoning module ImmediatePhysicsEditor (240)
[2017.10.02-01.22.58:701][135]LogModuleManager: Shutting down and abandoning module ImmediatePhysics (238)
[2017.10.02-01.22.58:701][135]LogModuleManager: Shutting down and abandoning module UdpMessaging (236)
[2017.10.02-01.22.58:802][135]LogModuleManager: Shutting down and abandoning module TcpMessaging (234)
[2017.10.02-01.22.59:017][135]LogModuleManager: Shutting down and abandoning module GameplayTagsEditor (232)
[2017.10.02-01.22.59:017][135]LogModuleManager: Shutting down and abandoning module FacialAnimationEditor (230)
[2017.10.02-01.22.59:017][135]LogModuleManager: Shutting down and abandoning module FacialAnimation (228)
[2017.10.02-01.22.59:017][135]LogModuleManager: Shutting down and abandoning module AssetManagerEditor (226)
[2017.10.02-01.22.59:021][135]LogModuleManager: Shutting down and abandoning module GraphEditor (225)
[2017.10.02-01.22.59:024][135]LogModuleManager: Shutting down and abandoning module ContentBrowser (223)
[2017.10.02-01.22.59:025][135]LogModuleManager: Shutting down and abandoning module LightPropagationVolumeRuntime (220)
[2017.10.02-01.22.59:025][135]LogModuleManager: Shutting down and abandoning module Paper2D (218)
[2017.10.02-01.22.59:025][135]LogModuleManager: Shutting down and abandoning module WindowsMoviePlayer (216)
[2017.10.02-01.22.59:025][135]LogModuleManager: Shutting down and abandoning module WmfMedia (214)
[2017.10.02-01.22.59:025][135]LogModuleManager: Shutting down and abandoning module ClothingSystemEditor (212)
[2017.10.02-01.22.59:025][135]LogModuleManager: Shutting down and abandoning module ClothingSystemRuntime (210)
[2017.10.02-01.22.59:025][135]LogModuleManager: Shutting down and abandoning module MediaAssets (208)
[2017.10.02-01.22.59:025][135]LogModuleManager: Shutting down and abandoning module GameLiveStreaming (206)
[2017.10.02-01.22.59:025][135]LogModuleManager: Shutting down and abandoning module VREditor (204)
[2017.10.02-01.22.59:025][135]LogModuleManager: Shutting down and abandoning module StringTableEditor (202)
[2017.10.02-01.22.59:026][135]LogModuleManager: Shutting down and abandoning module GameplayTasksEditor (200)
[2017.10.02-01.22.59:026][135]LogModuleManager: Shutting down and abandoning module BehaviorTreeEditor (198)
[2017.10.02-01.22.59:026][135]LogModuleManager: Shutting down and abandoning module FunctionalTesting (196)
[2017.10.02-01.22.59:026][135]LogModuleManager: Shutting down and abandoning module CollisionAnalyzer (194)
[2017.10.02-01.22.59:027][135]LogModuleManager: Shutting down and abandoning module UMG (192)
[2017.10.02-01.22.59:027][135]LogModuleManager: Shutting down and abandoning module UMGEditor (191)
[2017.10.02-01.22.59:027][135]LogModuleManager: Shutting down and abandoning module Sequencer (190)
[2017.10.02-01.22.59:028][135]LogModuleManager: Shutting down and abandoning module AssetTools (188)
[2017.10.02-01.22.59:029][135]LogModuleManager: Shutting down and abandoning module MessageLog (187)
[2017.10.02-01.22.59:029][135]LogModuleManager: Shutting down and abandoning module WorkspaceMenuStructure (186)
[2017.10.02-01.22.59:029][135]LogModuleManager: Shutting down and abandoning module SlateReflector (180)
[2017.10.02-01.22.59:030][135]LogModuleManager: Shutting down and abandoning module Slate (178)
[2017.10.02-01.22.59:030][135]LogModuleManager: Shutting down and abandoning module EditorStyle (176)
[2017.10.02-01.22.59:032][135]LogModuleManager: Shutting down and abandoning module SourceCodeAccess (174)
[2017.10.02-01.22.59:032][135]LogModuleManager: Shutting down and abandoning module HeadMountedDisplay (172)
[2017.10.02-01.22.59:032][135]LogModuleManager: Shutting down and abandoning module XAudio2 (170)
[2017.10.02-01.22.59:032][135]LogModuleManager: Shutting down and abandoning module Networking (168)
[2017.10.02-01.22.59:032][135]LogModuleManager: Shutting down and abandoning module Core (164)
[2017.10.02-01.22.59:032][135]LogModuleManager: Shutting down and abandoning module AssetRegistry (162)
[2017.10.02-01.22.59:234][135]LogDirectoryWatcher: A directory notification for '../../../Engine/Content/' was aborted.
[2017.10.02-01.22.59:234][135]LogDirectoryWatcher: A directory notification for 'D:/Unreal Games/MyProject/Content/' was aborted.
[2017.10.02-01.22.59:234][135]LogDirectoryWatcher: A directory notification for '../../../Engine/Plugins/2D/Paper2D/Content/' was aborted.
[2017.10.02-01.22.59:234][135]LogDirectoryWatcher: A directory notification for '../../../Engine/Plugins/Runtime/GearVR/Content/' was aborted.
[2017.10.02-01.22.59:237][135]LogModuleManager: Shutting down and abandoning module DirectoryWatcher (161)
[2017.10.02-01.22.59:238][135]LogModuleManager: Shutting down and abandoning module KismetCompiler (158)
[2017.10.02-01.22.59:238][135]LogModuleManager: Shutting down and abandoning module LevelSequence (156)
[2017.10.02-01.22.59:238][135]LogModuleManager: Shutting down and abandoning module PhysXFormats (154)
[2017.10.02-01.22.59:238][135]LogModuleManager: Shutting down and abandoning module MeshUtilities (152)
[2017.10.02-01.22.59:238][135]LogModuleManager: Shutting down and abandoning module SimplygonSwarm (151)
[2017.10.02-01.22.59:238][135]LogModuleManager: Shutting down and abandoning module SimplygonMeshReduction (149)
[2017.10.02-01.22.59:238][135]LogModuleManager: Shutting down and abandoning module QuadricMeshReduction (147)
[2017.10.02-01.22.59:238][135]LogModuleManager: Shutting down and abandoning module DerivedDataCache (144)
[2017.10.02-01.22.59:278][135]LogDerivedDataCache: Shutdown
[2017.10.02-01.22.59:278][135]LogModuleManager: Shutting down and abandoning module TargetPlatform (142)
[2017.10.02-01.22.59:278][135]LogModuleManager: Shutting down and abandoning module VulkanShaderFormat (141)
[2017.10.02-01.22.59:278][135]LogModuleManager: Shutting down and abandoning module ShaderFormatVectorVM (139)
[2017.10.02-01.22.59:282][135]LogModuleManager: Shutting down and abandoning module ShaderFormatOpenGL (137)
[2017.10.02-01.22.59:283][135]LogModuleManager: Shutting down and abandoning module ShaderFormatD3D (135)
[2017.10.02-01.22.59:283][135]LogModuleManager: Shutting down and abandoning module MetalShaderFormat (133)
[2017.10.02-01.22.59:283][135]LogModuleManager: Shutting down and abandoning module TextureFormatUncompressed (131)
[2017.10.02-01.22.59:283][135]LogModuleManager: Shutting down and abandoning module TextureFormatPVR (129)
[2017.10.02-01.22.59:283][135]LogModuleManager: Shutting down and abandoning module TextureFormatDXT (127)
[2017.10.02-01.22.59:283][135]LogModuleManager: Shutting down and abandoning module TextureFormatIntelISPCTexComp (125)
[2017.10.02-01.22.59:284][135]LogModuleManager: Shutting down and abandoning module TextureFormatASTC (123)
[2017.10.02-01.22.59:284][135]LogModuleManager: Shutting down and abandoning module ImageWrapper (122)
[2017.10.02-01.22.59:284][135]LogModuleManager: Shutting down and abandoning module TextureFormatAndroid (119)
[2017.10.02-01.22.59:284][135]LogModuleManager: Shutting down and abandoning module AudioFormatOpus (117)
[2017.10.02-01.22.59:284][135]LogModuleManager: Shutting down and abandoning module AudioFormatOgg (115)
[2017.10.02-01.22.59:284][135]LogModuleManager: Shutting down and abandoning module AudioFormatADPCM (113)
[2017.10.02-01.22.59:284][135]LogModuleManager: Shutting down and abandoning module LinuxTargetPlatform (111)
[2017.10.02-01.22.59:284][135]LogModuleManager: Shutting down and abandoning module LinuxServerTargetPlatform (109)
[2017.10.02-01.22.59:284][135]LogModuleManager: Shutting down and abandoning module LinuxNoEditorTargetPlatform (107)
[2017.10.02-01.22.59:284][135]LogModuleManager: Shutting down and abandoning module LinuxClientTargetPlatform (105)
[2017.10.02-01.22.59:284][135]LogModuleManager: Shutting down and abandoning module TVOSTargetPlatform (103)
[2017.10.02-01.22.59:284][135]LogModuleManager: Shutting down and abandoning module Messaging (101)
[2017.10.02-01.22.59:284][135]LogModuleManager: Shutting down and abandoning module IOSTargetPlatform (99)
[2017.10.02-01.22.59:284][135]LogModuleManager: Shutting down and abandoning module HTML5TargetPlatform (97)
[2017.10.02-01.22.59:284][135]LogModuleManager: Shutting down and abandoning module Android_PVRTCTargetPlatform (95)
[2017.10.02-01.22.59:284][135]LogModuleManager: Shutting down and abandoning module Android_MultiTargetPlatform (93)
[2017.10.02-01.22.59:284][135]LogModuleManager: Shutting down and abandoning module Android_ETC2TargetPlatform (91)
[2017.10.02-01.22.59:284][135]LogModuleManager: Shutting down and abandoning module Android_ETC1TargetPlatform (89)
[2017.10.02-01.22.59:284][135]LogModuleManager: Shutting down and abandoning module Android_DXTTargetPlatform (87)
[2017.10.02-01.22.59:284][135]LogModuleManager: Shutting down and abandoning module Android_ATCTargetPlatform (85)
[2017.10.02-01.22.59:284][135]LogModuleManager: Shutting down and abandoning module Android_ASTCTargetPlatform (83)
[2017.10.02-01.22.59:284][135]LogModuleManager: Shutting down and abandoning module AndroidTargetPlatform (81)
[2017.10.02-01.22.59:284][135]LogModuleManager: Shutting down and abandoning module WindowsTargetPlatform (79)
[2017.10.02-01.22.59:284][135]LogModuleManager: Shutting down and abandoning module WindowsServerTargetPlatform (77)
[2017.10.02-01.22.59:284][135]LogModuleManager: Shutting down and abandoning module WindowsNoEditorTargetPlatform (75)
[2017.10.02-01.22.59:284][135]LogModuleManager: Shutting down and abandoning module WindowsClientTargetPlatform (73)
[2017.10.02-01.22.59:284][135]LogModuleManager: Shutting down and abandoning module MacTargetPlatform (71)
[2017.10.02-01.22.59:284][135]LogModuleManager: Shutting down and abandoning module MacServerTargetPlatform (69)
[2017.10.02-01.22.59:284][135]LogModuleManager: Shutting down and abandoning module MacNoEditorTargetPlatform (67)
[2017.10.02-01.22.59:284][135]LogModuleManager: Shutting down and abandoning module MacClientTargetPlatform (65)
[2017.10.02-01.22.59:284][135]LogModuleManager: Shutting down and abandoning module AllDesktopTargetPlatform (63)
[2017.10.02-01.22.59:284][135]LogModuleManager: Shutting down and abandoning module InputCore (60)
[2017.10.02-01.22.59:284][135]LogModuleManager: Shutting down and abandoning module Settings (58)
[2017.10.02-01.22.59:284][135]LogModuleManager: Shutting down and abandoning module OculusRift (56)
[2017.10.02-01.22.59:284][135]LogModuleManager: Shutting down and abandoning module GearVRController (54)
[2017.10.02-01.22.59:284][135]LogModuleManager: Shutting down and abandoning module GearVR (52)
[2017.10.02-01.22.59:284][135]LogModuleManager: Shutting down and abandoning module ExampleDeviceProfileSelector (50)
[2017.10.02-01.22.59:284][135]LogModuleManager: Shutting down and abandoning module OnlineBlueprintSupport (48)
[2017.10.02-01.22.59:284][135]LogModuleManager: Shutting down and abandoning module OnlineSubsystem (44)
[2017.10.02-01.22.59:284][135]LogOnline:Display: Unloading online subsystem: NULL
[2017.10.02-01.22.59:285][135]LogModuleManager: Shutting down and abandoning module XMPP (43)
[2017.10.02-01.22.59:285][135]LogModuleManager: Shutting down and abandoning module HTTP (41)
[2017.10.02-01.22.59:285][135]LogHttp:Display: Http module shutting down, but needs to wait on 1 outstanding Http requests:
[2017.10.02-01.22.59:285][135]LogHttp:Display: 	verb=[POST] url=[https://datarouter.ol.epicgames.com/datarouter/api/v1/public/data?SessionID=%7BD5E406D5-463B-BBC4-4C74-0583AA270210%7D&AppID=UEEditor.Rocket.Release&AppVersion=4.16.3-3561208%2B%2B%2BUE4%2BRelease-4.16&UserID=665dec2a4cb07e4a71250ab9266ceb62%7Ce8b3675815f34300b2475ff9b011f0bc%7C4e8dcd73-f07b-479f-a7d5-ed78ed029b66&AppEnvironment=datacollector-binary&UploadType=eteventstream] status=Processing
[2017.10.02-01.22.59:290][135]LogModuleManager: Shutting down and abandoning module SSL (40)
[2017.10.02-01.22.59:291][135]LogModuleManager: Shutting down and abandoning module HTTPChunkInstaller (36)
[2017.10.02-01.22.59:291][135]LogModuleManager: Shutting down and abandoning module AnimationModifiers (34)
[2017.10.02-01.22.59:292][135]LogModuleManager: Shutting down and abandoning module PropertyEditor (33)
[2017.10.02-01.22.59:292][135]LogModuleManager: Shutting down and abandoning module AudioEditor (30)
[2017.10.02-01.22.59:292][135]LogModuleManager: Shutting down and abandoning module TextureCompressor (28)
[2017.10.02-01.22.59:292][135]LogModuleManager: Shutting down and abandoning module ShaderCore (26)
[2017.10.02-01.22.59:292][135]LogModuleManager: Shutting down and abandoning module Landscape (24)
[2017.10.02-01.22.59:292][135]LogModuleManager: Shutting down and abandoning module SlateRHIRenderer (22)
[2017.10.02-01.22.59:294][135]LogModuleManager: Shutting down and abandoning module OpenGLDrv (20)
[2017.10.02-01.22.59:295][135]LogModuleManager: Shutting down and abandoning module D3D11RHI (18)
[2017.10.02-01.22.59:295][135]LogModuleManager: Shutting down and abandoning module AnimGraphRuntime (16)
[2017.10.02-01.22.59:295][135]LogModuleManager: Shutting down and abandoning module Renderer (14)
[2017.10.02-01.22.59:295][135]LogModuleManager: Shutting down and abandoning module Engine (12)
[2017.10.02-01.22.59:295][135]LogModuleManager: Shutting down and abandoning module CoreUObject (10)
[2017.10.02-01.22.59:295][135]LogModuleManager: Shutting down and abandoning module NetworkFile (8)
[2017.10.02-01.22.59:295][135]LogModuleManager: Shutting down and abandoning module StreamingFile (6)
[2017.10.02-01.22.59:295][135]LogModuleManager: Shutting down and abandoning module SandboxFile (4)
[2017.10.02-01.22.59:295][135]LogModuleManager: Shutting down and abandoning module PakFile (2)
[2017.10.02-01.22.59:297][135]LogExit: Exiting.
[2017.10.02-01.22.59:307][135]Log file closed, 10/01/17 21:22:59
