Log file open, 10/08/17 13:06:57
LogInit:Display: Running engine for game: ScrumLordRacing
LogPlatformFile: Not using cached read wrapper
LogInit:Display: RandInit(-20987302) SRandInit(-20987302).
LogTaskGraph: Started task graph with 5 named threads and 8 total threads with 1 sets of task threads.
LogStats: Stats thread started at 0.092896
LogInit: Using libcurl 7.47.1
LogInit:  - built for x86_64-pc-win32
LogInit:  - supports SSL with OpenSSL/1.0.2g
LogInit:  - supports HTTP deflate (compression) using libz 1.2.8
LogInit:  - other features:
LogInit:      CURL_VERSION_SSL
LogInit:      CURL_VERSION_LIBZ
LogInit:      CURL_VERSION_IPV6
LogInit:      CURL_VERSION_ASYNCHDNS
LogInit:      CURL_VERSION_LARGEFILE
LogInit:      CURL_VERSION_IDN
LogInit:  CurlRequestOptions (configurable via config and command line):
LogInit:  - bVerifyPeer = false  - Libcurl will NOT verify peer certificate
LogInit:  - bUseHttpProxy = false  - Libcurl will NOT use HTTP proxy
LogInit:  - bDontReuseConnections = false  - Libcurl will reuse connections
LogInit:  - CertBundlePath = nullptr  - Libcurl will use whatever was configured at build time.
LogInit: Build: ++UE4+Release-4.16-CL-3561208
LogInit: Engine Version: 4.16.3-3561208+++UE4+Release-4.16
LogInit: Compatible Engine Version: 4.16.0-3452394+++UE4+Release-4.16
LogInit: Net CL: 3452394
LogDevObjectVersion: Number of dev versions registered: 16
LogDevObjectVersion:   Dev-Blueprints (B0D832E4-1F89-4F0D-ACCF-7EB736FD4AA2): 9
LogDevObjectVersion:   Dev-Build (E1C64328-A22C-4D53-A36C-8E866417BD8C): 0
LogDevObjectVersion:   Dev-Core (375EC13C-06E4-48FB-B500-84F0262A717E): 2
LogDevObjectVersion:   Dev-Editor (E4B068ED-F494-42E9-A231-DA0B2E46BB41): 17
LogDevObjectVersion:   Dev-Framework (CFFC743F-43B0-4480-9391-14DF171D2073): 23
LogDevObjectVersion:   Dev-Mobile (B02B49B5-BB20-44E9-A304-32B752E40360): 0
LogDevObjectVersion:   Dev-Networking (A4E4105C-59A1-49B5-A7C5-40C4547EDFEE): 0
LogDevObjectVersion:   Dev-Online (39C831C9-5AE6-47DC-9A44-9C173E1C8E7C): 0
LogDevObjectVersion:   Dev-Physics (78F01B33-EBEA-4F98-B9B4-84EACCB95AA2): 0
LogDevObjectVersion:   Dev-Platform (6631380F-2D4D-43E0-8009-CF276956A95A): 0
LogDevObjectVersion:   Dev-Rendering (12F88B9F-8875-4AFC-A67C-D90C383ABD29): 15
LogDevObjectVersion:   Dev-Sequencer (7B5AE74C-D270-4C10-A958-57980B212A5A): 4
LogDevObjectVersion:   Dev-VR (D7296918-1DD6-4BDD-9DE2-64A83CC13884): 0
LogDevObjectVersion:   Dev-LoadTimes (C2A15278-BFE7-4AFE-6C17-90FF531DF755): 1
LogDevObjectVersion:   Private-Geometry (6EACA3D4-40EC-4CC1-B786-8BED09428FC5): 1
LogDevObjectVersion:   Dev-AnimPhys (29E575DD-E0A3-4627-9D10-D276232CDCEA): 3
LogInit: Compiled (64-bit): Jul 28 2017 11:49:47
LogInit: Compiled with Visual C++: 19.00.24215.01
LogInit: Build Configuration: Development
LogInit: Branch Name: ++UE4+Release-4.16
LogInit: Command line:  
LogInit: Base directory: C:/Program Files/Epic Games/UE_4.16/Engine/Binaries/Win64/
LogInit: Installed Engine Build: 1
LogInit: Presizing for max 8388607 objects, including 0 objects not considered by GC, pre-allocating 0 bytes for permanent pool.
LogInit: Object subsystem initialized
[2017.10.08-17.06.57:801][  0]LogInit: Selected Device Profile: [Windows]
[2017.10.08-17.06.57:801][  0]LogInit: Applying CVar settings loaded from the selected device profile: [Windows]
[2017.10.08-17.06.57:828][  0]LogInit: Computer: ALEX
[2017.10.08-17.06.57:828][  0]LogInit: User: galla000
[2017.10.08-17.06.57:828][  0]LogInit: CPU Page size=4096, Cores=4
[2017.10.08-17.06.57:828][  0]LogInit: High frequency timer resolution =2.825505 MHz
[2017.10.08-17.06.57:828][  0]LogMemory: Memory total: Physical=31.9GB (32GB approx)
[2017.10.08-17.06.57:828][  0]LogMemory: Platform Memory Stats for Windows
[2017.10.08-17.06.57:828][  0]LogMemory: Process Physical Memory: 269.80 MB used, 269.80 MB peak
[2017.10.08-17.06.57:828][  0]LogMemory: Process Virtual Memory: 260.74 MB used, 260.74 MB peak
[2017.10.08-17.06.57:828][  0]LogMemory: Physical Memory: 3877.85 MB used,  28771.18 MB free, 32649.02 MB total
[2017.10.08-17.06.57:828][  0]LogMemory: Virtual Memory: 621.52 MB used,  28771.18 MB free, 134217728.00 MB total
[2017.10.08-17.06.58:034][  0]LogInit: Using OS detected language (en-US).
[2017.10.08-17.06.58:034][  0]LogInit: Using OS detected locale (en-US).
[2017.10.08-17.06.58:084][  0]LogTextLocalizationManager: No specific localization for 'en-US' exists, so the 'en' localization will be used.
[2017.10.08-17.07.00:614][  0]LogD3D11RHI: D3D11 adapters:
[2017.10.08-17.07.00:772][  0]LogD3D11RHI:    0. 'Intel(R) HD Graphics 4600' (Feature Level 11_0)
[2017.10.08-17.07.00:772][  0]LogD3D11RHI:       4054/0/16324 MB DedicatedVideo/DedicatedSystem/SharedSystem, Outputs:1, VendorId:0x8086
[2017.10.08-17.07.00:773][  0]LogD3D11RHI:    1. 'Microsoft Basic Render Driver' (Feature Level 11_0)
[2017.10.08-17.07.00:773][  0]LogD3D11RHI:       0/0/256 MB DedicatedVideo/DedicatedSystem/SharedSystem, Outputs:0, VendorId:0x1414
[2017.10.08-17.07.00:773][  0]LogD3D11RHI: Chosen D3D11 Adapter: 0
[2017.10.08-17.07.00:777][  0]LogD3D11RHI: Creating new Direct3DDevice
[2017.10.08-17.07.00:777][  0]LogD3D11RHI:     GPU DeviceId: 0x416 (for the marketing name, search the web for "GPU Device Id")
[2017.10.08-17.07.00:777][  0]LogWindows: EnumDisplayDevices:
[2017.10.08-17.07.00:777][  0]LogWindows:    0. 'Intel(R) HD Graphics 4600' (P:1 D:1)
[2017.10.08-17.07.00:777][  0]LogWindows:    1. 'Intel(R) HD Graphics 4600' (P:0 D:0)
[2017.10.08-17.07.00:777][  0]LogWindows:    2. 'Intel(R) HD Graphics 4600' (P:0 D:0)
[2017.10.08-17.07.00:777][  0]LogWindows:    3. 'Intel(R) HD Graphics 4600' (P:0 D:0)
[2017.10.08-17.07.00:777][  0]LogWindows: DebugString: FoundDriverCount:4 
[2017.10.08-17.07.00:777][  0]LogD3D11RHI:     Adapter Name: Intel(R) HD Graphics 4600
[2017.10.08-17.07.00:777][  0]LogD3D11RHI:   Driver Version: 10.18.10.3304 (internal:10.18.10.3304, unified:10.18.10.3304)
[2017.10.08-17.07.00:777][  0]LogD3D11RHI:      Driver Date: 9-9-2013
[2017.10.08-17.07.00:777][  0]LogRHI: Texture pool is 1361 MB (70% of 1945 MB)
[2017.10.08-17.07.00:785][  0]LogD3D11RHI: Async texture creation enabled
[2017.10.08-17.07.00:799][  0]LogD3D11RHI: GPU Timing Frequency: 12.500000 (Debug: 2 2)
[2017.10.08-17.07.00:800][  0]LogShaderCompilers: Guid format shader working directory is 19 characters bigger than the processId version (D:/Unreal Games/ScrumLordRacing/Intermediate/Shaders/WorkingDirectory/8920/).
[2017.10.08-17.07.00:800][  0]LogShaderCompilers: Cleaned the shader compiler working directory 'C:/Users/galla_000/AppData/Local/Temp/UnrealShaderWorkingDir/B146A70C4688AA554115E484C19306A1/'.
[2017.10.08-17.07.00:800][  0]LogShaderCompilers:Display: Using Local Shader Compiler.
[2017.10.08-17.07.02:519][  0]LogTemp:Display: Loaded TP AllDesktopTargetPlatform
[2017.10.08-17.07.02:557][  0]LogTemp:Display: Loaded TP MacClientTargetPlatform
[2017.10.08-17.07.02:596][  0]LogTemp:Display: Loaded TP MacNoEditorTargetPlatform
[2017.10.08-17.07.02:634][  0]LogTemp:Display: Loaded TP MacServerTargetPlatform
[2017.10.08-17.07.02:678][  0]LogTemp:Display: Loaded TP MacTargetPlatform
[2017.10.08-17.07.02:718][  0]LogTemp:Display: Loaded TP WindowsClientTargetPlatform
[2017.10.08-17.07.02:761][  0]LogTemp:Display: Loaded TP WindowsNoEditorTargetPlatform
[2017.10.08-17.07.02:801][  0]LogTemp:Display: Loaded TP WindowsServerTargetPlatform
[2017.10.08-17.07.02:837][  0]LogTemp:Display: Loaded TP WindowsTargetPlatform
[2017.10.08-17.07.02:879][  0]LogTemp:Display: Loaded TP AndroidTargetPlatform
[2017.10.08-17.07.02:919][  0]LogTemp:Display: Loaded TP Android_ASTCTargetPlatform
[2017.10.08-17.07.02:959][  0]LogTemp:Display: Loaded TP Android_ATCTargetPlatform
[2017.10.08-17.07.02:998][  0]LogTemp:Display: Loaded TP Android_DXTTargetPlatform
[2017.10.08-17.07.03:036][  0]LogTemp:Display: Loaded TP Android_ETC1TargetPlatform
[2017.10.08-17.07.03:075][  0]LogTemp:Display: Loaded TP Android_ETC2TargetPlatform
[2017.10.08-17.07.03:154][  0]LogTemp:Display: Loaded TP Android_MultiTargetPlatform
[2017.10.08-17.07.03:154][  0]LogTemp:Display: Loaded TP Android_PVRTCTargetPlatform
[2017.10.08-17.07.03:184][  0]LogTemp:Display: Loaded TP HTML5TargetPlatform
[2017.10.08-17.07.03:270][  0]LogTemp:Display: Loaded TP IOSTargetPlatform
[2017.10.08-17.07.03:295][  0]LogTemp:Display: Loaded TP TVOSTargetPlatform
[2017.10.08-17.07.03:335][  0]LogTemp:Display: Loaded TP LinuxClientTargetPlatform
[2017.10.08-17.07.03:375][  0]LogTemp:Display: Loaded TP LinuxNoEditorTargetPlatform
[2017.10.08-17.07.03:415][  0]LogTemp:Display: Loaded TP LinuxServerTargetPlatform
[2017.10.08-17.07.03:459][  0]LogTemp:Display: Loaded TP LinuxTargetPlatform
[2017.10.08-17.07.03:459][  0]LogTargetPlatformManager:Display: Building Assets For Windows
[2017.10.08-17.07.03:925][  0]LogDerivedDataCache:Display: Max Cache Size: 512 MB
[2017.10.08-17.07.04:273][  0]LogDerivedDataCache: Loaded boot cache 0.35s 90MB C:/Users/galla_000/AppData/Local/UnrealEngine/4.16/DerivedDataCache/Boot.ddc.
[2017.10.08-17.07.04:274][  0]LogDerivedDataCache:Display: Loaded Boot cache: C:/Users/galla_000/AppData/Local/UnrealEngine/4.16/DerivedDataCache/Boot.ddc
[2017.10.08-17.07.04:274][  0]LogDerivedDataCache: FDerivedDataBackendGraph:  Pak pak cache file D:/Unreal Games/ScrumLordRacing/DerivedDataCache/DDC.ddp not found, will not use a pak cache.
[2017.10.08-17.07.04:274][  0]LogDerivedDataCache: Unable to find inner node Pak for hierarchical cache Hierarchy.
[2017.10.08-17.07.04:274][  0]LogDerivedDataCache: FDerivedDataBackendGraph:  CompressedPak pak cache file D:/Unreal Games/ScrumLordRacing/DerivedDataCache/Compressed.ddp not found, will not use a pak cache.
[2017.10.08-17.07.04:274][  0]LogDerivedDataCache: Unable to find inner node CompressedPak for hierarchical cache Hierarchy.
[2017.10.08-17.07.04:296][  0]LogDerivedDataCache:Display: Pak cache opened for reading ../../../Engine/DerivedDataCache/Compressed.ddp.
[2017.10.08-17.07.04:309][  0]LogDerivedDataCache: Using Local data cache path C:/Users/galla_000/AppData/Local/UnrealEngine/Common/DerivedDataCache: Writable
[2017.10.08-17.07.04:319][  0]LogMaterial: Verifying Global Shaders for PCD3D_SM5
[2017.10.08-17.07.04:319][  0]LogSlate: Using Freetype 2.6.0
[2017.10.08-17.07.04:333][  0]LogSlate: SlateFontCache - WITH_FREETYPE: 1, WITH_HARFBUZZ: 1
[2017.10.08-17.07.04:333][  0]LogSlate: SlateFontCache - WITH_FREETYPE: 1, WITH_HARFBUZZ: 1
[2017.10.08-17.07.04:953][  0]LogInit: Selected Device Profile: [Windows]
[2017.10.08-17.07.05:076][  0]LogContentStreaming: Texture pool size is 0.00 MB
[2017.10.08-17.07.05:289][  0]LogMeshUtilities: Using QuadricMeshReduction for automatic static mesh reduction
[2017.10.08-17.07.05:327][  0]LogSimplygon: Simplygon DLL not present - disabling.
[2017.10.08-17.07.05:364][  0]LogMeshUtilities: Using SimplygonSwarm for distributed automatic mesh merging
[2017.10.08-17.07.05:364][  0]LogMeshUtilities: No automatic skeletal mesh reduction module available
[2017.10.08-17.07.05:364][  0]LogMeshUtilities: No automatic mesh merging module available
[2017.10.08-17.07.05:926][  0]LogNetVersion: ScrumLordRacing , NetCL: 3452394, EngineNetVer: 2, GameNetVer: 0 (Checksum: 1756322102)
[2017.10.08-17.07.05:984][  0]LogAssetRegistry: FAssetRegistry took 0.0264 seconds to start up
[2017.10.08-17.07.06:034][  0]LogPackageLocalizationCache: Processed 4 localized package path(s) for 2 prioritized culture(s) in 0.032398 seconds
[2017.10.08-17.07.06:039][  0]LogUObjectArray: 34194 objects as part of root set at end of initial load.
[2017.10.08-17.07.06:039][  0]LogUObjectAllocator: 7260424 out of 0 bytes used by permanent object pool.
[2017.10.08-17.07.06:039][  0]LogUObjectArray: CloseDisregardForGC: 0/0 objects in disregard for GC pool
[2017.10.08-17.07.06:092][  0]LogInit: WinSock: version 1.1 (2.2), MaxSocks=32767, MaxUdp=65467
[2017.10.08-17.07.10:102][  0]LogTcpMessaging: Initializing TcpMessaging bridge
[2017.10.08-17.07.10:136][  0]LogUdpMessaging: Initializing bridge on interface 0.0.0.0:0 to multicast group 230.0.0.1:6666.
[2017.10.08-17.07.10:600][  0]LogMaterial: Uniform references updated for custom material expression Custom.
[2017.10.08-17.07.10:910][  0]SourceControl: Info Source control is disabled
[2017.10.08-17.07.10:911][  0]SourceControl: Info Source control is disabled
[2017.10.08-17.07.10:950][  0]SourceControl: Info Source control is disabled
[2017.10.08-17.07.10:985][  0]SourceControl: Info Source control is disabled
[2017.10.08-17.07.11:574][  0]LogAndroidPermission: UAndroidPermissionCallbackProxy::GetInstance
[2017.10.08-17.07.12:039][  0]LogEngine: Initializing Engine...
[2017.10.08-17.07.12:039][  0]LogHMD: Failed to initialize OpenVR with code 110
[2017.10.08-17.07.12:271][  0]LogStats: UGameplayTagsManager::ConstructGameplayTagTree: Construct from data asset -  0.000 s
[2017.10.08-17.07.12:271][  0]LogStats: UGameplayTagsManager::ConstructGameplayTagTree: GameplayTagTreeChangedEvent.Broadcast -  0.000 s
[2017.10.08-17.07.12:437][  0]LogAIModule: Creating AISystem for world Untitled
[2017.10.08-17.07.12:443][  0]LogInit: XAudio2 using 'Speakers (Realtek High Definition Audio)' : 2 channels at 48 kHz using 32 bits per sample (channel mask 0x3)
[2017.10.08-17.07.12:459][  0]LogInit: FAudioDevice initialized.
[2017.10.08-17.07.12:507][  0]LogDerivedDataCache: Saved boot cache 0.05s 90MB C:/Users/galla_000/AppData/Local/UnrealEngine/4.16/DerivedDataCache/Boot.ddc.
[2017.10.08-17.07.12:517][  0]LogInit: Texture streaming: Enabled
[2017.10.08-17.07.12:616][  0]LogEngineSessionManager: EngineSessionManager initialized
[2017.10.08-17.07.12:799][  0]LogInit: Transaction tracking system initialized
[2017.10.08-17.07.13:045][  0]BlueprintLog: New page: Editor Load
[2017.10.08-17.07.13:794][  0]LocalizationService: Info Localization service is disabled
[2017.10.08-17.07.14:354][  0]LogConsoleResponse:Display: 
[2017.10.08-17.07.14:485][  0]LogCook:Display: Max memory allowance for cook 16384mb min free memory 0mb
[2017.10.08-17.07.14:485][  0]LogCook:Display: Mobile HDR setting 1
[2017.10.08-17.07.15:292][  0]LogFileCache: Scanning file cache for directory 'D:/Unreal Games/ScrumLordRacing/Content/' took 0.01s
[2017.10.08-17.07.15:330][  0]SourceControl: Info Source control is disabled
[2017.10.08-17.07.15:330][  0]Cmd: MAP LOAD FILE="D:/Unreal Games/ScrumLordRacing/Content/Maps/MainMenu/MainMenu.umap" TEMPLATE=0 SHOWPROGRESS=1 FEATURELEVEL=3
[2017.10.08-17.07.15:330][  0]LightingResults: New page: Lighting Build
[2017.10.08-17.07.15:361][  0]MapCheck: New page: Map Check
[2017.10.08-17.07.15:361][  0]LightingResults: New page: Lighting Build
[2017.10.08-17.07.15:789][  0]LogAIModule: Creating AISystem for world MainMenu
[2017.10.08-17.07.15:790][  0]LogEditorServer: Finished looking for orphan Actors (0.000 secs)
[2017.10.08-17.07.15:801][  0]Cmd: MAP CHECKDEP NOCLEARLOG
[2017.10.08-17.07.15:839][  0]MapCheck: Info Map check complete: 0 Error(s), 0 Warning(s), took 37.198ms to complete.
[2017.10.08-17.07.15:839][  0]LogFileHelpers: Loading map 'MainMenu' took 0.508
[2017.10.08-17.07.15:993][  0]LogCollectionManager: Loaded 0 collections in 0.001112 seconds
[2017.10.08-17.07.16:061][  0]LogFileCache: Scanning file cache for directory 'D:/Unreal Games/ScrumLordRacing/Saved/Collections/' took 0.01s
[2017.10.08-17.07.16:061][  0]LogFileCache: Scanning file cache for directory 'D:/Unreal Games/ScrumLordRacing/Content/Developers/galla000/Collections/' took 0.01s
[2017.10.08-17.07.16:061][  0]LogFileCache: Scanning file cache for directory 'D:/Unreal Games/ScrumLordRacing/Content/Collections/' took 0.01s
[2017.10.08-17.07.16:061][  0]LogCollectionManager: Rebuilt the GUID cache for 0 collections in 0.000001 seconds
[2017.10.08-17.07.16:069][  0]LogContentBrowser: Native class hierarchy populated in 0.0085 seconds. Added 2331 classes and 494 folders.
[2017.10.08-17.07.16:119][  0]LogContentBrowser: Native class hierarchy updated for 'WidgetCarousel' in 0.0005 seconds. Added 0 classes and 0 folders.
[2017.10.08-17.07.16:436][  0]LogContentBrowser: Native class hierarchy updated for 'AddContentDialog' in 0.0005 seconds. Added 0 classes and 0 folders.
[2017.10.08-17.07.16:471][  0]LogContentBrowser: Native class hierarchy updated for 'SceneOutliner' in 0.0005 seconds. Added 1 classes and 2 folders.
[2017.10.08-17.07.16:553][  0]LogCrashTracker: Crashtracker disabled due to settings.
[2017.10.08-17.07.16:559][  0]LogSlate: Took 0.003260 seconds to synchronously load lazily loaded font '../../../Engine/Content/Slate/Fonts/Roboto-Regular.ttf' (155K)
[2017.10.08-17.07.16:566][  0]LogSlate: Took 0.005454 seconds to synchronously load lazily loaded font '../../../Engine/Content/Slate/Fonts/Roboto-Bold.ttf' (160K)
[2017.10.08-17.07.16:576][  0]LogSlate: Took 0.005226 seconds to synchronously load lazily loaded font '../../../Engine/Content/Editor/Slate/Fonts/FontAwesome.ttf' (139K)
[2017.10.08-17.07.16:656][  0]LogRenderer: Reallocating scene render targets to support 1208x576 NumSamples 1 (Frame:1).
[2017.10.08-17.07.16:998][  0]LogUObjectGlobals:Warning: Failed to find object 'Class None.'
[2017.10.08-17.07.17:055][  0]LogContentBrowser: Native class hierarchy updated for 'HierarchicalLODOutliner' in 0.0005 seconds. Added 1 classes and 2 folders.
[2017.10.08-17.07.17:056][  0]LogLoad: (Engine Initialization) Total time: 21.39 seconds
[2017.10.08-17.07.17:056][  0]LogLoad: (Engine Initialization) Total Blueprint compile time: 0.13 seconds
[2017.10.08-17.07.17:056][  0]LogExternalProfiler: No external profilers were discovered.  External profiling features will not be available.
[2017.10.08-17.07.17:065][  0]LogOcInput: OculusInput pre-init called
[2017.10.08-17.07.17:065][  0]LogRawInputWindows:Warning: Found device 0 devices
[2017.10.08-17.07.17:065][  0]LogRawInputWindows:Warning: Found device 0 devices
[2017.10.08-17.07.17:065][  0]LogRawInputWindows:Warning: Device was registered succesfully but not connected (Usage:4 UsagePage:1
[2017.10.08-17.07.17:065][  0]LogRawInputWindows:Warning: Found device 1 devices
[2017.10.08-17.07.17:065][  0]LogRawInputWindows:Warning: Device was registered succesfully but not connected (Usage:5 UsagePage:1
[2017.10.08-17.07.17:065][  0]LogHMD: Starting GearVRController plugin
[2017.10.08-17.07.17:084][  0]LogContentStreaming: Texture pool size now 800 MB
[2017.10.08-17.07.17:127][  0]LogSlate: Took 0.006150 seconds to synchronously load lazily loaded font '../../../Engine/Content/Slate/Fonts/Roboto-Light.ttf' (159K)
[2017.10.08-17.07.17:138][  1]LogAssetRegistry: Asset discovery search completed in 11.1765 seconds
[2017.10.08-17.07.17:143][  1]LogCollectionManager: Rebuilt the object cache for 0 collections in 0.000001 seconds (found 0 objects)
[2017.10.08-17.07.17:143][  1]LogCollectionManager: Fixed up redirectors for 0 collections in 0.000045 seconds (updated 0 objects)
[2017.10.08-17.07.27:814][326]LogSlate: Took 0.000197 seconds to synchronously load lazily loaded font '../../../Engine/Content/Slate/Fonts/Roboto-Light.ttf' (159K)
[2017.10.08-17.07.28:179][326]LogAIModule: Creating AISystem for world TrackOne
[2017.10.08-17.07.28:219][326]Cmd: MAP LOAD FILE="D:/Unreal Games/ScrumLordRacing/Content/Maps/TrackOne/TrackOne.umap" TEMPLATE=0 SHOWPROGRESS=1 FEATURELEVEL=3
[2017.10.08-17.07.28:219][326]LightingResults: New page: Lighting Build
[2017.10.08-17.07.28:220][326]LoadErrors: New page: Loading map: TrackOne.umap
[2017.10.08-17.07.28:220][326]MapCheck: New page: Map Check
[2017.10.08-17.07.28:220][326]LightingResults: New page: Lighting Build
[2017.10.08-17.07.28:277][326]LogEditorServer: Finished looking for orphan Actors (0.000 secs)
[2017.10.08-17.07.28:305][326]Cmd: MAP CHECKDEP NOCLEARLOG
[2017.10.08-17.07.28:346][326]MapCheck: Info Map check complete: 0 Error(s), 0 Warning(s), took 40.847ms to complete.
[2017.10.08-17.07.28:346][326]LogFileHelpers: Loading map 'TrackOne' took 0.128
[2017.10.08-17.07.35:969][832]MapCheck: New page: Map Check
[2017.10.08-17.07.36:007][832]Cmd: MAP REBUILD
[2017.10.08-17.07.36:011][832]LogEditorServer: Rebuildmap Clear paths rebuilt
[2017.10.08-17.07.36:085][832]Cmd: MAP CHECK DONTDISPLAYDIALOG
[2017.10.08-17.07.36:086][832]MapCheck: New page: TrackOne - Oct 8, 2017, 9:07:36 AM
[2017.10.08-17.07.36:088][832]MapCheck:Warning: Warning AV_turn_90_large3 AV_turn_90_large3 is in the same location as AV_turn_90_large_14 
[2017.10.08-17.07.36:088][832]MapCheck:Warning: Warning AV_turn_90_large_14 AV_turn_90_large_14 is in the same location as AV_turn_90_large3 
[2017.10.08-17.07.36:088][832]MapCheck:Error: Error WorldSettings Maps need lighting rebuilt 
[2017.10.08-17.07.36:127][832]MapCheck: Info Map check complete: 1 Error(s), 2 Warning(s), took 41.291ms to complete.
[2017.10.08-17.07.36:149][832]LogEditorBuildUtils: Build time 0:00
[2017.10.08-17.08.00:184][847]MapCheck: New page: Map Check
[2017.10.08-17.08.00:200][847]LightingResults: New page: Lighting Build - Oct 8, 2017, 9:08:00 AM
[2017.10.08-17.08.00:229][847]LogSwarmInterface: [OpenConnection] Registering TCP channel ...
[2017.10.08-17.08.00:267][847]LogSwarmInterface: [OpenConnection] Connecting to agent ...
[2017.10.08-17.08.00:274][847]LogSwarmInterface: [TryOpenConnection] Testing the Agent
[2017.10.08-17.08.00:777][847]LogSwarmInterface: [TryOpenConnection] Opening Connection to Agent
[2017.10.08-17.08.00:777][847]LogSwarmInterface: [TryOpenConnection] Local Process ID is 8920
[2017.10.08-17.08.02:810][847]LogStaticLightingSystem:Warning: No importance volume found, so the scene bounding box was used.  You can optimize your scene's quality and lighting build times by adding importance volumes.
[2017.10.08-17.08.02:810][847]LogStaticLightingSystem: Running Lightmass w/ ImmediateImport mode ENABLED
[2017.10.08-17.08.02:810][847]LogStaticLightingSystem: Running Lightmass w/ ImmediateProcess mode ENABLED
[2017.10.08-17.08.02:810][847]LogStaticLightingSystem: Running Lightmass w/ Sorting mode ENABLED
[2017.10.08-17.08.02:810][847]LogStaticLightingSystem: Running Lightmass w/ Mapping paddings ENABLED
[2017.10.08-17.08.02:810][847]LogStaticLightingSystem: Running Lightmass w/ Mapping debug paddings DISABLED
[2017.10.08-17.08.02:938][847]LogEditorBuildUtils: Build time 0:02
