Log file open, 10/24/17 16:44:22
LogWindows: Failed to load 'aqProf.dll' (GetLastError=126)
LogWindows: File 'aqProf.dll' does not exist
LogWindows: Failed to load 'VSPerf140.dll' (GetLastError=126)
LogWindows: File 'VSPerf140.dll' does not exist
LogWindows: Failed to load 'VtuneApi.dll' (GetLastError=126)
LogWindows: File 'VtuneApi.dll' does not exist
LogWindows: Failed to load 'VtuneApi32e.dll' (GetLastError=126)
LogWindows: File 'VtuneApi32e.dll' does not exist
LogInit: Display: Running engine for game: ScrumLordRacing
LogPlatformFile: Not using cached read wrapper
LogInit: Display: RandInit(541194391) SRandInit(541194391).
LogTaskGraph: Started task graph with 5 named threads and 14 total threads with 3 sets of task threads.
LogStats: Stats thread started at 4.524185
LogD3D11RHI: Aftermath initialized
LogPluginManager: Mounting plugin Paper2D
LogPluginManager: Mounting plugin LightPropagationVolume
LogPluginManager: Mounting plugin CodeLiteSourceCodeAccess
LogPluginManager: Mounting plugin GitSourceControl
LogPluginManager: Mounting plugin KDevelopSourceCodeAccess
LogPluginManager: Mounting plugin NullSourceCodeAccess
LogPluginManager: Mounting plugin PerforceSourceControl
LogPluginManager: Mounting plugin SubversionSourceControl
LogPluginManager: Mounting plugin UObjectPlugin
LogPluginManager: Mounting plugin VisualStudioSourceCodeAccess
LogPluginManager: Mounting plugin XCodeSourceCodeAccess
LogPluginManager: Mounting plugin AssetManagerEditor
LogPluginManager: Mounting plugin AudioCapture
LogPluginManager: Mounting plugin FacialAnimation
LogPluginManager: Mounting plugin GameplayTagsEditor
LogPluginManager: Mounting plugin MobileLauncherProfileWizard
LogPluginManager: Mounting plugin PluginBrowser
LogPluginManager: Mounting plugin SpeedTreeImporter
LogPluginManager: Mounting plugin AlembicImporter
LogPluginManager: Mounting plugin CharacterAI
LogPluginManager: Mounting plugin HTML5Networking
LogPluginManager: Mounting plugin RawInput
LogPluginManager: Mounting plugin AndroidMedia
LogPluginManager: Mounting plugin AvfMedia
LogPluginManager: Mounting plugin MediaPlayerEditor
LogPluginManager: Mounting plugin WmfMedia
LogPluginManager: Mounting plugin TcpMessaging
LogPluginManager: Mounting plugin UdpMessaging
LogPluginManager: Mounting plugin LevelSequenceEditor
LogPluginManager: Mounting plugin MatineeToLevelSequence
LogPluginManager: Mounting plugin OnlineSubsystemGooglePlay
LogPluginManager: Mounting plugin OnlineSubsystemIOS
LogPluginManager: Mounting plugin OnlineSubsystem
LogPluginManager: Mounting plugin OnlineSubsystemNull
LogPluginManager: Mounting plugin OnlineSubsystemUtils
LogPluginManager: Mounting plugin AndroidDeviceProfileSelector
LogPluginManager: Mounting plugin AndroidMoviePlayer
LogPluginManager: Mounting plugin AndroidPermission
LogPluginManager: Mounting plugin AppleMoviePlayer
LogPluginManager: Mounting plugin ArchVisCharacter
LogPluginManager: Mounting plugin CableComponent
LogPluginManager: Mounting plugin CustomMeshComponent
LogPluginManager: Mounting plugin ExampleDeviceProfileSelector
LogPluginManager: Mounting plugin GoogleCloudMessaging
LogPluginManager: Mounting plugin ImmediatePhysics
LogPluginManager: Mounting plugin IOSDeviceProfileSelector
LogPluginManager: Mounting plugin LinuxDeviceProfileSelector
LogPluginManager: Mounting plugin LocationServicesBPLibrary
LogPluginManager: Mounting plugin MobilePatchingUtils
LogPluginManager: Mounting plugin OculusVR
LogPluginManager: Mounting plugin PhysXVehicles
LogPluginManager: Mounting plugin ProceduralMeshComponent
LogPluginManager: Mounting plugin RuntimePhysXCooking
LogPluginManager: Mounting plugin SteamVR
LogPluginManager: Mounting plugin WindowsMoviePlayer
LogInit: Using libcurl 7.47.1
LogInit:  - built for x86_64-pc-win32
LogInit:  - supports SSL with OpenSSL/1.0.2g
LogInit:  - supports HTTP deflate (compression) using libz 1.2.8
LogInit:  - other features:
LogInit:      CURL_VERSION_SSL
LogInit:      CURL_VERSION_LIBZ
LogInit:      CURL_VERSION_IPV6
LogInit:      CURL_VERSION_ASYNCHDNS
LogInit:      CURL_VERSION_LARGEFILE
LogInit:      CURL_VERSION_IDN
LogInit:  CurlRequestOptions (configurable via config and command line):
LogInit:  - bVerifyPeer = false  - Libcurl will NOT verify peer certificate
LogInit:  - bUseHttpProxy = false  - Libcurl will NOT use HTTP proxy
LogInit:  - bDontReuseConnections = false  - Libcurl will reuse connections
LogInit:  - CertBundlePath = nullptr  - Libcurl will use whatever was configured at build time.
LogInit: Build: ++UE4+Release-4.17-CL-3658906
LogInit: Engine Version: 4.17.2-3658906+++UE4+Release-4.17
LogInit: Compatible Engine Version: 4.17.0-3573198+++UE4+Release-4.17
LogInit: Net CL: 3573198
LogDevObjectVersion: Number of dev versions registered: 16
LogDevObjectVersion:   Dev-Blueprints (B0D832E4-1F89-4F0D-ACCF-7EB736FD4AA2): 10
LogDevObjectVersion:   Dev-Build (E1C64328-A22C-4D53-A36C-8E866417BD8C): 0
LogDevObjectVersion:   Dev-Core (375EC13C-06E4-48FB-B500-84F0262A717E): 2
LogDevObjectVersion:   Dev-Editor (E4B068ED-F494-42E9-A231-DA0B2E46BB41): 20
LogDevObjectVersion:   Dev-Framework (CFFC743F-43B0-4480-9391-14DF171D2073): 28
LogDevObjectVersion:   Dev-Mobile (B02B49B5-BB20-44E9-A304-32B752E40360): 0
LogDevObjectVersion:   Dev-Networking (A4E4105C-59A1-49B5-A7C5-40C4547EDFEE): 0
LogDevObjectVersion:   Dev-Online (39C831C9-5AE6-47DC-9A44-9C173E1C8E7C): 0
LogDevObjectVersion:   Dev-Physics (78F01B33-EBEA-4F98-B9B4-84EACCB95AA2): 0
LogDevObjectVersion:   Dev-Platform (6631380F-2D4D-43E0-8009-CF276956A95A): 0
LogDevObjectVersion:   Dev-Rendering (12F88B9F-8875-4AFC-A67C-D90C383ABD29): 19
LogDevObjectVersion:   Dev-Sequencer (7B5AE74C-D270-4C10-A958-57980B212A5A): 4
LogDevObjectVersion:   Dev-VR (D7296918-1DD6-4BDD-9DE2-64A83CC13884): 0
LogDevObjectVersion:   Dev-LoadTimes (C2A15278-BFE7-4AFE-6C17-90FF531DF755): 1
LogDevObjectVersion:   Private-Geometry (6EACA3D4-40EC-4CC1-B786-8BED09428FC5): 1
LogDevObjectVersion:   Dev-AnimPhys (29E575DD-E0A3-4627-9D10-D276232CDCEA): 7
LogInit: Compiled (64-bit): Sep 22 2017 13:47:16
LogInit: Compiled with Visual C++: 19.00.24215.01
LogInit: Build Configuration: Development
LogInit: Branch Name: ++UE4+Release-4.17
LogInit: Command line:  
LogInit: Base directory: D:/Unreal Engine 4_17/UE_4.17/Engine/Binaries/Win64/
LogInit: Installed Engine Build: 1
LogInit: Presizing for max 8388607 objects, including 0 objects not considered by GC, pre-allocating 0 bytes for permanent pool.
LogInit: Object subsystem initialized
[2017.10.24-20.44.24:700][  0]LogInit: Selected Device Profile: [Windows]
[2017.10.24-20.44.24:700][  0]LogInit: Applying CVar settings loaded from the selected device profile: [Windows]
[2017.10.24-20.44.24:810][  0]LogInit: Computer: ALEX
[2017.10.24-20.44.24:810][  0]LogInit: User: galla000
[2017.10.24-20.44.24:810][  0]LogInit: CPU Page size=4096, Cores=4
[2017.10.24-20.44.24:810][  0]LogInit: High frequency timer resolution =2.825502 MHz
[2017.10.24-20.44.24:811][  0]LogMemory: Memory total: Physical=31.9GB (32GB approx)
[2017.10.24-20.44.24:811][  0]LogMemory: Platform Memory Stats for Windows
[2017.10.24-20.44.24:811][  0]LogMemory: Process Physical Memory: 276.46 MB used, 276.46 MB peak
[2017.10.24-20.44.24:811][  0]LogMemory: Process Virtual Memory: 282.12 MB used, 282.12 MB peak
[2017.10.24-20.44.24:811][  0]LogMemory: Physical Memory: 6879.34 MB used,  25769.69 MB free, 32649.02 MB total
[2017.10.24-20.44.24:811][  0]LogMemory: Virtual Memory: 660.15 MB used,  25769.69 MB free, 134217728.00 MB total
[2017.10.24-20.44.26:049][  0]LogInit: Using OS detected language (en-US).
[2017.10.24-20.44.26:049][  0]LogInit: Using OS detected locale (en-US).
[2017.10.24-20.44.26:229][  0]LogTextLocalizationManager: No specific localization for 'en-US' exists, so the 'en' localization will be used.
[2017.10.24-20.44.30:667][  0]LogD3D11RHI: D3D11 adapters:
[2017.10.24-20.44.30:679][  0]LogD3D11RHI:    0. 'Intel(R) HD Graphics 4600' (Feature Level 11_0)
[2017.10.24-20.44.30:679][  0]LogD3D11RHI:       4054/0/16324 MB DedicatedVideo/DedicatedSystem/SharedSystem, Outputs:1, VendorId:0x8086
[2017.10.24-20.44.30:680][  0]LogD3D11RHI:    1. 'Microsoft Basic Render Driver' (Feature Level 11_0)
[2017.10.24-20.44.30:680][  0]LogD3D11RHI:       0/0/256 MB DedicatedVideo/DedicatedSystem/SharedSystem, Outputs:0, VendorId:0x1414
[2017.10.24-20.44.30:680][  0]LogD3D11RHI: Chosen D3D11 Adapter: 0
[2017.10.24-20.44.30:685][  0]LogD3D11RHI: Creating new Direct3DDevice
[2017.10.24-20.44.30:685][  0]LogD3D11RHI:     GPU DeviceId: 0x416 (for the marketing name, search the web for "GPU Device Id")
[2017.10.24-20.44.30:685][  0]LogWindows: EnumDisplayDevices:
[2017.10.24-20.44.30:685][  0]LogWindows:    0. 'Intel(R) HD Graphics 4600' (P:1 D:1)
[2017.10.24-20.44.30:685][  0]LogWindows:    1. 'Intel(R) HD Graphics 4600' (P:0 D:0)
[2017.10.24-20.44.30:685][  0]LogWindows:    2. 'Intel(R) HD Graphics 4600' (P:0 D:0)
[2017.10.24-20.44.30:685][  0]LogWindows:    3. 'Intel(R) HD Graphics 4600' (P:0 D:0)
[2017.10.24-20.44.30:685][  0]LogWindows: DebugString: FoundDriverCount:4 
[2017.10.24-20.44.30:685][  0]LogD3D11RHI:     Adapter Name: Intel(R) HD Graphics 4600
[2017.10.24-20.44.30:685][  0]LogD3D11RHI:   Driver Version: 10.18.10.3304 (internal:10.18.10.3304, unified:10.18.10.3304)
[2017.10.24-20.44.30:685][  0]LogD3D11RHI:      Driver Date: 9-9-2013
[2017.10.24-20.44.30:685][  0]LogRHI: Texture pool is 1361 MB (70% of 1945 MB)
[2017.10.24-20.44.30:695][  0]LogD3D11RHI: Async texture creation enabled
[2017.10.24-20.44.31:164][  0]LogD3D11RHI: GPU Timing Frequency: 12.500000 (Debug: 2 2)
[2017.10.24-20.44.31:295][  0]LogShaderCompilers: Guid format shader working directory is 7 characters bigger than the processId version (../../../../../Unreal Games/ScrumLordRacing/Intermediate/Shaders/WorkingDirectory/8976/).
[2017.10.24-20.44.31:295][  0]LogShaderCompilers: Cleaned the shader compiler working directory 'C:/Users/galla_000/AppData/Local/Temp/UnrealShaderWorkingDir/1127FBA64A9ABDF9076750BF54151934/'.
[2017.10.24-20.44.31:318][  0]LogShaderCompilers: Display: Using Local Shader Compiler.
[2017.10.24-20.44.34:966][  0]LogTemp: Display: Loaded TP AllDesktopTargetPlatform
[2017.10.24-20.44.34:996][  0]LogTemp: Display: Loaded TP MacClientTargetPlatform
[2017.10.24-20.44.35:028][  0]LogTemp: Display: Loaded TP MacNoEditorTargetPlatform
[2017.10.24-20.44.35:060][  0]LogTemp: Display: Loaded TP MacServerTargetPlatform
[2017.10.24-20.44.35:111][  0]LogTemp: Display: Loaded TP MacTargetPlatform
[2017.10.24-20.44.35:142][  0]LogTemp: Display: Loaded TP WindowsClientTargetPlatform
[2017.10.24-20.44.35:174][  0]LogTemp: Display: Loaded TP WindowsNoEditorTargetPlatform
[2017.10.24-20.44.35:206][  0]LogTemp: Display: Loaded TP WindowsServerTargetPlatform
[2017.10.24-20.44.35:244][  0]LogTemp: Display: Loaded TP WindowsTargetPlatform
[2017.10.24-20.44.35:309][  0]LogTemp: Display: Loaded TP AndroidTargetPlatform
[2017.10.24-20.44.35:340][  0]LogTemp: Display: Loaded TP Android_ASTCTargetPlatform
[2017.10.24-20.44.35:394][  0]LogTemp: Display: Loaded TP Android_ATCTargetPlatform
[2017.10.24-20.44.35:445][  0]LogTemp: Display: Loaded TP Android_DXTTargetPlatform
[2017.10.24-20.44.35:485][  0]LogTemp: Display: Loaded TP Android_ETC1TargetPlatform
[2017.10.24-20.44.35:542][  0]LogTemp: Display: Loaded TP Android_ETC2TargetPlatform
[2017.10.24-20.44.35:656][  0]LogTemp: Display: Loaded TP Android_MultiTargetPlatform
[2017.10.24-20.44.35:656][  0]LogTemp: Display: Loaded TP Android_PVRTCTargetPlatform
[2017.10.24-20.44.35:685][  0]LogTemp: Display: Loaded TP HTML5TargetPlatform
[2017.10.24-20.44.35:938][  0]LogTemp: Display: Loaded TP IOSTargetPlatform
[2017.10.24-20.44.36:004][  0]LogTemp: Display: Loaded TP TVOSTargetPlatform
[2017.10.24-20.44.36:049][  0]LogTemp: Display: Loaded TP LinuxClientTargetPlatform
[2017.10.24-20.44.36:096][  0]LogTemp: Display: Loaded TP LinuxNoEditorTargetPlatform
[2017.10.24-20.44.36:139][  0]LogTemp: Display: Loaded TP LinuxServerTargetPlatform
[2017.10.24-20.44.36:225][  0]LogTemp: Display: Loaded TP LinuxTargetPlatform
[2017.10.24-20.44.36:225][  0]LogTargetPlatformManager: Display: Building Assets For Windows
[2017.10.24-20.44.37:678][  0]LogDerivedDataCache: Display: Max Cache Size: 512 MB
[2017.10.24-20.44.38:011][  0]LogDerivedDataCache: Loaded boot cache 0.33s 93MB C:/Users/galla_000/AppData/Local/UnrealEngine/4.17/DerivedDataCache/Boot.ddc.
[2017.10.24-20.44.38:011][  0]LogDerivedDataCache: Display: Loaded Boot cache: C:/Users/galla_000/AppData/Local/UnrealEngine/4.17/DerivedDataCache/Boot.ddc
[2017.10.24-20.44.38:011][  0]LogDerivedDataCache: FDerivedDataBackendGraph:  Pak pak cache file ../../../../../Unreal Games/ScrumLordRacing/DerivedDataCache/DDC.ddp not found, will not use a pak cache.
[2017.10.24-20.44.38:011][  0]LogDerivedDataCache: Unable to find inner node Pak for hierarchical cache Hierarchy.
[2017.10.24-20.44.38:011][  0]LogDerivedDataCache: FDerivedDataBackendGraph:  CompressedPak pak cache file ../../../../../Unreal Games/ScrumLordRacing/DerivedDataCache/Compressed.ddp not found, will not use a pak cache.
[2017.10.24-20.44.38:011][  0]LogDerivedDataCache: Unable to find inner node CompressedPak for hierarchical cache Hierarchy.
[2017.10.24-20.44.38:076][  0]LogDerivedDataCache: Display: Pak cache opened for reading ../../../Engine/DerivedDataCache/Compressed.ddp.
[2017.10.24-20.44.38:088][  0]LogDerivedDataCache: Using Local data cache path C:/Users/galla_000/AppData/Local/UnrealEngine/Common/DerivedDataCache: Writable
[2017.10.24-20.44.38:265][  0]LogMaterial: Verifying Global Shaders for PCD3D_SM5
[2017.10.24-20.44.38:387][  0]LogSlate: Using Freetype 2.6.0
[2017.10.24-20.44.38:578][  0]LogSlate: SlateFontCache - WITH_FREETYPE: 1, WITH_HARFBUZZ: 1
[2017.10.24-20.44.38:580][  0]LogSlate: SlateFontCache - WITH_FREETYPE: 1, WITH_HARFBUZZ: 1
[2017.10.24-20.44.51:094][  0]LogAssetRegistry: FAssetRegistry took 0.0756 seconds to start up
[2017.10.24-20.44.55:562][  0]LogInit: Selected Device Profile: [Windows]
[2017.10.24-20.44.58:166][  0]LogContentStreaming: Texture pool size is 0.00 MB
[2017.10.24-20.44.59:369][  0]LogSimplygon: Simplygon DLL not present - disabling.
[2017.10.24-20.44.59:450][  0]LogMeshReduction: Using SimplygonSwarm for distributed automatic mesh merging
[2017.10.24-20.44.59:465][  0]LogMeshReduction: Using QuadricMeshReduction for automatic static mesh reduction
[2017.10.24-20.44.59:465][  0]LogMeshReduction: No automatic skeletal mesh reduction module available
[2017.10.24-20.44.59:465][  0]LogMeshReduction: No automatic mesh merging module available
[2017.10.24-20.44.59:465][  0]LogMeshMerging: No automatic mesh merging module available
[2017.10.24-20.45.03:695][  0]LogNetVersion: ScrumLordRacing , NetCL: 3573198, EngineNetVer: 2, GameNetVer: 0 (Checksum: 2466738751)
[2017.10.24-20.45.06:434][  0]LogPackageLocalizationCache: Processed 5 localized package path(s) for 2 prioritized culture(s) in 0.191755 seconds
[2017.10.24-20.45.06:485][  0]LogUObjectArray: 35825 objects as part of root set at end of initial load.
[2017.10.24-20.45.06:485][  0]LogUObjectAllocator: 7529112 out of 0 bytes used by permanent object pool.
[2017.10.24-20.45.06:487][  0]LogUObjectArray: CloseDisregardForGC: 0/0 objects in disregard for GC pool
[2017.10.24-20.45.06:583][  0]LogInit: WinSock: version 1.1 (2.2), MaxSocks=32767, MaxUdp=65467
[2017.10.24-20.45.27:478][  0]LogTcpMessaging: Initializing TcpMessaging bridge
[2017.10.24-20.45.27:576][  0]LogUdpMessaging: Initializing bridge on interface 0.0.0.0:0 to multicast group 230.0.0.1:6666.
[2017.10.24-20.45.29:426][  0]LogMaterial: Uniform references updated for custom material expression Custom.
[2017.10.24-20.45.30:646][  0]SourceControl: Source control is disabled
[2017.10.24-20.45.30:647][  0]SourceControl: Source control is disabled
[2017.10.24-20.45.30:749][  0]SourceControl: Source control is disabled
[2017.10.24-20.45.30:863][  0]SourceControl: Source control is disabled
[2017.10.24-20.45.32:037][  0]LogAndroidPermission: UAndroidPermissionCallbackProxy::GetInstance
[2017.10.24-20.45.32:297][  0]LogOcInput: OculusInput pre-init called
[2017.10.24-20.45.33:382][  0]LogEngine: Initializing Engine...
[2017.10.24-20.45.33:467][  0]LogHMD: Failed to initialize OpenVR with code 110
[2017.10.24-20.45.34:595][  0]LogStats: UGameplayTagsManager::ConstructGameplayTagTree: Construct from data asset -  0.000 s
[2017.10.24-20.45.34:596][  0]LogStats: UGameplayTagsManager::ConstructGameplayTagTree: GameplayTagTreeChangedEvent.Broadcast -  0.000 s
[2017.10.24-20.45.35:447][  0]LogAIModule: Creating AISystem for world Untitled
[2017.10.24-20.45.35:787][  0]LogInit: XAudio2 using 'Speakers (Realtek High Definition Audio)' : 2 channels at 48 kHz using 32 bits per sample (channel mask 0x3)
[2017.10.24-20.45.35:798][  0]LogInit: FAudioDevice initialized.
[2017.10.24-20.45.35:929][  0]LogDerivedDataCache: Saved boot cache 0.08s 93MB C:/Users/galla_000/AppData/Local/UnrealEngine/4.17/DerivedDataCache/Boot.ddc.
[2017.10.24-20.45.35:942][  0]LogInit: Texture streaming: Enabled
[2017.10.24-20.45.36:155][  0]LogEngineSessionManager: EngineSessionManager initialized
[2017.10.24-20.45.36:156][  0]LogEngineSessionManager: EngineSessionManager sent abnormal shutdown report. Type=AbnormalShutdown, SessionId={D62E5DB9-47C2-D603-DFF4-DFAC818EEFB4}
[2017.10.24-20.45.36:979][  0]LogInit: Transaction tracking system initialized
[2017.10.24-20.45.37:687][  0]BlueprintLog: New page: Editor Load
[2017.10.24-20.45.40:129][  0]LocalizationService: Localization service is disabled
[2017.10.24-20.45.41:221][  0]LogLinker: Warning: Can't find file '/Game/PuzzleBP/Tutorial/Part1-Overview'
[2017.10.24-20.45.41:233][  0]LogLinker: Warning: Can't find file '/Game/PuzzleBP/Tutorial/Part1-Overview'
[2017.10.24-20.45.41:233][  0]LogUObjectGlobals: Warning: Failed to find object 'Class /Game/PuzzleBP/Tutorial/Part1-Overview.Part1-Overview_C'
[2017.10.24-20.45.41:233][  0]LogLinker: Warning: Can't find file '/Game/PuzzleBP/Tutorial/Part2-BlockBlueprint'
[2017.10.24-20.45.41:233][  0]LogLinker: Warning: Can't find file '/Game/PuzzleBP/Tutorial/Part2-BlockBlueprint'
[2017.10.24-20.45.41:233][  0]LogUObjectGlobals: Warning: Failed to find object 'Class /Game/PuzzleBP/Tutorial/Part2-BlockBlueprint.Part2-BlockBlueprint_C'
[2017.10.24-20.45.41:676][  0]LogConsoleResponse: Display: 
[2017.10.24-20.45.47:240][  0]LogFileCache: Scanning file cache for directory 'D:/Unreal Games/ScrumLordRacing/Content/' took 0.15s
[2017.10.24-20.45.47:240][  0]LogCook: Display: Max memory allowance for cook 16384mb min free memory 0mb
[2017.10.24-20.45.47:246][  0]LogCook: Display: Mobile HDR setting 1
[2017.10.24-20.45.47:270][  0]LogGameplayTags: Display: UGameplayTagsManager::DoneAddingNativeTags. DelegateIsBound: 0
[2017.10.24-20.45.49:456][  0]SourceControl: Source control is disabled
[2017.10.24-20.45.49:533][  0]Cmd: MAP LOAD FILE="../../../../../Unreal Games/ScrumLordRacing/Content/Maps/MainMenu/MainMenu.umap" TEMPLATE=0 SHOWPROGRESS=1 FEATURELEVEL=3
[2017.10.24-20.45.49:587][  0]LightingResults: New page: Lighting Build
[2017.10.24-20.45.49:940][  0]MapCheck: New page: Map Check
[2017.10.24-20.45.49:940][  0]LightingResults: New page: Lighting Build
[2017.10.24-20.45.53:859][  0]LogAIModule: Creating AISystem for world MainMenu
[2017.10.24-20.45.53:978][  0]LogEditorServer: Finished looking for orphan Actors (0.000 secs)
[2017.10.24-20.45.54:218][  0]Cmd: MAP CHECKDEP NOCLEARLOG
[2017.10.24-20.45.54:266][  0]MapCheck: Map check complete: 0 Error(s), 0 Warning(s), took 48.413ms to complete.
[2017.10.24-20.45.54:266][  0]LogFileHelpers: Loading map 'MainMenu' took 4.767
[2017.10.24-20.45.56:826][  0]LogCollectionManager: Loaded 0 collections in 0.000692 seconds
[2017.10.24-20.45.57:105][  0]LogFileCache: Scanning file cache for directory 'D:/Unreal Games/ScrumLordRacing/Saved/Collections/' took 0.01s
[2017.10.24-20.45.57:105][  0]LogFileCache: Scanning file cache for directory 'D:/Unreal Games/ScrumLordRacing/Content/Developers/galla000/Collections/' took 0.01s
[2017.10.24-20.45.57:105][  0]LogFileCache: Scanning file cache for directory 'D:/Unreal Games/ScrumLordRacing/Content/Collections/' took 0.01s
[2017.10.24-20.45.57:105][  0]LogCollectionManager: Rebuilt the GUID cache for 0 collections in 0.000000 seconds
[2017.10.24-20.45.57:126][  0]LogContentBrowser: Native class hierarchy populated in 0.0194 seconds. Added 2388 classes and 503 folders.
[2017.10.24-20.45.57:291][  0]LogContentBrowser: Native class hierarchy updated for 'WidgetCarousel' in 0.0005 seconds. Added 0 classes and 0 folders.
[2017.10.24-20.45.58:102][  0]LogContentBrowser: Native class hierarchy updated for 'AddContentDialog' in 0.0006 seconds. Added 0 classes and 0 folders.
[2017.10.24-20.45.58:265][  0]LogContentBrowser: Native class hierarchy updated for 'SceneOutliner' in 0.0006 seconds. Added 1 classes and 2 folders.
[2017.10.24-20.46.00:403][  0]LogSlate: Took 0.014053 seconds to synchronously load lazily loaded font '../../../Engine/Content/Slate/Fonts/Roboto-Regular.ttf' (155K)
[2017.10.24-20.46.00:510][  0]LogSlate: Took 0.016213 seconds to synchronously load lazily loaded font '../../../Engine/Content/Slate/Fonts/Roboto-Bold.ttf' (160K)
[2017.10.24-20.46.00:740][  0]LogSlate: Took 0.016524 seconds to synchronously load lazily loaded font '../../../Engine/Content/Editor/Slate/Fonts/FontAwesome.ttf' (139K)
[2017.10.24-20.46.01:880][  0]LogRenderer: Reallocating scene render targets to support 1440x592 Format 9 NumSamples 1 (Frame:1).
[2017.10.24-20.46.03:785][  0]LogContentBrowser: Native class hierarchy updated for 'HierarchicalLODOutliner' in 0.0006 seconds. Added 1 classes and 2 folders.
[2017.10.24-20.46.03:785][  0]LogLoad: (Engine Initialization) Total time: 114.47 seconds
[2017.10.24-20.46.03:785][  0]LogLoad: (Engine Initialization) Total Blueprint compile time: 0.00 seconds
[2017.10.24-20.46.03:819][  0]LogExternalProfiler: No external profilers were discovered.  External profiling features will not be available.
[2017.10.24-20.46.03:929][  0]LogRawInputWindows: Warning: Found device 0 devices
[2017.10.24-20.46.03:930][  0]LogRawInputWindows: Warning: Found device 0 devices
[2017.10.24-20.46.03:930][  0]LogRawInputWindows: Warning: Device was registered succesfully but not connected (Usage:4 UsagePage:1
[2017.10.24-20.46.03:930][  0]LogRawInputWindows: Warning: Found device 1 devices
[2017.10.24-20.46.03:930][  0]LogRawInputWindows: Warning: Device was registered succesfully but not connected (Usage:5 UsagePage:1
[2017.10.24-20.46.04:477][  0]LogContentStreaming: Texture pool size now 800 MB
[2017.10.24-20.46.04:828][  3]LogAssetRegistry: Asset discovery search completed in 73.7577 seconds
[2017.10.24-20.46.04:913][  3]LogCollectionManager: Rebuilt the object cache for 0 collections in 0.000000 seconds (found 0 objects)
[2017.10.24-20.46.04:928][  3]LogCollectionManager: Fixed up redirectors for 0 collections in 0.014266 seconds (updated 0 objects)
[2017.10.24-20.46.05:382][  6]LogSlate: Took 0.015039 seconds to synchronously load lazily loaded font '../../../Engine/Content/Slate/Fonts/Roboto-Light.ttf' (159K)
[2017.10.24-20.46.05:604][  6]LogSlate: Took 0.000134 seconds to synchronously load lazily loaded font '../../../Engine/Content/Slate/Fonts/Roboto-Light.ttf' (159K)
[2017.10.24-20.46.20:414][495]LogSlate: Took 0.000122 seconds to synchronously load lazily loaded font '../../../Engine/Content/Slate/Fonts/Roboto-Light.ttf' (159K)
[2017.10.24-20.46.21:283][495]LogSlate: Took 0.000116 seconds to synchronously load lazily loaded font '../../../Engine/Content/Slate/Fonts/Roboto-Regular.ttf' (155K)
[2017.10.24-20.46.23:935][495]LogAIModule: Creating AISystem for world TrackOne
[2017.10.24-20.46.25:412][495]Cmd: MAP LOAD FILE="../../../../../Unreal Games/ScrumLordRacing/Content/Maps/TrackOne/TrackOne.umap" TEMPLATE=0 SHOWPROGRESS=1 FEATURELEVEL=3
[2017.10.24-20.46.25:412][495]LightingResults: New page: Lighting Build
[2017.10.24-20.46.25:413][495]LoadErrors: New page: Loading map: TrackOne.umap
[2017.10.24-20.46.25:439][495]MapCheck: New page: Map Check
[2017.10.24-20.46.25:439][495]LightingResults: New page: Lighting Build
[2017.10.24-20.46.25:884][495]LogEditorServer: Finished looking for orphan Actors (0.000 secs)
[2017.10.24-20.46.26:046][495]Cmd: MAP CHECKDEP NOCLEARLOG
[2017.10.24-20.46.26:084][495]MapCheck: Map check complete: 0 Error(s), 0 Warning(s), took 37.716ms to complete.
[2017.10.24-20.46.26:084][495]LogFileHelpers: Loading map 'TrackOne' took 0.742
[2017.10.24-20.46.38:232][709]Cmd: EDIT COPY
[2017.10.24-20.46.55:068][769]LogWindowsTextInputMethodSystem: Display: IME system now deactivated.
[2017.10.24-20.46.55:917][770]Cmd: QUIT_EDITOR
[2017.10.24-20.46.56:570][770]LogExit: Preparing to exit.
[2017.10.24-20.46.57:050][770]LogDirectoryWatcher: A directory notification for 'D:/Unreal Games/ScrumLordRacing/Content/' was aborted.
[2017.10.24-20.46.57:308][770]LogExit: Editor shut down
[2017.10.24-20.46.57:310][770]LogExit: Transaction tracking system shut down
[2017.10.24-20.46.57:594][770]LogDirectoryWatcher: A directory notification for '../../../Engine/Content/' was aborted.
[2017.10.24-20.46.57:594][770]LogDirectoryWatcher: A directory notification for '../../../../../Unreal Games/ScrumLordRacing/Content/' was aborted.
[2017.10.24-20.46.57:594][770]LogDirectoryWatcher: A directory notification for '../../../Engine/Plugins/2D/Paper2D/Content/' was aborted.
[2017.10.24-20.46.57:594][770]LogDirectoryWatcher: A directory notification for '../../../Engine/Plugins/Runtime/Oculus/OculusVR/Content/' was aborted.
[2017.10.24-20.46.57:594][770]LogDirectoryWatcher: A directory notification for '../../../Engine/Plugins/Runtime/Steam/SteamVR/Content/' was aborted.
[2017.10.24-20.46.59:448][770]LogExit: Object subsystem successfully closed.
[2017.10.24-20.46.59:614][770]LogD3D11RHI: Shutdown
[2017.10.24-20.46.59:622][770]LogD3D11RHI: CleanupD3DDevice
[2017.10.24-20.47.03:214][770]LogD3D11RHI: ~FD3D11DynamicRHI
[2017.10.24-20.47.04:335][770]LogModuleManager: Shutting down and abandoning module HierarchicalLODOutliner (532)
[2017.10.24-20.47.04:335][770]LogModuleManager: Shutting down and abandoning module SceneOutliner (530)
[2017.10.24-20.47.04:342][770]LogModuleManager: Shutting down and abandoning module AddContentDialog (528)
[2017.10.24-20.47.04:369][770]LogDirectoryWatcher: A directory notification for 'D:/Unreal Engine 4_17/UE_4.17/FeaturePacks/' was aborted.
[2017.10.24-20.47.04:402][770]LogModuleManager: Shutting down and abandoning module WidgetCarousel (527)
[2017.10.24-20.47.04:403][770]LogModuleManager: Shutting down and abandoning module EditorWidgets (524)
[2017.10.24-20.47.04:403][770]LogModuleManager: Shutting down and abandoning module CollectionManager (522)
[2017.10.24-20.47.04:414][770]LogDirectoryWatcher: A directory notification for 'D:/Unreal Games/ScrumLordRacing/Content/Collections/' was aborted.
[2017.10.24-20.47.04:414][770]LogDirectoryWatcher: A directory notification for 'D:/Unreal Games/ScrumLordRacing/Content/Developers/galla000/Collections/' was aborted.
[2017.10.24-20.47.04:415][770]LogDirectoryWatcher: A directory notification for 'D:/Unreal Games/ScrumLordRacing/Saved/Collections/' was aborted.
[2017.10.24-20.47.04:415][770]LogModuleManager: Shutting down and abandoning module StatsViewer (520)
[2017.10.24-20.47.04:439][770]LogModuleManager: Shutting down and abandoning module FoliageEdit (518)
[2017.10.24-20.47.04:439][770]LogModuleManager: Shutting down and abandoning module LandscapeEditor (516)
[2017.10.24-20.47.04:471][770]LogModuleManager: Shutting down and abandoning module MeshPaintMode (514)
[2017.10.24-20.47.04:471][770]LogModuleManager: Shutting down and abandoning module SceneDepthPickerMode (512)
[2017.10.24-20.47.04:471][770]LogModuleManager: Shutting down and abandoning module ActorPickerMode (510)
[2017.10.24-20.47.04:471][770]LogModuleManager: Shutting down and abandoning module GeometryMode (508)
[2017.10.24-20.47.04:471][770]LogModuleManager: Shutting down and abandoning module TextureAlignMode (506)
[2017.10.24-20.47.04:471][770]LogModuleManager: Shutting down and abandoning module BspMode (504)
[2017.10.24-20.47.04:486][770]LogModuleManager: Shutting down and abandoning module PIEPreviewDeviceProfileSelector (502)
[2017.10.24-20.47.04:486][770]LogModuleManager: Shutting down and abandoning module HardwareSurvey (500)
[2017.10.24-20.47.04:486][770]LogModuleManager: Shutting down and abandoning module SequenceRecorderSections (498)
[2017.10.24-20.47.04:486][770]LogModuleManager: Shutting down and abandoning module AutomationWorker (496)
[2017.10.24-20.47.04:495][770]LogModuleManager: Shutting down and abandoning module MatineeToLevelSequence (494)
[2017.10.24-20.47.04:510][770]LogModuleManager: Shutting down and abandoning module LevelSequenceEditor (492)
[2017.10.24-20.47.04:577][770]LogModuleManager: Shutting down and abandoning module PlacementMode (491)
[2017.10.24-20.47.04:577][770]LogModuleManager: Shutting down and abandoning module WmfMediaFactory (488)
[2017.10.24-20.47.04:577][770]LogModuleManager: Shutting down and abandoning module WmfMediaEditor (486)
[2017.10.24-20.47.04:577][770]LogModuleManager: Shutting down and abandoning module AvfMediaFactory (484)
[2017.10.24-20.47.04:577][770]LogModuleManager: Shutting down and abandoning module AvfMediaEditor (482)
[2017.10.24-20.47.04:578][770]LogModuleManager: Shutting down and abandoning module AndroidMediaFactory (480)
[2017.10.24-20.47.04:578][770]LogModuleManager: Shutting down and abandoning module Media (479)
[2017.10.24-20.47.04:578][770]LogModuleManager: Shutting down and abandoning module AndroidMediaEditor (476)
[2017.10.24-20.47.04:578][770]LogModuleManager: Shutting down and abandoning module CharacterAI (474)
[2017.10.24-20.47.04:578][770]LogModuleManager: Shutting down and abandoning module AudioCapture (472)
[2017.10.24-20.47.04:578][770]LogModuleManager: Shutting down and abandoning module SequenceRecorder (471)
[2017.10.24-20.47.04:594][770]LogModuleManager: Shutting down and abandoning module SmartSnapping (468)
[2017.10.24-20.47.04:594][770]LogModuleManager: Shutting down and abandoning module SessionServices (466)
[2017.10.24-20.47.04:594][770]LogModuleManager: Shutting down and abandoning module ViewportSnapping (464)
[2017.10.24-20.47.04:594][770]LogModuleManager: Shutting down and abandoning module ViewportInteraction (462)
[2017.10.24-20.47.04:594][770]LogModuleManager: Shutting down and abandoning module ClothPainter (460)
[2017.10.24-20.47.04:627][770]LogModuleManager: Shutting down and abandoning module LogVisualizer (458)
[2017.10.24-20.47.04:640][770]LogModuleManager: Shutting down and abandoning module IntroTutorials (456)
[2017.10.24-20.47.04:675][770]LogModuleManager: Shutting down and abandoning module GameProjectGeneration (455)
[2017.10.24-20.47.04:707][770]LogModuleManager: Shutting down and abandoning module IOSPlatformEditor (452)
[2017.10.24-20.47.04:716][770]LogModuleManager: Shutting down and abandoning module HTML5PlatformEditor (450)
[2017.10.24-20.47.04:716][770]LogModuleManager: Shutting down and abandoning module AndroidPlatformEditor (448)
[2017.10.24-20.47.04:716][770]LogModuleManager: Shutting down and abandoning module AndroidDeviceDetection (447)
[2017.10.24-20.47.04:876][770]LogModuleManager: Shutting down and abandoning module WindowsPlatformEditor (444)
[2017.10.24-20.47.04:876][770]LogModuleManager: Shutting down and abandoning module IOSRuntimeSettings (442)
[2017.10.24-20.47.04:876][770]LogModuleManager: Shutting down and abandoning module AndroidRuntimeSettings (440)
[2017.10.24-20.47.04:876][770]LogModuleManager: Shutting down and abandoning module InputBindingEditor (438)
[2017.10.24-20.47.04:897][770]LogModuleManager: Shutting down and abandoning module MergeActors (436)
[2017.10.24-20.47.04:940][770]LogModuleManager: Shutting down and abandoning module SizeMap (434)
[2017.10.24-20.47.04:940][770]LogModuleManager: Shutting down and abandoning module TreeMap (432)
[2017.10.24-20.47.04:958][770]LogModuleManager: Shutting down and abandoning module ReferenceViewer (430)
[2017.10.24-20.47.04:958][770]LogModuleManager: Shutting down and abandoning module LocalizationDashboard (428)
[2017.10.24-20.47.04:976][770]LogModuleManager: Shutting down and abandoning module LocalizationService (427)
[2017.10.24-20.47.04:987][770]LogModuleManager: Shutting down and abandoning module HardwareTargeting (424)
[2017.10.24-20.47.04:987][770]LogModuleManager: Shutting down and abandoning module DeviceProfileEditor (422)
[2017.10.24-20.47.05:110][770]LogModuleManager: Shutting down and abandoning module UndoHistory (420)
[2017.10.24-20.47.05:110][770]LogModuleManager: Shutting down and abandoning module XmlParser (418)
[2017.10.24-20.47.05:110][770]LogModuleManager: Shutting down and abandoning module Blutility (416)
[2017.10.24-20.47.05:110][770]LogModuleManager: Shutting down and abandoning module ProjectSettingsViewer (414)
[2017.10.24-20.47.05:111][770]LogModuleManager: Shutting down and abandoning module ProjectTargetPlatformEditor (413)
[2017.10.24-20.47.05:111][770]LogModuleManager: Shutting down and abandoning module EditorSettingsViewer (410)
[2017.10.24-20.47.05:111][770]LogModuleManager: Shutting down and abandoning module SettingsEditor (408)
[2017.10.24-20.47.05:138][770]LogModuleManager: Shutting down and abandoning module ProjectLauncher (406)
[2017.10.24-20.47.05:145][770]LogModuleManager: Shutting down and abandoning module SessionFrontend (404)
[2017.10.24-20.47.05:161][770]LogModuleManager: Shutting down and abandoning module ProfilerClient (402)
[2017.10.24-20.47.05:176][770]LogModuleManager: Shutting down and abandoning module DeviceManager (400)
[2017.10.24-20.47.05:195][770]LogModuleManager: Shutting down and abandoning module TargetDeviceServices (399)
[2017.10.24-20.47.05:257][770]LogModuleManager: Shutting down and abandoning module AutomationController (396)
[2017.10.24-20.47.05:292][770]LogModuleManager: Shutting down and abandoning module AutomationWindow (394)
[2017.10.24-20.47.05:316][770]LogModuleManager: Shutting down and abandoning module Layers (392)
[2017.10.24-20.47.05:357][770]LogModuleManager: Shutting down and abandoning module ComponentVisualizers (390)
[2017.10.24-20.47.05:357][770]LogModuleManager: Shutting down and abandoning module DetailCustomizations (388)
[2017.10.24-20.47.05:369][770]LogModuleManager: Shutting down and abandoning module PackagesDialog (386)
[2017.10.24-20.47.05:408][770]LogModuleManager: Shutting down and abandoning module Persona (384)
[2017.10.24-20.47.05:460][770]LogModuleManager: Shutting down and abandoning module AdvancedPreviewScene (383)
[2017.10.24-20.47.05:460][770]LogModuleManager: Shutting down and abandoning module AnimGraph (381)
[2017.10.24-20.47.05:465][770]LogModuleManager: Shutting down and abandoning module Kismet (378)
[2017.10.24-20.47.05:473][770]LogModuleManager: Shutting down and abandoning module ClassViewer (376)
[2017.10.24-20.47.05:473][770]LogModuleManager: Shutting down and abandoning module Toolbox (374)
[2017.10.24-20.47.05:473][770]LogModuleManager: Shutting down and abandoning module ModuleUI (372)
[2017.10.24-20.47.05:483][770]LogModuleManager: Shutting down and abandoning module MovieSceneTools (370)
[2017.10.24-20.47.05:518][770]LogModuleManager: Shutting down and abandoning module OutputLog (368)
[2017.10.24-20.47.05:529][770]LogModuleManager: Shutting down and abandoning module GammaUI (366)
[2017.10.24-20.47.05:535][770]LogModuleManager: Shutting down and abandoning module Documentation (364)
[2017.10.24-20.47.05:535][770]LogModuleManager: Shutting down and abandoning module MovieSceneTracks (362)
[2017.10.24-20.47.05:535][770]LogModuleManager: Shutting down and abandoning module MovieScene (360)
[2017.10.24-20.47.05:535][770]LogModuleManager: Shutting down and abandoning module Niagara (358)
[2017.10.24-20.47.05:535][770]LogModuleManager: Shutting down and abandoning module NiagaraEditor (357)
[2017.10.24-20.47.05:569][770]LogModuleManager: Shutting down and abandoning module StreamingPauseRendering (354)
[2017.10.24-20.47.05:569][770]LogModuleManager: Shutting down and abandoning module LauncherPlatform (352)
[2017.10.24-20.47.05:569][770]LogModuleManager: Shutting down and abandoning module AnalyticsET (350)
[2017.10.24-20.47.05:569][770]LogModuleManager: Shutting down and abandoning module PortalServices (348)
[2017.10.24-20.47.05:569][770]LogModuleManager: Shutting down and abandoning module PortalRpc (346)
[2017.10.24-20.47.05:569][770]LogModuleManager: Shutting down and abandoning module MessagingRpc (344)
[2017.10.24-20.47.05:569][770]LogModuleManager: Shutting down and abandoning module AIModule (342)
[2017.10.24-20.47.05:586][770]LogModuleManager: Shutting down and abandoning module GameplayDebugger (341)
[2017.10.24-20.47.05:596][770]LogModuleManager: Shutting down and abandoning module AITestSuite (339)
[2017.10.24-20.47.05:614][770]LogModuleManager: Shutting down and abandoning module ProfilerService (336)
[2017.10.24-20.47.05:835][770]LogModuleManager: Shutting down and abandoning module TaskGraph (334)
[2017.10.24-20.47.05:867][770]LogModuleManager: Shutting down and abandoning module SteamVRController (332)
[2017.10.24-20.47.05:867][770]LogModuleManager: Shutting down and abandoning module ProceduralMeshComponentEditor (330)
[2017.10.24-20.47.05:867][770]LogModuleManager: Shutting down and abandoning module ProceduralMeshComponent (328)
[2017.10.24-20.47.05:867][770]LogModuleManager: Shutting down and abandoning module OculusInput (326)
[2017.10.24-20.47.05:868][770]LogModuleManager: Shutting down and abandoning module MobilePatchingUtils (324)
[2017.10.24-20.47.05:868][770]LogModuleManager: Shutting down and abandoning module CustomMeshComponent (322)
[2017.10.24-20.47.05:868][770]LogModuleManager: Shutting down and abandoning module CableComponent (320)
[2017.10.24-20.47.05:868][770]LogModuleManager: Shutting down and abandoning module ArchVisCharacter (318)
[2017.10.24-20.47.05:868][770]LogModuleManager: Shutting down and abandoning module AndroidPermission (316)
[2017.10.24-20.47.05:868][770]LogModuleManager: Shutting down and abandoning module MediaPlayerEditor (312)
[2017.10.24-20.47.05:949][770]LogModuleManager: Shutting down and abandoning module RawInput (310)
[2017.10.24-20.47.05:949][770]LogModuleManager: Shutting down and abandoning module HTML5Networking (308)
[2017.10.24-20.47.05:949][770]LogModuleManager: Shutting down and abandoning module AlembicImporter (306)
[2017.10.24-20.47.05:957][770]LogModuleManager: Shutting down and abandoning module AlembicLibrary (305)
[2017.10.24-20.47.05:957][770]LogModuleManager: Shutting down and abandoning module GeometryCache (304)
[2017.10.24-20.47.05:957][770]LogModuleManager: Shutting down and abandoning module GeometryCacheEd (303)
[2017.10.24-20.47.05:957][770]LogModuleManager: Shutting down and abandoning module SpeedTreeImporter (298)
[2017.10.24-20.47.05:957][770]LogModuleManager: Shutting down and abandoning module PluginBrowser (296)
[2017.10.24-20.47.06:022][770]LogModuleManager: Shutting down and abandoning module MobileLauncherProfileWizard (294)
[2017.10.24-20.47.06:047][770]LogModuleManager: Shutting down and abandoning module VisualStudioSourceCodeAccess (292)
[2017.10.24-20.47.06:047][770]LogModuleManager: Shutting down and abandoning module DesktopPlatform (291)
[2017.10.24-20.47.06:055][770]LogModuleManager: Shutting down and abandoning module UObjectPlugin (288)
[2017.10.24-20.47.06:055][770]LogModuleManager: Shutting down and abandoning module SubversionSourceControl (286)
[2017.10.24-20.47.06:080][770]LogModuleManager: Shutting down and abandoning module PerforceSourceControl (284)
[2017.10.24-20.47.06:119][770]LogModuleManager: Shutting down and abandoning module GitSourceControl (282)
[2017.10.24-20.47.06:150][770]LogModuleManager: Shutting down and abandoning module SourceControl (281)
[2017.10.24-20.47.06:190][770]LogModuleManager: Shutting down and abandoning module LightPropagationVolumeEditor (278)
[2017.10.24-20.47.06:190][770]LogModuleManager: Shutting down and abandoning module PaperTiledImporter (276)
[2017.10.24-20.47.06:190][770]LogModuleManager: Shutting down and abandoning module PaperSpriteSheetImporter (274)
[2017.10.24-20.47.06:190][770]LogModuleManager: Shutting down and abandoning module Paper2DEditor (272)
[2017.10.24-20.47.06:202][770]LogModuleManager: Shutting down and abandoning module MeshPaint (271)
[2017.10.24-20.47.06:217][770]LogModuleManager: Shutting down and abandoning module LevelEditor (269)
[2017.10.24-20.47.06:224][770]LogModuleManager: Shutting down and abandoning module PixelInspectorModule (268)
[2017.10.24-20.47.06:244][770]LogModuleManager: Shutting down and abandoning module MainFrame (266)
[2017.10.24-20.47.06:245][770]LogModuleManager: Shutting down and abandoning module HotReload (265)
[2017.10.24-20.47.06:256][770]LogModuleManager: Shutting down and abandoning module RuntimePhysXCooking (260)
[2017.10.24-20.47.06:256][770]LogModuleManager: Shutting down and abandoning module PhysXVehiclesEditor (258)
[2017.10.24-20.47.06:256][770]LogModuleManager: Shutting down and abandoning module PhysXVehicles (256)
[2017.10.24-20.47.06:256][770]LogModuleManager: Shutting down and abandoning module OculusEditor (254)
[2017.10.24-20.47.06:256][770]LogModuleManager: Shutting down and abandoning module LocationServicesBPLibrary (252)
[2017.10.24-20.47.06:256][770]LogModuleManager: Shutting down and abandoning module ImmediatePhysicsEditor (250)
[2017.10.24-20.47.06:256][770]LogModuleManager: Shutting down and abandoning module ImmediatePhysics (248)
[2017.10.24-20.47.06:280][770]LogModuleManager: Shutting down and abandoning module UdpMessaging (246)
[2017.10.24-20.47.06:381][770]LogModuleManager: Shutting down and abandoning module TcpMessaging (244)
[2017.10.24-20.47.06:495][770]LogModuleManager: Shutting down and abandoning module GameplayTagsEditor (242)
[2017.10.24-20.47.06:527][770]LogModuleManager: Shutting down and abandoning module FacialAnimationEditor (240)
[2017.10.24-20.47.06:527][770]LogModuleManager: Shutting down and abandoning module FacialAnimation (238)
[2017.10.24-20.47.06:527][770]LogModuleManager: Shutting down and abandoning module AssetManagerEditor (236)
[2017.10.24-20.47.06:537][770]LogModuleManager: Shutting down and abandoning module GraphEditor (235)
[2017.10.24-20.47.06:587][770]LogModuleManager: Shutting down and abandoning module ContentBrowser (233)
[2017.10.24-20.47.06:589][770]LogModuleManager: Shutting down and abandoning module LightPropagationVolumeRuntime (230)
[2017.10.24-20.47.06:589][770]LogModuleManager: Shutting down and abandoning module Paper2D (228)
[2017.10.24-20.47.06:596][770]LogModuleManager: Shutting down and abandoning module WindowsMoviePlayer (226)
[2017.10.24-20.47.06:596][770]LogModuleManager: Shutting down and abandoning module WmfMedia (224)
[2017.10.24-20.47.06:596][770]LogModuleManager: Shutting down and abandoning module PacketHandler (222)
[2017.10.24-20.47.06:596][770]LogModuleManager: Shutting down and abandoning module ClothingSystemEditor (220)
[2017.10.24-20.47.06:596][770]LogModuleManager: Shutting down and abandoning module ClothingSystemRuntime (218)
[2017.10.24-20.47.06:623][770]LogModuleManager: Shutting down and abandoning module Overlay (216)
[2017.10.24-20.47.06:623][770]LogModuleManager: Shutting down and abandoning module OverlayEditor (215)
[2017.10.24-20.47.06:623][770]LogModuleManager: Shutting down and abandoning module MediaAssets (212)
[2017.10.24-20.47.06:623][770]LogModuleManager: Shutting down and abandoning module VREditor (210)
[2017.10.24-20.47.06:649][770]LogModuleManager: Shutting down and abandoning module StringTableEditor (208)
[2017.10.24-20.47.06:663][770]LogModuleManager: Shutting down and abandoning module GameplayTasksEditor (206)
[2017.10.24-20.47.06:663][770]LogModuleManager: Shutting down and abandoning module BehaviorTreeEditor (204)
[2017.10.24-20.47.06:714][770]LogModuleManager: Shutting down and abandoning module FunctionalTesting (202)
[2017.10.24-20.47.06:715][770]LogModuleManager: Shutting down and abandoning module CollisionAnalyzer (200)
[2017.10.24-20.47.06:722][770]LogModuleManager: Shutting down and abandoning module WorkspaceMenuStructure (199)
[2017.10.24-20.47.06:722][770]LogModuleManager: Shutting down and abandoning module UMG (196)
[2017.10.24-20.47.06:747][770]LogModuleManager: Shutting down and abandoning module UMGEditor (195)
[2017.10.24-20.47.06:787][770]LogModuleManager: Shutting down and abandoning module Sequencer (194)
[2017.10.24-20.47.06:804][770]LogModuleManager: Shutting down and abandoning module MessageLog (191)
[2017.10.24-20.47.06:804][770]LogModuleManager: Shutting down and abandoning module SlateReflector (186)
[2017.10.24-20.47.06:837][770]LogModuleManager: Shutting down and abandoning module Slate (184)
[2017.10.24-20.47.06:837][770]LogModuleManager: Shutting down and abandoning module EditorStyle (182)
[2017.10.24-20.47.06:839][770]LogModuleManager: Shutting down and abandoning module MRMesh (180)
[2017.10.24-20.47.06:839][770]LogModuleManager: Shutting down and abandoning module SourceCodeAccess (178)
[2017.10.24-20.47.06:839][770]LogModuleManager: Shutting down and abandoning module HeadMountedDisplay (176)
[2017.10.24-20.47.06:839][770]LogModuleManager: Shutting down and abandoning module XAudio2 (174)
[2017.10.24-20.47.06:839][770]LogModuleManager: Shutting down and abandoning module Networking (172)
[2017.10.24-20.47.06:839][770]LogModuleManager: Shutting down and abandoning module Core (168)
[2017.10.24-20.47.06:839][770]LogModuleManager: Shutting down and abandoning module KismetCompiler (164)
[2017.10.24-20.47.06:839][770]LogModuleManager: Shutting down and abandoning module LevelSequence (162)
[2017.10.24-20.47.06:839][770]LogModuleManager: Shutting down and abandoning module MeshUtilities (160)
[2017.10.24-20.47.06:867][770]LogModuleManager: Shutting down and abandoning module MeshMergeUtilities (159)
[2017.10.24-20.47.06:878][770]LogModuleManager: Shutting down and abandoning module MeshReductionInterface (158)
[2017.10.24-20.47.06:878][770]LogModuleManager: Shutting down and abandoning module SimplygonSwarm (157)
[2017.10.24-20.47.06:894][770]LogModuleManager: Shutting down and abandoning module SimplygonMeshReduction (155)
[2017.10.24-20.47.06:894][770]LogModuleManager: Shutting down and abandoning module QuadricMeshReduction (153)
[2017.10.24-20.47.06:909][770]LogModuleManager: Shutting down and abandoning module MaterialBaking (149)
[2017.10.24-20.47.06:924][770]LogModuleManager: Shutting down and abandoning module DirectoryWatcher (146)
[2017.10.24-20.47.06:925][770]LogModuleManager: Shutting down and abandoning module DerivedDataCache (144)
[2017.10.24-20.47.06:949][770]LogDerivedDataCache: Shutdown
[2017.10.24-20.47.06:960][770]LogModuleManager: Shutting down and abandoning module TargetPlatform (142)
[2017.10.24-20.47.06:960][770]LogModuleManager: Shutting down and abandoning module VulkanShaderFormat (141)
[2017.10.24-20.47.06:970][770]LogModuleManager: Shutting down and abandoning module ShaderFormatVectorVM (139)
[2017.10.24-20.47.06:973][770]LogModuleManager: Shutting down and abandoning module ShaderFormatOpenGL (137)
[2017.10.24-20.47.06:984][770]LogModuleManager: Shutting down and abandoning module ShaderFormatD3D (135)
[2017.10.24-20.47.06:985][770]LogModuleManager: Shutting down and abandoning module MetalShaderFormat (133)
[2017.10.24-20.47.07:006][770]LogModuleManager: Shutting down and abandoning module TextureFormatUncompressed (131)
[2017.10.24-20.47.07:006][770]LogModuleManager: Shutting down and abandoning module TextureFormatPVR (129)
[2017.10.24-20.47.07:006][770]LogModuleManager: Shutting down and abandoning module TextureFormatDXT (127)
[2017.10.24-20.47.07:007][770]LogModuleManager: Shutting down and abandoning module TextureFormatIntelISPCTexComp (125)
[2017.10.24-20.47.07:007][770]LogModuleManager: Shutting down and abandoning module TextureFormatASTC (123)
[2017.10.24-20.47.07:007][770]LogModuleManager: Shutting down and abandoning module ImageWrapper (122)
[2017.10.24-20.47.07:007][770]LogModuleManager: Shutting down and abandoning module TextureFormatAndroid (119)
[2017.10.24-20.47.07:007][770]LogModuleManager: Shutting down and abandoning module AudioFormatOpus (117)
[2017.10.24-20.47.07:007][770]LogModuleManager: Shutting down and abandoning module AudioFormatOgg (115)
[2017.10.24-20.47.07:007][770]LogModuleManager: Shutting down and abandoning module AudioFormatADPCM (113)
[2017.10.24-20.47.07:007][770]LogModuleManager: Shutting down and abandoning module LinuxTargetPlatform (111)
[2017.10.24-20.47.07:007][770]LogModuleManager: Shutting down and abandoning module LinuxServerTargetPlatform (109)
[2017.10.24-20.47.07:007][770]LogModuleManager: Shutting down and abandoning module LinuxNoEditorTargetPlatform (107)
[2017.10.24-20.47.07:007][770]LogModuleManager: Shutting down and abandoning module LinuxClientTargetPlatform (105)
[2017.10.24-20.47.07:007][770]LogModuleManager: Shutting down and abandoning module TVOSTargetPlatform (103)
[2017.10.24-20.47.07:007][770]LogModuleManager: Shutting down and abandoning module Messaging (101)
[2017.10.24-20.47.07:007][770]LogModuleManager: Shutting down and abandoning module IOSTargetPlatform (99)
[2017.10.24-20.47.07:007][770]LogModuleManager: Shutting down and abandoning module HTML5TargetPlatform (97)
[2017.10.24-20.47.07:007][770]LogModuleManager: Shutting down and abandoning module Android_PVRTCTargetPlatform (95)
[2017.10.24-20.47.07:007][770]LogModuleManager: Shutting down and abandoning module Android_MultiTargetPlatform (93)
[2017.10.24-20.47.07:007][770]LogModuleManager: Shutting down and abandoning module Android_ETC2TargetPlatform (91)
[2017.10.24-20.47.07:007][770]LogModuleManager: Shutting down and abandoning module Android_ETC1TargetPlatform (89)
[2017.10.24-20.47.07:007][770]LogModuleManager: Shutting down and abandoning module Android_DXTTargetPlatform (87)
[2017.10.24-20.47.07:007][770]LogModuleManager: Shutting down and abandoning module Android_ATCTargetPlatform (85)
[2017.10.24-20.47.07:007][770]LogModuleManager: Shutting down and abandoning module Android_ASTCTargetPlatform (83)
[2017.10.24-20.47.07:007][770]LogModuleManager: Shutting down and abandoning module AndroidTargetPlatform (81)
[2017.10.24-20.47.07:007][770]LogModuleManager: Shutting down and abandoning module WindowsTargetPlatform (79)
[2017.10.24-20.47.07:007][770]LogModuleManager: Shutting down and abandoning module WindowsServerTargetPlatform (77)
[2017.10.24-20.47.07:007][770]LogModuleManager: Shutting down and abandoning module WindowsNoEditorTargetPlatform (75)
[2017.10.24-20.47.07:007][770]LogModuleManager: Shutting down and abandoning module WindowsClientTargetPlatform (73)
[2017.10.24-20.47.07:007][770]LogModuleManager: Shutting down and abandoning module MacTargetPlatform (71)
[2017.10.24-20.47.07:007][770]LogModuleManager: Shutting down and abandoning module MacServerTargetPlatform (69)
[2017.10.24-20.47.07:007][770]LogModuleManager: Shutting down and abandoning module MacNoEditorTargetPlatform (67)
[2017.10.24-20.47.07:007][770]LogModuleManager: Shutting down and abandoning module MacClientTargetPlatform (65)
[2017.10.24-20.47.07:007][770]LogModuleManager: Shutting down and abandoning module AllDesktopTargetPlatform (63)
[2017.10.24-20.47.07:007][770]LogModuleManager: Shutting down and abandoning module InputCore (60)
[2017.10.24-20.47.07:007][770]LogModuleManager: Shutting down and abandoning module Settings (58)
[2017.10.24-20.47.07:007][770]LogModuleManager: Shutting down and abandoning module PhysXCooking (56)
[2017.10.24-20.47.07:007][770]LogModuleManager: Shutting down and abandoning module SteamVR (54)
[2017.10.24-20.47.07:007][770]LogModuleManager: Shutting down and abandoning module OculusHMD (52)
[2017.10.24-20.47.07:019][770]LogModuleManager: Shutting down and abandoning module ExampleDeviceProfileSelector (50)
[2017.10.24-20.47.07:019][770]LogModuleManager: Shutting down and abandoning module OnlineBlueprintSupport (48)
[2017.10.24-20.47.07:019][770]LogModuleManager: Shutting down and abandoning module OnlineSubsystem (44)
[2017.10.24-20.47.07:019][770]LogOnline: Display: Unloading online subsystem: NULL
[2017.10.24-20.47.07:049][770]LogModuleManager: Shutting down and abandoning module XMPP (43)
[2017.10.24-20.47.07:077][770]LogModuleManager: Shutting down and abandoning module HTTP (41)
[2017.10.24-20.47.07:077][770]LogHttp: Display: Http module shutting down, but needs to wait on 1 outstanding Http requests:
[2017.10.24-20.47.07:078][770]LogHttp: Display: 	verb=[POST] url=[https://datarouter.ol.epicgames.com/datarouter/api/v1/public/data?SessionID=%7B571198CD-4A22-C8B0-0EBB-97A0C6B1B859%7D&AppID=UEEditor.Rocket.Release&AppVersion=4.17.2-3658906%2B%2B%2BUE4%2BRelease-4.17&UserID=665dec2a4cb07e4a71250ab9266ceb62%7Ce8b3675815f34300b2475ff9b011f0bc%7C4e8dcd73-f07b-479f-a7d5-ed78ed029b66&AppEnvironment=datacollector-binary&UploadType=eteventstream] status=Processing
[2017.10.24-20.47.07:093][770]LogModuleManager: Shutting down and abandoning module SSL (40)
[2017.10.24-20.47.07:103][770]LogModuleManager: Shutting down and abandoning module AnimationModifiers (36)
[2017.10.24-20.47.07:110][770]LogModuleManager: Shutting down and abandoning module PropertyEditor (35)
[2017.10.24-20.47.07:110][770]LogModuleManager: Shutting down and abandoning module AudioEditor (32)
[2017.10.24-20.47.07:124][770]LogModuleManager: Shutting down and abandoning module TextureCompressor (30)
[2017.10.24-20.47.07:124][770]LogModuleManager: Shutting down and abandoning module ShaderCore (28)
[2017.10.24-20.47.07:124][770]LogModuleManager: Shutting down and abandoning module Landscape (26)
[2017.10.24-20.47.07:124][770]LogModuleManager: Shutting down and abandoning module SlateRHIRenderer (24)
[2017.10.24-20.47.07:153][770]LogModuleManager: Shutting down and abandoning module OpenGLDrv (22)
[2017.10.24-20.47.07:164][770]LogModuleManager: Shutting down and abandoning module D3D11RHI (20)
[2017.10.24-20.47.07:164][770]LogModuleManager: Shutting down and abandoning module AnimGraphRuntime (18)
[2017.10.24-20.47.07:177][770]LogModuleManager: Shutting down and abandoning module Renderer (16)
[2017.10.24-20.47.07:177][770]LogModuleManager: Shutting down and abandoning module Engine (14)
[2017.10.24-20.47.07:177][770]LogModuleManager: Shutting down and abandoning module CoreUObject (12)
[2017.10.24-20.47.07:177][770]LogModuleManager: Shutting down and abandoning module NetworkFile (10)
[2017.10.24-20.47.07:177][770]LogModuleManager: Shutting down and abandoning module CookedIterativeFile (8)
[2017.10.24-20.47.07:177][770]LogModuleManager: Shutting down and abandoning module StreamingFile (6)
[2017.10.24-20.47.07:177][770]LogModuleManager: Shutting down and abandoning module SandboxFile (4)
[2017.10.24-20.47.07:177][770]LogModuleManager: Shutting down and abandoning module PakFile (2)
[2017.10.24-20.47.07:193][770]LogExit: Exiting.
[2017.10.24-20.47.07:217][770]Log file closed, 10/24/17 16:47:07
