Log file open, 10/08/17 17:23:01
LogInit:Display: Running engine for game: ScrumLordRacing
LogPlatformFile: Not using cached read wrapper
LogInit:Display: RandInit(438315020) SRandInit(438315020).
LogTaskGraph: Started task graph with 5 named threads and 8 total threads with 1 sets of task threads.
LogStats: Stats thread started at 0.604981
LogInit: Using libcurl 7.47.1
LogInit:  - built for x86_64-pc-win32
LogInit:  - supports SSL with OpenSSL/1.0.2g
LogInit:  - supports HTTP deflate (compression) using libz 1.2.8
LogInit:  - other features:
LogInit:      CURL_VERSION_SSL
LogInit:      CURL_VERSION_LIBZ
LogInit:      CURL_VERSION_IPV6
LogInit:      CURL_VERSION_ASYNCHDNS
LogInit:      CURL_VERSION_LARGEFILE
LogInit:      CURL_VERSION_IDN
LogInit:  CurlRequestOptions (configurable via config and command line):
LogInit:  - bVerifyPeer = false  - Libcurl will NOT verify peer certificate
LogInit:  - bUseHttpProxy = false  - Libcurl will NOT use HTTP proxy
LogInit:  - bDontReuseConnections = false  - Libcurl will reuse connections
LogInit:  - CertBundlePath = nullptr  - Libcurl will use whatever was configured at build time.
LogInit: Build: ++UE4+Release-4.16-CL-3561208
LogInit: Engine Version: 4.16.3-3561208+++UE4+Release-4.16
LogInit: Compatible Engine Version: 4.16.0-3452394+++UE4+Release-4.16
LogInit: Net CL: 3452394
LogDevObjectVersion: Number of dev versions registered: 16
LogDevObjectVersion:   Dev-Blueprints (B0D832E4-1F89-4F0D-ACCF-7EB736FD4AA2): 9
LogDevObjectVersion:   Dev-Build (E1C64328-A22C-4D53-A36C-8E866417BD8C): 0
LogDevObjectVersion:   Dev-Core (375EC13C-06E4-48FB-B500-84F0262A717E): 2
LogDevObjectVersion:   Dev-Editor (E4B068ED-F494-42E9-A231-DA0B2E46BB41): 17
LogDevObjectVersion:   Dev-Framework (CFFC743F-43B0-4480-9391-14DF171D2073): 23
LogDevObjectVersion:   Dev-Mobile (B02B49B5-BB20-44E9-A304-32B752E40360): 0
LogDevObjectVersion:   Dev-Networking (A4E4105C-59A1-49B5-A7C5-40C4547EDFEE): 0
LogDevObjectVersion:   Dev-Online (39C831C9-5AE6-47DC-9A44-9C173E1C8E7C): 0
LogDevObjectVersion:   Dev-Physics (78F01B33-EBEA-4F98-B9B4-84EACCB95AA2): 0
LogDevObjectVersion:   Dev-Platform (6631380F-2D4D-43E0-8009-CF276956A95A): 0
LogDevObjectVersion:   Dev-Rendering (12F88B9F-8875-4AFC-A67C-D90C383ABD29): 15
LogDevObjectVersion:   Dev-Sequencer (7B5AE74C-D270-4C10-A958-57980B212A5A): 4
LogDevObjectVersion:   Dev-VR (D7296918-1DD6-4BDD-9DE2-64A83CC13884): 0
LogDevObjectVersion:   Dev-LoadTimes (C2A15278-BFE7-4AFE-6C17-90FF531DF755): 1
LogDevObjectVersion:   Private-Geometry (6EACA3D4-40EC-4CC1-B786-8BED09428FC5): 1
LogDevObjectVersion:   Dev-AnimPhys (29E575DD-E0A3-4627-9D10-D276232CDCEA): 3
LogInit: Compiled (64-bit): Jul 28 2017 11:49:47
LogInit: Compiled with Visual C++: 19.00.24215.01
LogInit: Build Configuration: Development
LogInit: Branch Name: ++UE4+Release-4.16
LogInit: Command line:  
LogInit: Base directory: C:/Program Files/Epic Games/UE_4.16/Engine/Binaries/Win64/
LogInit: Installed Engine Build: 1
LogInit: Presizing for max 8388607 objects, including 0 objects not considered by GC, pre-allocating 0 bytes for permanent pool.
LogInit: Object subsystem initialized
[2017.10.08-21.23.01:781][  0]LogInit: Selected Device Profile: [Windows]
[2017.10.08-21.23.01:781][  0]LogInit: Applying CVar settings loaded from the selected device profile: [Windows]
[2017.10.08-21.23.01:828][  0]LogInit: Computer: ALEX
[2017.10.08-21.23.01:828][  0]LogInit: User: galla000
[2017.10.08-21.23.01:828][  0]LogInit: CPU Page size=4096, Cores=4
[2017.10.08-21.23.01:828][  0]LogInit: High frequency timer resolution =2.825505 MHz
[2017.10.08-21.23.01:829][  0]LogMemory: Memory total: Physical=31.9GB (32GB approx)
[2017.10.08-21.23.01:829][  0]LogMemory: Platform Memory Stats for Windows
[2017.10.08-21.23.01:829][  0]LogMemory: Process Physical Memory: 269.77 MB used, 269.77 MB peak
[2017.10.08-21.23.01:829][  0]LogMemory: Process Virtual Memory: 260.68 MB used, 260.68 MB peak
[2017.10.08-21.23.01:829][  0]LogMemory: Physical Memory: 4489.63 MB used,  28159.40 MB free, 32649.02 MB total
[2017.10.08-21.23.01:829][  0]LogMemory: Virtual Memory: 621.52 MB used,  28159.40 MB free, 134217728.00 MB total
[2017.10.08-21.23.02:117][  0]LogInit: Using OS detected language (en-US).
[2017.10.08-21.23.02:117][  0]LogInit: Using OS detected locale (en-US).
[2017.10.08-21.23.02:172][  0]LogTextLocalizationManager: No specific localization for 'en-US' exists, so the 'en' localization will be used.
[2017.10.08-21.23.04:728][  0]LogD3D11RHI: D3D11 adapters:
[2017.10.08-21.23.04:738][  0]LogD3D11RHI:    0. 'Intel(R) HD Graphics 4600' (Feature Level 11_0)
[2017.10.08-21.23.04:738][  0]LogD3D11RHI:       4054/0/16324 MB DedicatedVideo/DedicatedSystem/SharedSystem, Outputs:1, VendorId:0x8086
[2017.10.08-21.23.04:739][  0]LogD3D11RHI:    1. 'Microsoft Basic Render Driver' (Feature Level 11_0)
[2017.10.08-21.23.04:739][  0]LogD3D11RHI:       0/0/256 MB DedicatedVideo/DedicatedSystem/SharedSystem, Outputs:0, VendorId:0x1414
[2017.10.08-21.23.04:739][  0]LogD3D11RHI: Chosen D3D11 Adapter: 0
[2017.10.08-21.23.04:743][  0]LogD3D11RHI: Creating new Direct3DDevice
[2017.10.08-21.23.04:743][  0]LogD3D11RHI:     GPU DeviceId: 0x416 (for the marketing name, search the web for "GPU Device Id")
[2017.10.08-21.23.04:743][  0]LogWindows: EnumDisplayDevices:
[2017.10.08-21.23.04:744][  0]LogWindows:    0. 'Intel(R) HD Graphics 4600' (P:1 D:1)
[2017.10.08-21.23.04:744][  0]LogWindows:    1. 'Intel(R) HD Graphics 4600' (P:0 D:0)
[2017.10.08-21.23.04:744][  0]LogWindows:    2. 'Intel(R) HD Graphics 4600' (P:0 D:0)
[2017.10.08-21.23.04:744][  0]LogWindows:    3. 'Intel(R) HD Graphics 4600' (P:0 D:0)
[2017.10.08-21.23.04:744][  0]LogWindows: DebugString: FoundDriverCount:4 
[2017.10.08-21.23.04:744][  0]LogD3D11RHI:     Adapter Name: Intel(R) HD Graphics 4600
[2017.10.08-21.23.04:744][  0]LogD3D11RHI:   Driver Version: 10.18.10.3304 (internal:10.18.10.3304, unified:10.18.10.3304)
[2017.10.08-21.23.04:744][  0]LogD3D11RHI:      Driver Date: 9-9-2013
[2017.10.08-21.23.04:744][  0]LogRHI: Texture pool is 1361 MB (70% of 1945 MB)
[2017.10.08-21.23.04:752][  0]LogD3D11RHI: Async texture creation enabled
[2017.10.08-21.23.04:780][  0]LogD3D11RHI: GPU Timing Frequency: 12.500000 (Debug: 2 1)
[2017.10.08-21.23.04:786][  0]LogShaderCompilers: Guid format shader working directory is 19 characters bigger than the processId version (D:/Unreal Games/ScrumLordRacing/Intermediate/Shaders/WorkingDirectory/3628/).
[2017.10.08-21.23.04:786][  0]LogShaderCompilers: Cleaned the shader compiler working directory 'C:/Users/galla_000/AppData/Local/Temp/UnrealShaderWorkingDir/3797A98A4A054F7E2927B9B50A033817/'.
[2017.10.08-21.23.04:786][  0]LogShaderCompilers:Display: Using Local Shader Compiler.
[2017.10.08-21.23.06:594][  0]LogTemp:Display: Loaded TP AllDesktopTargetPlatform
[2017.10.08-21.23.06:634][  0]LogTemp:Display: Loaded TP MacClientTargetPlatform
[2017.10.08-21.23.06:674][  0]LogTemp:Display: Loaded TP MacNoEditorTargetPlatform
[2017.10.08-21.23.06:716][  0]LogTemp:Display: Loaded TP MacServerTargetPlatform
[2017.10.08-21.23.06:764][  0]LogTemp:Display: Loaded TP MacTargetPlatform
[2017.10.08-21.23.06:804][  0]LogTemp:Display: Loaded TP WindowsClientTargetPlatform
[2017.10.08-21.23.06:846][  0]LogTemp:Display: Loaded TP WindowsNoEditorTargetPlatform
[2017.10.08-21.23.06:888][  0]LogTemp:Display: Loaded TP WindowsServerTargetPlatform
[2017.10.08-21.23.06:927][  0]LogTemp:Display: Loaded TP WindowsTargetPlatform
[2017.10.08-21.23.06:971][  0]LogTemp:Display: Loaded TP AndroidTargetPlatform
[2017.10.08-21.23.07:014][  0]LogTemp:Display: Loaded TP Android_ASTCTargetPlatform
[2017.10.08-21.23.07:054][  0]LogTemp:Display: Loaded TP Android_ATCTargetPlatform
[2017.10.08-21.23.07:095][  0]LogTemp:Display: Loaded TP Android_DXTTargetPlatform
[2017.10.08-21.23.07:135][  0]LogTemp:Display: Loaded TP Android_ETC1TargetPlatform
[2017.10.08-21.23.07:177][  0]LogTemp:Display: Loaded TP Android_ETC2TargetPlatform
[2017.10.08-21.23.07:258][  0]LogTemp:Display: Loaded TP Android_MultiTargetPlatform
[2017.10.08-21.23.07:258][  0]LogTemp:Display: Loaded TP Android_PVRTCTargetPlatform
[2017.10.08-21.23.07:290][  0]LogTemp:Display: Loaded TP HTML5TargetPlatform
[2017.10.08-21.23.07:379][  0]LogTemp:Display: Loaded TP IOSTargetPlatform
[2017.10.08-21.23.07:405][  0]LogTemp:Display: Loaded TP TVOSTargetPlatform
[2017.10.08-21.23.07:446][  0]LogTemp:Display: Loaded TP LinuxClientTargetPlatform
[2017.10.08-21.23.07:487][  0]LogTemp:Display: Loaded TP LinuxNoEditorTargetPlatform
[2017.10.08-21.23.07:526][  0]LogTemp:Display: Loaded TP LinuxServerTargetPlatform
[2017.10.08-21.23.07:573][  0]LogTemp:Display: Loaded TP LinuxTargetPlatform
[2017.10.08-21.23.07:573][  0]LogTargetPlatformManager:Display: Building Assets For Windows
[2017.10.08-21.23.08:102][  0]LogDerivedDataCache:Display: Max Cache Size: 512 MB
[2017.10.08-21.23.08:449][  0]LogDerivedDataCache: Loaded boot cache 0.35s 90MB C:/Users/galla_000/AppData/Local/UnrealEngine/4.16/DerivedDataCache/Boot.ddc.
[2017.10.08-21.23.08:449][  0]LogDerivedDataCache:Display: Loaded Boot cache: C:/Users/galla_000/AppData/Local/UnrealEngine/4.16/DerivedDataCache/Boot.ddc
[2017.10.08-21.23.08:449][  0]LogDerivedDataCache: FDerivedDataBackendGraph:  Pak pak cache file D:/Unreal Games/ScrumLordRacing/DerivedDataCache/DDC.ddp not found, will not use a pak cache.
[2017.10.08-21.23.08:449][  0]LogDerivedDataCache: Unable to find inner node Pak for hierarchical cache Hierarchy.
[2017.10.08-21.23.08:449][  0]LogDerivedDataCache: FDerivedDataBackendGraph:  CompressedPak pak cache file D:/Unreal Games/ScrumLordRacing/DerivedDataCache/Compressed.ddp not found, will not use a pak cache.
[2017.10.08-21.23.08:449][  0]LogDerivedDataCache: Unable to find inner node CompressedPak for hierarchical cache Hierarchy.
[2017.10.08-21.23.08:475][  0]LogDerivedDataCache:Display: Pak cache opened for reading ../../../Engine/DerivedDataCache/Compressed.ddp.
[2017.10.08-21.23.08:488][  0]LogDerivedDataCache: Using Local data cache path C:/Users/galla_000/AppData/Local/UnrealEngine/Common/DerivedDataCache: Writable
[2017.10.08-21.23.08:501][  0]LogMaterial: Verifying Global Shaders for PCD3D_SM5
[2017.10.08-21.23.08:506][  0]LogSlate: Using Freetype 2.6.0
[2017.10.08-21.23.08:519][  0]LogSlate: SlateFontCache - WITH_FREETYPE: 1, WITH_HARFBUZZ: 1
[2017.10.08-21.23.08:519][  0]LogSlate: SlateFontCache - WITH_FREETYPE: 1, WITH_HARFBUZZ: 1
[2017.10.08-21.23.09:374][  0]LogInit: Selected Device Profile: [Windows]
[2017.10.08-21.23.09:595][  0]LogContentStreaming: Texture pool size is 0.00 MB
[2017.10.08-21.23.09:841][  0]LogMeshUtilities: Using QuadricMeshReduction for automatic static mesh reduction
[2017.10.08-21.23.09:890][  0]LogSimplygon: Simplygon DLL not present - disabling.
[2017.10.08-21.23.09:933][  0]LogMeshUtilities: Using SimplygonSwarm for distributed automatic mesh merging
[2017.10.08-21.23.09:933][  0]LogMeshUtilities: No automatic skeletal mesh reduction module available
[2017.10.08-21.23.09:933][  0]LogMeshUtilities: No automatic mesh merging module available
[2017.10.08-21.23.11:239][  0]LogNetVersion: ScrumLordRacing , NetCL: 3452394, EngineNetVer: 2, GameNetVer: 0 (Checksum: 1756322102)
[2017.10.08-21.23.11:339][  0]LogAssetRegistry: FAssetRegistry took 0.0281 seconds to start up
[2017.10.08-21.23.11:428][  0]LogPackageLocalizationCache: Processed 4 localized package path(s) for 2 prioritized culture(s) in 0.069666 seconds
[2017.10.08-21.23.11:434][  0]LogUObjectArray: 34194 objects as part of root set at end of initial load.
[2017.10.08-21.23.11:434][  0]LogUObjectAllocator: 7260416 out of 0 bytes used by permanent object pool.
[2017.10.08-21.23.11:434][  0]LogUObjectArray: CloseDisregardForGC: 0/0 objects in disregard for GC pool
[2017.10.08-21.23.11:494][  0]LogInit: WinSock: version 1.1 (2.2), MaxSocks=32767, MaxUdp=65467
[2017.10.08-21.23.15:937][  0]LogTcpMessaging: Initializing TcpMessaging bridge
[2017.10.08-21.23.15:974][  0]LogUdpMessaging: Initializing bridge on interface 0.0.0.0:0 to multicast group 230.0.0.1:6666.
[2017.10.08-21.23.16:587][  0]LogMaterial: Uniform references updated for custom material expression Custom.
[2017.10.08-21.23.17:042][  0]SourceControl: Info Source control is disabled
[2017.10.08-21.23.17:043][  0]SourceControl: Info Source control is disabled
[2017.10.08-21.23.17:090][  0]SourceControl: Info Source control is disabled
[2017.10.08-21.23.17:131][  0]SourceControl: Info Source control is disabled
[2017.10.08-21.23.17:802][  0]LogAndroidPermission: UAndroidPermissionCallbackProxy::GetInstance
[2017.10.08-21.23.18:329][  0]LogEngine: Initializing Engine...
[2017.10.08-21.23.18:331][  0]LogHMD: Failed to initialize OpenVR with code 110
[2017.10.08-21.23.18:738][  0]LogStats: UGameplayTagsManager::ConstructGameplayTagTree: Construct from data asset -  0.000 s
[2017.10.08-21.23.18:739][  0]LogStats: UGameplayTagsManager::ConstructGameplayTagTree: GameplayTagTreeChangedEvent.Broadcast -  0.000 s
[2017.10.08-21.23.18:926][  0]LogAIModule: Creating AISystem for world Untitled
[2017.10.08-21.23.18:938][  0]LogInit: XAudio2 using 'Speakers (Realtek High Definition Audio)' : 2 channels at 48 kHz using 32 bits per sample (channel mask 0x3)
[2017.10.08-21.23.18:953][  0]LogInit: FAudioDevice initialized.
[2017.10.08-21.23.18:992][  0]LogDerivedDataCache: Saved boot cache 0.04s 90MB C:/Users/galla_000/AppData/Local/UnrealEngine/4.16/DerivedDataCache/Boot.ddc.
[2017.10.08-21.23.19:000][  0]LogInit: Texture streaming: Enabled
[2017.10.08-21.23.19:083][  0]LogEngineSessionManager: EngineSessionManager initialized
[2017.10.08-21.23.19:083][  0]LogEngineSessionManager: EngineSessionManager sent abnormal shutdown report. Type=AbnormalShutdown, SessionId={91C279D0-422A-5C4D-4127-3E9D0F078E7E}
[2017.10.08-21.23.19:083][  0]LogEngineSessionManager: EngineSessionManager sent abnormal shutdown report. Type=AbnormalShutdown, SessionId={91339D2E-4101-D019-64A1-649400BCEA95}
[2017.10.08-21.23.19:083][  0]LogEngineSessionManager: EngineSessionManager sent abnormal shutdown report. Type=AbnormalShutdown, SessionId={133BEC03-4407-7273-1B51-D396A4D5292B}
[2017.10.08-21.23.19:294][  0]LogInit: Transaction tracking system initialized
[2017.10.08-21.23.19:575][  0]BlueprintLog: New page: Editor Load
[2017.10.08-21.23.20:458][  0]LocalizationService: Info Localization service is disabled
[2017.10.08-21.23.21:085][  0]LogConsoleResponse:Display: 
[2017.10.08-21.23.21:459][  0]LogCook:Display: Max memory allowance for cook 16384mb min free memory 0mb
[2017.10.08-21.23.21:459][  0]LogCook:Display: Mobile HDR setting 1
[2017.10.08-21.23.22:436][  0]LogFileCache: Scanning file cache for directory 'D:/Unreal Games/ScrumLordRacing/Content/' took 0.07s
[2017.10.08-21.23.22:494][  0]SourceControl: Info Source control is disabled
[2017.10.08-21.23.22:495][  0]Cmd: MAP LOAD FILE="D:/Unreal Games/ScrumLordRacing/Content/Maps/MainMenu/MainMenu.umap" TEMPLATE=0 SHOWPROGRESS=1 FEATURELEVEL=3
[2017.10.08-21.23.22:621][  0]LightingResults: New page: Lighting Build
[2017.10.08-21.23.22:659][  0]MapCheck: New page: Map Check
[2017.10.08-21.23.22:659][  0]LightingResults: New page: Lighting Build
[2017.10.08-21.23.23:671][  0]LogAIModule: Creating AISystem for world MainMenu
[2017.10.08-21.23.23:675][  0]LogEditorServer: Finished looking for orphan Actors (0.000 secs)
[2017.10.08-21.23.23:689][  0]Cmd: MAP CHECKDEP NOCLEARLOG
[2017.10.08-21.23.23:726][  0]MapCheck: Info Map check complete: 0 Error(s), 0 Warning(s), took 37.421ms to complete.
[2017.10.08-21.23.23:726][  0]LogFileHelpers: Loading map 'MainMenu' took 1.231
[2017.10.08-21.23.23:923][  0]LogCollectionManager: Loaded 0 collections in 0.001270 seconds
[2017.10.08-21.23.24:011][  0]LogFileCache: Scanning file cache for directory 'D:/Unreal Games/ScrumLordRacing/Saved/Collections/' took 0.01s
[2017.10.08-21.23.24:011][  0]LogFileCache: Scanning file cache for directory 'D:/Unreal Games/ScrumLordRacing/Content/Developers/galla000/Collections/' took 0.01s
[2017.10.08-21.23.24:011][  0]LogFileCache: Scanning file cache for directory 'D:/Unreal Games/ScrumLordRacing/Content/Collections/' took 0.01s
[2017.10.08-21.23.24:011][  0]LogCollectionManager: Rebuilt the GUID cache for 0 collections in 0.000001 seconds
[2017.10.08-21.23.24:022][  0]LogContentBrowser: Native class hierarchy populated in 0.0093 seconds. Added 2331 classes and 494 folders.
[2017.10.08-21.23.24:084][  0]LogContentBrowser: Native class hierarchy updated for 'WidgetCarousel' in 0.0007 seconds. Added 0 classes and 0 folders.
[2017.10.08-21.23.24:453][  0]LogContentBrowser: Native class hierarchy updated for 'AddContentDialog' in 0.0008 seconds. Added 0 classes and 0 folders.
[2017.10.08-21.23.24:497][  0]LogContentBrowser: Native class hierarchy updated for 'SceneOutliner' in 0.0005 seconds. Added 1 classes and 2 folders.
[2017.10.08-21.23.24:655][  0]LogCrashTracker: Crashtracker disabled due to settings.
[2017.10.08-21.23.24:669][  0]LogSlate: Took 0.004650 seconds to synchronously load lazily loaded font '../../../Engine/Content/Slate/Fonts/Roboto-Regular.ttf' (155K)
[2017.10.08-21.23.24:677][  0]LogSlate: Took 0.006336 seconds to synchronously load lazily loaded font '../../../Engine/Content/Slate/Fonts/Roboto-Bold.ttf' (160K)
[2017.10.08-21.23.24:691][  0]LogSlate: Took 0.006147 seconds to synchronously load lazily loaded font '../../../Engine/Content/Editor/Slate/Fonts/FontAwesome.ttf' (139K)
[2017.10.08-21.23.24:834][  0]LogRenderer: Reallocating scene render targets to support 1208x576 NumSamples 1 (Frame:1).
[2017.10.08-21.23.25:291][  0]LogUObjectGlobals:Warning: Failed to find object 'Class None.'
[2017.10.08-21.23.25:353][  0]LogContentBrowser: Native class hierarchy updated for 'HierarchicalLODOutliner' in 0.0005 seconds. Added 1 classes and 2 folders.
[2017.10.08-21.23.25:353][  0]LogLoad: (Engine Initialization) Total time: 26.96 seconds
[2017.10.08-21.23.25:353][  0]LogLoad: (Engine Initialization) Total Blueprint compile time: 0.17 seconds
[2017.10.08-21.23.25:353][  0]LogExternalProfiler: No external profilers were discovered.  External profiling features will not be available.
[2017.10.08-21.23.25:362][  0]LogOcInput: OculusInput pre-init called
[2017.10.08-21.23.25:363][  0]LogRawInputWindows:Warning: Found device 0 devices
[2017.10.08-21.23.25:363][  0]LogRawInputWindows:Warning: Found device 0 devices
[2017.10.08-21.23.25:363][  0]LogRawInputWindows:Warning: Device was registered succesfully but not connected (Usage:4 UsagePage:1
[2017.10.08-21.23.25:363][  0]LogRawInputWindows:Warning: Found device 1 devices
[2017.10.08-21.23.25:363][  0]LogRawInputWindows:Warning: Device was registered succesfully but not connected (Usage:5 UsagePage:1
[2017.10.08-21.23.25:363][  0]LogHMD: Starting GearVRController plugin
[2017.10.08-21.23.25:385][  0]LogContentStreaming: Texture pool size now 800 MB
[2017.10.08-21.23.25:428][  0]LogSlate: Took 0.005761 seconds to synchronously load lazily loaded font '../../../Engine/Content/Slate/Fonts/Roboto-Light.ttf' (159K)
[2017.10.08-21.23.25:621][  1]LogAssetRegistry: Asset discovery search completed in 14.3054 seconds
[2017.10.08-21.23.25:627][  1]LogCollectionManager: Rebuilt the object cache for 0 collections in 0.000001 seconds (found 0 objects)
[2017.10.08-21.23.25:627][  1]LogCollectionManager: Fixed up redirectors for 0 collections in 0.000044 seconds (updated 0 objects)
[2017.10.08-21.24.42:304][785]LogSlate: Took 0.000371 seconds to synchronously load lazily loaded font '../../../Engine/Content/Slate/Fonts/Roboto-Light.ttf' (159K)
[2017.10.08-21.24.42:337][785]Cmd: MAP LOAD FILE="D:/Unreal Games/ScrumLordRacing/Content/Maps/MainMenu/MainMenu.umap" TEMPLATE=0 SHOWPROGRESS=1 FEATURELEVEL=3
[2017.10.08-21.24.42:337][785]LightingResults: New page: Lighting Build
[2017.10.08-21.24.42:338][785]LoadErrors: New page: Loading map: MainMenu.umap
[2017.10.08-21.24.42:342][785]MapCheck: New page: Map Check
[2017.10.08-21.24.42:342][785]LightingResults: New page: Lighting Build
[2017.10.08-21.24.42:363][785]LogAIModule: Creating AISystem for world MainMenu
[2017.10.08-21.24.42:407][785]LogEditorServer: Finished looking for orphan Actors (0.000 secs)
[2017.10.08-21.24.42:441][785]Cmd: MAP CHECKDEP NOCLEARLOG
[2017.10.08-21.24.42:479][785]MapCheck: Info Map check complete: 0 Error(s), 0 Warning(s), took 37.632ms to complete.
[2017.10.08-21.24.42:479][785]LogFileHelpers: Loading map 'MainMenu' took 0.143
[2017.10.08-21.24.43:499][821]LogTemp: Repeting last play command: Selected Viewport
[2017.10.08-21.24.43:700][821]LogBlueprintUserMessages: Early PlayInEditor Detection: Level '/Game/Maps/MainMenu/MainMenu.MainMenu:PersistentLevel' has LevelScriptBlueprint '/Game/Maps/MainMenu/MainMenu.MainMenu:PersistentLevel.MainMenu' with GeneratedClass '/Game/Maps/MainMenu/MainMenu.MainMenu_C' with ClassGeneratedBy '/Game/Maps/MainMenu/MainMenu.MainMenu:PersistentLevel.MainMenu'
[2017.10.08-21.24.43:700][821]LogPlayLevel: PlayLevel: No blueprints needed recompiling
[2017.10.08-21.24.43:703][821]PIE: New page: PIE session: MainMenu (Oct 8, 2017, 1:24:43 PM)
[2017.10.08-21.24.43:703][821]LogPlayLevel: Creating play world package: /Game/Maps/MainMenu/UEDPIE_0_MainMenu
[2017.10.08-21.24.43:705][821]LogPlayLevel: PIE: StaticDuplicateObject took: (0.001918s)
[2017.10.08-21.24.43:705][821]LogAIModule: Creating AISystem for world MainMenu
[2017.10.08-21.24.43:705][821]LogPlayLevel: PIE: World Init took: (0.000476s)
[2017.10.08-21.24.43:705][821]LogPlayLevel: PIE: Created PIE world by copying editor world from /Game/Maps/MainMenu/MainMenu.MainMenu to /Game/Maps/MainMenu/UEDPIE_0_MainMenu.MainMenu (0.002544s)
[2017.10.08-21.24.43:713][821]LogInit: XAudio2 using 'Speakers (Realtek High Definition Audio)' : 2 channels at 48 kHz using 32 bits per sample (channel mask 0x3)
[2017.10.08-21.24.43:722][821]LogInit: FAudioDevice initialized.
[2017.10.08-21.24.43:767][821]LogLoad: Game class is 'VehicleAdvGameMode_C'
[2017.10.08-21.24.43:775][821]LogWorld: Bringing World /Game/Maps/MainMenu/UEDPIE_0_MainMenu.MainMenu up for play (max tick rate 0) at 2017.10.08-17.24.43
[2017.10.08-21.24.43:776][821]LogWorld: Bringing up level for play took: 0.000660
[2017.10.08-21.24.43:812][821]LogContentBrowser: Native class hierarchy updated for 'MovieSceneCapture' in 0.0006 seconds. Added 11 classes and 0 folders.
[2017.10.08-21.24.43:820][821]PIE: Info Play in editor start time for /Game/Maps/MainMenu/UEDPIE_0_MainMenu 0.959
[2017.10.08-21.24.43:820][821]LogBlueprintUserMessages: Late PlayInEditor Detection: Level '/Game/Maps/MainMenu/MainMenu.MainMenu:PersistentLevel' has LevelScriptBlueprint '/Game/Maps/MainMenu/MainMenu.MainMenu:PersistentLevel.MainMenu' with GeneratedClass '/Game/Maps/MainMenu/MainMenu.MainMenu_C' with ClassGeneratedBy '/Game/Maps/MainMenu/MainMenu.MainMenu:PersistentLevel.MainMenu'
[2017.10.08-21.24.51:744][183]LogNet: Browse: /Game/Maps/MapSelectMenu/MapSelect
[2017.10.08-21.24.51:759][183]LogLoad: LoadMap: /Game/Maps/MapSelectMenu/MapSelect
[2017.10.08-21.24.51:770][183]Cmd: MEM
[2017.10.08-21.24.51:781][183]LogMemory: Platform Memory Stats for Windows
[2017.10.08-21.24.51:781][183]LogMemory: Process Physical Memory: 991.36 MB used, 1015.18 MB peak
[2017.10.08-21.24.51:781][183]LogMemory: Process Virtual Memory: 940.14 MB used, 964.44 MB peak
[2017.10.08-21.24.51:781][183]LogMemory: Physical Memory: 5864.70 MB used,  26784.33 MB free, 32649.02 MB total
[2017.10.08-21.24.51:781][183]LogMemory: Virtual Memory: 1795.25 MB used,  26784.33 MB free, 134217728.00 MB total
[2017.10.08-21.24.51:781][183]LogMemory: 
[2017.10.08-21.24.51:781][183]Allocator Stats for TBB: (not implemented)
[2017.10.08-21.24.53:058][183]LogAIModule: Creating AISystem for world MapSelect
[2017.10.08-21.24.53:058][183]LogLoad: Game class is 'VehicleAdvGameMode_C'
[2017.10.08-21.24.53:062][183]LogWorld: Bringing World /Game/Maps/MapSelectMenu/UEDPIE_0_MapSelect.MapSelect up for play (max tick rate 0) at 2017.10.08-17.24.53
[2017.10.08-21.24.53:062][183]LogWorld: Bringing up level for play took: 0.000790
[2017.10.08-21.24.53:063][183]LogGameMode: FindPlayerStart: PATHS NOT DEFINED or NO PLAYERSTART with positive rating
[2017.10.08-21.24.53:065][183]LogLoad: Took 1.305766 seconds to LoadMap(/Game/Maps/MapSelectMenu/MapSelect)
[2017.10.08-21.24.54:672][254]LogNet: Browse: /Game/VehicleAdvBP/Maps/VehicleAdvExampleMap
[2017.10.08-21.24.54:692][254]LogLoad: LoadMap: /Game/VehicleAdvBP/Maps/VehicleAdvExampleMap
[2017.10.08-21.24.54:705][254]Cmd: MEM
[2017.10.08-21.24.54:714][254]LogMemory: Platform Memory Stats for Windows
[2017.10.08-21.24.54:714][254]LogMemory: Process Physical Memory: 1108.89 MB used, 1142.25 MB peak
[2017.10.08-21.24.54:714][254]LogMemory: Process Virtual Memory: 1048.81 MB used, 1053.46 MB peak
[2017.10.08-21.24.54:714][254]LogMemory: Physical Memory: 5947.57 MB used,  26701.45 MB free, 32649.02 MB total
[2017.10.08-21.24.54:714][254]LogMemory: Virtual Memory: 1911.93 MB used,  26701.45 MB free, 134217728.00 MB total
[2017.10.08-21.24.54:714][254]LogMemory: 
[2017.10.08-21.24.54:714][254]Allocator Stats for TBB: (not implemented)
[2017.10.08-21.24.56:961][254]LogAIModule: Creating AISystem for world VehicleAdvExampleMap
[2017.10.08-21.24.56:961][254]LogLoad: Game class is 'VehicleAdvGameMode_C'
[2017.10.08-21.24.56:997][254]PIE:Warning: Warning Attempting to move a fully simulated skeletal mesh VehicleMesh. Please use the Teleport flag
[2017.10.08-21.24.56:998][254]LogWorld: Bringing World /Game/VehicleAdvBP/Maps/UEDPIE_0_VehicleAdvExampleMap.VehicleAdvExampleMap up for play (max tick rate 0) at 2017.10.08-17.24.56
[2017.10.08-21.24.57:000][254]LogWorld: Bringing up level for play took: 0.033749
[2017.10.08-21.24.57:001][254]LogLoad: Took 2.308703 seconds to LoadMap(/Game/VehicleAdvBP/Maps/VehicleAdvExampleMap)
[2017.10.08-21.25.02:048][401]PIE:Warning: Warning Invalid Simulate Options: Body (1M_Cube_2_DM_BP_229.Destructible 1M_Cube_2_DM) is set to simulate physics but Collision Enabled is incompatible
[2017.10.08-21.25.20:100][976]PIE:Warning: Warning Invalid Simulate Options: Body (Barrel_C_8.Destructible 1M_Cube_2_DM) is set to simulate physics but Collision Enabled is incompatible
[2017.10.08-21.25.26:544][183]PIE:Warning: Warning Invalid Simulate Options: Body (Barrel_50.Destructible 1M_Cube_2_DM) is set to simulate physics but Collision Enabled is incompatible
[2017.10.08-21.25.32:835][384]LogBlueprintUserMessages: Early EndPlayMap Detection: Level '/Game/Maps/MainMenu/MainMenu.MainMenu:PersistentLevel' has LevelScriptBlueprint '/Game/Maps/MainMenu/MainMenu.MainMenu:PersistentLevel.MainMenu' with GeneratedClass '/Game/Maps/MainMenu/MainMenu.MainMenu_C' with ClassGeneratedBy '/Game/Maps/MainMenu/MainMenu.MainMenu:PersistentLevel.MainMenu'
[2017.10.08-21.25.32:901][384]LogBlueprintUserMessages: Late EndPlayMap Detection: Level '/Game/Maps/MainMenu/MainMenu.MainMenu:PersistentLevel' has LevelScriptBlueprint '/Game/Maps/MainMenu/MainMenu.MainMenu:PersistentLevel.MainMenu' with GeneratedClass '/Game/Maps/MainMenu/MainMenu.MainMenu_C' with ClassGeneratedBy '/Game/Maps/MainMenu/MainMenu.MainMenu:PersistentLevel.MainMenu'
[2017.10.08-21.25.33:999][417]LogTemp: Repeting last play command: Selected Viewport
[2017.10.08-21.25.34:021][417]LogBlueprintUserMessages: Early PlayInEditor Detection: Level '/Game/Maps/MainMenu/MainMenu.MainMenu:PersistentLevel' has LevelScriptBlueprint '/Game/Maps/MainMenu/MainMenu.MainMenu:PersistentLevel.MainMenu' with GeneratedClass '/Game/Maps/MainMenu/MainMenu.MainMenu_C' with ClassGeneratedBy '/Game/Maps/MainMenu/MainMenu.MainMenu:PersistentLevel.MainMenu'
[2017.10.08-21.25.34:021][417]LogPlayLevel: PlayLevel: No blueprints needed recompiling
[2017.10.08-21.25.34:021][417]PIE: New page: PIE session: MainMenu (Oct 8, 2017, 1:25:34 PM)
[2017.10.08-21.25.34:021][417]LogPlayLevel: Creating play world package: /Game/Maps/MainMenu/UEDPIE_0_MainMenu
[2017.10.08-21.25.34:023][417]LogPlayLevel: PIE: StaticDuplicateObject took: (0.001706s)
[2017.10.08-21.25.34:023][417]LogAIModule: Creating AISystem for world MainMenu
[2017.10.08-21.25.34:024][417]LogPlayLevel: PIE: World Init took: (0.000916s)
[2017.10.08-21.25.34:024][417]LogPlayLevel: PIE: Created PIE world by copying editor world from /Game/Maps/MainMenu/MainMenu.MainMenu to /Game/Maps/MainMenu/UEDPIE_0_MainMenu.MainMenu (0.002814s)
[2017.10.08-21.25.34:036][417]LogInit: XAudio2 using 'Speakers (Realtek High Definition Audio)' : 2 channels at 48 kHz using 32 bits per sample (channel mask 0x3)
[2017.10.08-21.25.34:047][417]LogInit: FAudioDevice initialized.
[2017.10.08-21.25.34:082][417]LogLoad: Game class is 'VehicleAdvGameMode_C'
[2017.10.08-21.25.34:088][417]LogWorld: Bringing World /Game/Maps/MainMenu/UEDPIE_0_MainMenu.MainMenu up for play (max tick rate 0) at 2017.10.08-17.25.34
[2017.10.08-21.25.34:089][417]LogWorld: Bringing up level for play took: 0.000858
[2017.10.08-21.25.34:091][417]PIE: Info Play in editor start time for /Game/Maps/MainMenu/UEDPIE_0_MainMenu -0.77
[2017.10.08-21.25.34:091][417]LogBlueprintUserMessages: Late PlayInEditor Detection: Level '/Game/Maps/MainMenu/MainMenu.MainMenu:PersistentLevel' has LevelScriptBlueprint '/Game/Maps/MainMenu/MainMenu.MainMenu:PersistentLevel.MainMenu' with GeneratedClass '/Game/Maps/MainMenu/MainMenu.MainMenu_C' with ClassGeneratedBy '/Game/Maps/MainMenu/MainMenu.MainMenu:PersistentLevel.MainMenu'
[2017.10.08-21.25.36:610][528]LogNet: Browse: /Game/Maps/MapSelectMenu/MapSelect
[2017.10.08-21.25.36:628][528]LogLoad: LoadMap: /Game/Maps/MapSelectMenu/MapSelect
[2017.10.08-21.25.36:641][528]Cmd: MEM
[2017.10.08-21.25.36:652][528]LogMemory: Platform Memory Stats for Windows
[2017.10.08-21.25.36:652][528]LogMemory: Process Physical Memory: 1422.79 MB used, 1439.02 MB peak
[2017.10.08-21.25.36:652][528]LogMemory: Process Virtual Memory: 1408.10 MB used, 1420.20 MB peak
[2017.10.08-21.25.36:652][528]LogMemory: Physical Memory: 6301.98 MB used,  26347.04 MB free, 32649.02 MB total
[2017.10.08-21.25.36:652][528]LogMemory: Virtual Memory: 2276.05 MB used,  26347.04 MB free, 134217728.00 MB total
[2017.10.08-21.25.36:652][528]LogMemory: 
[2017.10.08-21.25.36:652][528]Allocator Stats for TBB: (not implemented)
[2017.10.08-21.25.36:669][528]LogAIModule: Creating AISystem for world MapSelect
[2017.10.08-21.25.36:670][528]LogLoad: Game class is 'VehicleAdvGameMode_C'
[2017.10.08-21.25.36:676][528]LogWorld: Bringing World /Game/Maps/MapSelectMenu/UEDPIE_0_MapSelect.MapSelect up for play (max tick rate 0) at 2017.10.08-17.25.36
[2017.10.08-21.25.36:676][528]LogWorld: Bringing up level for play took: 0.000997
[2017.10.08-21.25.36:677][528]LogGameMode: FindPlayerStart: PATHS NOT DEFINED or NO PLAYERSTART with positive rating
[2017.10.08-21.25.36:678][528]LogLoad: Took 0.049227 seconds to LoadMap(/Game/Maps/MapSelectMenu/MapSelect)
[2017.10.08-21.25.37:675][571]LogNet: Browse: /Game/Maps/TrackOne/TrackOne
[2017.10.08-21.25.37:694][571]LogLoad: LoadMap: /Game/Maps/TrackOne/TrackOne
[2017.10.08-21.25.37:706][571]Cmd: MEM
[2017.10.08-21.25.37:715][571]LogMemory: Platform Memory Stats for Windows
[2017.10.08-21.25.37:715][571]LogMemory: Process Physical Memory: 1424.06 MB used, 1441.18 MB peak
[2017.10.08-21.25.37:715][571]LogMemory: Process Virtual Memory: 1407.86 MB used, 1420.20 MB peak
[2017.10.08-21.25.37:715][571]LogMemory: Physical Memory: 6303.95 MB used,  26345.07 MB free, 32649.02 MB total
[2017.10.08-21.25.37:715][571]LogMemory: Virtual Memory: 2277.05 MB used,  26345.07 MB free, 134217728.00 MB total
[2017.10.08-21.25.37:715][571]LogMemory: 
[2017.10.08-21.25.37:715][571]Allocator Stats for TBB: (not implemented)
[2017.10.08-21.25.38:274][571]LogAIModule: Creating AISystem for world TrackOne
[2017.10.08-21.25.38:274][571]LogLoad: Game class is 'VehicleAdvGameMode_C'
[2017.10.08-21.25.38:286][571]PIE:Warning: Warning Attempting to move a fully simulated skeletal mesh VehicleMesh. Please use the Teleport flag
[2017.10.08-21.25.38:287][571]LogWorld: Bringing World /Game/Maps/TrackOne/UEDPIE_0_TrackOne.TrackOne up for play (max tick rate 0) at 2017.10.08-17.25.38
[2017.10.08-21.25.38:288][571]LogWorld: Bringing up level for play took: 0.009988
[2017.10.08-21.25.38:288][571]LogGameMode: FindPlayerStart: PATHS NOT DEFINED or NO PLAYERSTART with positive rating
[2017.10.08-21.25.38:289][571]LogLoad: Took 0.594787 seconds to LoadMap(/Game/Maps/TrackOne/TrackOne)
[2017.10.08-21.25.43:047][704]PIE:Warning: Warning Invalid Simulate Options: Body (Barrel_82.Destructible 1M_Cube_2_DM) is set to simulate physics but Collision Enabled is incompatible
[2017.10.08-21.25.59:134][186]PIE:Warning: Warning Invalid Simulate Options: Body (Barrel_C_4.Destructible 1M_Cube_2_DM) is set to simulate physics but Collision Enabled is incompatible
[2017.10.08-21.26.02:891][297]LogBlueprintUserMessages: Early EndPlayMap Detection: Level '/Game/Maps/MainMenu/MainMenu.MainMenu:PersistentLevel' has LevelScriptBlueprint '/Game/Maps/MainMenu/MainMenu.MainMenu:PersistentLevel.MainMenu' with GeneratedClass '/Game/Maps/MainMenu/MainMenu.MainMenu_C' with ClassGeneratedBy '/Game/Maps/MainMenu/MainMenu.MainMenu:PersistentLevel.MainMenu'
[2017.10.08-21.26.02:955][297]LogBlueprintUserMessages: Late EndPlayMap Detection: Level '/Game/Maps/MainMenu/MainMenu.MainMenu:PersistentLevel' has LevelScriptBlueprint '/Game/Maps/MainMenu/MainMenu.MainMenu:PersistentLevel.MainMenu' with GeneratedClass '/Game/Maps/MainMenu/MainMenu.MainMenu_C' with ClassGeneratedBy '/Game/Maps/MainMenu/MainMenu.MainMenu:PersistentLevel.MainMenu'
[2017.10.08-21.26.13:698][648]LogWindowsTextInputMethodSystem:Display: IME system now deactivated.
[2017.10.08-21.26.13:878][649]Cmd: QUIT_EDITOR
[2017.10.08-21.26.14:065][649]LogExit: Preparing to exit.
[2017.10.08-21.26.15:192][649]LogExit: Editor shut down
[2017.10.08-21.26.15:193][649]LogExit: Transaction tracking system shut down
[2017.10.08-21.26.15:296][649]LogObj: Freed 0b from 0 cluster array pools.
[2017.10.08-21.26.15:296][649]LogExit: Object subsystem successfully closed.
[2017.10.08-21.26.15:319][649]LogD3D11RHI: Shutdown
[2017.10.08-21.26.15:319][649]LogD3D11RHI: CleanupD3DDevice
[2017.10.08-21.26.15:414][649]LogD3D11RHI: ~FD3D11DynamicRHI
[2017.10.08-21.26.15:434][649]LogModuleManager: Shutting down and abandoning module MovieSceneCapture (528)
[2017.10.08-21.26.15:434][649]LogModuleManager: Shutting down and abandoning module HierarchicalLODOutliner (526)
[2017.10.08-21.26.15:434][649]LogModuleManager: Shutting down and abandoning module CrashTracker (524)
[2017.10.08-21.26.15:434][649]LogModuleManager: Shutting down and abandoning module SceneOutliner (522)
[2017.10.08-21.26.15:434][649]LogModuleManager: Shutting down and abandoning module AddContentDialog (520)
[2017.10.08-21.26.15:434][649]LogDirectoryWatcher: A directory notification for 'C:/Program Files/Epic Games/UE_4.16/FeaturePacks/' was aborted.
[2017.10.08-21.26.15:435][649]LogModuleManager: Shutting down and abandoning module WidgetCarousel (519)
[2017.10.08-21.26.15:435][649]LogModuleManager: Shutting down and abandoning module EditorWidgets (516)
[2017.10.08-21.26.15:435][649]LogModuleManager: Shutting down and abandoning module CollectionManager (514)
[2017.10.08-21.26.15:435][649]LogDirectoryWatcher: A directory notification for 'D:/Unreal Games/ScrumLordRacing/Content/Collections/' was aborted.
[2017.10.08-21.26.15:435][649]LogDirectoryWatcher: A directory notification for 'D:/Unreal Games/ScrumLordRacing/Content/Developers/galla000/Collections/' was aborted.
[2017.10.08-21.26.15:435][649]LogDirectoryWatcher: A directory notification for 'D:/Unreal Games/ScrumLordRacing/Saved/Collections/' was aborted.
[2017.10.08-21.26.15:435][649]LogModuleManager: Shutting down and abandoning module StatsViewer (512)
[2017.10.08-21.26.15:435][649]LogModuleManager: Shutting down and abandoning module FoliageEdit (510)
[2017.10.08-21.26.15:435][649]LogModuleManager: Shutting down and abandoning module LandscapeEditor (508)
[2017.10.08-21.26.15:436][649]LogModuleManager: Shutting down and abandoning module MeshPaintMode (506)
[2017.10.08-21.26.15:436][649]LogModuleManager: Shutting down and abandoning module SceneDepthPickerMode (504)
[2017.10.08-21.26.15:436][649]LogModuleManager: Shutting down and abandoning module ActorPickerMode (502)
[2017.10.08-21.26.15:436][649]LogModuleManager: Shutting down and abandoning module GeometryMode (500)
[2017.10.08-21.26.15:436][649]LogModuleManager: Shutting down and abandoning module TextureAlignMode (498)
[2017.10.08-21.26.15:436][649]LogModuleManager: Shutting down and abandoning module BspMode (496)
[2017.10.08-21.26.15:436][649]LogModuleManager: Shutting down and abandoning module HardwareSurvey (494)
[2017.10.08-21.26.15:436][649]LogModuleManager: Shutting down and abandoning module SequenceRecorderSections (492)
[2017.10.08-21.26.15:436][649]LogModuleManager: Shutting down and abandoning module AutomationWorker (490)
[2017.10.08-21.26.15:436][649]LogModuleManager: Shutting down and abandoning module MatineeToLevelSequence (488)
[2017.10.08-21.26.15:436][649]LogModuleManager: Shutting down and abandoning module LevelSequenceEditor (486)
[2017.10.08-21.26.15:436][649]LogModuleManager: Shutting down and abandoning module PlacementMode (485)
[2017.10.08-21.26.15:436][649]LogModuleManager: Shutting down and abandoning module WmfMediaFactory (482)
[2017.10.08-21.26.15:436][649]LogModuleManager: Shutting down and abandoning module WmfMediaEditor (480)
[2017.10.08-21.26.15:436][649]LogModuleManager: Shutting down and abandoning module AvfMediaFactory (478)
[2017.10.08-21.26.15:436][649]LogModuleManager: Shutting down and abandoning module AvfMediaEditor (476)
[2017.10.08-21.26.15:436][649]LogModuleManager: Shutting down and abandoning module AndroidMediaFactory (474)
[2017.10.08-21.26.15:436][649]LogModuleManager: Shutting down and abandoning module Media (473)
[2017.10.08-21.26.15:436][649]LogModuleManager: Shutting down and abandoning module AndroidMediaEditor (470)
[2017.10.08-21.26.15:436][649]LogModuleManager: Shutting down and abandoning module CharacterAI (468)
[2017.10.08-21.26.15:436][649]LogModuleManager: Shutting down and abandoning module AudioCapture (466)
[2017.10.08-21.26.15:436][649]LogModuleManager: Shutting down and abandoning module SequenceRecorder (465)
[2017.10.08-21.26.15:436][649]LogModuleManager: Shutting down and abandoning module SmartSnapping (462)
[2017.10.08-21.26.15:436][649]LogModuleManager: Shutting down and abandoning module SessionServices (460)
[2017.10.08-21.26.15:437][649]LogModuleManager: Shutting down and abandoning module ViewportSnapping (458)
[2017.10.08-21.26.15:437][649]LogModuleManager: Shutting down and abandoning module ViewportInteraction (456)
[2017.10.08-21.26.15:437][649]LogModuleManager: Shutting down and abandoning module ClothPainter (454)
[2017.10.08-21.26.15:437][649]LogModuleManager: Shutting down and abandoning module LogVisualizer (452)
[2017.10.08-21.26.15:438][649]LogModuleManager: Shutting down and abandoning module IntroTutorials (450)
[2017.10.08-21.26.15:438][649]LogModuleManager: Shutting down and abandoning module GameProjectGeneration (449)
[2017.10.08-21.26.15:439][649]LogModuleManager: Shutting down and abandoning module EditorLiveStreaming (446)
[2017.10.08-21.26.15:439][649]LogModuleManager: Shutting down and abandoning module IOSPlatformEditor (444)
[2017.10.08-21.26.15:439][649]LogModuleManager: Shutting down and abandoning module HTML5PlatformEditor (442)
[2017.10.08-21.26.15:439][649]LogModuleManager: Shutting down and abandoning module AndroidPlatformEditor (440)
[2017.10.08-21.26.15:439][649]LogModuleManager: Shutting down and abandoning module AndroidDeviceDetection (439)
[2017.10.08-21.26.15:851][649]LogModuleManager: Shutting down and abandoning module IOSRuntimeSettings (436)
[2017.10.08-21.26.15:851][649]LogModuleManager: Shutting down and abandoning module AndroidRuntimeSettings (434)
[2017.10.08-21.26.15:851][649]LogModuleManager: Shutting down and abandoning module InputBindingEditor (432)
[2017.10.08-21.26.15:854][649]LogModuleManager: Shutting down and abandoning module MergeActors (430)
[2017.10.08-21.26.15:855][649]LogModuleManager: Shutting down and abandoning module SizeMap (428)
[2017.10.08-21.26.15:855][649]LogModuleManager: Shutting down and abandoning module TreeMap (426)
[2017.10.08-21.26.15:855][649]LogModuleManager: Shutting down and abandoning module ReferenceViewer (424)
[2017.10.08-21.26.15:855][649]LogModuleManager: Shutting down and abandoning module LocalizationDashboard (422)
[2017.10.08-21.26.15:856][649]LogModuleManager: Shutting down and abandoning module LocalizationService (421)
[2017.10.08-21.26.15:856][649]LogModuleManager: Shutting down and abandoning module HardwareTargeting (418)
[2017.10.08-21.26.15:856][649]LogModuleManager: Shutting down and abandoning module DeviceProfileEditor (416)
[2017.10.08-21.26.15:856][649]LogModuleManager: Shutting down and abandoning module UndoHistory (414)
[2017.10.08-21.26.15:856][649]LogModuleManager: Shutting down and abandoning module UserFeedback (412)
[2017.10.08-21.26.15:856][649]LogModuleManager: Shutting down and abandoning module XmlParser (410)
[2017.10.08-21.26.15:856][649]LogModuleManager: Shutting down and abandoning module Blutility (408)
[2017.10.08-21.26.15:856][649]LogModuleManager: Shutting down and abandoning module ProjectSettingsViewer (406)
[2017.10.08-21.26.15:856][649]LogModuleManager: Shutting down and abandoning module ProjectTargetPlatformEditor (405)
[2017.10.08-21.26.15:856][649]LogModuleManager: Shutting down and abandoning module EditorSettingsViewer (402)
[2017.10.08-21.26.15:856][649]LogModuleManager: Shutting down and abandoning module SettingsEditor (400)
[2017.10.08-21.26.15:856][649]LogModuleManager: Shutting down and abandoning module ProjectLauncher (398)
[2017.10.08-21.26.15:857][649]LogModuleManager: Shutting down and abandoning module SessionFrontend (396)
[2017.10.08-21.26.15:857][649]LogModuleManager: Shutting down and abandoning module ProfilerClient (394)
[2017.10.08-21.26.15:857][649]LogModuleManager: Shutting down and abandoning module DeviceManager (392)
[2017.10.08-21.26.15:858][649]LogModuleManager: Shutting down and abandoning module TargetDeviceServices (391)
[2017.10.08-21.26.15:901][649]LogModuleManager: Shutting down and abandoning module AutomationController (388)
[2017.10.08-21.26.15:901][649]LogModuleManager: Shutting down and abandoning module AutomationWindow (386)
[2017.10.08-21.26.15:903][649]LogModuleManager: Shutting down and abandoning module Layers (384)
[2017.10.08-21.26.15:904][649]LogModuleManager: Shutting down and abandoning module ComponentVisualizers (382)
[2017.10.08-21.26.15:904][649]LogModuleManager: Shutting down and abandoning module DetailCustomizations (380)
[2017.10.08-21.26.15:904][649]LogModuleManager: Shutting down and abandoning module PackagesDialog (378)
[2017.10.08-21.26.15:905][649]LogModuleManager: Shutting down and abandoning module Persona (376)
[2017.10.08-21.26.15:905][649]LogModuleManager: Shutting down and abandoning module AdvancedPreviewScene (375)
[2017.10.08-21.26.15:905][649]LogModuleManager: Shutting down and abandoning module AnimGraph (373)
[2017.10.08-21.26.15:905][649]LogModuleManager: Shutting down and abandoning module Kismet (370)
[2017.10.08-21.26.15:905][649]LogModuleManager: Shutting down and abandoning module ClassViewer (368)
[2017.10.08-21.26.15:905][649]LogModuleManager: Shutting down and abandoning module Toolbox (366)
[2017.10.08-21.26.15:905][649]LogModuleManager: Shutting down and abandoning module ModuleUI (364)
[2017.10.08-21.26.15:906][649]LogModuleManager: Shutting down and abandoning module MovieSceneTools (362)
[2017.10.08-21.26.15:906][649]LogModuleManager: Shutting down and abandoning module OutputLog (360)
[2017.10.08-21.26.15:906][649]LogModuleManager: Shutting down and abandoning module GammaUI (358)
[2017.10.08-21.26.15:907][649]LogModuleManager: Shutting down and abandoning module Documentation (356)
[2017.10.08-21.26.15:907][649]LogModuleManager: Shutting down and abandoning module MovieSceneTracks (354)
[2017.10.08-21.26.15:907][649]LogModuleManager: Shutting down and abandoning module MovieScene (352)
[2017.10.08-21.26.15:907][649]LogModuleManager: Shutting down and abandoning module Niagara (350)
[2017.10.08-21.26.15:907][649]LogModuleManager: Shutting down and abandoning module NiagaraEditor (349)
[2017.10.08-21.26.15:908][649]LogModuleManager: Shutting down and abandoning module StreamingPauseRendering (346)
[2017.10.08-21.26.15:908][649]LogModuleManager: Shutting down and abandoning module AnalyticsET (344)
[2017.10.08-21.26.15:908][649]LogModuleManager: Shutting down and abandoning module PortalServices (342)
[2017.10.08-21.26.15:908][649]LogModuleManager: Shutting down and abandoning module PortalRpc (340)
[2017.10.08-21.26.15:908][649]LogModuleManager: Shutting down and abandoning module MessagingRpc (338)
[2017.10.08-21.26.15:908][649]LogModuleManager: Shutting down and abandoning module AIModule (336)
[2017.10.08-21.26.15:908][649]LogModuleManager: Shutting down and abandoning module GameplayDebugger (335)
[2017.10.08-21.26.15:908][649]LogModuleManager: Shutting down and abandoning module AITestSuite (333)
[2017.10.08-21.26.15:908][649]LogModuleManager: Shutting down and abandoning module ProfilerService (330)
[2017.10.08-21.26.16:101][649]LogModuleManager: Shutting down and abandoning module TaskGraph (328)
[2017.10.08-21.26.16:105][649]LogModuleManager: Shutting down and abandoning module SteamVRController (326)
[2017.10.08-21.26.16:105][649]LogModuleManager: Shutting down and abandoning module SteamVR (324)
[2017.10.08-21.26.16:105][649]LogModuleManager: Shutting down and abandoning module ProceduralMeshComponentEditor (322)
[2017.10.08-21.26.16:105][649]LogModuleManager: Shutting down and abandoning module ProceduralMeshComponent (320)
[2017.10.08-21.26.16:105][649]LogModuleManager: Shutting down and abandoning module OculusLibrary (318)
[2017.10.08-21.26.16:105][649]LogModuleManager: Shutting down and abandoning module OculusInput (316)
[2017.10.08-21.26.16:105][649]LogModuleManager: Shutting down and abandoning module MobilePatchingUtils (314)
[2017.10.08-21.26.16:105][649]LogModuleManager: Shutting down and abandoning module CustomMeshComponent (312)
[2017.10.08-21.26.16:105][649]LogModuleManager: Shutting down and abandoning module CableComponent (310)
[2017.10.08-21.26.16:105][649]LogModuleManager: Shutting down and abandoning module ArchVisCharacter (308)
[2017.10.08-21.26.16:105][649]LogModuleManager: Shutting down and abandoning module AndroidPermission (306)
[2017.10.08-21.26.16:105][649]LogModuleManager: Shutting down and abandoning module MediaPlayerEditor (302)
[2017.10.08-21.26.16:105][649]LogModuleManager: Shutting down and abandoning module RawInput (300)
[2017.10.08-21.26.16:105][649]LogModuleManager: Shutting down and abandoning module HTML5Networking (298)
[2017.10.08-21.26.16:106][649]LogModuleManager: Shutting down and abandoning module AlembicImporter (296)
[2017.10.08-21.26.16:106][649]LogModuleManager: Shutting down and abandoning module AlembicLibrary (295)
[2017.10.08-21.26.16:106][649]LogModuleManager: Shutting down and abandoning module GeometryCache (294)
[2017.10.08-21.26.16:106][649]LogModuleManager: Shutting down and abandoning module GeometryCacheEd (293)
[2017.10.08-21.26.16:106][649]LogModuleManager: Shutting down and abandoning module SuperSearchEditor (288)
[2017.10.08-21.26.16:106][649]LogModuleManager: Shutting down and abandoning module SuperSearch (287)
[2017.10.08-21.26.16:106][649]LogModuleManager: Shutting down and abandoning module SpeedTreeImporter (284)
[2017.10.08-21.26.16:106][649]LogModuleManager: Shutting down and abandoning module PluginBrowser (282)
[2017.10.08-21.26.16:106][649]LogModuleManager: Shutting down and abandoning module MobileLauncherProfileWizard (280)
[2017.10.08-21.26.16:106][649]LogModuleManager: Shutting down and abandoning module VisualStudioSourceCodeAccess (278)
[2017.10.08-21.26.16:106][649]LogModuleManager: Shutting down and abandoning module DesktopPlatform (277)
[2017.10.08-21.26.16:106][649]LogModuleManager: Shutting down and abandoning module UObjectPlugin (274)
[2017.10.08-21.26.16:106][649]LogModuleManager: Shutting down and abandoning module SubversionSourceControl (272)
[2017.10.08-21.26.16:106][649]LogModuleManager: Shutting down and abandoning module PerforceSourceControl (270)
[2017.10.08-21.26.16:106][649]LogModuleManager: Shutting down and abandoning module GitSourceControl (268)
[2017.10.08-21.26.16:106][649]LogModuleManager: Shutting down and abandoning module SourceControl (267)
[2017.10.08-21.26.16:106][649]LogModuleManager: Shutting down and abandoning module LightPropagationVolumeEditor (264)
[2017.10.08-21.26.16:106][649]LogModuleManager: Shutting down and abandoning module PaperTiledImporter (262)
[2017.10.08-21.26.16:106][649]LogModuleManager: Shutting down and abandoning module PaperSpriteSheetImporter (260)
[2017.10.08-21.26.16:106][649]LogModuleManager: Shutting down and abandoning module Paper2DEditor (258)
[2017.10.08-21.26.16:106][649]LogModuleManager: Shutting down and abandoning module MeshPaint (257)
[2017.10.08-21.26.16:106][649]LogModuleManager: Shutting down and abandoning module LevelEditor (255)
[2017.10.08-21.26.16:107][649]LogModuleManager: Shutting down and abandoning module PixelInspectorModule (254)
[2017.10.08-21.26.16:107][649]LogModuleManager: Shutting down and abandoning module MainFrame (252)
[2017.10.08-21.26.16:107][649]LogModuleManager: Shutting down and abandoning module HotReload (251)
[2017.10.08-21.26.16:107][649]LogModuleManager: Shutting down and abandoning module PhysXVehiclesEditor (246)
[2017.10.08-21.26.16:107][649]LogModuleManager: Shutting down and abandoning module PhysXVehicles (244)
[2017.10.08-21.26.16:107][649]LogModuleManager: Shutting down and abandoning module LocationServicesBPLibrary (242)
[2017.10.08-21.26.16:107][649]LogModuleManager: Shutting down and abandoning module ImmediatePhysicsEditor (240)
[2017.10.08-21.26.16:107][649]LogModuleManager: Shutting down and abandoning module ImmediatePhysics (238)
[2017.10.08-21.26.16:107][649]LogModuleManager: Shutting down and abandoning module UdpMessaging (236)
[2017.10.08-21.26.16:209][649]LogModuleManager: Shutting down and abandoning module TcpMessaging (234)
[2017.10.08-21.26.16:310][649]LogModuleManager: Shutting down and abandoning module GameplayTagsEditor (232)
[2017.10.08-21.26.16:313][649]LogModuleManager: Shutting down and abandoning module FacialAnimationEditor (230)
[2017.10.08-21.26.16:313][649]LogModuleManager: Shutting down and abandoning module FacialAnimation (228)
[2017.10.08-21.26.16:313][649]LogModuleManager: Shutting down and abandoning module AssetManagerEditor (226)
[2017.10.08-21.26.16:313][649]LogModuleManager: Shutting down and abandoning module GraphEditor (225)
[2017.10.08-21.26.16:316][649]LogModuleManager: Shutting down and abandoning module ContentBrowser (223)
[2017.10.08-21.26.16:316][649]LogModuleManager: Shutting down and abandoning module LightPropagationVolumeRuntime (220)
[2017.10.08-21.26.16:316][649]LogModuleManager: Shutting down and abandoning module Paper2D (218)
[2017.10.08-21.26.16:317][649]LogModuleManager: Shutting down and abandoning module WindowsMoviePlayer (216)
[2017.10.08-21.26.16:317][649]LogModuleManager: Shutting down and abandoning module WmfMedia (214)
[2017.10.08-21.26.16:317][649]LogModuleManager: Shutting down and abandoning module ClothingSystemEditor (212)
[2017.10.08-21.26.16:317][649]LogModuleManager: Shutting down and abandoning module ClothingSystemRuntime (210)
[2017.10.08-21.26.16:317][649]LogModuleManager: Shutting down and abandoning module MediaAssets (208)
[2017.10.08-21.26.16:317][649]LogModuleManager: Shutting down and abandoning module GameLiveStreaming (206)
[2017.10.08-21.26.16:317][649]LogModuleManager: Shutting down and abandoning module VREditor (204)
[2017.10.08-21.26.16:317][649]LogModuleManager: Shutting down and abandoning module StringTableEditor (202)
[2017.10.08-21.26.16:318][649]LogModuleManager: Shutting down and abandoning module GameplayTasksEditor (200)
[2017.10.08-21.26.16:318][649]LogModuleManager: Shutting down and abandoning module BehaviorTreeEditor (198)
[2017.10.08-21.26.16:318][649]LogModuleManager: Shutting down and abandoning module FunctionalTesting (196)
[2017.10.08-21.26.16:318][649]LogModuleManager: Shutting down and abandoning module CollisionAnalyzer (194)
[2017.10.08-21.26.16:319][649]LogModuleManager: Shutting down and abandoning module UMG (192)
[2017.10.08-21.26.16:319][649]LogModuleManager: Shutting down and abandoning module UMGEditor (191)
[2017.10.08-21.26.16:319][649]LogModuleManager: Shutting down and abandoning module Sequencer (190)
[2017.10.08-21.26.16:319][649]LogModuleManager: Shutting down and abandoning module AssetTools (188)
[2017.10.08-21.26.16:320][649]LogModuleManager: Shutting down and abandoning module MessageLog (187)
[2017.10.08-21.26.16:320][649]LogModuleManager: Shutting down and abandoning module WorkspaceMenuStructure (186)
[2017.10.08-21.26.16:320][649]LogModuleManager: Shutting down and abandoning module SlateReflector (180)
[2017.10.08-21.26.16:321][649]LogModuleManager: Shutting down and abandoning module Slate (178)
[2017.10.08-21.26.16:321][649]LogModuleManager: Shutting down and abandoning module EditorStyle (176)
[2017.10.08-21.26.16:323][649]LogModuleManager: Shutting down and abandoning module SourceCodeAccess (174)
[2017.10.08-21.26.16:323][649]LogModuleManager: Shutting down and abandoning module HeadMountedDisplay (172)
[2017.10.08-21.26.16:323][649]LogModuleManager: Shutting down and abandoning module XAudio2 (170)
[2017.10.08-21.26.16:323][649]LogModuleManager: Shutting down and abandoning module Networking (168)
[2017.10.08-21.26.16:323][649]LogModuleManager: Shutting down and abandoning module Core (164)
[2017.10.08-21.26.16:323][649]LogModuleManager: Shutting down and abandoning module AssetRegistry (162)
[2017.10.08-21.26.16:477][649]LogDirectoryWatcher: A directory notification for '../../../Engine/Content/' was aborted.
[2017.10.08-21.26.16:477][649]LogDirectoryWatcher: A directory notification for 'D:/Unreal Games/ScrumLordRacing/Content/' was aborted.
[2017.10.08-21.26.16:477][649]LogDirectoryWatcher: A directory notification for '../../../Engine/Plugins/2D/Paper2D/Content/' was aborted.
[2017.10.08-21.26.16:477][649]LogDirectoryWatcher: A directory notification for '../../../Engine/Plugins/Runtime/GearVR/Content/' was aborted.
[2017.10.08-21.26.16:479][649]LogModuleManager: Shutting down and abandoning module DirectoryWatcher (161)
[2017.10.08-21.26.16:479][649]LogModuleManager: Shutting down and abandoning module KismetCompiler (158)
[2017.10.08-21.26.16:479][649]LogModuleManager: Shutting down and abandoning module LevelSequence (156)
[2017.10.08-21.26.16:479][649]LogModuleManager: Shutting down and abandoning module PhysXFormats (154)
[2017.10.08-21.26.16:479][649]LogModuleManager: Shutting down and abandoning module MeshUtilities (152)
[2017.10.08-21.26.16:479][649]LogModuleManager: Shutting down and abandoning module SimplygonSwarm (151)
[2017.10.08-21.26.16:479][649]LogModuleManager: Shutting down and abandoning module SimplygonMeshReduction (149)
[2017.10.08-21.26.16:479][649]LogModuleManager: Shutting down and abandoning module QuadricMeshReduction (147)
[2017.10.08-21.26.16:479][649]LogModuleManager: Shutting down and abandoning module DerivedDataCache (144)
[2017.10.08-21.26.16:548][649]LogDerivedDataCache: Shutdown
[2017.10.08-21.26.16:548][649]LogModuleManager: Shutting down and abandoning module TargetPlatform (142)
[2017.10.08-21.26.16:548][649]LogModuleManager: Shutting down and abandoning module VulkanShaderFormat (141)
[2017.10.08-21.26.16:548][649]LogModuleManager: Shutting down and abandoning module ShaderFormatVectorVM (139)
[2017.10.08-21.26.16:552][649]LogModuleManager: Shutting down and abandoning module ShaderFormatOpenGL (137)
[2017.10.08-21.26.16:552][649]LogModuleManager: Shutting down and abandoning module ShaderFormatD3D (135)
[2017.10.08-21.26.16:552][649]LogModuleManager: Shutting down and abandoning module MetalShaderFormat (133)
[2017.10.08-21.26.16:553][649]LogModuleManager: Shutting down and abandoning module TextureFormatUncompressed (131)
[2017.10.08-21.26.16:553][649]LogModuleManager: Shutting down and abandoning module TextureFormatPVR (129)
[2017.10.08-21.26.16:553][649]LogModuleManager: Shutting down and abandoning module TextureFormatDXT (127)
[2017.10.08-21.26.16:553][649]LogModuleManager: Shutting down and abandoning module TextureFormatIntelISPCTexComp (125)
[2017.10.08-21.26.16:553][649]LogModuleManager: Shutting down and abandoning module TextureFormatASTC (123)
[2017.10.08-21.26.16:553][649]LogModuleManager: Shutting down and abandoning module ImageWrapper (122)
[2017.10.08-21.26.16:553][649]LogModuleManager: Shutting down and abandoning module TextureFormatAndroid (119)
[2017.10.08-21.26.16:553][649]LogModuleManager: Shutting down and abandoning module AudioFormatOpus (117)
[2017.10.08-21.26.16:553][649]LogModuleManager: Shutting down and abandoning module AudioFormatOgg (115)
[2017.10.08-21.26.16:553][649]LogModuleManager: Shutting down and abandoning module AudioFormatADPCM (113)
[2017.10.08-21.26.16:553][649]LogModuleManager: Shutting down and abandoning module LinuxTargetPlatform (111)
[2017.10.08-21.26.16:553][649]LogModuleManager: Shutting down and abandoning module LinuxServerTargetPlatform (109)
[2017.10.08-21.26.16:553][649]LogModuleManager: Shutting down and abandoning module LinuxNoEditorTargetPlatform (107)
[2017.10.08-21.26.16:553][649]LogModuleManager: Shutting down and abandoning module LinuxClientTargetPlatform (105)
[2017.10.08-21.26.16:553][649]LogModuleManager: Shutting down and abandoning module TVOSTargetPlatform (103)
[2017.10.08-21.26.16:553][649]LogModuleManager: Shutting down and abandoning module Messaging (101)
[2017.10.08-21.26.16:553][649]LogModuleManager: Shutting down and abandoning module IOSTargetPlatform (99)
[2017.10.08-21.26.16:553][649]LogModuleManager: Shutting down and abandoning module HTML5TargetPlatform (97)
[2017.10.08-21.26.16:553][649]LogModuleManager: Shutting down and abandoning module Android_PVRTCTargetPlatform (95)
[2017.10.08-21.26.16:553][649]LogModuleManager: Shutting down and abandoning module Android_MultiTargetPlatform (93)
[2017.10.08-21.26.16:553][649]LogModuleManager: Shutting down and abandoning module Android_ETC2TargetPlatform (91)
[2017.10.08-21.26.16:553][649]LogModuleManager: Shutting down and abandoning module Android_ETC1TargetPlatform (89)
[2017.10.08-21.26.16:553][649]LogModuleManager: Shutting down and abandoning module Android_DXTTargetPlatform (87)
[2017.10.08-21.26.16:553][649]LogModuleManager: Shutting down and abandoning module Android_ATCTargetPlatform (85)
[2017.10.08-21.26.16:553][649]LogModuleManager: Shutting down and abandoning module Android_ASTCTargetPlatform (83)
[2017.10.08-21.26.16:553][649]LogModuleManager: Shutting down and abandoning module AndroidTargetPlatform (81)
[2017.10.08-21.26.16:553][649]LogModuleManager: Shutting down and abandoning module WindowsTargetPlatform (79)
[2017.10.08-21.26.16:553][649]LogModuleManager: Shutting down and abandoning module WindowsServerTargetPlatform (77)
[2017.10.08-21.26.16:553][649]LogModuleManager: Shutting down and abandoning module WindowsNoEditorTargetPlatform (75)
[2017.10.08-21.26.16:553][649]LogModuleManager: Shutting down and abandoning module WindowsClientTargetPlatform (73)
[2017.10.08-21.26.16:553][649]LogModuleManager: Shutting down and abandoning module MacTargetPlatform (71)
[2017.10.08-21.26.16:553][649]LogModuleManager: Shutting down and abandoning module MacServerTargetPlatform (69)
[2017.10.08-21.26.16:553][649]LogModuleManager: Shutting down and abandoning module MacNoEditorTargetPlatform (67)
[2017.10.08-21.26.16:553][649]LogModuleManager: Shutting down and abandoning module MacClientTargetPlatform (65)
[2017.10.08-21.26.16:553][649]LogModuleManager: Shutting down and abandoning module AllDesktopTargetPlatform (63)
[2017.10.08-21.26.16:553][649]LogModuleManager: Shutting down and abandoning module InputCore (60)
[2017.10.08-21.26.16:553][649]LogModuleManager: Shutting down and abandoning module Settings (58)
[2017.10.08-21.26.16:553][649]LogModuleManager: Shutting down and abandoning module OculusRift (56)
[2017.10.08-21.26.16:553][649]LogModuleManager: Shutting down and abandoning module GearVRController (54)
[2017.10.08-21.26.16:553][649]LogModuleManager: Shutting down and abandoning module GearVR (52)
[2017.10.08-21.26.16:553][649]LogModuleManager: Shutting down and abandoning module ExampleDeviceProfileSelector (50)
[2017.10.08-21.26.16:553][649]LogModuleManager: Shutting down and abandoning module OnlineBlueprintSupport (48)
[2017.10.08-21.26.16:553][649]LogModuleManager: Shutting down and abandoning module OnlineSubsystem (44)
[2017.10.08-21.26.16:553][649]LogOnline:Display: Unloading online subsystem: NULL
[2017.10.08-21.26.16:554][649]LogModuleManager: Shutting down and abandoning module XMPP (43)
[2017.10.08-21.26.16:555][649]LogModuleManager: Shutting down and abandoning module HTTP (41)
[2017.10.08-21.26.16:555][649]LogHttp:Display: Http module shutting down, but needs to wait on 1 outstanding Http requests:
[2017.10.08-21.26.16:555][649]LogHttp:Display: 	verb=[POST] url=[https://datarouter.ol.epicgames.com/datarouter/api/v1/public/data?SessionID=%7B11460187-49E7-672B-2F96-D9B28BDA4C8E%7D&AppID=UEEditor.Rocket.Release&AppVersion=4.16.3-3561208%2B%2B%2BUE4%2BRelease-4.16&UserID=665dec2a4cb07e4a71250ab9266ceb62%7Ce8b3675815f34300b2475ff9b011f0bc%7C4e8dcd73-f07b-479f-a7d5-ed78ed029b66&AppEnvironment=datacollector-binary&UploadType=eteventstream] status=Processing
[2017.10.08-21.26.16:558][649]LogModuleManager: Shutting down and abandoning module SSL (40)
[2017.10.08-21.26.16:560][649]LogModuleManager: Shutting down and abandoning module HTTPChunkInstaller (36)
[2017.10.08-21.26.16:560][649]LogModuleManager: Shutting down and abandoning module AnimationModifiers (34)
[2017.10.08-21.26.16:560][649]LogModuleManager: Shutting down and abandoning module PropertyEditor (33)
[2017.10.08-21.26.16:560][649]LogModuleManager: Shutting down and abandoning module AudioEditor (30)
[2017.10.08-21.26.16:561][649]LogModuleManager: Shutting down and abandoning module TextureCompressor (28)
[2017.10.08-21.26.16:561][649]LogModuleManager: Shutting down and abandoning module ShaderCore (26)
[2017.10.08-21.26.16:561][649]LogModuleManager: Shutting down and abandoning module Landscape (24)
[2017.10.08-21.26.16:561][649]LogModuleManager: Shutting down and abandoning module SlateRHIRenderer (22)
[2017.10.08-21.26.16:561][649]LogModuleManager: Shutting down and abandoning module OpenGLDrv (20)
[2017.10.08-21.26.16:562][649]LogModuleManager: Shutting down and abandoning module D3D11RHI (18)
[2017.10.08-21.26.16:562][649]LogModuleManager: Shutting down and abandoning module AnimGraphRuntime (16)
[2017.10.08-21.26.16:562][649]LogModuleManager: Shutting down and abandoning module Renderer (14)
[2017.10.08-21.26.16:562][649]LogModuleManager: Shutting down and abandoning module Engine (12)
[2017.10.08-21.26.16:562][649]LogModuleManager: Shutting down and abandoning module CoreUObject (10)
[2017.10.08-21.26.16:562][649]LogModuleManager: Shutting down and abandoning module NetworkFile (8)
[2017.10.08-21.26.16:562][649]LogModuleManager: Shutting down and abandoning module StreamingFile (6)
[2017.10.08-21.26.16:562][649]LogModuleManager: Shutting down and abandoning module SandboxFile (4)
[2017.10.08-21.26.16:562][649]LogModuleManager: Shutting down and abandoning module PakFile (2)
[2017.10.08-21.26.16:564][649]LogExit: Exiting.
[2017.10.08-21.26.16:574][649]Log file closed, 10/08/17 17:26:16
