Log file open, 10/07/17 16:31:29
LogInit:Display: Running engine for game: ScrumLordRacing
LogPlatformFile: Not using cached read wrapper
LogInit:Display: RandInit(967636014) SRandInit(967636014).
LogTaskGraph: Started task graph with 5 named threads and 8 total threads with 1 sets of task threads.
LogStats: Stats thread started at 0.614926
LogInit: Using libcurl 7.47.1
LogInit:  - built for x86_64-pc-win32
LogInit:  - supports SSL with OpenSSL/1.0.2g
LogInit:  - supports HTTP deflate (compression) using libz 1.2.8
LogInit:  - other features:
LogInit:      CURL_VERSION_SSL
LogInit:      CURL_VERSION_LIBZ
LogInit:      CURL_VERSION_IPV6
LogInit:      CURL_VERSION_ASYNCHDNS
LogInit:      CURL_VERSION_LARGEFILE
LogInit:      CURL_VERSION_IDN
LogInit:  CurlRequestOptions (configurable via config and command line):
LogInit:  - bVerifyPeer = false  - Libcurl will NOT verify peer certificate
LogInit:  - bUseHttpProxy = false  - Libcurl will NOT use HTTP proxy
LogInit:  - bDontReuseConnections = false  - Libcurl will reuse connections
LogInit:  - CertBundlePath = nullptr  - Libcurl will use whatever was configured at build time.
LogInit: Build: ++UE4+Release-4.16-CL-3561208
LogInit: Engine Version: 4.16.3-3561208+++UE4+Release-4.16
LogInit: Compatible Engine Version: 4.16.0-3452394+++UE4+Release-4.16
LogInit: Net CL: 3452394
LogDevObjectVersion: Number of dev versions registered: 16
LogDevObjectVersion:   Dev-Blueprints (B0D832E4-1F89-4F0D-ACCF-7EB736FD4AA2): 9
LogDevObjectVersion:   Dev-Build (E1C64328-A22C-4D53-A36C-8E866417BD8C): 0
LogDevObjectVersion:   Dev-Core (375EC13C-06E4-48FB-B500-84F0262A717E): 2
LogDevObjectVersion:   Dev-Editor (E4B068ED-F494-42E9-A231-DA0B2E46BB41): 17
LogDevObjectVersion:   Dev-Framework (CFFC743F-43B0-4480-9391-14DF171D2073): 23
LogDevObjectVersion:   Dev-Mobile (B02B49B5-BB20-44E9-A304-32B752E40360): 0
LogDevObjectVersion:   Dev-Networking (A4E4105C-59A1-49B5-A7C5-40C4547EDFEE): 0
LogDevObjectVersion:   Dev-Online (39C831C9-5AE6-47DC-9A44-9C173E1C8E7C): 0
LogDevObjectVersion:   Dev-Physics (78F01B33-EBEA-4F98-B9B4-84EACCB95AA2): 0
LogDevObjectVersion:   Dev-Platform (6631380F-2D4D-43E0-8009-CF276956A95A): 0
LogDevObjectVersion:   Dev-Rendering (12F88B9F-8875-4AFC-A67C-D90C383ABD29): 15
LogDevObjectVersion:   Dev-Sequencer (7B5AE74C-D270-4C10-A958-57980B212A5A): 4
LogDevObjectVersion:   Dev-VR (D7296918-1DD6-4BDD-9DE2-64A83CC13884): 0
LogDevObjectVersion:   Dev-LoadTimes (C2A15278-BFE7-4AFE-6C17-90FF531DF755): 1
LogDevObjectVersion:   Private-Geometry (6EACA3D4-40EC-4CC1-B786-8BED09428FC5): 1
LogDevObjectVersion:   Dev-AnimPhys (29E575DD-E0A3-4627-9D10-D276232CDCEA): 3
LogInit: Compiled (64-bit): Jul 28 2017 11:49:47
LogInit: Compiled with Visual C++: 19.00.24215.01
LogInit: Build Configuration: Development
LogInit: Branch Name: ++UE4+Release-4.16
LogInit: Command line:  
LogInit: Base directory: C:/Program Files/Epic Games/UE_4.16/Engine/Binaries/Win64/
LogInit: Installed Engine Build: 1
LogInit: Presizing for max 8388607 objects, including 0 objects not considered by GC, pre-allocating 0 bytes for permanent pool.
LogInit: Object subsystem initialized
[2017.10.07-20.31.29:767][  0]LogInit: Selected Device Profile: [Windows]
[2017.10.07-20.31.29:767][  0]LogInit: Applying CVar settings loaded from the selected device profile: [Windows]
[2017.10.07-20.31.29:791][  0]LogInit: Computer: ALEX
[2017.10.07-20.31.29:791][  0]LogInit: User: galla000
[2017.10.07-20.31.29:791][  0]LogInit: CPU Page size=4096, Cores=4
[2017.10.07-20.31.29:791][  0]LogInit: High frequency timer resolution =2.825505 MHz
[2017.10.07-20.31.29:791][  0]LogMemory: Memory total: Physical=31.9GB (32GB approx)
[2017.10.07-20.31.29:791][  0]LogMemory: Platform Memory Stats for Windows
[2017.10.07-20.31.29:791][  0]LogMemory: Process Physical Memory: 271.57 MB used, 271.57 MB peak
[2017.10.07-20.31.29:791][  0]LogMemory: Process Virtual Memory: 260.71 MB used, 260.71 MB peak
[2017.10.07-20.31.29:791][  0]LogMemory: Physical Memory: 3322.86 MB used,  29326.16 MB free, 32649.02 MB total
[2017.10.07-20.31.29:791][  0]LogMemory: Virtual Memory: 621.52 MB used,  29326.16 MB free, 134217728.00 MB total
[2017.10.07-20.31.30:071][  0]LogInit: Using OS detected language (en-US).
[2017.10.07-20.31.30:071][  0]LogInit: Using OS detected locale (en-US).
[2017.10.07-20.31.30:113][  0]LogTextLocalizationManager: No specific localization for 'en-US' exists, so the 'en' localization will be used.
[2017.10.07-20.31.32:407][  0]LogD3D11RHI: D3D11 adapters:
[2017.10.07-20.31.32:415][  0]LogD3D11RHI:    0. 'Intel(R) HD Graphics 4600' (Feature Level 11_0)
[2017.10.07-20.31.32:415][  0]LogD3D11RHI:       4054/0/16324 MB DedicatedVideo/DedicatedSystem/SharedSystem, Outputs:1, VendorId:0x8086
[2017.10.07-20.31.32:419][  0]LogD3D11RHI:    1. 'Microsoft Basic Render Driver' (Feature Level 11_0)
[2017.10.07-20.31.32:419][  0]LogD3D11RHI:       0/0/256 MB DedicatedVideo/DedicatedSystem/SharedSystem, Outputs:0, VendorId:0x1414
[2017.10.07-20.31.32:419][  0]LogD3D11RHI: Chosen D3D11 Adapter: 0
[2017.10.07-20.31.32:423][  0]LogD3D11RHI: Creating new Direct3DDevice
[2017.10.07-20.31.32:423][  0]LogD3D11RHI:     GPU DeviceId: 0x416 (for the marketing name, search the web for "GPU Device Id")
[2017.10.07-20.31.32:423][  0]LogWindows: EnumDisplayDevices:
[2017.10.07-20.31.32:424][  0]LogWindows:    0. 'Intel(R) HD Graphics 4600' (P:1 D:1)
[2017.10.07-20.31.32:424][  0]LogWindows:    1. 'Intel(R) HD Graphics 4600' (P:0 D:0)
[2017.10.07-20.31.32:424][  0]LogWindows:    2. 'Intel(R) HD Graphics 4600' (P:0 D:0)
[2017.10.07-20.31.32:424][  0]LogWindows:    3. 'Intel(R) HD Graphics 4600' (P:0 D:0)
[2017.10.07-20.31.32:424][  0]LogWindows: DebugString: FoundDriverCount:4 
[2017.10.07-20.31.32:424][  0]LogD3D11RHI:     Adapter Name: Intel(R) HD Graphics 4600
[2017.10.07-20.31.32:424][  0]LogD3D11RHI:   Driver Version: 10.18.10.3304 (internal:10.18.10.3304, unified:10.18.10.3304)
[2017.10.07-20.31.32:424][  0]LogD3D11RHI:      Driver Date: 9-9-2013
[2017.10.07-20.31.32:424][  0]LogRHI: Texture pool is 1361 MB (70% of 1945 MB)
[2017.10.07-20.31.32:432][  0]LogD3D11RHI: Async texture creation enabled
[2017.10.07-20.31.32:467][  0]LogD3D11RHI: GPU Timing Frequency: 12.500000 (Debug: 2 2)
[2017.10.07-20.31.32:472][  0]LogShaderCompilers: Guid format shader working directory is 19 characters bigger than the processId version (D:/Unreal Games/ScrumLordRacing/Intermediate/Shaders/WorkingDirectory/5456/).
[2017.10.07-20.31.32:472][  0]LogShaderCompilers: Cleaned the shader compiler working directory 'C:/Users/galla_000/AppData/Local/Temp/UnrealShaderWorkingDir/D9E0292A4972B0E5FEF5C3853E2808EB/'.
[2017.10.07-20.31.32:473][  0]LogShaderCompilers:Display: Using Local Shader Compiler.
[2017.10.07-20.31.34:339][  0]LogTemp:Display: Loaded TP AllDesktopTargetPlatform
[2017.10.07-20.31.34:378][  0]LogTemp:Display: Loaded TP MacClientTargetPlatform
[2017.10.07-20.31.34:417][  0]LogTemp:Display: Loaded TP MacNoEditorTargetPlatform
[2017.10.07-20.31.34:457][  0]LogTemp:Display: Loaded TP MacServerTargetPlatform
[2017.10.07-20.31.34:499][  0]LogTemp:Display: Loaded TP MacTargetPlatform
[2017.10.07-20.31.34:537][  0]LogTemp:Display: Loaded TP WindowsClientTargetPlatform
[2017.10.07-20.31.34:576][  0]LogTemp:Display: Loaded TP WindowsNoEditorTargetPlatform
[2017.10.07-20.31.34:617][  0]LogTemp:Display: Loaded TP WindowsServerTargetPlatform
[2017.10.07-20.31.34:652][  0]LogTemp:Display: Loaded TP WindowsTargetPlatform
[2017.10.07-20.31.34:693][  0]LogTemp:Display: Loaded TP AndroidTargetPlatform
[2017.10.07-20.31.34:732][  0]LogTemp:Display: Loaded TP Android_ASTCTargetPlatform
[2017.10.07-20.31.34:771][  0]LogTemp:Display: Loaded TP Android_ATCTargetPlatform
[2017.10.07-20.31.34:810][  0]LogTemp:Display: Loaded TP Android_DXTTargetPlatform
[2017.10.07-20.31.34:849][  0]LogTemp:Display: Loaded TP Android_ETC1TargetPlatform
[2017.10.07-20.31.34:890][  0]LogTemp:Display: Loaded TP Android_ETC2TargetPlatform
[2017.10.07-20.31.34:968][  0]LogTemp:Display: Loaded TP Android_MultiTargetPlatform
[2017.10.07-20.31.34:968][  0]LogTemp:Display: Loaded TP Android_PVRTCTargetPlatform
[2017.10.07-20.31.34:998][  0]LogTemp:Display: Loaded TP HTML5TargetPlatform
[2017.10.07-20.31.35:089][  0]LogTemp:Display: Loaded TP IOSTargetPlatform
[2017.10.07-20.31.35:113][  0]LogTemp:Display: Loaded TP TVOSTargetPlatform
[2017.10.07-20.31.35:152][  0]LogTemp:Display: Loaded TP LinuxClientTargetPlatform
[2017.10.07-20.31.35:192][  0]LogTemp:Display: Loaded TP LinuxNoEditorTargetPlatform
[2017.10.07-20.31.35:230][  0]LogTemp:Display: Loaded TP LinuxServerTargetPlatform
[2017.10.07-20.31.35:269][  0]LogTemp:Display: Loaded TP LinuxTargetPlatform
[2017.10.07-20.31.35:269][  0]LogTargetPlatformManager:Display: Building Assets For Windows
[2017.10.07-20.31.35:769][  0]LogDerivedDataCache:Display: Max Cache Size: 512 MB
[2017.10.07-20.31.36:117][  0]LogDerivedDataCache: Loaded boot cache 0.35s 90MB C:/Users/galla_000/AppData/Local/UnrealEngine/4.16/DerivedDataCache/Boot.ddc.
[2017.10.07-20.31.36:117][  0]LogDerivedDataCache:Display: Loaded Boot cache: C:/Users/galla_000/AppData/Local/UnrealEngine/4.16/DerivedDataCache/Boot.ddc
[2017.10.07-20.31.36:117][  0]LogDerivedDataCache: FDerivedDataBackendGraph:  Pak pak cache file D:/Unreal Games/ScrumLordRacing/DerivedDataCache/DDC.ddp not found, will not use a pak cache.
[2017.10.07-20.31.36:117][  0]LogDerivedDataCache: Unable to find inner node Pak for hierarchical cache Hierarchy.
[2017.10.07-20.31.36:117][  0]LogDerivedDataCache: FDerivedDataBackendGraph:  CompressedPak pak cache file D:/Unreal Games/ScrumLordRacing/DerivedDataCache/Compressed.ddp not found, will not use a pak cache.
[2017.10.07-20.31.36:117][  0]LogDerivedDataCache: Unable to find inner node CompressedPak for hierarchical cache Hierarchy.
[2017.10.07-20.31.36:143][  0]LogDerivedDataCache:Display: Pak cache opened for reading ../../../Engine/DerivedDataCache/Compressed.ddp.
[2017.10.07-20.31.36:155][  0]LogDerivedDataCache: Using Local data cache path C:/Users/galla_000/AppData/Local/UnrealEngine/Common/DerivedDataCache: Writable
[2017.10.07-20.31.36:168][  0]LogMaterial: Verifying Global Shaders for PCD3D_SM5
[2017.10.07-20.31.36:173][  0]LogSlate: Using Freetype 2.6.0
[2017.10.07-20.31.36:185][  0]LogSlate: SlateFontCache - WITH_FREETYPE: 1, WITH_HARFBUZZ: 1
[2017.10.07-20.31.36:185][  0]LogSlate: SlateFontCache - WITH_FREETYPE: 1, WITH_HARFBUZZ: 1
[2017.10.07-20.31.37:009][  0]LogInit: Selected Device Profile: [Windows]
[2017.10.07-20.31.37:231][  0]LogContentStreaming: Texture pool size is 0.00 MB
[2017.10.07-20.31.37:484][  0]LogMeshUtilities: Using QuadricMeshReduction for automatic static mesh reduction
[2017.10.07-20.31.37:531][  0]LogSimplygon: Simplygon DLL not present - disabling.
[2017.10.07-20.31.37:571][  0]LogMeshUtilities: Using SimplygonSwarm for distributed automatic mesh merging
[2017.10.07-20.31.37:571][  0]LogMeshUtilities: No automatic skeletal mesh reduction module available
[2017.10.07-20.31.37:571][  0]LogMeshUtilities: No automatic mesh merging module available
[2017.10.07-20.31.38:906][  0]LogNetVersion: ScrumLordRacing , NetCL: 3452394, EngineNetVer: 2, GameNetVer: 0 (Checksum: 1756322102)
[2017.10.07-20.31.39:001][  0]LogAssetRegistry: FAssetRegistry took 0.0287 seconds to start up
[2017.10.07-20.31.39:174][  0]LogPackageLocalizationCache: Processed 4 localized package path(s) for 2 prioritized culture(s) in 0.154722 seconds
[2017.10.07-20.31.39:179][  0]LogUObjectArray: 34194 objects as part of root set at end of initial load.
[2017.10.07-20.31.39:179][  0]LogUObjectAllocator: 7260424 out of 0 bytes used by permanent object pool.
[2017.10.07-20.31.39:179][  0]LogUObjectArray: CloseDisregardForGC: 0/0 objects in disregard for GC pool
[2017.10.07-20.31.39:229][  0]LogInit: WinSock: version 1.1 (2.2), MaxSocks=32767, MaxUdp=65467
[2017.10.07-20.31.43:558][  0]LogTcpMessaging: Initializing TcpMessaging bridge
[2017.10.07-20.31.43:595][  0]LogUdpMessaging: Initializing bridge on interface 0.0.0.0:0 to multicast group 230.0.0.1:6666.
[2017.10.07-20.31.44:170][  0]LogMaterial: Uniform references updated for custom material expression Custom.
[2017.10.07-20.31.44:611][  0]SourceControl: Info Source control is disabled
[2017.10.07-20.31.44:612][  0]SourceControl: Info Source control is disabled
[2017.10.07-20.31.44:655][  0]SourceControl: Info Source control is disabled
[2017.10.07-20.31.44:693][  0]SourceControl: Info Source control is disabled
[2017.10.07-20.31.45:341][  0]LogAndroidPermission: UAndroidPermissionCallbackProxy::GetInstance
[2017.10.07-20.31.45:846][  0]LogEngine: Initializing Engine...
[2017.10.07-20.31.45:848][  0]LogHMD: Failed to initialize OpenVR with code 110
[2017.10.07-20.31.46:262][  0]LogStats: UGameplayTagsManager::ConstructGameplayTagTree: Construct from data asset -  0.000 s
[2017.10.07-20.31.46:266][  0]LogStats: UGameplayTagsManager::ConstructGameplayTagTree: GameplayTagTreeChangedEvent.Broadcast -  0.003 s
[2017.10.07-20.31.46:462][  0]LogAIModule: Creating AISystem for world Untitled
[2017.10.07-20.31.46:474][  0]LogInit: XAudio2 using 'Speakers (Realtek High Definition Audio)' : 2 channels at 48 kHz using 32 bits per sample (channel mask 0x3)
[2017.10.07-20.31.46:740][  0]LogInit: FAudioDevice initialized.
[2017.10.07-20.31.46:780][  0]LogDerivedDataCache: Saved boot cache 0.04s 90MB C:/Users/galla_000/AppData/Local/UnrealEngine/4.16/DerivedDataCache/Boot.ddc.
[2017.10.07-20.31.46:788][  0]LogInit: Texture streaming: Enabled
[2017.10.07-20.31.46:870][  0]LogEngineSessionManager: EngineSessionManager initialized
[2017.10.07-20.31.46:870][  0]LogEngineSessionManager: EngineSessionManager sent abnormal shutdown report. Type=AbnormalShutdown, SessionId={F356D114-4420-BC05-00D8-C6B014D165FF}
[2017.10.07-20.31.47:091][  0]LogInit: Transaction tracking system initialized
[2017.10.07-20.31.47:360][  0]BlueprintLog: New page: Editor Load
[2017.10.07-20.31.48:182][  0]LocalizationService: Info Localization service is disabled
[2017.10.07-20.31.48:794][  0]LogConsoleResponse:Display: 
[2017.10.07-20.31.49:217][  0]LogCook:Display: Max memory allowance for cook 16384mb min free memory 0mb
[2017.10.07-20.31.49:218][  0]LogCook:Display: Mobile HDR setting 1
[2017.10.07-20.31.49:766][  0]LogFileCache: Scanning file cache for directory 'D:/Unreal Games/ScrumLordRacing/Content/' took 0.02s
[2017.10.07-20.31.50:173][  0]SourceControl: Info Source control is disabled
[2017.10.07-20.31.50:174][  0]Cmd: MAP LOAD FILE="D:/Unreal Games/ScrumLordRacing/Content/Maps/MainMenu/MainMenu.umap" TEMPLATE=0 SHOWPROGRESS=1 FEATURELEVEL=3
[2017.10.07-20.31.50:175][  0]LightingResults: New page: Lighting Build
[2017.10.07-20.31.50:213][  0]MapCheck: New page: Map Check
[2017.10.07-20.31.50:213][  0]LightingResults: New page: Lighting Build
[2017.10.07-20.31.51:177][  0]LogAIModule: Creating AISystem for world MainMenu
[2017.10.07-20.31.51:182][  0]LogEditorServer: Finished looking for orphan Actors (0.000 secs)
[2017.10.07-20.31.51:198][  0]Cmd: MAP CHECKDEP NOCLEARLOG
[2017.10.07-20.31.51:234][  0]MapCheck: Info Map check complete: 0 Error(s), 0 Warning(s), took 36.271ms to complete.
[2017.10.07-20.31.51:234][  0]LogFileHelpers: Loading map 'MainMenu' took 1.059
[2017.10.07-20.31.51:414][  0]LogCollectionManager: Loaded 0 collections in 0.001296 seconds
[2017.10.07-20.31.51:497][  0]LogFileCache: Scanning file cache for directory 'D:/Unreal Games/ScrumLordRacing/Saved/Collections/' took 0.01s
[2017.10.07-20.31.51:497][  0]LogFileCache: Scanning file cache for directory 'D:/Unreal Games/ScrumLordRacing/Content/Developers/galla000/Collections/' took 0.01s
[2017.10.07-20.31.51:497][  0]LogFileCache: Scanning file cache for directory 'D:/Unreal Games/ScrumLordRacing/Content/Collections/' took 0.01s
[2017.10.07-20.31.51:497][  0]LogCollectionManager: Rebuilt the GUID cache for 0 collections in 0.000001 seconds
[2017.10.07-20.31.51:506][  0]LogContentBrowser: Native class hierarchy populated in 0.0080 seconds. Added 2331 classes and 494 folders.
[2017.10.07-20.31.51:556][  0]LogContentBrowser: Native class hierarchy updated for 'WidgetCarousel' in 0.0004 seconds. Added 0 classes and 0 folders.
[2017.10.07-20.31.51:865][  0]LogContentBrowser: Native class hierarchy updated for 'AddContentDialog' in 0.0005 seconds. Added 0 classes and 0 folders.
[2017.10.07-20.31.51:906][  0]LogContentBrowser: Native class hierarchy updated for 'SceneOutliner' in 0.0005 seconds. Added 1 classes and 2 folders.
[2017.10.07-20.31.52:066][  0]LogCrashTracker: Crashtracker disabled due to settings.
[2017.10.07-20.31.52:086][  0]LogSlate: Took 0.007456 seconds to synchronously load lazily loaded font '../../../Engine/Content/Slate/Fonts/Roboto-Regular.ttf' (155K)
[2017.10.07-20.31.52:093][  0]LogSlate: Took 0.005327 seconds to synchronously load lazily loaded font '../../../Engine/Content/Slate/Fonts/Roboto-Bold.ttf' (160K)
[2017.10.07-20.31.52:105][  0]LogSlate: Took 0.005906 seconds to synchronously load lazily loaded font '../../../Engine/Content/Editor/Slate/Fonts/FontAwesome.ttf' (139K)
[2017.10.07-20.31.52:245][  0]LogRenderer: Reallocating scene render targets to support 1208x576 NumSamples 1 (Frame:1).
[2017.10.07-20.31.52:715][  0]LogUObjectGlobals:Warning: Failed to find object 'Class None.'
[2017.10.07-20.31.52:776][  0]LogContentBrowser: Native class hierarchy updated for 'HierarchicalLODOutliner' in 0.0006 seconds. Added 1 classes and 2 folders.
[2017.10.07-20.31.52:776][  0]LogLoad: (Engine Initialization) Total time: 25.91 seconds
[2017.10.07-20.31.52:776][  0]LogLoad: (Engine Initialization) Total Blueprint compile time: 0.16 seconds
[2017.10.07-20.31.52:776][  0]LogExternalProfiler: No external profilers were discovered.  External profiling features will not be available.
[2017.10.07-20.31.52:793][  0]LogOcInput: OculusInput pre-init called
[2017.10.07-20.31.52:794][  0]LogRawInputWindows:Warning: Found device 0 devices
[2017.10.07-20.31.52:794][  0]LogRawInputWindows:Warning: Found device 0 devices
[2017.10.07-20.31.52:794][  0]LogRawInputWindows:Warning: Device was registered succesfully but not connected (Usage:4 UsagePage:1
[2017.10.07-20.31.52:794][  0]LogRawInputWindows:Warning: Found device 1 devices
[2017.10.07-20.31.52:794][  0]LogRawInputWindows:Warning: Device was registered succesfully but not connected (Usage:5 UsagePage:1
[2017.10.07-20.31.52:794][  0]LogHMD: Starting GearVRController plugin
[2017.10.07-20.31.52:816][  0]LogContentStreaming: Texture pool size now 800 MB
[2017.10.07-20.31.52:860][  0]LogSlate: Took 0.005430 seconds to synchronously load lazily loaded font '../../../Engine/Content/Slate/Fonts/Roboto-Light.ttf' (159K)
[2017.10.07-20.31.52:879][  1]LogAssetRegistry: Asset discovery search completed in 13.9016 seconds
[2017.10.07-20.31.52:882][  1]LogCollectionManager: Rebuilt the object cache for 0 collections in 0.000001 seconds (found 0 objects)
[2017.10.07-20.31.52:882][  1]LogCollectionManager: Fixed up redirectors for 0 collections in 0.000038 seconds (updated 0 objects)
[2017.10.07-20.31.53:843][ 35]LogSlate: Took 0.000217 seconds to synchronously load lazily loaded font '../../../Engine/Content/Slate/Fonts/Roboto-Light.ttf' (159K)
[2017.10.07-20.32.07:180][529]LogTemp: Repeting last play command: Selected Viewport
[2017.10.07-20.32.07:309][529]LogBlueprintUserMessages: Early PlayInEditor Detection: Level '/Game/Maps/MainMenu/MainMenu.MainMenu:PersistentLevel' has LevelScriptBlueprint '/Game/Maps/MainMenu/MainMenu.MainMenu:PersistentLevel.MainMenu' with GeneratedClass '/Game/Maps/MainMenu/MainMenu.MainMenu_C' with ClassGeneratedBy '/Game/Maps/MainMenu/MainMenu.MainMenu:PersistentLevel.MainMenu'
[2017.10.07-20.32.07:309][529]LogPlayLevel: PlayLevel: No blueprints needed recompiling
[2017.10.07-20.32.07:312][529]PIE: New page: PIE session: MainMenu (Oct 7, 2017, 12:32:07 PM)
[2017.10.07-20.32.07:312][529]LogPlayLevel: Creating play world package: /Game/Maps/MainMenu/UEDPIE_0_MainMenu
[2017.10.07-20.32.07:314][529]LogPlayLevel: PIE: StaticDuplicateObject took: (0.001942s)
[2017.10.07-20.32.07:314][529]LogAIModule: Creating AISystem for world MainMenu
[2017.10.07-20.32.07:314][529]LogPlayLevel: PIE: World Init took: (0.000717s)
[2017.10.07-20.32.07:315][529]LogPlayLevel: PIE: Created PIE world by copying editor world from /Game/Maps/MainMenu/MainMenu.MainMenu to /Game/Maps/MainMenu/UEDPIE_0_MainMenu.MainMenu (0.002876s)
[2017.10.07-20.32.07:323][529]LogInit: XAudio2 using 'Speakers (Realtek High Definition Audio)' : 2 channels at 48 kHz using 32 bits per sample (channel mask 0x3)
[2017.10.07-20.32.07:330][529]LogInit: FAudioDevice initialized.
[2017.10.07-20.32.07:373][529]LogLoad: Game class is 'VehicleAdvGameMode_C'
[2017.10.07-20.32.07:381][529]LogWorld: Bringing World /Game/Maps/MainMenu/UEDPIE_0_MainMenu.MainMenu up for play (max tick rate 60) at 2017.10.07-16.32.07
[2017.10.07-20.32.07:381][529]LogWorld: Bringing up level for play took: 0.000683
[2017.10.07-20.32.07:418][529]LogContentBrowser: Native class hierarchy updated for 'MovieSceneCapture' in 0.0006 seconds. Added 11 classes and 0 folders.
[2017.10.07-20.32.07:424][529]PIE: Info Play in editor start time for /Game/Maps/MainMenu/UEDPIE_0_MainMenu -0.747
[2017.10.07-20.32.07:424][529]LogBlueprintUserMessages: Late PlayInEditor Detection: Level '/Game/Maps/MainMenu/MainMenu.MainMenu:PersistentLevel' has LevelScriptBlueprint '/Game/Maps/MainMenu/MainMenu.MainMenu:PersistentLevel.MainMenu' with GeneratedClass '/Game/Maps/MainMenu/MainMenu.MainMenu_C' with ClassGeneratedBy '/Game/Maps/MainMenu/MainMenu.MainMenu:PersistentLevel.MainMenu'
[2017.10.07-20.32.11:124][692]LogNet: Browse: /Game/VehicleAdvBP/Maps/VehicleAdvExampleMap
[2017.10.07-20.32.11:139][692]LogLoad: LoadMap: /Game/VehicleAdvBP/Maps/VehicleAdvExampleMap
[2017.10.07-20.32.11:151][692]Cmd: MEM
[2017.10.07-20.32.11:163][692]LogMemory: Platform Memory Stats for Windows
[2017.10.07-20.32.11:163][692]LogMemory: Process Physical Memory: 983.64 MB used, 1018.02 MB peak
[2017.10.07-20.32.11:163][692]LogMemory: Process Virtual Memory: 913.98 MB used, 952.98 MB peak
[2017.10.07-20.32.11:163][692]LogMemory: Physical Memory: 4490.10 MB used,  28158.93 MB free, 32649.02 MB total
[2017.10.07-20.32.11:163][692]LogMemory: Virtual Memory: 1782.32 MB used,  28158.93 MB free, 134217728.00 MB total
[2017.10.07-20.32.11:163][692]LogMemory: 
[2017.10.07-20.32.11:163][692]Allocator Stats for TBB: (not implemented)
[2017.10.07-20.32.14:443][692]LogAIModule: Creating AISystem for world VehicleAdvExampleMap
[2017.10.07-20.32.14:444][692]LogLoad: Game class is 'VehicleAdvGameMode_C'
[2017.10.07-20.32.14:474][692]PIE:Warning: Warning Attempting to move a fully simulated skeletal mesh VehicleMesh. Please use the Teleport flag
[2017.10.07-20.32.14:475][692]LogWorld: Bringing World /Game/VehicleAdvBP/Maps/UEDPIE_0_VehicleAdvExampleMap.VehicleAdvExampleMap up for play (max tick rate 60) at 2017.10.07-16.32.14
[2017.10.07-20.32.14:477][692]LogWorld: Bringing up level for play took: 0.030205
[2017.10.07-20.32.14:478][692]LogLoad: Took 3.338720 seconds to LoadMap(/Game/VehicleAdvBP/Maps/VehicleAdvExampleMap)
[2017.10.07-20.32.22:772][935]PIE:Warning: Warning Invalid Simulate Options: Body (1M_Cube_2_DM_BP3_320.Destructible 1M_Cube_2_DM) is set to simulate physics but Collision Enabled is incompatible
[2017.10.07-20.32.37:219][385]PIE:Warning: Warning Invalid Simulate Options: Body (Barrel_50.Destructible 1M_Cube_2_DM) is set to simulate physics but Collision Enabled is incompatible
[2017.10.07-20.32.43:969][589]LogBlueprintUserMessages: Early EndPlayMap Detection: Level '/Game/Maps/MainMenu/MainMenu.MainMenu:PersistentLevel' has LevelScriptBlueprint '/Game/Maps/MainMenu/MainMenu.MainMenu:PersistentLevel.MainMenu' with GeneratedClass '/Game/Maps/MainMenu/MainMenu.MainMenu_C' with ClassGeneratedBy '/Game/Maps/MainMenu/MainMenu.MainMenu:PersistentLevel.MainMenu'
[2017.10.07-20.32.44:041][589]LogBlueprintUserMessages: Late EndPlayMap Detection: Level '/Game/Maps/MainMenu/MainMenu.MainMenu:PersistentLevel' has LevelScriptBlueprint '/Game/Maps/MainMenu/MainMenu.MainMenu:PersistentLevel.MainMenu' with GeneratedClass '/Game/Maps/MainMenu/MainMenu.MainMenu_C' with ClassGeneratedBy '/Game/Maps/MainMenu/MainMenu.MainMenu:PersistentLevel.MainMenu'
[2017.10.07-20.33.12:926][458]LogSlate: Took 0.000119 seconds to synchronously load lazily loaded font '../../../Engine/Content/Slate/Fonts/Roboto-Light.ttf' (159K)
[2017.10.07-20.33.15:607][458]Cmd: OBJ SAVEPACKAGE PACKAGE="/Game/Maps/TrackOne/NewWorld" FILE="D:/Unreal Games/ScrumLordRacing/Content/Maps/TrackOne/NewWorld.umap" SILENT=true AUTOSAVING=false KEEPDIRTY=false
[2017.10.07-20.33.15:624][458]LogSavePackage: Save=7.23ms
[2017.10.07-20.33.15:624][458]LogSavePackage: Moving 'D:/Unreal Games/ScrumLordRacing/Saved/NewWorld6930641A4C7104949B1046841F6B2FC4.tmp' to 'D:/Unreal Games/ScrumLordRacing/Content/Maps/TrackOne/NewWorld.umap'
[2017.10.07-20.33.15:626][458]LogSavePackage:Display: Finished SavePackage D:/Unreal Games/ScrumLordRacing/Content/Maps/TrackOne/NewWorld.umap
[2017.10.07-20.33.15:627][458]LogFileHelpers: Saving map 'NewWorld' took 0.069
[2017.10.07-20.33.15:630][458]Cmd: MAP LOAD FILE="D:/Unreal Games/ScrumLordRacing/Content/Maps/TrackOne/NewWorld.umap" TEMPLATE=0 SHOWPROGRESS=1 FEATURELEVEL=3
[2017.10.07-20.33.15:630][458]LightingResults: New page: Lighting Build
[2017.10.07-20.33.15:631][458]LoadErrors: New page: Loading map: NewWorld.umap
[2017.10.07-20.33.15:636][458]MapCheck: New page: Map Check
[2017.10.07-20.33.15:636][458]LightingResults: New page: Lighting Build
[2017.10.07-20.33.15:679][458]LogEditorServer: Finished looking for orphan Actors (0.000 secs)
[2017.10.07-20.33.15:681][458]LogAIModule: Creating AISystem for world NewWorld
[2017.10.07-20.33.15:690][458]LogSlate: Took 0.000138 seconds to synchronously load lazily loaded font '../../../Engine/Content/Slate/Fonts/Roboto-Regular.ttf' (155K)
[2017.10.07-20.33.15:720][458]Cmd: MAP CHECKDEP NOCLEARLOG
[2017.10.07-20.33.15:762][458]MapCheck: Info Map check complete: 0 Error(s), 0 Warning(s), took 41.726ms to complete.
[2017.10.07-20.33.15:763][458]LogFileHelpers: Loading map 'NewWorld' took 0.135
[2017.10.07-20.33.44:700][469]LogActorFactory: Actor Factory created Plane
[2017.10.07-20.33.44:979][478]LogActorFactory: Actor Factory created Plane
[2017.10.07-20.34.04:030][121]Cmd: OBJ SAVEPACKAGE PACKAGE="/Game/Maps/TrackOne/NewWorld" FILE="D:/Unreal Games/ScrumLordRacing/Content/Maps/TrackOne/NewWorld.umap" SILENT=true AUTOSAVING=false KEEPDIRTY=false
[2017.10.07-20.34.04:114][121]LogSavePackage: Save=10.00ms
[2017.10.07-20.34.04:114][121]LogSavePackage: Moving 'D:/Unreal Games/ScrumLordRacing/Saved/NewWorld6D3ACE324416424C004AD4A834541844.tmp' to 'D:/Unreal Games/ScrumLordRacing/Content/Maps/TrackOne/NewWorld.umap'
[2017.10.07-20.34.04:115][121]LogSavePackage:Display: Finished SavePackage D:/Unreal Games/ScrumLordRacing/Content/Maps/TrackOne/NewWorld.umap
[2017.10.07-20.34.06:268][196]LogTemp: Repeting last play command: Selected Viewport
[2017.10.07-20.34.06:290][196]LogPlayLevel: PlayLevel: No blueprints needed recompiling
[2017.10.07-20.34.06:290][196]PIE: New page: PIE session: NewWorld (Oct 7, 2017, 12:34:06 PM)
[2017.10.07-20.34.06:290][196]LogPlayLevel: Creating play world package: /Game/Maps/TrackOne/UEDPIE_0_NewWorld
[2017.10.07-20.34.06:291][196]LogPlayLevel: PIE: StaticDuplicateObject took: (0.000656s)
[2017.10.07-20.34.06:291][196]LogAIModule: Creating AISystem for world NewWorld
[2017.10.07-20.34.06:291][196]LogPlayLevel: PIE: World Init took: (0.000514s)
[2017.10.07-20.34.06:291][196]LogPlayLevel: PIE: Created PIE world by copying editor world from /Game/Maps/TrackOne/NewWorld.NewWorld to /Game/Maps/TrackOne/UEDPIE_0_NewWorld.NewWorld (0.001327s)
[2017.10.07-20.34.06:302][196]LogInit: XAudio2 using 'Speakers (Realtek High Definition Audio)' : 2 channels at 48 kHz using 32 bits per sample (channel mask 0x3)
[2017.10.07-20.34.06:315][196]LogInit: FAudioDevice initialized.
[2017.10.07-20.34.06:350][196]LogLoad: Game class is 'VehicleAdvGameMode_C'
[2017.10.07-20.34.06:356][196]LogWorld: Bringing World /Game/Maps/TrackOne/UEDPIE_0_NewWorld.NewWorld up for play (max tick rate 60) at 2017.10.07-16.34.06
[2017.10.07-20.34.06:356][196]LogWorld: Bringing up level for play took: 0.000723
[2017.10.07-20.34.06:357][196]PIE: Info Play in editor start time for /Game/Maps/TrackOne/UEDPIE_0_NewWorld 0.186
[2017.10.07-20.34.14:475][491]LogEditorActor: Deleted Actor: StaticMeshActor
[2017.10.07-20.34.14:475][491]LogEditorActor: Deleted Actor: SkyLight
[2017.10.07-20.34.14:488][491]LogEditorActor: Deleted 2 Actors (0.013 secs)
[2017.10.07-20.34.20:404][690]LogAIModule: Creating AISystem for world VehicleAdvExampleMap
[2017.10.07-20.34.21:940][690]Cmd: OBJ SAVEPACKAGE PACKAGE="/Game/Maps/TrackOne/NewWorld" FILE="D:/Unreal Games/ScrumLordRacing/Content/Maps/TrackOne/NewWorld.umap" SILENT=true AUTOSAVING=false KEEPDIRTY=false
[2017.10.07-20.34.21:957][690]LogSavePackage: Save=6.59ms
[2017.10.07-20.34.21:957][690]LogSavePackage: Moving 'D:/Unreal Games/ScrumLordRacing/Saved/NewWorldBF92399F4F9BA64D8770079A6AEAD71C.tmp' to 'D:/Unreal Games/ScrumLordRacing/Content/Maps/TrackOne/NewWorld.umap'
[2017.10.07-20.34.21:959][690]LogSavePackage:Display: Finished SavePackage D:/Unreal Games/ScrumLordRacing/Content/Maps/TrackOne/NewWorld.umap
[2017.10.07-20.34.21:977][690]LogFileHelpers: Saving map 'NewWorld' took 0.081
[2017.10.07-20.34.21:978][690]Cmd: MAP LOAD FILE="D:/Unreal Games/ScrumLordRacing/Content/VehicleAdvBP/Maps/VehicleAdvExampleMap.umap" TEMPLATE=0 SHOWPROGRESS=1 FEATURELEVEL=3
[2017.10.07-20.34.21:978][690]LightingResults: New page: Lighting Build
[2017.10.07-20.34.21:979][690]LoadErrors: New page: Loading map: VehicleAdvExampleMap.umap
[2017.10.07-20.34.21:979][690]MapCheck: New page: Map Check
[2017.10.07-20.34.21:979][690]LightingResults: New page: Lighting Build
[2017.10.07-20.34.22:163][690]LogEditorServer: Finished looking for orphan Actors (0.000 secs)
[2017.10.07-20.34.22:194][690]Cmd: MAP CHECKDEP NOCLEARLOG
[2017.10.07-20.34.22:235][690]MapCheck: Info Map check complete: 0 Error(s), 0 Warning(s), took 40.959ms to complete.
[2017.10.07-20.34.22:235][690]LogFileHelpers: Loading map 'VehicleAdvExampleMap' took 0.258
[2017.10.07-20.35.28:363][153]Cmd: EDIT COPY
[2017.10.07-20.35.34:766][277]LogAIModule: Creating AISystem for world NewWorld
[2017.10.07-20.35.34:777][277]Cmd: MAP LOAD FILE="D:/Unreal Games/ScrumLordRacing/Content/Maps/TrackOne/NewWorld.umap" TEMPLATE=0 SHOWPROGRESS=1 FEATURELEVEL=3
[2017.10.07-20.35.34:777][277]LightingResults: New page: Lighting Build
[2017.10.07-20.35.34:778][277]LoadErrors: New page: Loading map: NewWorld.umap
[2017.10.07-20.35.34:779][277]MapCheck: New page: Map Check
[2017.10.07-20.35.34:779][277]LightingResults: New page: Lighting Build
[2017.10.07-20.35.34:834][277]LogEditorServer: Finished looking for orphan Actors (0.000 secs)
[2017.10.07-20.35.34:867][277]Cmd: MAP CHECKDEP NOCLEARLOG
[2017.10.07-20.35.34:911][277]MapCheck: Info Map check complete: 0 Error(s), 0 Warning(s), took 44.099ms to complete.
[2017.10.07-20.35.34:911][277]LogFileHelpers: Loading map 'NewWorld' took 0.135
[2017.10.07-20.35.37:916][380]Cmd: EDIT PASTE
[2017.10.07-20.35.37:944][380]LogProperty:Warning: ObjectProperty /Engine/EngineSky/BP_Sky_Sphere.BP_Sky_Sphere_C:Directional light actor: unresolved reference to 'DirectionalLight'LightSource''
[2017.10.07-20.35.44:529][563]Cmd: OBJ SAVEPACKAGE PACKAGE="/Game/Maps/TrackOne/NewWorld" FILE="D:/Unreal Games/ScrumLordRacing/Content/Maps/TrackOne/NewWorld.umap" SILENT=true AUTOSAVING=false KEEPDIRTY=false
[2017.10.07-20.35.44:550][563]LogSavePackage: Save=10.91ms
[2017.10.07-20.35.44:550][563]LogSavePackage: Moving 'D:/Unreal Games/ScrumLordRacing/Saved/NewWorld138B241048C91787CF30B19E8F0E3607.tmp' to 'D:/Unreal Games/ScrumLordRacing/Content/Maps/TrackOne/NewWorld.umap'
[2017.10.07-20.35.44:552][563]LogSavePackage:Display: Finished SavePackage D:/Unreal Games/ScrumLordRacing/Content/Maps/TrackOne/NewWorld.umap
[2017.10.07-20.35.48:255][660]LogActorFactory: Actor Factory created Plane
[2017.10.07-20.35.48:936][679]LogActorFactory: Actor Factory created Plane
[2017.10.07-20.35.52:365][792]LogEditorActor: Deleted Actor: StaticMeshActor
[2017.10.07-20.35.52:392][792]LogEditorActor: Deleted 1 Actors (0.028 secs)
[2017.10.07-20.35.56:719][931]LogAIModule: Creating AISystem for world VehicleAdvExampleMap
[2017.10.07-20.35.58:047][931]Cmd: OBJ SAVEPACKAGE PACKAGE="/Game/Maps/TrackOne/NewWorld" FILE="D:/Unreal Games/ScrumLordRacing/Content/Maps/TrackOne/NewWorld.umap" SILENT=true AUTOSAVING=false KEEPDIRTY=false
[2017.10.07-20.35.58:067][931]LogSavePackage: Save=9.51ms
[2017.10.07-20.35.58:067][931]LogSavePackage: Moving 'D:/Unreal Games/ScrumLordRacing/Saved/NewWorld7EFE58F040B9A7654C37ECAC71C39433.tmp' to 'D:/Unreal Games/ScrumLordRacing/Content/Maps/TrackOne/NewWorld.umap'
[2017.10.07-20.35.58:068][931]LogSavePackage:Display: Finished SavePackage D:/Unreal Games/ScrumLordRacing/Content/Maps/TrackOne/NewWorld.umap
[2017.10.07-20.35.58:086][931]LogFileHelpers: Saving map 'NewWorld' took 0.084
[2017.10.07-20.35.58:087][931]Cmd: MAP LOAD FILE="D:/Unreal Games/ScrumLordRacing/Content/VehicleAdvBP/Maps/VehicleAdvExampleMap.umap" TEMPLATE=0 SHOWPROGRESS=1 FEATURELEVEL=3
[2017.10.07-20.35.58:087][931]LightingResults: New page: Lighting Build
[2017.10.07-20.35.58:088][931]LoadErrors: New page: Loading map: VehicleAdvExampleMap.umap
[2017.10.07-20.35.58:088][931]MapCheck: New page: Map Check
[2017.10.07-20.35.58:088][931]LightingResults: New page: Lighting Build
[2017.10.07-20.35.58:168][931]LogEditorServer: Finished looking for orphan Actors (0.000 secs)
[2017.10.07-20.35.58:197][931]Cmd: MAP CHECKDEP NOCLEARLOG
[2017.10.07-20.35.58:238][931]MapCheck: Info Map check complete: 0 Error(s), 0 Warning(s), took 41.021ms to complete.
[2017.10.07-20.35.58:239][931]LogFileHelpers: Loading map 'VehicleAdvExampleMap' took 0.153
[2017.10.07-20.36.11:303][222]Cmd: EDIT COPY
[2017.10.07-20.36.14:925][299]LogAIModule: Creating AISystem for world NewWorld
[2017.10.07-20.36.14:937][299]Cmd: MAP LOAD FILE="D:/Unreal Games/ScrumLordRacing/Content/Maps/TrackOne/NewWorld.umap" TEMPLATE=0 SHOWPROGRESS=1 FEATURELEVEL=3
[2017.10.07-20.36.14:937][299]LightingResults: New page: Lighting Build
[2017.10.07-20.36.14:938][299]LoadErrors: New page: Loading map: NewWorld.umap
[2017.10.07-20.36.14:939][299]MapCheck: New page: Map Check
[2017.10.07-20.36.14:939][299]LightingResults: New page: Lighting Build
[2017.10.07-20.36.14:984][299]LogEditorServer: Finished looking for orphan Actors (0.000 secs)
[2017.10.07-20.36.15:012][299]Cmd: MAP CHECKDEP NOCLEARLOG
[2017.10.07-20.36.15:057][299]MapCheck: Info Map check complete: 0 Error(s), 0 Warning(s), took 45.404ms to complete.
[2017.10.07-20.36.15:057][299]LogFileHelpers: Loading map 'NewWorld' took 0.121
[2017.10.07-20.36.17:280][369]Cmd: EDIT PASTE
[2017.10.07-20.36.18:815][418]LogEditorViewport: Clicking on Actor (LMB): BP_Sky_Sphere_C (SkyShereBlueprint)
[2017.10.07-20.36.23:820][550]LogActorFactory: Actor Factory created Plane
[2017.10.07-20.36.24:474][568]LogActorFactory: Actor Factory created Plane
[2017.10.07-20.36.33:254][854]Cmd: OBJ SAVEPACKAGE PACKAGE="/Game/Maps/TrackOne/NewWorld" FILE="D:/Unreal Games/ScrumLordRacing/Content/Maps/TrackOne/NewWorld.umap" SILENT=true AUTOSAVING=false KEEPDIRTY=false
[2017.10.07-20.36.33:278][854]LogSavePackage: Save=12.64ms
[2017.10.07-20.36.33:278][854]LogSavePackage: Moving 'D:/Unreal Games/ScrumLordRacing/Saved/NewWorld4E0645FE49D53A3E916509BEBB95A20A.tmp' to 'D:/Unreal Games/ScrumLordRacing/Content/Maps/TrackOne/NewWorld.umap'
[2017.10.07-20.36.33:279][854]LogSavePackage:Display: Finished SavePackage D:/Unreal Games/ScrumLordRacing/Content/Maps/TrackOne/NewWorld.umap
[2017.10.07-20.36.34:239][886]LogTemp: Repeting last play command: Selected Viewport
[2017.10.07-20.36.34:261][886]LogPlayLevel: PlayLevel: No blueprints needed recompiling
[2017.10.07-20.36.34:261][886]PIE: New page: PIE session: NewWorld (Oct 7, 2017, 12:36:34 PM)
[2017.10.07-20.36.34:261][886]LogPlayLevel: Creating play world package: /Game/Maps/TrackOne/UEDPIE_0_NewWorld
[2017.10.07-20.36.34:262][886]LogPlayLevel: PIE: StaticDuplicateObject took: (0.000882s)
[2017.10.07-20.36.34:262][886]LogAIModule: Creating AISystem for world NewWorld
[2017.10.07-20.36.34:263][886]LogPlayLevel: PIE: World Init took: (0.000729s)
[2017.10.07-20.36.34:263][886]LogPlayLevel: PIE: Created PIE world by copying editor world from /Game/Maps/TrackOne/NewWorld.NewWorld to /Game/Maps/TrackOne/UEDPIE_0_NewWorld.NewWorld (0.001836s)
[2017.10.07-20.36.34:274][886]LogInit: XAudio2 using 'Speakers (Realtek High Definition Audio)' : 2 channels at 48 kHz using 32 bits per sample (channel mask 0x3)
[2017.10.07-20.36.34:284][886]LogInit: FAudioDevice initialized.
[2017.10.07-20.36.34:317][886]LogLoad: Game class is 'VehicleAdvGameMode_C'
[2017.10.07-20.36.34:323][886]LogWorld: Bringing World /Game/Maps/TrackOne/UEDPIE_0_NewWorld.NewWorld up for play (max tick rate 60) at 2017.10.07-16.36.34
[2017.10.07-20.36.34:323][886]LogWorld: Bringing up level for play took: 0.000701
[2017.10.07-20.36.34:324][886]PIE: Info Play in editor start time for /Game/Maps/TrackOne/UEDPIE_0_NewWorld 0.154
[2017.10.07-20.36.42:113][170]LogEditorViewport: Clicking on Actor (LMB): StaticMeshActor (Plane)
[2017.10.07-20.37.13:933][101]LogEditorViewport: Clicking on Actor (LMB): BP_Sky_Sphere_C (SkyShereBlueprint)
[2017.10.07-20.37.17:595][184]Cmd: OBJ SAVEPACKAGE PACKAGE="/Game/Maps/TrackOne/NewWorld" FILE="D:/Unreal Games/ScrumLordRacing/Content/Maps/TrackOne/NewWorld.umap" SILENT=true AUTOSAVING=false KEEPDIRTY=false
[2017.10.07-20.37.17:618][184]LogSavePackage: Save=12.59ms
[2017.10.07-20.37.17:618][184]LogSavePackage: Moving 'D:/Unreal Games/ScrumLordRacing/Saved/NewWorld93A47D994FE1DF7BCC4F809CA18CEE70.tmp' to 'D:/Unreal Games/ScrumLordRacing/Content/Maps/TrackOne/NewWorld.umap'
[2017.10.07-20.37.17:619][184]LogSavePackage:Display: Finished SavePackage D:/Unreal Games/ScrumLordRacing/Content/Maps/TrackOne/NewWorld.umap
[2017.10.07-20.37.25:720][375]LogAIModule: Creating AISystem for world VehicleAdvExampleMap
[2017.10.07-20.37.25:744][375]Cmd: MAP LOAD FILE="D:/Unreal Games/ScrumLordRacing/Content/VehicleAdvBP/Maps/VehicleAdvExampleMap.umap" TEMPLATE=0 SHOWPROGRESS=1 FEATURELEVEL=3
[2017.10.07-20.37.25:744][375]LightingResults: New page: Lighting Build
[2017.10.07-20.37.25:744][375]LoadErrors: New page: Loading map: VehicleAdvExampleMap.umap
[2017.10.07-20.37.25:745][375]MapCheck: New page: Map Check
[2017.10.07-20.37.25:745][375]LightingResults: New page: Lighting Build
[2017.10.07-20.37.25:826][375]LogEditorServer: Finished looking for orphan Actors (0.000 secs)
[2017.10.07-20.37.25:854][375]Cmd: MAP CHECKDEP NOCLEARLOG
[2017.10.07-20.37.25:899][375]MapCheck: Info Map check complete: 0 Error(s), 0 Warning(s), took 43.904ms to complete.
[2017.10.07-20.37.25:899][375]LogFileHelpers: Loading map 'VehicleAdvExampleMap' took 0.155
[2017.10.07-20.37.39:305][657]Cmd: EDIT COPY
[2017.10.07-20.37.43:116][719]LogAIModule: Creating AISystem for world NewWorld
[2017.10.07-20.37.43:127][719]Cmd: MAP LOAD FILE="D:/Unreal Games/ScrumLordRacing/Content/Maps/TrackOne/NewWorld.umap" TEMPLATE=0 SHOWPROGRESS=1 FEATURELEVEL=3
[2017.10.07-20.37.43:128][719]LightingResults: New page: Lighting Build
[2017.10.07-20.37.43:128][719]LoadErrors: New page: Loading map: NewWorld.umap
[2017.10.07-20.37.43:155][719]MapCheck: New page: Map Check
[2017.10.07-20.37.43:155][719]LightingResults: New page: Lighting Build
[2017.10.07-20.37.43:201][719]LogEditorServer: Finished looking for orphan Actors (0.000 secs)
[2017.10.07-20.37.43:229][719]Cmd: MAP CHECKDEP NOCLEARLOG
[2017.10.07-20.37.43:274][719]MapCheck: Info Map check complete: 0 Error(s), 0 Warning(s), took 44.507ms to complete.
[2017.10.07-20.37.43:274][719]LogFileHelpers: Loading map 'NewWorld' took 0.147
[2017.10.07-20.37.47:424][828]Cmd: EDIT PASTE
[2017.10.07-20.38.01:465][114]LogEditorViewport: Clicking on Actor (LMB): StaticMeshActor (Plane)
[2017.10.07-20.38.25:705][743]LogEditorViewport: Clicking on Actor (LMB): BP_Sky_Sphere_C (SkyShereBlueprint)
[2017.10.07-20.38.27:744][796]LogEditorViewport: Clicking on Actor (LMB): BP_Sky_Sphere_C (SkyShereBlueprint)
[2017.10.07-20.38.28:712][820]LogEditorViewport: Clicking on Actor (LMB): StaticMeshActor (Plane)
[2017.10.07-20.38.46:072][237]Cmd: OBJ SAVEPACKAGE PACKAGE="/Game/Maps/TrackOne/NewWorld" FILE="D:/Unreal Games/ScrumLordRacing/Content/Maps/TrackOne/NewWorld.umap" SILENT=true AUTOSAVING=false KEEPDIRTY=false
[2017.10.07-20.38.46:109][237]LogSavePackage: Save=23.48ms
[2017.10.07-20.38.46:109][237]LogSavePackage: Moving 'D:/Unreal Games/ScrumLordRacing/Saved/NewWorldBCFDD8DC47D321AACF0DF68FE595A76E.tmp' to 'D:/Unreal Games/ScrumLordRacing/Content/Maps/TrackOne/NewWorld.umap'
[2017.10.07-20.38.46:110][237]LogSavePackage:Display: Finished SavePackage D:/Unreal Games/ScrumLordRacing/Content/Maps/TrackOne/NewWorld.umap
[2017.10.07-20.38.47:011][256]LogTemp: Repeting last play command: Selected Viewport
[2017.10.07-20.38.47:032][256]LogPlayLevel: PlayLevel: No blueprints needed recompiling
[2017.10.07-20.38.47:032][256]PIE: New page: PIE session: NewWorld (Oct 7, 2017, 12:38:47 PM)
[2017.10.07-20.38.47:032][256]LogPlayLevel: Creating play world package: /Game/Maps/TrackOne/UEDPIE_0_NewWorld
[2017.10.07-20.38.47:034][256]LogPlayLevel: PIE: StaticDuplicateObject took: (0.001525s)
[2017.10.07-20.38.47:034][256]LogAIModule: Creating AISystem for world NewWorld
[2017.10.07-20.38.47:035][256]LogPlayLevel: PIE: World Init took: (0.000768s)
[2017.10.07-20.38.47:035][256]LogPlayLevel: PIE: Created PIE world by copying editor world from /Game/Maps/TrackOne/NewWorld.NewWorld to /Game/Maps/TrackOne/UEDPIE_0_NewWorld.NewWorld (0.002469s)
[2017.10.07-20.38.47:094][256]LogInit: XAudio2 using 'Speakers (Realtek High Definition Audio)' : 2 channels at 48 kHz using 32 bits per sample (channel mask 0x3)
[2017.10.07-20.38.47:105][256]LogInit: FAudioDevice initialized.
[2017.10.07-20.38.47:137][256]LogLoad: Game class is 'VehicleAdvGameMode_C'
[2017.10.07-20.38.47:144][256]LogWorld: Bringing World /Game/Maps/TrackOne/UEDPIE_0_NewWorld.NewWorld up for play (max tick rate 60) at 2017.10.07-16.38.47
[2017.10.07-20.38.47:145][256]LogWorld: Bringing up level for play took: 0.002090
[2017.10.07-20.38.47:146][256]PIE: Info Play in editor start time for /Game/Maps/TrackOne/UEDPIE_0_NewWorld 0.974
[2017.10.07-20.38.54:671][555]LogBlueprintUserMessages: [VehicleBlueprint] Reset
[2017.10.07-20.38.55:730][598]LogBlueprintUserMessages: [VehicleBlueprint] Reset
[2017.10.07-20.38.57:515][671]LogBlueprintUserMessages: [VehicleBlueprint] Reset
[2017.10.07-20.39.17:097][182]LogTemp: Repeting last play command: Selected Viewport
[2017.10.07-20.39.17:118][182]LogPlayLevel: PlayLevel: No blueprints needed recompiling
[2017.10.07-20.39.17:118][182]PIE: New page: PIE session: NewWorld (Oct 7, 2017, 12:39:17 PM)
[2017.10.07-20.39.17:118][182]LogPlayLevel: Creating play world package: /Game/Maps/TrackOne/UEDPIE_0_NewWorld
[2017.10.07-20.39.17:120][182]LogPlayLevel: PIE: StaticDuplicateObject took: (0.001879s)
[2017.10.07-20.39.17:121][182]LogAIModule: Creating AISystem for world NewWorld
[2017.10.07-20.39.17:121][182]LogPlayLevel: PIE: World Init took: (0.000697s)
[2017.10.07-20.39.17:121][182]LogPlayLevel: PIE: Created PIE world by copying editor world from /Game/Maps/TrackOne/NewWorld.NewWorld to /Game/Maps/TrackOne/UEDPIE_0_NewWorld.NewWorld (0.002799s)
[2017.10.07-20.39.17:173][182]LogInit: XAudio2 using 'Speakers (Realtek High Definition Audio)' : 2 channels at 48 kHz using 32 bits per sample (channel mask 0x3)
[2017.10.07-20.39.17:183][182]LogInit: FAudioDevice initialized.
[2017.10.07-20.39.17:217][182]LogLoad: Game class is 'VehicleAdvGameMode_C'
[2017.10.07-20.39.17:225][182]LogWorld: Bringing World /Game/Maps/TrackOne/UEDPIE_0_NewWorld.NewWorld up for play (max tick rate 60) at 2017.10.07-16.39.17
[2017.10.07-20.39.17:225][182]LogWorld: Bringing up level for play took: 0.002091
[2017.10.07-20.39.17:226][182]PIE: Info Play in editor start time for /Game/Maps/TrackOne/UEDPIE_0_NewWorld 1.055
[2017.10.07-20.39.35:704][619]MapCheck: New page: Map Check
[2017.10.07-20.39.35:752][619]LightingResults: New page: Lighting Build - Oct 7, 2017, 12:39:35 PM
[2017.10.07-20.39.35:812][619]LogSwarmInterface: [OpenConnection] Registering TCP channel ...
[2017.10.07-20.39.35:853][619]LogSwarmInterface: [OpenConnection] Connecting to agent ...
[2017.10.07-20.39.35:862][619]LogSwarmInterface: [TryOpenConnection] Testing the Agent
[2017.10.07-20.39.36:395][619]LogSwarmInterface: [TryOpenConnection] Opening Connection to Agent
[2017.10.07-20.39.36:395][619]LogSwarmInterface: [TryOpenConnection] Local Process ID is 5456
[2017.10.07-20.39.38:871][619]LogStaticLightingSystem:Warning: No importance volume found, so the scene bounding box was used.  You can optimize your scene's quality and lighting build times by adding importance volumes.
[2017.10.07-20.39.38:871][619]LogStaticLightingSystem: Running Lightmass w/ ImmediateImport mode ENABLED
[2017.10.07-20.39.38:871][619]LogStaticLightingSystem: Running Lightmass w/ ImmediateProcess mode ENABLED
[2017.10.07-20.39.38:871][619]LogStaticLightingSystem: Running Lightmass w/ Sorting mode ENABLED
[2017.10.07-20.39.38:871][619]LogStaticLightingSystem: Running Lightmass w/ Mapping paddings ENABLED
[2017.10.07-20.39.38:871][619]LogStaticLightingSystem: Running Lightmass w/ Mapping debug paddings DISABLED
[2017.10.07-20.39.39:000][619]LogEditorBuildUtils: Build time 0:03
[2017.10.07-20.39.39:039][620]LogMaterial: Missing cached shader map for material FLightmassMaterialRenderer BasicShapeMaterial, compiling. 
[2017.10.07-20.39.39:048][620]LogMaterial: Missing cached shader map for material FLightmassMaterialRenderer BasicShapeMaterial, compiling. 
