Log file open, 11/08/17 12:48:19
LogWindows: Failed to load 'aqProf.dll' (GetLastError=126)
LogWindows: File 'aqProf.dll' does not exist
LogWindows: Failed to load 'VSPerf140.dll' (GetLastError=126)
LogWindows: File 'VSPerf140.dll' does not exist
LogWindows: Failed to load 'VtuneApi.dll' (GetLastError=126)
LogWindows: File 'VtuneApi.dll' does not exist
LogWindows: Failed to load 'VtuneApi32e.dll' (GetLastError=126)
LogWindows: File 'VtuneApi32e.dll' does not exist
LogInit: Display: Running engine for game: ScrumLordRacing
LogPlatformFile: Not using cached read wrapper
LogInit: Display: RandInit(149319576) SRandInit(149319576).
LogTaskGraph: Started task graph with 5 named threads and 14 total threads with 3 sets of task threads.
LogStats: Stats thread started at 0.152524
LogD3D11RHI: Aftermath initialized
LogPluginManager: Mounting plugin Paper2D
LogPluginManager: Mounting plugin LightPropagationVolume
LogPluginManager: Mounting plugin CodeLiteSourceCodeAccess
LogPluginManager: Mounting plugin GitSourceControl
LogPluginManager: Mounting plugin KDevelopSourceCodeAccess
LogPluginManager: Mounting plugin NullSourceCodeAccess
LogPluginManager: Mounting plugin PerforceSourceControl
LogPluginManager: Mounting plugin SubversionSourceControl
LogPluginManager: Mounting plugin UObjectPlugin
LogPluginManager: Mounting plugin VisualStudioSourceCodeAccess
LogPluginManager: Mounting plugin XCodeSourceCodeAccess
LogPluginManager: Mounting plugin AssetManagerEditor
LogPluginManager: Mounting plugin AudioCapture
LogPluginManager: Mounting plugin FacialAnimation
LogPluginManager: Mounting plugin GameplayTagsEditor
LogPluginManager: Mounting plugin MobileLauncherProfileWizard
LogPluginManager: Mounting plugin PluginBrowser
LogPluginManager: Mounting plugin SpeedTreeImporter
LogPluginManager: Mounting plugin AlembicImporter
LogPluginManager: Mounting plugin CharacterAI
LogPluginManager: Mounting plugin HTML5Networking
LogPluginManager: Mounting plugin RawInput
LogPluginManager: Mounting plugin AndroidMedia
LogPluginManager: Mounting plugin AvfMedia
LogPluginManager: Mounting plugin MediaPlayerEditor
LogPluginManager: Mounting plugin WmfMedia
LogPluginManager: Mounting plugin TcpMessaging
LogPluginManager: Mounting plugin UdpMessaging
LogPluginManager: Mounting plugin LevelSequenceEditor
LogPluginManager: Mounting plugin MatineeToLevelSequence
LogPluginManager: Mounting plugin OnlineSubsystemGooglePlay
LogPluginManager: Mounting plugin OnlineSubsystemIOS
LogPluginManager: Mounting plugin OnlineSubsystem
LogPluginManager: Mounting plugin OnlineSubsystemNull
LogPluginManager: Mounting plugin OnlineSubsystemUtils
LogPluginManager: Mounting plugin AndroidDeviceProfileSelector
LogPluginManager: Mounting plugin AndroidMoviePlayer
LogPluginManager: Mounting plugin AndroidPermission
LogPluginManager: Mounting plugin AppleMoviePlayer
LogPluginManager: Mounting plugin ArchVisCharacter
LogPluginManager: Mounting plugin CableComponent
LogPluginManager: Mounting plugin CustomMeshComponent
LogPluginManager: Mounting plugin ExampleDeviceProfileSelector
LogPluginManager: Mounting plugin GoogleCloudMessaging
LogPluginManager: Mounting plugin ImmediatePhysics
LogPluginManager: Mounting plugin IOSDeviceProfileSelector
LogPluginManager: Mounting plugin LinuxDeviceProfileSelector
LogPluginManager: Mounting plugin LocationServicesBPLibrary
LogPluginManager: Mounting plugin MobilePatchingUtils
LogPluginManager: Mounting plugin OculusVR
LogPluginManager: Mounting plugin PhysXVehicles
LogPluginManager: Mounting plugin ProceduralMeshComponent
LogPluginManager: Mounting plugin RuntimePhysXCooking
LogPluginManager: Mounting plugin SteamVR
LogPluginManager: Mounting plugin WindowsMoviePlayer
LogInit: Using libcurl 7.47.1
LogInit:  - built for x86_64-pc-win32
LogInit:  - supports SSL with OpenSSL/1.0.2g
LogInit:  - supports HTTP deflate (compression) using libz 1.2.8
LogInit:  - other features:
LogInit:      CURL_VERSION_SSL
LogInit:      CURL_VERSION_LIBZ
LogInit:      CURL_VERSION_IPV6
LogInit:      CURL_VERSION_ASYNCHDNS
LogInit:      CURL_VERSION_LARGEFILE
LogInit:      CURL_VERSION_IDN
LogInit:  CurlRequestOptions (configurable via config and command line):
LogInit:  - bVerifyPeer = false  - Libcurl will NOT verify peer certificate
LogInit:  - bUseHttpProxy = false  - Libcurl will NOT use HTTP proxy
LogInit:  - bDontReuseConnections = false  - Libcurl will reuse connections
LogInit:  - CertBundlePath = nullptr  - Libcurl will use whatever was configured at build time.
LogInit: Build: ++UE4+Release-4.17-CL-3658906
LogInit: Engine Version: 4.17.2-3658906+++UE4+Release-4.17
LogInit: Compatible Engine Version: 4.17.0-3573198+++UE4+Release-4.17
LogInit: Net CL: 3573198
LogDevObjectVersion: Number of dev versions registered: 16
LogDevObjectVersion:   Dev-Blueprints (B0D832E4-1F89-4F0D-ACCF-7EB736FD4AA2): 10
LogDevObjectVersion:   Dev-Build (E1C64328-A22C-4D53-A36C-8E866417BD8C): 0
LogDevObjectVersion:   Dev-Core (375EC13C-06E4-48FB-B500-84F0262A717E): 2
LogDevObjectVersion:   Dev-Editor (E4B068ED-F494-42E9-A231-DA0B2E46BB41): 20
LogDevObjectVersion:   Dev-Framework (CFFC743F-43B0-4480-9391-14DF171D2073): 28
LogDevObjectVersion:   Dev-Mobile (B02B49B5-BB20-44E9-A304-32B752E40360): 0
LogDevObjectVersion:   Dev-Networking (A4E4105C-59A1-49B5-A7C5-40C4547EDFEE): 0
LogDevObjectVersion:   Dev-Online (39C831C9-5AE6-47DC-9A44-9C173E1C8E7C): 0
LogDevObjectVersion:   Dev-Physics (78F01B33-EBEA-4F98-B9B4-84EACCB95AA2): 0
LogDevObjectVersion:   Dev-Platform (6631380F-2D4D-43E0-8009-CF276956A95A): 0
LogDevObjectVersion:   Dev-Rendering (12F88B9F-8875-4AFC-A67C-D90C383ABD29): 19
LogDevObjectVersion:   Dev-Sequencer (7B5AE74C-D270-4C10-A958-57980B212A5A): 4
LogDevObjectVersion:   Dev-VR (D7296918-1DD6-4BDD-9DE2-64A83CC13884): 0
LogDevObjectVersion:   Dev-LoadTimes (C2A15278-BFE7-4AFE-6C17-90FF531DF755): 1
LogDevObjectVersion:   Private-Geometry (6EACA3D4-40EC-4CC1-B786-8BED09428FC5): 1
LogDevObjectVersion:   Dev-AnimPhys (29E575DD-E0A3-4627-9D10-D276232CDCEA): 7
LogInit: Compiled (64-bit): Sep 22 2017 13:47:16
LogInit: Compiled with Visual C++: 19.00.24215.01
LogInit: Build Configuration: Development
LogInit: Branch Name: ++UE4+Release-4.17
LogInit: Command line:  
LogInit: Base directory: D:/Unreal Engine 4_17/UE_4.17/Engine/Binaries/Win64/
LogInit: Installed Engine Build: 1
LogInit: Presizing for max 8388607 objects, including 0 objects not considered by GC, pre-allocating 0 bytes for permanent pool.
LogInit: Object subsystem initialized
[2017.11.08-17.48.20:135][  0]LogInit: Selected Device Profile: [Windows]
[2017.11.08-17.48.20:135][  0]LogInit: Applying CVar settings loaded from the selected device profile: [Windows]
[2017.11.08-17.48.20:145][  0]LogInit: Computer: ALEX
[2017.11.08-17.48.20:145][  0]LogInit: User: galla000
[2017.11.08-17.48.20:145][  0]LogInit: CPU Page size=4096, Cores=4
[2017.11.08-17.48.20:145][  0]LogInit: High frequency timer resolution =2.825490 MHz
[2017.11.08-17.48.20:145][  0]LogMemory: Memory total: Physical=31.9GB (32GB approx)
[2017.11.08-17.48.20:145][  0]LogMemory: Platform Memory Stats for Windows
[2017.11.08-17.48.20:145][  0]LogMemory: Process Physical Memory: 276.93 MB used, 276.93 MB peak
[2017.11.08-17.48.20:145][  0]LogMemory: Process Virtual Memory: 282.19 MB used, 282.19 MB peak
[2017.11.08-17.48.20:145][  0]LogMemory: Physical Memory: 4661.63 MB used,  27987.39 MB free, 32649.02 MB total
[2017.11.08-17.48.20:145][  0]LogMemory: Virtual Memory: 660.15 MB used,  27987.39 MB free, 134217728.00 MB total
[2017.11.08-17.48.20:224][  0]LogInit: Using OS detected language (en-US).
[2017.11.08-17.48.20:224][  0]LogInit: Using OS detected locale (en-US).
[2017.11.08-17.48.20:227][  0]LogTextLocalizationManager: No specific localization for 'en-US' exists, so the 'en' localization will be used.
[2017.11.08-17.48.20:768][  0]LogD3D11RHI: D3D11 adapters:
[2017.11.08-17.48.20:777][  0]LogD3D11RHI:    0. 'Intel(R) HD Graphics 4600' (Feature Level 11_0)
[2017.11.08-17.48.20:777][  0]LogD3D11RHI:       4054/0/16324 MB DedicatedVideo/DedicatedSystem/SharedSystem, Outputs:1, VendorId:0x8086
[2017.11.08-17.48.20:777][  0]LogD3D11RHI:    1. 'Microsoft Basic Render Driver' (Feature Level 11_0)
[2017.11.08-17.48.20:777][  0]LogD3D11RHI:       0/0/256 MB DedicatedVideo/DedicatedSystem/SharedSystem, Outputs:0, VendorId:0x1414
[2017.11.08-17.48.20:778][  0]LogD3D11RHI: Chosen D3D11 Adapter: 0
[2017.11.08-17.48.20:781][  0]LogD3D11RHI: Creating new Direct3DDevice
[2017.11.08-17.48.20:781][  0]LogD3D11RHI:     GPU DeviceId: 0x416 (for the marketing name, search the web for "GPU Device Id")
[2017.11.08-17.48.20:781][  0]LogWindows: EnumDisplayDevices:
[2017.11.08-17.48.20:781][  0]LogWindows:    0. 'Intel(R) HD Graphics 4600' (P:1 D:1)
[2017.11.08-17.48.20:781][  0]LogWindows:    1. 'Intel(R) HD Graphics 4600' (P:0 D:0)
[2017.11.08-17.48.20:782][  0]LogWindows:    2. 'Intel(R) HD Graphics 4600' (P:0 D:0)
[2017.11.08-17.48.20:782][  0]LogWindows:    3. 'Intel(R) HD Graphics 4600' (P:0 D:0)
[2017.11.08-17.48.20:782][  0]LogWindows: DebugString: FoundDriverCount:4 
[2017.11.08-17.48.20:782][  0]LogD3D11RHI:     Adapter Name: Intel(R) HD Graphics 4600
[2017.11.08-17.48.20:782][  0]LogD3D11RHI:   Driver Version: 10.18.10.3304 (internal:10.18.10.3304, unified:10.18.10.3304)
[2017.11.08-17.48.20:782][  0]LogD3D11RHI:      Driver Date: 9-9-2013
[2017.11.08-17.48.20:782][  0]LogRHI: Texture pool is 1361 MB (70% of 1945 MB)
[2017.11.08-17.48.20:790][  0]LogD3D11RHI: Async texture creation enabled
[2017.11.08-17.48.20:801][  0]LogD3D11RHI: GPU Timing Frequency: 12.500000 (Debug: 2 1)
[2017.11.08-17.48.20:801][  0]LogShaderCompilers: Guid format shader working directory is 7 characters bigger than the processId version (../../../../../Unreal Games/ScrumLordRacing/Intermediate/Shaders/WorkingDirectory/7436/).
[2017.11.08-17.48.20:801][  0]LogShaderCompilers: Cleaned the shader compiler working directory 'C:/Users/galla_000/AppData/Local/Temp/UnrealShaderWorkingDir/7F94E68D4B3B45F07D054D9973318E40/'.
[2017.11.08-17.48.20:801][  0]LogShaderCompilers: Display: Using Local Shader Compiler.
[2017.11.08-17.48.21:504][  0]LogTemp: Display: Loaded TP AllDesktopTargetPlatform
[2017.11.08-17.48.21:531][  0]LogTemp: Display: Loaded TP MacClientTargetPlatform
[2017.11.08-17.48.21:558][  0]LogTemp: Display: Loaded TP MacNoEditorTargetPlatform
[2017.11.08-17.48.21:586][  0]LogTemp: Display: Loaded TP MacServerTargetPlatform
[2017.11.08-17.48.21:613][  0]LogTemp: Display: Loaded TP MacTargetPlatform
[2017.11.08-17.48.21:640][  0]LogTemp: Display: Loaded TP WindowsClientTargetPlatform
[2017.11.08-17.48.21:668][  0]LogTemp: Display: Loaded TP WindowsNoEditorTargetPlatform
[2017.11.08-17.48.21:699][  0]LogTemp: Display: Loaded TP WindowsServerTargetPlatform
[2017.11.08-17.48.21:722][  0]LogTemp: Display: Loaded TP WindowsTargetPlatform
[2017.11.08-17.48.21:750][  0]LogTemp: Display: Loaded TP AndroidTargetPlatform
[2017.11.08-17.48.21:777][  0]LogTemp: Display: Loaded TP Android_ASTCTargetPlatform
[2017.11.08-17.48.21:804][  0]LogTemp: Display: Loaded TP Android_ATCTargetPlatform
[2017.11.08-17.48.21:831][  0]LogTemp: Display: Loaded TP Android_DXTTargetPlatform
[2017.11.08-17.48.21:858][  0]LogTemp: Display: Loaded TP Android_ETC1TargetPlatform
[2017.11.08-17.48.21:885][  0]LogTemp: Display: Loaded TP Android_ETC2TargetPlatform
[2017.11.08-17.48.21:939][  0]LogTemp: Display: Loaded TP Android_MultiTargetPlatform
[2017.11.08-17.48.21:939][  0]LogTemp: Display: Loaded TP Android_PVRTCTargetPlatform
[2017.11.08-17.48.21:957][  0]LogTemp: Display: Loaded TP HTML5TargetPlatform
[2017.11.08-17.48.22:016][  0]LogTemp: Display: Loaded TP IOSTargetPlatform
[2017.11.08-17.48.22:033][  0]LogTemp: Display: Loaded TP TVOSTargetPlatform
[2017.11.08-17.48.22:059][  0]LogTemp: Display: Loaded TP LinuxClientTargetPlatform
[2017.11.08-17.48.22:085][  0]LogTemp: Display: Loaded TP LinuxNoEditorTargetPlatform
[2017.11.08-17.48.22:111][  0]LogTemp: Display: Loaded TP LinuxServerTargetPlatform
[2017.11.08-17.48.22:137][  0]LogTemp: Display: Loaded TP LinuxTargetPlatform
[2017.11.08-17.48.22:137][  0]LogTargetPlatformManager: Display: Building Assets For Windows
[2017.11.08-17.48.22:359][  0]LogDerivedDataCache: Display: Max Cache Size: 512 MB
[2017.11.08-17.48.22:439][  0]LogDerivedDataCache: Loaded boot cache 0.08s 93MB C:/Users/galla_000/AppData/Local/UnrealEngine/4.17/DerivedDataCache/Boot.ddc.
[2017.11.08-17.48.22:439][  0]LogDerivedDataCache: Display: Loaded Boot cache: C:/Users/galla_000/AppData/Local/UnrealEngine/4.17/DerivedDataCache/Boot.ddc
[2017.11.08-17.48.22:439][  0]LogDerivedDataCache: FDerivedDataBackendGraph:  Pak pak cache file ../../../../../Unreal Games/ScrumLordRacing/DerivedDataCache/DDC.ddp not found, will not use a pak cache.
[2017.11.08-17.48.22:439][  0]LogDerivedDataCache: Unable to find inner node Pak for hierarchical cache Hierarchy.
[2017.11.08-17.48.22:439][  0]LogDerivedDataCache: FDerivedDataBackendGraph:  CompressedPak pak cache file ../../../../../Unreal Games/ScrumLordRacing/DerivedDataCache/Compressed.ddp not found, will not use a pak cache.
[2017.11.08-17.48.22:439][  0]LogDerivedDataCache: Unable to find inner node CompressedPak for hierarchical cache Hierarchy.
[2017.11.08-17.48.22:454][  0]LogDerivedDataCache: Display: Pak cache opened for reading ../../../Engine/DerivedDataCache/Compressed.ddp.
[2017.11.08-17.48.22:466][  0]LogDerivedDataCache: Using Local data cache path C:/Users/galla_000/AppData/Local/UnrealEngine/Common/DerivedDataCache: Writable
[2017.11.08-17.48.22:475][  0]LogMaterial: Verifying Global Shaders for PCD3D_SM5
[2017.11.08-17.48.22:475][  0]LogSlate: Using Freetype 2.6.0
[2017.11.08-17.48.22:475][  0]LogSlate: SlateFontCache - WITH_FREETYPE: 1, WITH_HARFBUZZ: 1
[2017.11.08-17.48.22:475][  0]LogSlate: SlateFontCache - WITH_FREETYPE: 1, WITH_HARFBUZZ: 1
[2017.11.08-17.48.22:681][  0]LogAssetRegistry: FAssetRegistry took 0.0261 seconds to start up
[2017.11.08-17.48.22:765][  0]LogInit: Selected Device Profile: [Windows]
[2017.11.08-17.48.22:923][  0]LogContentStreaming: Texture pool size is 0.00 MB
[2017.11.08-17.48.23:150][  0]LogSimplygon: Simplygon DLL not present - disabling.
[2017.11.08-17.48.23:168][  0]LogMeshReduction: Using SimplygonSwarm for distributed automatic mesh merging
[2017.11.08-17.48.23:168][  0]LogMeshReduction: Using QuadricMeshReduction for automatic static mesh reduction
[2017.11.08-17.48.23:168][  0]LogMeshReduction: No automatic skeletal mesh reduction module available
[2017.11.08-17.48.23:168][  0]LogMeshReduction: No automatic mesh merging module available
[2017.11.08-17.48.23:168][  0]LogMeshMerging: No automatic mesh merging module available
[2017.11.08-17.48.23:544][  0]LogNetVersion: ScrumLordRacing , NetCL: 3573198, EngineNetVer: 2, GameNetVer: 0 (Checksum: 2466738751)
[2017.11.08-17.48.23:681][  0]LogPackageLocalizationCache: Processed 5 localized package path(s) for 2 prioritized culture(s) in 0.029427 seconds
[2017.11.08-17.48.23:686][  0]LogUObjectArray: 35825 objects as part of root set at end of initial load.
[2017.11.08-17.48.23:686][  0]LogUObjectAllocator: 7529112 out of 0 bytes used by permanent object pool.
[2017.11.08-17.48.23:686][  0]LogUObjectArray: CloseDisregardForGC: 0/0 objects in disregard for GC pool
[2017.11.08-17.48.23:715][  0]LogInit: WinSock: version 1.1 (2.2), MaxSocks=32767, MaxUdp=65467
[2017.11.08-17.48.25:340][  0]LogTcpMessaging: Initializing TcpMessaging bridge
[2017.11.08-17.48.25:364][  0]LogUdpMessaging: Initializing bridge on interface 0.0.0.0:0 to multicast group 230.0.0.1:6666.
[2017.11.08-17.48.25:697][  0]LogMaterial: Uniform references updated for custom material expression Custom.
[2017.11.08-17.48.25:909][  0]SourceControl: Source control is disabled
[2017.11.08-17.48.25:909][  0]SourceControl: Source control is disabled
[2017.11.08-17.48.25:931][  0]SourceControl: Source control is disabled
[2017.11.08-17.48.25:952][  0]SourceControl: Source control is disabled
[2017.11.08-17.48.26:239][  0]LogAndroidPermission: UAndroidPermissionCallbackProxy::GetInstance
[2017.11.08-17.48.26:349][  0]LogOcInput: OculusInput pre-init called
[2017.11.08-17.48.26:484][  0]LogEngine: Initializing Engine...
[2017.11.08-17.48.26:485][  0]LogHMD: Failed to initialize OpenVR with code 110
[2017.11.08-17.48.26:666][  0]LogStats: UGameplayTagsManager::ConstructGameplayTagTree: Construct from data asset -  0.000 s
[2017.11.08-17.48.26:666][  0]LogStats: UGameplayTagsManager::ConstructGameplayTagTree: GameplayTagTreeChangedEvent.Broadcast -  0.000 s
[2017.11.08-17.48.26:845][  0]LogAIModule: Creating AISystem for world Untitled
[2017.11.08-17.48.26:854][  0]LogInit: XAudio2 using 'Speakers (Realtek High Definition Audio)' : 2 channels at 48 kHz using 32 bits per sample (channel mask 0x3)
[2017.11.08-17.48.26:861][  0]LogInit: FAudioDevice initialized.
[2017.11.08-17.48.26:944][  0]LogDerivedDataCache: Saved boot cache 0.08s 93MB C:/Users/galla_000/AppData/Local/UnrealEngine/4.17/DerivedDataCache/Boot.ddc.
[2017.11.08-17.48.26:957][  0]LogInit: Texture streaming: Enabled
[2017.11.08-17.48.27:009][  0]LogEngineSessionManager: EngineSessionManager initialized
[2017.11.08-17.48.27:109][  0]LogInit: Transaction tracking system initialized
[2017.11.08-17.48.27:249][  0]BlueprintLog: New page: Editor Load
[2017.11.08-17.48.27:648][  0]LocalizationService: Localization service is disabled
[2017.11.08-17.48.27:890][  0]LogLinker: Warning: Can't find file '/Game/PuzzleBP/Tutorial/Part1-Overview'
[2017.11.08-17.48.27:890][  0]LogLinker: Warning: Can't find file '/Game/PuzzleBP/Tutorial/Part1-Overview'
[2017.11.08-17.48.27:890][  0]LogUObjectGlobals: Warning: Failed to find object 'Class /Game/PuzzleBP/Tutorial/Part1-Overview.Part1-Overview_C'
[2017.11.08-17.48.27:890][  0]LogLinker: Warning: Can't find file '/Game/PuzzleBP/Tutorial/Part2-BlockBlueprint'
[2017.11.08-17.48.27:890][  0]LogLinker: Warning: Can't find file '/Game/PuzzleBP/Tutorial/Part2-BlockBlueprint'
[2017.11.08-17.48.27:890][  0]LogUObjectGlobals: Warning: Failed to find object 'Class /Game/PuzzleBP/Tutorial/Part2-BlockBlueprint.Part2-BlockBlueprint_C'
[2017.11.08-17.48.27:975][  0]LogConsoleResponse: Display: 
[2017.11.08-17.48.28:101][  0]LogCook: Display: Max memory allowance for cook 16384mb min free memory 0mb
[2017.11.08-17.48.28:101][  0]LogCook: Display: Mobile HDR setting 1
[2017.11.08-17.48.28:101][  0]LogGameplayTags: Display: UGameplayTagsManager::DoneAddingNativeTags. DelegateIsBound: 0
[2017.11.08-17.48.28:582][  0]LogFileCache: Scanning file cache for directory 'D:/Unreal Games/ScrumLordRacing/Content/' took 0.01s
[2017.11.08-17.48.28:582][  0]SourceControl: Source control is disabled
[2017.11.08-17.48.28:583][  0]Cmd: MAP LOAD FILE="../../../../../Unreal Games/ScrumLordRacing/Content/Maps/MainMenu/MainMenu.umap" TEMPLATE=0 SHOWPROGRESS=1 FEATURELEVEL=3
[2017.11.08-17.48.28:583][  0]LightingResults: New page: Lighting Build
[2017.11.08-17.48.28:602][  0]MapCheck: New page: Map Check
[2017.11.08-17.48.28:602][  0]LightingResults: New page: Lighting Build
[2017.11.08-17.48.28:858][  0]LogAIModule: Creating AISystem for world MainMenu
[2017.11.08-17.48.28:858][  0]LogEditorServer: Finished looking for orphan Actors (0.000 secs)
[2017.11.08-17.48.28:869][  0]Cmd: MAP CHECKDEP NOCLEARLOG
[2017.11.08-17.48.28:898][  0]MapCheck: Map check complete: 0 Error(s), 0 Warning(s), took 28.933ms to complete.
[2017.11.08-17.48.28:898][  0]LogFileHelpers: Loading map 'MainMenu' took 0.315
[2017.11.08-17.48.29:013][  0]LogCollectionManager: Loaded 0 collections in 0.000667 seconds
[2017.11.08-17.48.29:067][  0]LogFileCache: Scanning file cache for directory 'D:/Unreal Games/ScrumLordRacing/Saved/Collections/' took 0.01s
[2017.11.08-17.48.29:067][  0]LogFileCache: Scanning file cache for directory 'D:/Unreal Games/ScrumLordRacing/Content/Developers/galla000/Collections/' took 0.01s
[2017.11.08-17.48.29:067][  0]LogFileCache: Scanning file cache for directory 'D:/Unreal Games/ScrumLordRacing/Content/Collections/' took 0.01s
[2017.11.08-17.48.29:067][  0]LogCollectionManager: Rebuilt the GUID cache for 0 collections in 0.000000 seconds
[2017.11.08-17.48.29:074][  0]LogContentBrowser: Native class hierarchy populated in 0.0071 seconds. Added 2388 classes and 503 folders.
[2017.11.08-17.48.29:104][  0]LogContentBrowser: Native class hierarchy updated for 'WidgetCarousel' in 0.0005 seconds. Added 0 classes and 0 folders.
[2017.11.08-17.48.29:130][  0]LogContentBrowser: Native class hierarchy updated for 'AddContentDialog' in 0.0006 seconds. Added 0 classes and 0 folders.
[2017.11.08-17.48.29:151][  0]LogContentBrowser: Native class hierarchy updated for 'SceneOutliner' in 0.0005 seconds. Added 1 classes and 2 folders.
[2017.11.08-17.48.29:206][  0]LogSlate: Took 0.000140 seconds to synchronously load lazily loaded font '../../../Engine/Content/Slate/Fonts/Roboto-Regular.ttf' (155K)
[2017.11.08-17.48.29:208][  0]LogSlate: Took 0.000163 seconds to synchronously load lazily loaded font '../../../Engine/Content/Slate/Fonts/Roboto-Bold.ttf' (160K)
[2017.11.08-17.48.29:213][  0]LogSlate: Took 0.000143 seconds to synchronously load lazily loaded font '../../../Engine/Content/Editor/Slate/Fonts/FontAwesome.ttf' (139K)
[2017.11.08-17.48.29:302][  0]LogRenderer: Reallocating scene render targets to support 1336x648 Format 9 NumSamples 1 (Frame:1).
[2017.11.08-17.48.29:667][  0]LogContentBrowser: Native class hierarchy updated for 'HierarchicalLODOutliner' in 0.0006 seconds. Added 1 classes and 2 folders.
[2017.11.08-17.48.29:667][  0]LogLoad: (Engine Initialization) Total time: 10.62 seconds
[2017.11.08-17.48.29:667][  0]LogLoad: (Engine Initialization) Total Blueprint compile time: 0.00 seconds
[2017.11.08-17.48.29:667][  0]LogExternalProfiler: No external profilers were discovered.  External profiling features will not be available.
[2017.11.08-17.48.30:007][  0]LogRawInputWindows: Warning: Found device 0 devices
[2017.11.08-17.48.30:007][  0]LogRawInputWindows: Warning: Found device 0 devices
[2017.11.08-17.48.30:007][  0]LogRawInputWindows: Warning: Device was registered succesfully but not connected (Usage:4 UsagePage:1
[2017.11.08-17.48.30:007][  0]LogRawInputWindows: Warning: Found device 1 devices
[2017.11.08-17.48.30:007][  0]LogRawInputWindows: Warning: Device was registered succesfully but not connected (Usage:5 UsagePage:1
[2017.11.08-17.48.30:026][  0]LogContentStreaming: Texture pool size now 800 MB
[2017.11.08-17.48.30:058][  0]LogSlate: Took 0.000311 seconds to synchronously load lazily loaded font '../../../Engine/Content/Slate/Fonts/Roboto-Light.ttf' (159K)
[2017.11.08-17.48.30:343][  1]LogAssetRegistry: Asset discovery search completed in 7.6846 seconds
[2017.11.08-17.48.30:345][  1]LogCollectionManager: Rebuilt the object cache for 0 collections in 0.000000 seconds (found 0 objects)
[2017.11.08-17.48.30:345][  1]LogCollectionManager: Fixed up redirectors for 0 collections in 0.000029 seconds (updated 0 objects)
[2017.11.08-17.48.31:009][  3]LogSlate: Took 0.000254 seconds to synchronously load lazily loaded font '../../../Engine/Content/Slate/Fonts/Roboto-Light.ttf' (159K)
[2017.11.08-17.48.34:818][ 14]LogSlate: Took 0.000138 seconds to synchronously load lazily loaded font '../../../Engine/Content/Slate/Fonts/Roboto-Light.ttf' (159K)
[2017.11.08-17.48.35:117][ 14]LogContentBrowser: Native class hierarchy updated for 'BlueprintGraph' in 0.0009 seconds. Added 113 classes and 0 folders.
[2017.11.08-17.48.35:783][ 14]LogContentBrowser: Native class hierarchy updated for 'MaterialEditor' in 0.0006 seconds. Added 1 classes and 0 folders.
[2017.11.08-17.48.35:787][ 14]LogMaterial: Missing cached shader map for material Clear, compiling. 
[2017.11.08-17.48.35:900][ 14]LogMaterial: Missing cached shader map for material Clear, compiling. 
[2017.11.08-17.48.35:917][ 14]LogMaterial: Missing cached shader map for material Clear, compiling. 
[2017.11.08-17.48.35:966][ 14]LogSlate: Took 0.000213 seconds to synchronously load lazily loaded font '../../../Engine/Content/Editor/Slate/Fonts/Roboto-BoldCondensed.ttf' (158K)
[2017.11.08-17.48.36:244][ 17]LogSlate: Took 0.000196 seconds to synchronously load lazily loaded font '../../../Engine/Content/Editor/Slate/Fonts/Roboto-Italic.ttf' (157K)
[2017.11.08-17.48.41:017][207]LogMaterial: Missing cached shader map for material Clear, compiling. 
[2017.11.08-17.48.41:032][207]LogMaterial: Missing cached shader map for material FMatExpressionPreview MaterialExpressionVectorParameter_0, compiling. 
[2017.11.08-17.48.43:028][243]LogMaterialEditor: Saving and Compiling material Clear
[2017.11.08-17.48.43:454][243]LogMaterial: Missing cached shader map for material Clear, compiling. 
[2017.11.08-17.48.43:521][243]LogMaterial: Missing cached shader map for material Clear, compiling. 
[2017.11.08-17.48.43:553][243]LogMaterial: Missing cached shader map for material Clear, compiling. 
[2017.11.08-17.48.43:617][243]LogMaterial: Missing cached shader map for material FDebugViewModeMaterialProxy Clear, compiling. 
[2017.11.08-17.48.44:628][243]TextureStreamingBuild: Display: Compiling optional shaders took 1.019 seconds.
[2017.11.08-17.48.46:689][243]LogSlate: Took 0.000224 seconds to synchronously load lazily loaded font '../../../Engine/Content/Slate/Fonts/Roboto-Regular.ttf' (155K)
