Log file open, 10/04/17 12:35:24
LogInit:Display: Running engine for game: ScrumLordRacing
LogPlatformFile: Not using cached read wrapper
LogInit:Display: RandInit(1602524302) SRandInit(1602524302).
LogTaskGraph: Started task graph with 5 named threads and 8 total threads with 1 sets of task threads.
LogStats: Stats thread started at 0.084792
LogInit: Using libcurl 7.47.1
LogInit:  - built for x86_64-pc-win32
LogInit:  - supports SSL with OpenSSL/1.0.2g
LogInit:  - supports HTTP deflate (compression) using libz 1.2.8
LogInit:  - other features:
LogInit:      CURL_VERSION_SSL
LogInit:      CURL_VERSION_LIBZ
LogInit:      CURL_VERSION_IPV6
LogInit:      CURL_VERSION_ASYNCHDNS
LogInit:      CURL_VERSION_LARGEFILE
LogInit:      CURL_VERSION_IDN
LogInit:  CurlRequestOptions (configurable via config and command line):
LogInit:  - bVerifyPeer = false  - Libcurl will NOT verify peer certificate
LogInit:  - bUseHttpProxy = false  - Libcurl will NOT use HTTP proxy
LogInit:  - bDontReuseConnections = false  - Libcurl will reuse connections
LogInit:  - CertBundlePath = nullptr  - Libcurl will use whatever was configured at build time.
LogInit: Build: ++UE4+Release-4.16-CL-3561208
LogInit: Engine Version: 4.16.3-3561208+++UE4+Release-4.16
LogInit: Compatible Engine Version: 4.16.0-3452394+++UE4+Release-4.16
LogInit: Net CL: 3452394
LogDevObjectVersion: Number of dev versions registered: 16
LogDevObjectVersion:   Dev-Blueprints (B0D832E4-1F89-4F0D-ACCF-7EB736FD4AA2): 9
LogDevObjectVersion:   Dev-Build (E1C64328-A22C-4D53-A36C-8E866417BD8C): 0
LogDevObjectVersion:   Dev-Core (375EC13C-06E4-48FB-B500-84F0262A717E): 2
LogDevObjectVersion:   Dev-Editor (E4B068ED-F494-42E9-A231-DA0B2E46BB41): 17
LogDevObjectVersion:   Dev-Framework (CFFC743F-43B0-4480-9391-14DF171D2073): 23
LogDevObjectVersion:   Dev-Mobile (B02B49B5-BB20-44E9-A304-32B752E40360): 0
LogDevObjectVersion:   Dev-Networking (A4E4105C-59A1-49B5-A7C5-40C4547EDFEE): 0
LogDevObjectVersion:   Dev-Online (39C831C9-5AE6-47DC-9A44-9C173E1C8E7C): 0
LogDevObjectVersion:   Dev-Physics (78F01B33-EBEA-4F98-B9B4-84EACCB95AA2): 0
LogDevObjectVersion:   Dev-Platform (6631380F-2D4D-43E0-8009-CF276956A95A): 0
LogDevObjectVersion:   Dev-Rendering (12F88B9F-8875-4AFC-A67C-D90C383ABD29): 15
LogDevObjectVersion:   Dev-Sequencer (7B5AE74C-D270-4C10-A958-57980B212A5A): 4
LogDevObjectVersion:   Dev-VR (D7296918-1DD6-4BDD-9DE2-64A83CC13884): 0
LogDevObjectVersion:   Dev-LoadTimes (C2A15278-BFE7-4AFE-6C17-90FF531DF755): 1
LogDevObjectVersion:   Private-Geometry (6EACA3D4-40EC-4CC1-B786-8BED09428FC5): 1
LogDevObjectVersion:   Dev-AnimPhys (29E575DD-E0A3-4627-9D10-D276232CDCEA): 3
LogInit: Compiled (64-bit): Jul 28 2017 11:49:47
LogInit: Compiled with Visual C++: 19.00.24215.01
LogInit: Build Configuration: Development
LogInit: Branch Name: ++UE4+Release-4.16
LogInit: Command line:  
LogInit: Base directory: C:/Program Files/Epic Games/UE_4.16/Engine/Binaries/Win64/
LogInit: Installed Engine Build: 1
LogInit: Presizing for max 8388607 objects, including 0 objects not considered by GC, pre-allocating 0 bytes for permanent pool.
LogInit: Object subsystem initialized
[2017.10.04-16.35.25:264][  0]LogInit: Selected Device Profile: [Windows]
[2017.10.04-16.35.25:264][  0]LogInit: Applying CVar settings loaded from the selected device profile: [Windows]
[2017.10.04-16.35.25:273][  0]LogInit: Computer: ALEX
[2017.10.04-16.35.25:273][  0]LogInit: User: galla000
[2017.10.04-16.35.25:273][  0]LogInit: CPU Page size=4096, Cores=4
[2017.10.04-16.35.25:273][  0]LogInit: High frequency timer resolution =2.825505 MHz
[2017.10.04-16.35.25:273][  0]LogMemory: Memory total: Physical=31.9GB (32GB approx)
[2017.10.04-16.35.25:273][  0]LogMemory: Platform Memory Stats for Windows
[2017.10.04-16.35.25:273][  0]LogMemory: Process Physical Memory: 271.11 MB used, 271.11 MB peak
[2017.10.04-16.35.25:273][  0]LogMemory: Process Virtual Memory: 260.58 MB used, 260.58 MB peak
[2017.10.04-16.35.25:273][  0]LogMemory: Physical Memory: 5377.57 MB used,  27271.45 MB free, 32649.02 MB total
[2017.10.04-16.35.25:273][  0]LogMemory: Virtual Memory: 621.52 MB used,  27271.45 MB free, 134217728.00 MB total
[2017.10.04-16.35.25:327][  0]LogInit: Using OS detected language (en-US).
[2017.10.04-16.35.25:327][  0]LogInit: Using OS detected locale (en-US).
[2017.10.04-16.35.25:329][  0]LogTextLocalizationManager: No specific localization for 'en-US' exists, so the 'en' localization will be used.
[2017.10.04-16.35.26:177][  0]LogD3D11RHI: D3D11 adapters:
[2017.10.04-16.35.26:188][  0]LogD3D11RHI:    0. 'Intel(R) HD Graphics 4600' (Feature Level 11_0)
[2017.10.04-16.35.26:188][  0]LogD3D11RHI:       4054/0/16324 MB DedicatedVideo/DedicatedSystem/SharedSystem, Outputs:1, VendorId:0x8086
[2017.10.04-16.35.26:189][  0]LogD3D11RHI:    1. 'Microsoft Basic Render Driver' (Feature Level 11_0)
[2017.10.04-16.35.26:189][  0]LogD3D11RHI:       0/0/256 MB DedicatedVideo/DedicatedSystem/SharedSystem, Outputs:0, VendorId:0x1414
[2017.10.04-16.35.26:189][  0]LogD3D11RHI: Chosen D3D11 Adapter: 0
[2017.10.04-16.35.26:193][  0]LogD3D11RHI: Creating new Direct3DDevice
[2017.10.04-16.35.26:193][  0]LogD3D11RHI:     GPU DeviceId: 0x416 (for the marketing name, search the web for "GPU Device Id")
[2017.10.04-16.35.26:193][  0]LogWindows: EnumDisplayDevices:
[2017.10.04-16.35.26:193][  0]LogWindows:    0. 'Intel(R) HD Graphics 4600' (P:1 D:1)
[2017.10.04-16.35.26:194][  0]LogWindows:    1. 'Intel(R) HD Graphics 4600' (P:0 D:0)
[2017.10.04-16.35.26:194][  0]LogWindows:    2. 'Intel(R) HD Graphics 4600' (P:0 D:0)
[2017.10.04-16.35.26:194][  0]LogWindows:    3. 'Intel(R) HD Graphics 4600' (P:0 D:0)
[2017.10.04-16.35.26:194][  0]LogWindows: DebugString: FoundDriverCount:4 
[2017.10.04-16.35.26:194][  0]LogD3D11RHI:     Adapter Name: Intel(R) HD Graphics 4600
[2017.10.04-16.35.26:194][  0]LogD3D11RHI:   Driver Version: 10.18.10.3304 (internal:10.18.10.3304, unified:10.18.10.3304)
[2017.10.04-16.35.26:194][  0]LogD3D11RHI:      Driver Date: 9-9-2013
[2017.10.04-16.35.26:194][  0]LogRHI: Texture pool is 1361 MB (70% of 1945 MB)
[2017.10.04-16.35.26:205][  0]LogD3D11RHI: Async texture creation enabled
[2017.10.04-16.35.26:221][  0]LogD3D11RHI: GPU Timing Frequency: 12.500000 (Debug: 2 2)
[2017.10.04-16.35.26:221][  0]LogShaderCompilers: Guid format shader working directory is 19 characters bigger than the processId version (D:/Unreal Games/ScrumLordRacing/Intermediate/Shaders/WorkingDirectory/8060/).
[2017.10.04-16.35.26:221][  0]LogShaderCompilers: Cleaned the shader compiler working directory 'C:/Users/galla_000/AppData/Local/Temp/UnrealShaderWorkingDir/9DD6ABB249D5A20384C205858AEA0601/'.
[2017.10.04-16.35.26:222][  0]LogShaderCompilers:Display: Using Local Shader Compiler.
[2017.10.04-16.35.27:317][  0]LogTemp:Display: Loaded TP AllDesktopTargetPlatform
[2017.10.04-16.35.27:356][  0]LogTemp:Display: Loaded TP MacClientTargetPlatform
[2017.10.04-16.35.27:397][  0]LogTemp:Display: Loaded TP MacNoEditorTargetPlatform
[2017.10.04-16.35.27:439][  0]LogTemp:Display: Loaded TP MacServerTargetPlatform
[2017.10.04-16.35.27:482][  0]LogTemp:Display: Loaded TP MacTargetPlatform
[2017.10.04-16.35.27:524][  0]LogTemp:Display: Loaded TP WindowsClientTargetPlatform
[2017.10.04-16.35.27:563][  0]LogTemp:Display: Loaded TP WindowsNoEditorTargetPlatform
[2017.10.04-16.35.27:605][  0]LogTemp:Display: Loaded TP WindowsServerTargetPlatform
[2017.10.04-16.35.27:640][  0]LogTemp:Display: Loaded TP WindowsTargetPlatform
[2017.10.04-16.35.27:681][  0]LogTemp:Display: Loaded TP AndroidTargetPlatform
[2017.10.04-16.35.27:721][  0]LogTemp:Display: Loaded TP Android_ASTCTargetPlatform
[2017.10.04-16.35.27:764][  0]LogTemp:Display: Loaded TP Android_ATCTargetPlatform
[2017.10.04-16.35.27:803][  0]LogTemp:Display: Loaded TP Android_DXTTargetPlatform
[2017.10.04-16.35.27:844][  0]LogTemp:Display: Loaded TP Android_ETC1TargetPlatform
[2017.10.04-16.35.27:882][  0]LogTemp:Display: Loaded TP Android_ETC2TargetPlatform
[2017.10.04-16.35.27:958][  0]LogTemp:Display: Loaded TP Android_MultiTargetPlatform
[2017.10.04-16.35.27:958][  0]LogTemp:Display: Loaded TP Android_PVRTCTargetPlatform
[2017.10.04-16.35.27:988][  0]LogTemp:Display: Loaded TP HTML5TargetPlatform
[2017.10.04-16.35.28:069][  0]LogTemp:Display: Loaded TP IOSTargetPlatform
[2017.10.04-16.35.28:094][  0]LogTemp:Display: Loaded TP TVOSTargetPlatform
[2017.10.04-16.35.28:133][  0]LogTemp:Display: Loaded TP LinuxClientTargetPlatform
[2017.10.04-16.35.28:172][  0]LogTemp:Display: Loaded TP LinuxNoEditorTargetPlatform
[2017.10.04-16.35.28:210][  0]LogTemp:Display: Loaded TP LinuxServerTargetPlatform
[2017.10.04-16.35.28:249][  0]LogTemp:Display: Loaded TP LinuxTargetPlatform
[2017.10.04-16.35.28:249][  0]LogTargetPlatformManager:Display: Building Assets For Windows
[2017.10.04-16.35.28:661][  0]LogDerivedDataCache:Display: Max Cache Size: 512 MB
[2017.10.04-16.35.28:735][  0]LogDerivedDataCache: Loaded boot cache 0.07s 90MB C:/Users/galla_000/AppData/Local/UnrealEngine/4.16/DerivedDataCache/Boot.ddc.
[2017.10.04-16.35.28:735][  0]LogDerivedDataCache:Display: Loaded Boot cache: C:/Users/galla_000/AppData/Local/UnrealEngine/4.16/DerivedDataCache/Boot.ddc
[2017.10.04-16.35.28:735][  0]LogDerivedDataCache: FDerivedDataBackendGraph:  Pak pak cache file D:/Unreal Games/ScrumLordRacing/DerivedDataCache/DDC.ddp not found, will not use a pak cache.
[2017.10.04-16.35.28:735][  0]LogDerivedDataCache: Unable to find inner node Pak for hierarchical cache Hierarchy.
[2017.10.04-16.35.28:735][  0]LogDerivedDataCache: FDerivedDataBackendGraph:  CompressedPak pak cache file D:/Unreal Games/ScrumLordRacing/DerivedDataCache/Compressed.ddp not found, will not use a pak cache.
[2017.10.04-16.35.28:735][  0]LogDerivedDataCache: Unable to find inner node CompressedPak for hierarchical cache Hierarchy.
[2017.10.04-16.35.28:751][  0]LogDerivedDataCache:Display: Pak cache opened for reading ../../../Engine/DerivedDataCache/Compressed.ddp.
[2017.10.04-16.35.28:763][  0]LogDerivedDataCache: Using Local data cache path C:/Users/galla_000/AppData/Local/UnrealEngine/Common/DerivedDataCache: Writable
[2017.10.04-16.35.28:771][  0]LogMaterial: Verifying Global Shaders for PCD3D_SM5
[2017.10.04-16.35.28:771][  0]LogSlate: Using Freetype 2.6.0
[2017.10.04-16.35.28:772][  0]LogSlate: SlateFontCache - WITH_FREETYPE: 1, WITH_HARFBUZZ: 1
[2017.10.04-16.35.28:772][  0]LogSlate: SlateFontCache - WITH_FREETYPE: 1, WITH_HARFBUZZ: 1
[2017.10.04-16.35.29:039][  0]LogInit: Selected Device Profile: [Windows]
[2017.10.04-16.35.29:149][  0]LogContentStreaming: Texture pool size is 0.00 MB
[2017.10.04-16.35.29:304][  0]LogMeshUtilities: Using QuadricMeshReduction for automatic static mesh reduction
[2017.10.04-16.35.29:338][  0]LogSimplygon: Simplygon DLL not present - disabling.
[2017.10.04-16.35.29:373][  0]LogMeshUtilities: Using SimplygonSwarm for distributed automatic mesh merging
[2017.10.04-16.35.29:373][  0]LogMeshUtilities: No automatic skeletal mesh reduction module available
[2017.10.04-16.35.29:373][  0]LogMeshUtilities: No automatic mesh merging module available
[2017.10.04-16.35.29:891][  0]LogNetVersion: ScrumLordRacing , NetCL: 3452394, EngineNetVer: 2, GameNetVer: 0 (Checksum: 1756322102)
[2017.10.04-16.35.29:946][  0]LogAssetRegistry: FAssetRegistry took 0.0257 seconds to start up
[2017.10.04-16.35.29:983][  0]LogPackageLocalizationCache: Processed 4 localized package path(s) for 2 prioritized culture(s) in 0.019515 seconds
[2017.10.04-16.35.29:988][  0]LogUObjectArray: 34194 objects as part of root set at end of initial load.
[2017.10.04-16.35.29:988][  0]LogUObjectAllocator: 7260416 out of 0 bytes used by permanent object pool.
[2017.10.04-16.35.29:988][  0]LogUObjectArray: CloseDisregardForGC: 0/0 objects in disregard for GC pool
[2017.10.04-16.35.30:037][  0]LogInit: WinSock: version 1.1 (2.2), MaxSocks=32767, MaxUdp=65467
[2017.10.04-16.35.31:908][  0]LogTcpMessaging: Initializing TcpMessaging bridge
[2017.10.04-16.35.31:940][  0]LogUdpMessaging: Initializing bridge on interface 0.0.0.0:0 to multicast group 230.0.0.1:6666.
[2017.10.04-16.35.32:321][  0]LogMaterial: Uniform references updated for custom material expression Custom.
[2017.10.04-16.35.32:610][  0]SourceControl: Info Source control is disabled
[2017.10.04-16.35.32:611][  0]SourceControl: Info Source control is disabled
[2017.10.04-16.35.32:643][  0]SourceControl: Info Source control is disabled
[2017.10.04-16.35.32:674][  0]SourceControl: Info Source control is disabled
[2017.10.04-16.35.33:171][  0]LogAndroidPermission: UAndroidPermissionCallbackProxy::GetInstance
[2017.10.04-16.35.33:589][  0]LogEngine: Initializing Engine...
[2017.10.04-16.35.33:589][  0]LogHMD: Failed to initialize OpenVR with code 110
[2017.10.04-16.35.33:802][  0]LogStats: UGameplayTagsManager::ConstructGameplayTagTree: Construct from data asset -  0.000 s
[2017.10.04-16.35.33:802][  0]LogStats: UGameplayTagsManager::ConstructGameplayTagTree: GameplayTagTreeChangedEvent.Broadcast -  0.000 s
[2017.10.04-16.35.33:992][  0]LogAIModule: Creating AISystem for world Untitled
[2017.10.04-16.35.33:997][  0]LogInit: XAudio2 using 'Speakers (Realtek High Definition Audio)' : 2 channels at 48 kHz using 32 bits per sample (channel mask 0x3)
[2017.10.04-16.35.34:041][  0]LogInit: FAudioDevice initialized.
[2017.10.04-16.35.34:076][  0]LogDerivedDataCache: Saved boot cache 0.04s 90MB C:/Users/galla_000/AppData/Local/UnrealEngine/4.16/DerivedDataCache/Boot.ddc.
[2017.10.04-16.35.34:088][  0]LogInit: Texture streaming: Enabled
[2017.10.04-16.35.34:159][  0]LogEngineSessionManager: EngineSessionManager initialized
[2017.10.04-16.35.34:309][  0]LogInit: Transaction tracking system initialized
[2017.10.04-16.35.34:525][  0]BlueprintLog: New page: Editor Load
[2017.10.04-16.35.35:211][  0]LocalizationService: Info Localization service is disabled
[2017.10.04-16.35.35:693][  0]LogConsoleResponse:Display: 
[2017.10.04-16.35.35:814][  0]LogCook:Display: Max memory allowance for cook 16384mb min free memory 0mb
[2017.10.04-16.35.35:814][  0]LogCook:Display: Mobile HDR setting 1
[2017.10.04-16.35.36:544][  0]LogFileCache: Scanning file cache for directory 'D:/Unreal Games/ScrumLordRacing/Content/' took 0.01s
[2017.10.04-16.35.36:544][  0]SourceControl: Info Source control is disabled
[2017.10.04-16.35.36:544][  0]Cmd: MAP LOAD FILE="D:/Unreal Games/ScrumLordRacing/Content/VehicleAdvBP/Maps/VehicleAdvExampleMap.umap" TEMPLATE=0 SHOWPROGRESS=1 FEATURELEVEL=3
[2017.10.04-16.35.36:545][  0]LightingResults: New page: Lighting Build
[2017.10.04-16.35.36:574][  0]MapCheck: New page: Map Check
[2017.10.04-16.35.36:574][  0]LightingResults: New page: Lighting Build
[2017.10.04-16.35.37:063][  0]LogAIModule: Creating AISystem for world VehicleAdvExampleMap
[2017.10.04-16.35.37:089][  0]LogEditorServer: Finished looking for orphan Actors (0.000 secs)
[2017.10.04-16.35.37:103][  0]Cmd: MAP CHECKDEP NOCLEARLOG
[2017.10.04-16.35.37:141][  0]MapCheck: Info Map check complete: 0 Error(s), 0 Warning(s), took 38.002ms to complete.
[2017.10.04-16.35.37:141][  0]LogFileHelpers: Loading map 'VehicleAdvExampleMap' took 0.598
[2017.10.04-16.35.37:263][  0]LogCollectionManager: Loaded 0 collections in 0.000990 seconds
[2017.10.04-16.35.37:328][  0]LogFileCache: Scanning file cache for directory 'D:/Unreal Games/ScrumLordRacing/Saved/Collections/' took 0.01s
[2017.10.04-16.35.37:328][  0]LogFileCache: Scanning file cache for directory 'D:/Unreal Games/ScrumLordRacing/Content/Developers/galla000/Collections/' took 0.01s
[2017.10.04-16.35.37:328][  0]LogFileCache: Scanning file cache for directory 'D:/Unreal Games/ScrumLordRacing/Content/Collections/' took 0.01s
[2017.10.04-16.35.37:328][  0]LogCollectionManager: Rebuilt the GUID cache for 0 collections in 0.000001 seconds
[2017.10.04-16.35.37:336][  0]LogContentBrowser: Native class hierarchy populated in 0.0077 seconds. Added 2331 classes and 494 folders.
[2017.10.04-16.35.37:383][  0]LogContentBrowser: Native class hierarchy updated for 'WidgetCarousel' in 0.0005 seconds. Added 0 classes and 0 folders.
[2017.10.04-16.35.37:410][  0]LogContentBrowser: Native class hierarchy updated for 'AddContentDialog' in 0.0004 seconds. Added 0 classes and 0 folders.
[2017.10.04-16.35.37:441][  0]LogContentBrowser: Native class hierarchy updated for 'SceneOutliner' in 0.0005 seconds. Added 1 classes and 2 folders.
[2017.10.04-16.35.37:514][  0]LogCrashTracker: Crashtracker disabled due to settings.
[2017.10.04-16.35.37:517][  0]LogSlate: Took 0.000137 seconds to synchronously load lazily loaded font '../../../Engine/Content/Slate/Fonts/Roboto-Regular.ttf' (155K)
[2017.10.04-16.35.37:520][  0]LogSlate: Took 0.000165 seconds to synchronously load lazily loaded font '../../../Engine/Content/Slate/Fonts/Roboto-Bold.ttf' (160K)
[2017.10.04-16.35.37:525][  0]LogSlate: Took 0.000189 seconds to synchronously load lazily loaded font '../../../Engine/Content/Editor/Slate/Fonts/FontAwesome.ttf' (139K)
[2017.10.04-16.35.37:604][  0]LogRenderer: Reallocating scene render targets to support 1208x576 NumSamples 1 (Frame:1).
[2017.10.04-16.35.38:020][  0]LogUObjectGlobals:Warning: Failed to find object 'Class None.'
[2017.10.04-16.35.38:074][  0]LogContentBrowser: Native class hierarchy updated for 'HierarchicalLODOutliner' in 0.0005 seconds. Added 1 classes and 2 folders.
[2017.10.04-16.35.38:074][  0]LogLoad: (Engine Initialization) Total time: 14.03 seconds
[2017.10.04-16.35.38:074][  0]LogLoad: (Engine Initialization) Total Blueprint compile time: 0.13 seconds
[2017.10.04-16.35.38:074][  0]LogExternalProfiler: No external profilers were discovered.  External profiling features will not be available.
[2017.10.04-16.35.38:413][  0]LogOcInput: OculusInput pre-init called
[2017.10.04-16.35.38:413][  0]LogRawInputWindows:Warning: Found device 0 devices
[2017.10.04-16.35.38:413][  0]LogRawInputWindows:Warning: Found device 0 devices
[2017.10.04-16.35.38:413][  0]LogRawInputWindows:Warning: Device was registered succesfully but not connected (Usage:4 UsagePage:1
[2017.10.04-16.35.38:413][  0]LogRawInputWindows:Warning: Found device 1 devices
[2017.10.04-16.35.38:413][  0]LogRawInputWindows:Warning: Device was registered succesfully but not connected (Usage:5 UsagePage:1
[2017.10.04-16.35.38:413][  0]LogHMD: Starting GearVRController plugin
[2017.10.04-16.35.38:429][  0]LogAssetRegistry: Asset discovery search completed in 8.5049 seconds
[2017.10.04-16.35.38:430][  0]LogCollectionManager: Rebuilt the object cache for 0 collections in 0.000001 seconds (found 0 objects)
[2017.10.04-16.35.38:430][  0]LogCollectionManager: Fixed up redirectors for 0 collections in 0.000018 seconds (updated 0 objects)
[2017.10.04-16.35.38:432][  0]LogContentStreaming: Texture pool size now 800 MB
[2017.10.04-16.35.38:472][  0]LogSlate: Took 0.000156 seconds to synchronously load lazily loaded font '../../../Engine/Content/Slate/Fonts/Roboto-Light.ttf' (159K)
[2017.10.04-16.35.49:392][ 73]LogSlate: Took 0.000288 seconds to synchronously load lazily loaded font '../../../Engine/Content/Slate/Fonts/Roboto-Light.ttf' (159K)
[2017.10.04-16.35.49:828][ 73]LogContentBrowser: Native class hierarchy updated for 'BlueprintGraph' in 0.0007 seconds. Added 112 classes and 0 folders.
[2017.10.04-16.35.50:326][ 73]LogSlate: Took 0.000107 seconds to synchronously load lazily loaded font '../../../Engine/Content/Slate/Fonts/Roboto-Regular.ttf' (155K)
[2017.10.04-16.35.52:228][105]LogSlate: Took 0.005649 seconds to synchronously load lazily loaded font '../../../Engine/Content/Editor/Slate/Fonts/Roboto-BoldCondensed.ttf' (158K)
[2017.10.04-16.36.10:735][961]LogSlate: Took 0.008217 seconds to synchronously load lazily loaded font '../../../Engine/Content/Editor/Slate/Fonts/Roboto-Italic.ttf' (157K)
[2017.10.04-16.36.21:312][476]LogRenderer: Reallocating scene render targets to support 1304x712 NumSamples 1 (Frame:1).
[2017.10.04-16.36.40:207][721]BlueprintLog: New page: Compile GITTEST
[2017.10.04-16.36.46:756][807]Cmd: OBJ SAVEPACKAGE PACKAGE="/Game/VehicleAdvBP/Blueprints/GITTEST" FILE="D:/Unreal Games/ScrumLordRacing/Content/VehicleAdvBP/Blueprints/GITTEST.uasset" SILENT=true
[2017.10.04-16.36.46:780][807]LogSavePackage: Save=18.61ms
[2017.10.04-16.36.46:780][807]LogSavePackage: Moving 'D:/Unreal Games/ScrumLordRacing/Saved/GITTEST13BF865E4A53CF2DE2597094FDB8B15B.tmp' to 'D:/Unreal Games/ScrumLordRacing/Content/VehicleAdvBP/Blueprints/GITTEST.uasset'
[2017.10.04-16.36.46:783][807]LogSavePackage:Display: Finished SavePackage D:/Unreal Games/ScrumLordRacing/Content/VehicleAdvBP/Blueprints/GITTEST.uasset
[2017.10.04-16.37.46:705][264]BlueprintLog: New page: Compile GITTEST
[2017.10.04-16.37.47:704][280]Cmd: OBJ SAVEPACKAGE PACKAGE="/Game/VehicleAdvBP/Blueprints/GITTEST" FILE="D:/Unreal Games/ScrumLordRacing/Content/VehicleAdvBP/Blueprints/GITTEST.uasset" SILENT=true
[2017.10.04-16.37.47:726][280]LogSavePackage: Save=20.21ms
[2017.10.04-16.37.47:726][280]LogSavePackage: Moving 'D:/Unreal Games/ScrumLordRacing/Saved/GITTEST17C2E7514EACF930598D1F963C83C7B0.tmp' to 'D:/Unreal Games/ScrumLordRacing/Content/VehicleAdvBP/Blueprints/GITTEST.uasset'
[2017.10.04-16.37.47:727][280]LogSavePackage:Display: Finished SavePackage D:/Unreal Games/ScrumLordRacing/Content/VehicleAdvBP/Blueprints/GITTEST.uasset
[2017.10.04-16.38.36:085][303]LogSavePackage: Save=279.89ms
[2017.10.04-16.38.36:085][303]LogSavePackage: Moving 'D:/Unreal Games/ScrumLordRacing/Saved/VehicleAdvExampleMap16D217074B9153D267004AB83F75C444.tmp' to 'D:/Unreal Games/ScrumLordRacing/Content/VehicleAdvBP/Maps/VehicleAdvExampleMap.umap'
[2017.10.04-16.38.36:087][303]LogSavePackage:Display: Finished SavePackage D:/Unreal Games/ScrumLordRacing/Content/VehicleAdvBP/Maps/VehicleAdvExampleMap.umap
[2017.10.04-16.38.36:105][303]Cmd: OBJ SAVEPACKAGE PACKAGE="/Game/VehicleAdvBP/Maps/VehicleAdvExampleMap_BuiltData" FILE="D:/Unreal Games/ScrumLordRacing/Content/VehicleAdvBP/Maps/VehicleAdvExampleMap_BuiltData.uasset" SILENT=true
[2017.10.04-16.38.36:970][303]LogSavePackage: Save=850.43ms
[2017.10.04-16.38.36:970][303]LogSavePackage: Moving 'D:/Unreal Games/ScrumLordRacing/Saved/VehicleAdvExampleMap_BuiltDataD44D4FD947C298228AC7D690AE34FC29.tmp' to 'D:/Unreal Games/ScrumLordRacing/Content/VehicleAdvBP/Maps/VehicleAdvExampleMap_BuiltData.uasset'
[2017.10.04-16.38.36:972][303]LogSavePackage:Display: Finished SavePackage D:/Unreal Games/ScrumLordRacing/Content/VehicleAdvBP/Maps/VehicleAdvExampleMap_BuiltData.uasset
[2017.10.04-16.39.24:513][333]LogTemp: Repeting last play command: Selected Viewport
[2017.10.04-16.39.24:554][333]LogPlayLevel: PlayLevel: No blueprints needed recompiling
[2017.10.04-16.39.24:554][333]PIE: New page: PIE session: VehicleAdvExampleMap (Oct 4, 2017, 8:39:24 AM)
[2017.10.04-16.39.24:555][333]LogPlayLevel: Creating play world package: /Game/VehicleAdvBP/Maps/UEDPIE_0_VehicleAdvExampleMap
[2017.10.04-16.39.24:579][333]LogPlayLevel: PIE: StaticDuplicateObject took: (0.024118s)
[2017.10.04-16.39.24:580][333]LogAIModule: Creating AISystem for world VehicleAdvExampleMap
[2017.10.04-16.39.24:581][333]LogPlayLevel: PIE: World Init took: (0.001849s)
[2017.10.04-16.39.24:581][333]LogPlayLevel: PIE: Created PIE world by copying editor world from /Game/VehicleAdvBP/Maps/VehicleAdvExampleMap.VehicleAdvExampleMap to /Game/VehicleAdvBP/Maps/UEDPIE_0_VehicleAdvExampleMap.VehicleAdvExampleMap (0.026252s)
[2017.10.04-16.39.24:596][333]LogInit: XAudio2 using 'Speakers (Realtek High Definition Audio)' : 2 channels at 48 kHz using 32 bits per sample (channel mask 0x3)
[2017.10.04-16.39.24:603][333]LogInit: FAudioDevice initialized.
[2017.10.04-16.39.24:646][333]LogLoad: Game class is 'VehicleAdvGameMode_C'
[2017.10.04-16.39.24:656][333]LogWorld: Bringing World /Game/VehicleAdvBP/Maps/UEDPIE_0_VehicleAdvExampleMap.VehicleAdvExampleMap up for play (max tick rate 0) at 2017.10.04-12.39.24
[2017.10.04-16.39.24:660][333]LogWorld: Bringing up level for play took: 0.008441
[2017.10.04-16.39.24:691][333]LogContentBrowser: Native class hierarchy updated for 'MovieSceneCapture' in 0.0005 seconds. Added 11 classes and 0 folders.
[2017.10.04-16.39.24:692][333]PIE: Info Play in editor start time for /Game/VehicleAdvBP/Maps/UEDPIE_0_VehicleAdvExampleMap -0.155
[2017.10.04-16.39.41:425][756]LogWindowsTextInputMethodSystem:Display: IME system now deactivated.
[2017.10.04-16.39.41:595][757]Cmd: QUIT_EDITOR
[2017.10.04-16.39.41:959][757]LogExit: Preparing to exit.
[2017.10.04-16.39.42:226][757]LogExit: Editor shut down
[2017.10.04-16.39.42:229][757]LogExit: Transaction tracking system shut down
[2017.10.04-16.39.42:327][757]LogObj: Freed 0b from 0 cluster array pools.
[2017.10.04-16.39.42:327][757]LogExit: Object subsystem successfully closed.
[2017.10.04-16.39.42:341][757]LogD3D11RHI: Shutdown
[2017.10.04-16.39.42:341][757]LogD3D11RHI: CleanupD3DDevice
[2017.10.04-16.39.42:453][757]LogD3D11RHI: ~FD3D11DynamicRHI
[2017.10.04-16.39.42:470][757]LogModuleManager: Shutting down and abandoning module MovieSceneCapture (532)
[2017.10.04-16.39.42:470][757]LogModuleManager: Shutting down and abandoning module BlueprintGraph (530)
[2017.10.04-16.39.42:470][757]LogModuleManager: Shutting down and abandoning module BlueprintProfiler (528)
[2017.10.04-16.39.42:470][757]LogModuleManager: Shutting down and abandoning module HierarchicalLODOutliner (526)
[2017.10.04-16.39.42:470][757]LogModuleManager: Shutting down and abandoning module CrashTracker (524)
[2017.10.04-16.39.42:470][757]LogModuleManager: Shutting down and abandoning module SceneOutliner (522)
[2017.10.04-16.39.42:470][757]LogModuleManager: Shutting down and abandoning module AddContentDialog (520)
[2017.10.04-16.39.42:470][757]LogDirectoryWatcher: A directory notification for 'C:/Program Files/Epic Games/UE_4.16/FeaturePacks/' was aborted.
[2017.10.04-16.39.42:471][757]LogModuleManager: Shutting down and abandoning module WidgetCarousel (519)
[2017.10.04-16.39.42:471][757]LogModuleManager: Shutting down and abandoning module EditorWidgets (516)
[2017.10.04-16.39.42:471][757]LogModuleManager: Shutting down and abandoning module CollectionManager (514)
[2017.10.04-16.39.42:471][757]LogDirectoryWatcher: A directory notification for 'D:/Unreal Games/ScrumLordRacing/Content/Collections/' was aborted.
[2017.10.04-16.39.42:471][757]LogDirectoryWatcher: A directory notification for 'D:/Unreal Games/ScrumLordRacing/Content/Developers/galla000/Collections/' was aborted.
[2017.10.04-16.39.42:471][757]LogDirectoryWatcher: A directory notification for 'D:/Unreal Games/ScrumLordRacing/Saved/Collections/' was aborted.
[2017.10.04-16.39.42:471][757]LogModuleManager: Shutting down and abandoning module StatsViewer (512)
[2017.10.04-16.39.42:471][757]LogModuleManager: Shutting down and abandoning module FoliageEdit (510)
[2017.10.04-16.39.42:471][757]LogModuleManager: Shutting down and abandoning module LandscapeEditor (508)
[2017.10.04-16.39.42:471][757]LogModuleManager: Shutting down and abandoning module MeshPaintMode (506)
[2017.10.04-16.39.42:471][757]LogModuleManager: Shutting down and abandoning module SceneDepthPickerMode (504)
[2017.10.04-16.39.42:471][757]LogModuleManager: Shutting down and abandoning module ActorPickerMode (502)
[2017.10.04-16.39.42:471][757]LogModuleManager: Shutting down and abandoning module GeometryMode (500)
[2017.10.04-16.39.42:471][757]LogModuleManager: Shutting down and abandoning module TextureAlignMode (498)
[2017.10.04-16.39.42:471][757]LogModuleManager: Shutting down and abandoning module BspMode (496)
[2017.10.04-16.39.42:471][757]LogModuleManager: Shutting down and abandoning module HardwareSurvey (494)
[2017.10.04-16.39.42:471][757]LogModuleManager: Shutting down and abandoning module SequenceRecorderSections (492)
[2017.10.04-16.39.42:471][757]LogModuleManager: Shutting down and abandoning module AutomationWorker (490)
[2017.10.04-16.39.42:471][757]LogModuleManager: Shutting down and abandoning module MatineeToLevelSequence (488)
[2017.10.04-16.39.42:471][757]LogModuleManager: Shutting down and abandoning module LevelSequenceEditor (486)
[2017.10.04-16.39.42:471][757]LogModuleManager: Shutting down and abandoning module PlacementMode (485)
[2017.10.04-16.39.42:471][757]LogModuleManager: Shutting down and abandoning module WmfMediaFactory (482)
[2017.10.04-16.39.42:471][757]LogModuleManager: Shutting down and abandoning module WmfMediaEditor (480)
[2017.10.04-16.39.42:471][757]LogModuleManager: Shutting down and abandoning module AvfMediaFactory (478)
[2017.10.04-16.39.42:471][757]LogModuleManager: Shutting down and abandoning module AvfMediaEditor (476)
[2017.10.04-16.39.42:471][757]LogModuleManager: Shutting down and abandoning module AndroidMediaFactory (474)
[2017.10.04-16.39.42:471][757]LogModuleManager: Shutting down and abandoning module Media (473)
[2017.10.04-16.39.42:471][757]LogModuleManager: Shutting down and abandoning module AndroidMediaEditor (470)
[2017.10.04-16.39.42:471][757]LogModuleManager: Shutting down and abandoning module CharacterAI (468)
[2017.10.04-16.39.42:471][757]LogModuleManager: Shutting down and abandoning module AudioCapture (466)
[2017.10.04-16.39.42:471][757]LogModuleManager: Shutting down and abandoning module SequenceRecorder (465)
[2017.10.04-16.39.42:471][757]LogModuleManager: Shutting down and abandoning module SmartSnapping (462)
[2017.10.04-16.39.42:471][757]LogModuleManager: Shutting down and abandoning module SessionServices (460)
[2017.10.04-16.39.42:471][757]LogModuleManager: Shutting down and abandoning module ViewportSnapping (458)
[2017.10.04-16.39.42:471][757]LogModuleManager: Shutting down and abandoning module ViewportInteraction (456)
[2017.10.04-16.39.42:471][757]LogModuleManager: Shutting down and abandoning module ClothPainter (454)
[2017.10.04-16.39.42:471][757]LogModuleManager: Shutting down and abandoning module LogVisualizer (452)
[2017.10.04-16.39.42:471][757]LogModuleManager: Shutting down and abandoning module IntroTutorials (450)
[2017.10.04-16.39.42:471][757]LogModuleManager: Shutting down and abandoning module GameProjectGeneration (449)
[2017.10.04-16.39.42:471][757]LogModuleManager: Shutting down and abandoning module EditorLiveStreaming (446)
[2017.10.04-16.39.42:473][757]LogModuleManager: Shutting down and abandoning module IOSPlatformEditor (444)
[2017.10.04-16.39.42:473][757]LogModuleManager: Shutting down and abandoning module HTML5PlatformEditor (442)
[2017.10.04-16.39.42:473][757]LogModuleManager: Shutting down and abandoning module AndroidPlatformEditor (440)
[2017.10.04-16.39.42:473][757]LogModuleManager: Shutting down and abandoning module AndroidDeviceDetection (439)
[2017.10.04-16.39.42:580][757]LogModuleManager: Shutting down and abandoning module IOSRuntimeSettings (436)
[2017.10.04-16.39.42:580][757]LogModuleManager: Shutting down and abandoning module AndroidRuntimeSettings (434)
[2017.10.04-16.39.42:580][757]LogModuleManager: Shutting down and abandoning module InputBindingEditor (432)
[2017.10.04-16.39.42:580][757]LogModuleManager: Shutting down and abandoning module MergeActors (430)
[2017.10.04-16.39.42:580][757]LogModuleManager: Shutting down and abandoning module SizeMap (428)
[2017.10.04-16.39.42:580][757]LogModuleManager: Shutting down and abandoning module TreeMap (426)
[2017.10.04-16.39.42:580][757]LogModuleManager: Shutting down and abandoning module ReferenceViewer (424)
[2017.10.04-16.39.42:580][757]LogModuleManager: Shutting down and abandoning module LocalizationDashboard (422)
[2017.10.04-16.39.42:580][757]LogModuleManager: Shutting down and abandoning module LocalizationService (421)
[2017.10.04-16.39.42:580][757]LogModuleManager: Shutting down and abandoning module HardwareTargeting (418)
[2017.10.04-16.39.42:580][757]LogModuleManager: Shutting down and abandoning module DeviceProfileEditor (416)
[2017.10.04-16.39.42:580][757]LogModuleManager: Shutting down and abandoning module UndoHistory (414)
[2017.10.04-16.39.42:580][757]LogModuleManager: Shutting down and abandoning module UserFeedback (412)
[2017.10.04-16.39.42:580][757]LogModuleManager: Shutting down and abandoning module XmlParser (410)
[2017.10.04-16.39.42:580][757]LogModuleManager: Shutting down and abandoning module Blutility (408)
[2017.10.04-16.39.42:580][757]LogModuleManager: Shutting down and abandoning module ProjectSettingsViewer (406)
[2017.10.04-16.39.42:580][757]LogModuleManager: Shutting down and abandoning module ProjectTargetPlatformEditor (405)
[2017.10.04-16.39.42:580][757]LogModuleManager: Shutting down and abandoning module EditorSettingsViewer (402)
[2017.10.04-16.39.42:580][757]LogModuleManager: Shutting down and abandoning module SettingsEditor (400)
[2017.10.04-16.39.42:580][757]LogModuleManager: Shutting down and abandoning module ProjectLauncher (398)
[2017.10.04-16.39.42:580][757]LogModuleManager: Shutting down and abandoning module SessionFrontend (396)
[2017.10.04-16.39.42:580][757]LogModuleManager: Shutting down and abandoning module ProfilerClient (394)
[2017.10.04-16.39.42:580][757]LogModuleManager: Shutting down and abandoning module DeviceManager (392)
[2017.10.04-16.39.42:580][757]LogModuleManager: Shutting down and abandoning module TargetDeviceServices (391)
[2017.10.04-16.39.42:623][757]LogModuleManager: Shutting down and abandoning module AutomationController (388)
[2017.10.04-16.39.42:623][757]LogModuleManager: Shutting down and abandoning module AutomationWindow (386)
[2017.10.04-16.39.42:623][757]LogModuleManager: Shutting down and abandoning module Layers (384)
[2017.10.04-16.39.42:623][757]LogModuleManager: Shutting down and abandoning module ComponentVisualizers (382)
[2017.10.04-16.39.42:623][757]LogModuleManager: Shutting down and abandoning module DetailCustomizations (380)
[2017.10.04-16.39.42:623][757]LogModuleManager: Shutting down and abandoning module PackagesDialog (378)
[2017.10.04-16.39.42:623][757]LogModuleManager: Shutting down and abandoning module Persona (376)
[2017.10.04-16.39.42:623][757]LogModuleManager: Shutting down and abandoning module AdvancedPreviewScene (375)
[2017.10.04-16.39.42:623][757]LogModuleManager: Shutting down and abandoning module AnimGraph (373)
[2017.10.04-16.39.42:623][757]LogModuleManager: Shutting down and abandoning module Kismet (370)
[2017.10.04-16.39.42:629][757]LogModuleManager: Shutting down and abandoning module ClassViewer (368)
[2017.10.04-16.39.42:629][757]LogModuleManager: Shutting down and abandoning module Toolbox (366)
[2017.10.04-16.39.42:629][757]LogModuleManager: Shutting down and abandoning module ModuleUI (364)
[2017.10.04-16.39.42:629][757]LogModuleManager: Shutting down and abandoning module MovieSceneTools (362)
[2017.10.04-16.39.42:629][757]LogModuleManager: Shutting down and abandoning module OutputLog (360)
[2017.10.04-16.39.42:629][757]LogModuleManager: Shutting down and abandoning module GammaUI (358)
[2017.10.04-16.39.42:629][757]LogModuleManager: Shutting down and abandoning module Documentation (356)
[2017.10.04-16.39.42:629][757]LogModuleManager: Shutting down and abandoning module MovieSceneTracks (354)
[2017.10.04-16.39.42:629][757]LogModuleManager: Shutting down and abandoning module MovieScene (352)
[2017.10.04-16.39.42:629][757]LogModuleManager: Shutting down and abandoning module Niagara (350)
[2017.10.04-16.39.42:629][757]LogModuleManager: Shutting down and abandoning module NiagaraEditor (349)
[2017.10.04-16.39.42:629][757]LogModuleManager: Shutting down and abandoning module StreamingPauseRendering (346)
[2017.10.04-16.39.42:629][757]LogModuleManager: Shutting down and abandoning module AnalyticsET (344)
[2017.10.04-16.39.42:629][757]LogModuleManager: Shutting down and abandoning module PortalServices (342)
[2017.10.04-16.39.42:629][757]LogModuleManager: Shutting down and abandoning module PortalRpc (340)
[2017.10.04-16.39.42:629][757]LogModuleManager: Shutting down and abandoning module MessagingRpc (338)
[2017.10.04-16.39.42:629][757]LogModuleManager: Shutting down and abandoning module AIModule (336)
[2017.10.04-16.39.42:629][757]LogModuleManager: Shutting down and abandoning module GameplayDebugger (335)
[2017.10.04-16.39.42:629][757]LogModuleManager: Shutting down and abandoning module AITestSuite (333)
[2017.10.04-16.39.42:629][757]LogModuleManager: Shutting down and abandoning module ProfilerService (330)
[2017.10.04-16.39.42:771][757]LogModuleManager: Shutting down and abandoning module TaskGraph (328)
[2017.10.04-16.39.42:771][757]LogModuleManager: Shutting down and abandoning module SteamVRController (326)
[2017.10.04-16.39.42:771][757]LogModuleManager: Shutting down and abandoning module SteamVR (324)
[2017.10.04-16.39.42:771][757]LogModuleManager: Shutting down and abandoning module ProceduralMeshComponentEditor (322)
[2017.10.04-16.39.42:771][757]LogModuleManager: Shutting down and abandoning module ProceduralMeshComponent (320)
[2017.10.04-16.39.42:771][757]LogModuleManager: Shutting down and abandoning module OculusLibrary (318)
[2017.10.04-16.39.42:771][757]LogModuleManager: Shutting down and abandoning module OculusInput (316)
[2017.10.04-16.39.42:771][757]LogModuleManager: Shutting down and abandoning module MobilePatchingUtils (314)
[2017.10.04-16.39.42:771][757]LogModuleManager: Shutting down and abandoning module CustomMeshComponent (312)
[2017.10.04-16.39.42:771][757]LogModuleManager: Shutting down and abandoning module CableComponent (310)
[2017.10.04-16.39.42:771][757]LogModuleManager: Shutting down and abandoning module ArchVisCharacter (308)
[2017.10.04-16.39.42:771][757]LogModuleManager: Shutting down and abandoning module AndroidPermission (306)
[2017.10.04-16.39.42:771][757]LogModuleManager: Shutting down and abandoning module MediaPlayerEditor (302)
[2017.10.04-16.39.42:771][757]LogModuleManager: Shutting down and abandoning module RawInput (300)
[2017.10.04-16.39.42:771][757]LogModuleManager: Shutting down and abandoning module HTML5Networking (298)
[2017.10.04-16.39.42:771][757]LogModuleManager: Shutting down and abandoning module AlembicImporter (296)
[2017.10.04-16.39.42:771][757]LogModuleManager: Shutting down and abandoning module AlembicLibrary (295)
[2017.10.04-16.39.42:771][757]LogModuleManager: Shutting down and abandoning module GeometryCache (294)
[2017.10.04-16.39.42:771][757]LogModuleManager: Shutting down and abandoning module GeometryCacheEd (293)
[2017.10.04-16.39.42:771][757]LogModuleManager: Shutting down and abandoning module SuperSearchEditor (288)
[2017.10.04-16.39.42:771][757]LogModuleManager: Shutting down and abandoning module SuperSearch (287)
[2017.10.04-16.39.42:771][757]LogModuleManager: Shutting down and abandoning module SpeedTreeImporter (284)
[2017.10.04-16.39.42:771][757]LogModuleManager: Shutting down and abandoning module PluginBrowser (282)
[2017.10.04-16.39.42:771][757]LogModuleManager: Shutting down and abandoning module MobileLauncherProfileWizard (280)
[2017.10.04-16.39.42:771][757]LogModuleManager: Shutting down and abandoning module VisualStudioSourceCodeAccess (278)
[2017.10.04-16.39.42:771][757]LogModuleManager: Shutting down and abandoning module DesktopPlatform (277)
[2017.10.04-16.39.42:771][757]LogModuleManager: Shutting down and abandoning module UObjectPlugin (274)
[2017.10.04-16.39.42:771][757]LogModuleManager: Shutting down and abandoning module SubversionSourceControl (272)
[2017.10.04-16.39.42:771][757]LogModuleManager: Shutting down and abandoning module PerforceSourceControl (270)
[2017.10.04-16.39.42:771][757]LogModuleManager: Shutting down and abandoning module GitSourceControl (268)
[2017.10.04-16.39.42:771][757]LogModuleManager: Shutting down and abandoning module SourceControl (267)
[2017.10.04-16.39.42:772][757]LogModuleManager: Shutting down and abandoning module LightPropagationVolumeEditor (264)
[2017.10.04-16.39.42:772][757]LogModuleManager: Shutting down and abandoning module PaperTiledImporter (262)
[2017.10.04-16.39.42:772][757]LogModuleManager: Shutting down and abandoning module PaperSpriteSheetImporter (260)
[2017.10.04-16.39.42:772][757]LogModuleManager: Shutting down and abandoning module Paper2DEditor (258)
[2017.10.04-16.39.42:772][757]LogModuleManager: Shutting down and abandoning module MeshPaint (257)
[2017.10.04-16.39.42:772][757]LogModuleManager: Shutting down and abandoning module LevelEditor (255)
[2017.10.04-16.39.42:772][757]LogModuleManager: Shutting down and abandoning module PixelInspectorModule (254)
[2017.10.04-16.39.42:772][757]LogModuleManager: Shutting down and abandoning module MainFrame (252)
[2017.10.04-16.39.42:772][757]LogModuleManager: Shutting down and abandoning module HotReload (251)
[2017.10.04-16.39.42:773][757]LogModuleManager: Shutting down and abandoning module PhysXVehiclesEditor (246)
[2017.10.04-16.39.42:773][757]LogModuleManager: Shutting down and abandoning module PhysXVehicles (244)
[2017.10.04-16.39.42:773][757]LogModuleManager: Shutting down and abandoning module LocationServicesBPLibrary (242)
[2017.10.04-16.39.42:773][757]LogModuleManager: Shutting down and abandoning module ImmediatePhysicsEditor (240)
[2017.10.04-16.39.42:773][757]LogModuleManager: Shutting down and abandoning module ImmediatePhysics (238)
[2017.10.04-16.39.42:773][757]LogModuleManager: Shutting down and abandoning module UdpMessaging (236)
[2017.10.04-16.39.42:874][757]LogModuleManager: Shutting down and abandoning module TcpMessaging (234)
[2017.10.04-16.39.43:050][757]LogModuleManager: Shutting down and abandoning module GameplayTagsEditor (232)
[2017.10.04-16.39.43:050][757]LogModuleManager: Shutting down and abandoning module FacialAnimationEditor (230)
[2017.10.04-16.39.43:050][757]LogModuleManager: Shutting down and abandoning module FacialAnimation (228)
[2017.10.04-16.39.43:050][757]LogModuleManager: Shutting down and abandoning module AssetManagerEditor (226)
[2017.10.04-16.39.43:050][757]LogModuleManager: Shutting down and abandoning module GraphEditor (225)
[2017.10.04-16.39.43:050][757]LogModuleManager: Shutting down and abandoning module ContentBrowser (223)
[2017.10.04-16.39.43:051][757]LogModuleManager: Shutting down and abandoning module LightPropagationVolumeRuntime (220)
[2017.10.04-16.39.43:051][757]LogModuleManager: Shutting down and abandoning module Paper2D (218)
[2017.10.04-16.39.43:051][757]LogModuleManager: Shutting down and abandoning module WindowsMoviePlayer (216)
[2017.10.04-16.39.43:051][757]LogModuleManager: Shutting down and abandoning module WmfMedia (214)
[2017.10.04-16.39.43:051][757]LogModuleManager: Shutting down and abandoning module ClothingSystemEditor (212)
[2017.10.04-16.39.43:051][757]LogModuleManager: Shutting down and abandoning module ClothingSystemRuntime (210)
[2017.10.04-16.39.43:051][757]LogModuleManager: Shutting down and abandoning module MediaAssets (208)
[2017.10.04-16.39.43:051][757]LogModuleManager: Shutting down and abandoning module GameLiveStreaming (206)
[2017.10.04-16.39.43:051][757]LogModuleManager: Shutting down and abandoning module VREditor (204)
[2017.10.04-16.39.43:051][757]LogModuleManager: Shutting down and abandoning module StringTableEditor (202)
[2017.10.04-16.39.43:051][757]LogModuleManager: Shutting down and abandoning module GameplayTasksEditor (200)
[2017.10.04-16.39.43:051][757]LogModuleManager: Shutting down and abandoning module BehaviorTreeEditor (198)
[2017.10.04-16.39.43:051][757]LogModuleManager: Shutting down and abandoning module FunctionalTesting (196)
[2017.10.04-16.39.43:051][757]LogModuleManager: Shutting down and abandoning module CollisionAnalyzer (194)
[2017.10.04-16.39.43:051][757]LogModuleManager: Shutting down and abandoning module UMG (192)
[2017.10.04-16.39.43:051][757]LogModuleManager: Shutting down and abandoning module UMGEditor (191)
[2017.10.04-16.39.43:051][757]LogModuleManager: Shutting down and abandoning module Sequencer (190)
[2017.10.04-16.39.43:051][757]LogModuleManager: Shutting down and abandoning module AssetTools (188)
[2017.10.04-16.39.43:052][757]LogModuleManager: Shutting down and abandoning module MessageLog (187)
[2017.10.04-16.39.43:052][757]LogModuleManager: Shutting down and abandoning module WorkspaceMenuStructure (186)
[2017.10.04-16.39.43:052][757]LogModuleManager: Shutting down and abandoning module SlateReflector (180)
[2017.10.04-16.39.43:052][757]LogModuleManager: Shutting down and abandoning module Slate (178)
[2017.10.04-16.39.43:052][757]LogModuleManager: Shutting down and abandoning module EditorStyle (176)
[2017.10.04-16.39.43:054][757]LogModuleManager: Shutting down and abandoning module SourceCodeAccess (174)
[2017.10.04-16.39.43:054][757]LogModuleManager: Shutting down and abandoning module HeadMountedDisplay (172)
[2017.10.04-16.39.43:054][757]LogModuleManager: Shutting down and abandoning module XAudio2 (170)
[2017.10.04-16.39.43:054][757]LogModuleManager: Shutting down and abandoning module Networking (168)
[2017.10.04-16.39.43:054][757]LogModuleManager: Shutting down and abandoning module Core (164)
[2017.10.04-16.39.43:054][757]LogModuleManager: Shutting down and abandoning module AssetRegistry (162)
[2017.10.04-16.39.43:095][757]LogDirectoryWatcher: A directory notification for '../../../Engine/Content/' was aborted.
[2017.10.04-16.39.43:095][757]LogDirectoryWatcher: A directory notification for 'D:/Unreal Games/ScrumLordRacing/Content/' was aborted.
[2017.10.04-16.39.43:095][757]LogDirectoryWatcher: A directory notification for '../../../Engine/Plugins/2D/Paper2D/Content/' was aborted.
[2017.10.04-16.39.43:095][757]LogDirectoryWatcher: A directory notification for '../../../Engine/Plugins/Runtime/GearVR/Content/' was aborted.
[2017.10.04-16.39.43:097][757]LogModuleManager: Shutting down and abandoning module DirectoryWatcher (161)
[2017.10.04-16.39.43:098][757]LogModuleManager: Shutting down and abandoning module KismetCompiler (158)
[2017.10.04-16.39.43:098][757]LogModuleManager: Shutting down and abandoning module LevelSequence (156)
[2017.10.04-16.39.43:098][757]LogModuleManager: Shutting down and abandoning module PhysXFormats (154)
[2017.10.04-16.39.43:098][757]LogModuleManager: Shutting down and abandoning module MeshUtilities (152)
[2017.10.04-16.39.43:098][757]LogModuleManager: Shutting down and abandoning module SimplygonSwarm (151)
[2017.10.04-16.39.43:098][757]LogModuleManager: Shutting down and abandoning module SimplygonMeshReduction (149)
[2017.10.04-16.39.43:098][757]LogModuleManager: Shutting down and abandoning module QuadricMeshReduction (147)
[2017.10.04-16.39.43:098][757]LogModuleManager: Shutting down and abandoning module DerivedDataCache (144)
[2017.10.04-16.39.43:188][757]LogDerivedDataCache: Shutdown
[2017.10.04-16.39.43:188][757]LogModuleManager: Shutting down and abandoning module TargetPlatform (142)
[2017.10.04-16.39.43:188][757]LogModuleManager: Shutting down and abandoning module VulkanShaderFormat (141)
[2017.10.04-16.39.43:188][757]LogModuleManager: Shutting down and abandoning module ShaderFormatVectorVM (139)
[2017.10.04-16.39.43:188][757]LogModuleManager: Shutting down and abandoning module ShaderFormatOpenGL (137)
[2017.10.04-16.39.43:188][757]LogModuleManager: Shutting down and abandoning module ShaderFormatD3D (135)
[2017.10.04-16.39.43:188][757]LogModuleManager: Shutting down and abandoning module MetalShaderFormat (133)
[2017.10.04-16.39.43:188][757]LogModuleManager: Shutting down and abandoning module TextureFormatUncompressed (131)
[2017.10.04-16.39.43:188][757]LogModuleManager: Shutting down and abandoning module TextureFormatPVR (129)
[2017.10.04-16.39.43:188][757]LogModuleManager: Shutting down and abandoning module TextureFormatDXT (127)
[2017.10.04-16.39.43:188][757]LogModuleManager: Shutting down and abandoning module TextureFormatIntelISPCTexComp (125)
[2017.10.04-16.39.43:188][757]LogModuleManager: Shutting down and abandoning module TextureFormatASTC (123)
[2017.10.04-16.39.43:188][757]LogModuleManager: Shutting down and abandoning module ImageWrapper (122)
[2017.10.04-16.39.43:188][757]LogModuleManager: Shutting down and abandoning module TextureFormatAndroid (119)
[2017.10.04-16.39.43:188][757]LogModuleManager: Shutting down and abandoning module AudioFormatOpus (117)
[2017.10.04-16.39.43:188][757]LogModuleManager: Shutting down and abandoning module AudioFormatOgg (115)
[2017.10.04-16.39.43:188][757]LogModuleManager: Shutting down and abandoning module AudioFormatADPCM (113)
[2017.10.04-16.39.43:188][757]LogModuleManager: Shutting down and abandoning module LinuxTargetPlatform (111)
[2017.10.04-16.39.43:188][757]LogModuleManager: Shutting down and abandoning module LinuxServerTargetPlatform (109)
[2017.10.04-16.39.43:188][757]LogModuleManager: Shutting down and abandoning module LinuxNoEditorTargetPlatform (107)
[2017.10.04-16.39.43:188][757]LogModuleManager: Shutting down and abandoning module LinuxClientTargetPlatform (105)
[2017.10.04-16.39.43:188][757]LogModuleManager: Shutting down and abandoning module TVOSTargetPlatform (103)
[2017.10.04-16.39.43:188][757]LogModuleManager: Shutting down and abandoning module Messaging (101)
[2017.10.04-16.39.43:188][757]LogModuleManager: Shutting down and abandoning module IOSTargetPlatform (99)
[2017.10.04-16.39.43:188][757]LogModuleManager: Shutting down and abandoning module HTML5TargetPlatform (97)
[2017.10.04-16.39.43:188][757]LogModuleManager: Shutting down and abandoning module Android_PVRTCTargetPlatform (95)
[2017.10.04-16.39.43:188][757]LogModuleManager: Shutting down and abandoning module Android_MultiTargetPlatform (93)
[2017.10.04-16.39.43:188][757]LogModuleManager: Shutting down and abandoning module Android_ETC2TargetPlatform (91)
[2017.10.04-16.39.43:188][757]LogModuleManager: Shutting down and abandoning module Android_ETC1TargetPlatform (89)
[2017.10.04-16.39.43:189][757]LogModuleManager: Shutting down and abandoning module Android_DXTTargetPlatform (87)
[2017.10.04-16.39.43:189][757]LogModuleManager: Shutting down and abandoning module Android_ATCTargetPlatform (85)
[2017.10.04-16.39.43:189][757]LogModuleManager: Shutting down and abandoning module Android_ASTCTargetPlatform (83)
[2017.10.04-16.39.43:189][757]LogModuleManager: Shutting down and abandoning module AndroidTargetPlatform (81)
[2017.10.04-16.39.43:189][757]LogModuleManager: Shutting down and abandoning module WindowsTargetPlatform (79)
[2017.10.04-16.39.43:189][757]LogModuleManager: Shutting down and abandoning module WindowsServerTargetPlatform (77)
[2017.10.04-16.39.43:189][757]LogModuleManager: Shutting down and abandoning module WindowsNoEditorTargetPlatform (75)
[2017.10.04-16.39.43:189][757]LogModuleManager: Shutting down and abandoning module WindowsClientTargetPlatform (73)
[2017.10.04-16.39.43:189][757]LogModuleManager: Shutting down and abandoning module MacTargetPlatform (71)
[2017.10.04-16.39.43:189][757]LogModuleManager: Shutting down and abandoning module MacServerTargetPlatform (69)
[2017.10.04-16.39.43:189][757]LogModuleManager: Shutting down and abandoning module MacNoEditorTargetPlatform (67)
[2017.10.04-16.39.43:189][757]LogModuleManager: Shutting down and abandoning module MacClientTargetPlatform (65)
[2017.10.04-16.39.43:189][757]LogModuleManager: Shutting down and abandoning module AllDesktopTargetPlatform (63)
[2017.10.04-16.39.43:189][757]LogModuleManager: Shutting down and abandoning module InputCore (60)
[2017.10.04-16.39.43:189][757]LogModuleManager: Shutting down and abandoning module Settings (58)
[2017.10.04-16.39.43:189][757]LogModuleManager: Shutting down and abandoning module OculusRift (56)
[2017.10.04-16.39.43:189][757]LogModuleManager: Shutting down and abandoning module GearVRController (54)
[2017.10.04-16.39.43:189][757]LogModuleManager: Shutting down and abandoning module GearVR (52)
[2017.10.04-16.39.43:189][757]LogModuleManager: Shutting down and abandoning module ExampleDeviceProfileSelector (50)
[2017.10.04-16.39.43:189][757]LogModuleManager: Shutting down and abandoning module OnlineBlueprintSupport (48)
[2017.10.04-16.39.43:189][757]LogModuleManager: Shutting down and abandoning module OnlineSubsystem (44)
[2017.10.04-16.39.43:189][757]LogOnline:Display: Unloading online subsystem: NULL
[2017.10.04-16.39.43:189][757]LogModuleManager: Shutting down and abandoning module XMPP (43)
[2017.10.04-16.39.43:189][757]LogModuleManager: Shutting down and abandoning module HTTP (41)
[2017.10.04-16.39.43:189][757]LogHttp:Display: Http module shutting down, but needs to wait on 1 outstanding Http requests:
[2017.10.04-16.39.43:189][757]LogHttp:Display: 	verb=[POST] url=[https://datarouter.ol.epicgames.com/datarouter/api/v1/public/data?SessionID=%7B6AFA3CE9-4452-FB09-13F1-7EB2BB4A470A%7D&AppID=UEEditor.Rocket.Release&AppVersion=4.16.3-3561208%2B%2B%2BUE4%2BRelease-4.16&UserID=665dec2a4cb07e4a71250ab9266ceb62%7Ce8b3675815f34300b2475ff9b011f0bc%7C4e8dcd73-f07b-479f-a7d5-ed78ed029b66&AppEnvironment=datacollector-binary&UploadType=eteventstream] status=Processing
[2017.10.04-16.39.43:213][757]LogModuleManager: Shutting down and abandoning module SSL (40)
[2017.10.04-16.39.43:215][757]LogModuleManager: Shutting down and abandoning module HTTPChunkInstaller (36)
[2017.10.04-16.39.43:215][757]LogModuleManager: Shutting down and abandoning module AnimationModifiers (34)
[2017.10.04-16.39.43:215][757]LogModuleManager: Shutting down and abandoning module PropertyEditor (33)
[2017.10.04-16.39.43:215][757]LogModuleManager: Shutting down and abandoning module AudioEditor (30)
[2017.10.04-16.39.43:215][757]LogModuleManager: Shutting down and abandoning module TextureCompressor (28)
[2017.10.04-16.39.43:215][757]LogModuleManager: Shutting down and abandoning module ShaderCore (26)
[2017.10.04-16.39.43:215][757]LogModuleManager: Shutting down and abandoning module Landscape (24)
[2017.10.04-16.39.43:215][757]LogModuleManager: Shutting down and abandoning module SlateRHIRenderer (22)
[2017.10.04-16.39.43:215][757]LogModuleManager: Shutting down and abandoning module OpenGLDrv (20)
[2017.10.04-16.39.43:215][757]LogModuleManager: Shutting down and abandoning module D3D11RHI (18)
[2017.10.04-16.39.43:215][757]LogModuleManager: Shutting down and abandoning module AnimGraphRuntime (16)
[2017.10.04-16.39.43:215][757]LogModuleManager: Shutting down and abandoning module Renderer (14)
[2017.10.04-16.39.43:215][757]LogModuleManager: Shutting down and abandoning module Engine (12)
[2017.10.04-16.39.43:215][757]LogModuleManager: Shutting down and abandoning module CoreUObject (10)
[2017.10.04-16.39.43:215][757]LogModuleManager: Shutting down and abandoning module NetworkFile (8)
[2017.10.04-16.39.43:215][757]LogModuleManager: Shutting down and abandoning module StreamingFile (6)
[2017.10.04-16.39.43:215][757]LogModuleManager: Shutting down and abandoning module SandboxFile (4)
[2017.10.04-16.39.43:215][757]LogModuleManager: Shutting down and abandoning module PakFile (2)
[2017.10.04-16.39.43:217][757]LogExit: Exiting.
[2017.10.04-16.39.43:227][757]Log file closed, 10/04/17 12:39:43
