Log file open, 11/02/17 19:31:46
LogWindows: Failed to load 'aqProf.dll' (GetLastError=126)
LogWindows: File 'aqProf.dll' does not exist
LogWindows: Failed to load 'VSPerf140.dll' (GetLastError=126)
LogWindows: File 'VSPerf140.dll' does not exist
LogWindows: Failed to load 'VtuneApi.dll' (GetLastError=126)
LogWindows: File 'VtuneApi.dll' does not exist
LogWindows: Failed to load 'VtuneApi32e.dll' (GetLastError=126)
LogWindows: File 'VtuneApi32e.dll' does not exist
LogInit: Display: Running engine for game: ScrumLordRacing
LogPlatformFile: Not using cached read wrapper
LogInit: Display: RandInit(1680350101) SRandInit(1680350101).
LogTaskGraph: Started task graph with 5 named threads and 14 total threads with 3 sets of task threads.
LogStats: Stats thread started at 1.335732
LogD3D11RHI: Aftermath initialized
LogPluginManager: Mounting plugin Paper2D
LogPluginManager: Mounting plugin LightPropagationVolume
LogPluginManager: Mounting plugin CodeLiteSourceCodeAccess
LogPluginManager: Mounting plugin GitSourceControl
LogPluginManager: Mounting plugin KDevelopSourceCodeAccess
LogPluginManager: Mounting plugin NullSourceCodeAccess
LogPluginManager: Mounting plugin PerforceSourceControl
LogPluginManager: Mounting plugin SubversionSourceControl
LogPluginManager: Mounting plugin UObjectPlugin
LogPluginManager: Mounting plugin VisualStudioSourceCodeAccess
LogPluginManager: Mounting plugin XCodeSourceCodeAccess
LogPluginManager: Mounting plugin AssetManagerEditor
LogPluginManager: Mounting plugin AudioCapture
LogPluginManager: Mounting plugin FacialAnimation
LogPluginManager: Mounting plugin GameplayTagsEditor
LogPluginManager: Mounting plugin MobileLauncherProfileWizard
LogPluginManager: Mounting plugin PluginBrowser
LogPluginManager: Mounting plugin SpeedTreeImporter
LogPluginManager: Mounting plugin AlembicImporter
LogPluginManager: Mounting plugin CharacterAI
LogPluginManager: Mounting plugin HTML5Networking
LogPluginManager: Mounting plugin RawInput
LogPluginManager: Mounting plugin AndroidMedia
LogPluginManager: Mounting plugin AvfMedia
LogPluginManager: Mounting plugin MediaPlayerEditor
LogPluginManager: Mounting plugin WmfMedia
LogPluginManager: Mounting plugin TcpMessaging
LogPluginManager: Mounting plugin UdpMessaging
LogPluginManager: Mounting plugin LevelSequenceEditor
LogPluginManager: Mounting plugin MatineeToLevelSequence
LogPluginManager: Mounting plugin OnlineSubsystemGooglePlay
LogPluginManager: Mounting plugin OnlineSubsystemIOS
LogPluginManager: Mounting plugin OnlineSubsystem
LogPluginManager: Mounting plugin OnlineSubsystemNull
LogPluginManager: Mounting plugin OnlineSubsystemUtils
LogPluginManager: Mounting plugin AndroidDeviceProfileSelector
LogPluginManager: Mounting plugin AndroidMoviePlayer
LogPluginManager: Mounting plugin AndroidPermission
LogPluginManager: Mounting plugin AppleMoviePlayer
LogPluginManager: Mounting plugin ArchVisCharacter
LogPluginManager: Mounting plugin CableComponent
LogPluginManager: Mounting plugin CustomMeshComponent
LogPluginManager: Mounting plugin ExampleDeviceProfileSelector
LogPluginManager: Mounting plugin GoogleCloudMessaging
LogPluginManager: Mounting plugin ImmediatePhysics
LogPluginManager: Mounting plugin IOSDeviceProfileSelector
LogPluginManager: Mounting plugin LinuxDeviceProfileSelector
LogPluginManager: Mounting plugin LocationServicesBPLibrary
LogPluginManager: Mounting plugin MobilePatchingUtils
LogPluginManager: Mounting plugin OculusVR
LogPluginManager: Mounting plugin PhysXVehicles
LogPluginManager: Mounting plugin ProceduralMeshComponent
LogPluginManager: Mounting plugin RuntimePhysXCooking
LogPluginManager: Mounting plugin SteamVR
LogPluginManager: Mounting plugin WindowsMoviePlayer
LogInit: Using libcurl 7.47.1
LogInit:  - built for x86_64-pc-win32
LogInit:  - supports SSL with OpenSSL/1.0.2g
LogInit:  - supports HTTP deflate (compression) using libz 1.2.8
LogInit:  - other features:
LogInit:      CURL_VERSION_SSL
LogInit:      CURL_VERSION_LIBZ
LogInit:      CURL_VERSION_IPV6
LogInit:      CURL_VERSION_ASYNCHDNS
LogInit:      CURL_VERSION_LARGEFILE
LogInit:      CURL_VERSION_IDN
LogInit:  CurlRequestOptions (configurable via config and command line):
LogInit:  - bVerifyPeer = false  - Libcurl will NOT verify peer certificate
LogInit:  - bUseHttpProxy = false  - Libcurl will NOT use HTTP proxy
LogInit:  - bDontReuseConnections = false  - Libcurl will reuse connections
LogInit:  - CertBundlePath = nullptr  - Libcurl will use whatever was configured at build time.
LogInit: Build: ++UE4+Release-4.17-CL-3658906
LogInit: Engine Version: 4.17.2-3658906+++UE4+Release-4.17
LogInit: Compatible Engine Version: 4.17.0-3573198+++UE4+Release-4.17
LogInit: Net CL: 3573198
LogDevObjectVersion: Number of dev versions registered: 16
LogDevObjectVersion:   Dev-Blueprints (B0D832E4-1F89-4F0D-ACCF-7EB736FD4AA2): 10
LogDevObjectVersion:   Dev-Build (E1C64328-A22C-4D53-A36C-8E866417BD8C): 0
LogDevObjectVersion:   Dev-Core (375EC13C-06E4-48FB-B500-84F0262A717E): 2
LogDevObjectVersion:   Dev-Editor (E4B068ED-F494-42E9-A231-DA0B2E46BB41): 20
LogDevObjectVersion:   Dev-Framework (CFFC743F-43B0-4480-9391-14DF171D2073): 28
LogDevObjectVersion:   Dev-Mobile (B02B49B5-BB20-44E9-A304-32B752E40360): 0
LogDevObjectVersion:   Dev-Networking (A4E4105C-59A1-49B5-A7C5-40C4547EDFEE): 0
LogDevObjectVersion:   Dev-Online (39C831C9-5AE6-47DC-9A44-9C173E1C8E7C): 0
LogDevObjectVersion:   Dev-Physics (78F01B33-EBEA-4F98-B9B4-84EACCB95AA2): 0
LogDevObjectVersion:   Dev-Platform (6631380F-2D4D-43E0-8009-CF276956A95A): 0
LogDevObjectVersion:   Dev-Rendering (12F88B9F-8875-4AFC-A67C-D90C383ABD29): 19
LogDevObjectVersion:   Dev-Sequencer (7B5AE74C-D270-4C10-A958-57980B212A5A): 4
LogDevObjectVersion:   Dev-VR (D7296918-1DD6-4BDD-9DE2-64A83CC13884): 0
LogDevObjectVersion:   Dev-LoadTimes (C2A15278-BFE7-4AFE-6C17-90FF531DF755): 1
LogDevObjectVersion:   Private-Geometry (6EACA3D4-40EC-4CC1-B786-8BED09428FC5): 1
LogDevObjectVersion:   Dev-AnimPhys (29E575DD-E0A3-4627-9D10-D276232CDCEA): 7
LogInit: Compiled (64-bit): Sep 22 2017 13:47:16
LogInit: Compiled with Visual C++: 19.00.24215.01
LogInit: Build Configuration: Development
LogInit: Branch Name: ++UE4+Release-4.17
LogInit: Command line:  
LogInit: Base directory: E:/UE_4.17/Engine/Binaries/Win64/
LogInit: Installed Engine Build: 1
LogInit: Presizing for max 8388607 objects, including 0 objects not considered by GC, pre-allocating 0 bytes for permanent pool.
LogInit: Object subsystem initialized
[2017.11.02-23.31.47:695][  0]LogInit: Selected Device Profile: [Windows]
[2017.11.02-23.31.47:695][  0]LogInit: Applying CVar settings loaded from the selected device profile: [Windows]
[2017.11.02-23.31.47:804][  0]LogInit: Computer: ARCHANGLE
[2017.11.02-23.31.47:804][  0]LogInit: User: Matth
[2017.11.02-23.31.47:804][  0]LogInit: CPU Page size=4096, Cores=4
[2017.11.02-23.31.47:804][  0]LogInit: High frequency timer resolution =3.433718 MHz
[2017.11.02-23.31.47:804][  0]LogMemory: Memory total: Physical=8.0GB (8GB approx)
[2017.11.02-23.31.47:811][  0]LogMemory: Platform Memory Stats for Windows
[2017.11.02-23.31.47:811][  0]LogMemory: Process Physical Memory: 281.86 MB used, 281.86 MB peak
[2017.11.02-23.31.47:811][  0]LogMemory: Process Virtual Memory: 282.28 MB used, 282.28 MB peak
[2017.11.02-23.31.47:811][  0]LogMemory: Physical Memory: 5680.59 MB used,  2476.07 MB free, 8156.66 MB total
[2017.11.02-23.31.47:811][  0]LogMemory: Virtual Memory: 715.46 MB used,  2476.07 MB free, 134217728.00 MB total
[2017.11.02-23.31.48:778][  0]LogInit: Using OS detected language (en-US).
[2017.11.02-23.31.48:778][  0]LogInit: Using OS detected locale (en-US).
[2017.11.02-23.31.48:977][  0]LogTextLocalizationManager: No specific localization for 'en-US' exists, so the 'en' localization will be used.
[2017.11.02-23.31.53:017][  0]LogD3D11RHI: D3D11 adapters:
[2017.11.02-23.31.53:157][  0]LogD3D11RHI:    0. 'NVIDIA GeForce GTX 960' (Feature Level 11_0)
[2017.11.02-23.31.53:157][  0]LogD3D11RHI:       2016/0/4078 MB DedicatedVideo/DedicatedSystem/SharedSystem, Outputs:2, VendorId:0x10de
[2017.11.02-23.31.53:159][  0]LogD3D11RHI:    1. 'Microsoft Basic Render Driver' (Feature Level 11_0)
[2017.11.02-23.31.53:159][  0]LogD3D11RHI:       0/0/4078 MB DedicatedVideo/DedicatedSystem/SharedSystem, Outputs:0, VendorId:0x1414
[2017.11.02-23.31.53:159][  0]LogD3D11RHI: Chosen D3D11 Adapter: 0
[2017.11.02-23.31.53:172][  0]LogD3D11RHI: Creating new Direct3DDevice
[2017.11.02-23.31.53:172][  0]LogD3D11RHI:     GPU DeviceId: 0x1401 (for the marketing name, search the web for "GPU Device Id")
[2017.11.02-23.31.53:172][  0]LogWindows: EnumDisplayDevices:
[2017.11.02-23.31.53:172][  0]LogWindows:    0. 'NVIDIA GeForce GTX 960' (P:1 D:1)
[2017.11.02-23.31.53:172][  0]LogWindows:    1. 'NVIDIA GeForce GTX 960' (P:0 D:1)
[2017.11.02-23.31.53:173][  0]LogWindows:    2. 'NVIDIA GeForce GTX 960' (P:0 D:0)
[2017.11.02-23.31.53:173][  0]LogWindows:    3. 'NVIDIA GeForce GTX 960' (P:0 D:0)
[2017.11.02-23.31.53:173][  0]LogWindows: DebugString: GetVideoDriverDetailsInvalid PrimaryIsNotTheChoosenAdapter GetVideoDriverDetailsInvalid PrimaryIsNotTheChoosenAdapter GetVideoDriverDetailsInvalid PrimaryIsNotTheChoosenAdapter GetVideoDriverDetailsInvalid PrimaryIsNotTheChoosenAdapter FoundDriverCount:0 
[2017.11.02-23.31.53:173][  0]LogD3D11RHI:     Adapter Name: NVIDIA GeForce GTX 960
[2017.11.02-23.31.53:173][  0]LogD3D11RHI:   Driver Version: Unknown (internal:Unknown, unified:Unknown)
[2017.11.02-23.31.53:173][  0]LogD3D11RHI:      Driver Date: Unknown
[2017.11.02-23.31.53:173][  0]LogRHI: Texture pool is 1361 MB (70% of 1945 MB)
[2017.11.02-23.31.53:240][  0]LogD3D11RHI: Async texture creation enabled
[2017.11.02-23.31.55:311][  0]LogD3D11RHI: GPU Timing Frequency: 1000.000000 (Debug: 2 1)
[2017.11.02-23.31.59:538][  0]LogShaderCompilers: Guid format shader working directory is -2 characters bigger than the processId version (C:/Users/Matth/Documents/GitHub/ScrumLordRacing/Intermediate/Shaders/WorkingDirectory/16192/).
[2017.11.02-23.31.59:538][  0]LogShaderCompilers: Cleaned the shader compiler working directory 'C:/Users/Matth/AppData/Local/Temp/UnrealShaderWorkingDir/3CB5B799452B3955E0C33DAB91AC4CDE/'.
[2017.11.02-23.31.59:539][  0]LogShaderCompilers: Display: Using Local Shader Compiler.
[2017.11.02-23.32.05:962][  0]LogTemp: Display: Loaded TP AllDesktopTargetPlatform
[2017.11.02-23.32.06:034][  0]LogTemp: Display: Loaded TP MacClientTargetPlatform
[2017.11.02-23.32.06:106][  0]LogTemp: Display: Loaded TP MacNoEditorTargetPlatform
[2017.11.02-23.32.06:182][  0]LogTemp: Display: Loaded TP MacServerTargetPlatform
[2017.11.02-23.32.06:273][  0]LogTemp: Display: Loaded TP MacTargetPlatform
[2017.11.02-23.32.06:346][  0]LogTemp: Display: Loaded TP WindowsClientTargetPlatform
[2017.11.02-23.32.06:418][  0]LogTemp: Display: Loaded TP WindowsNoEditorTargetPlatform
[2017.11.02-23.32.06:489][  0]LogTemp: Display: Loaded TP WindowsServerTargetPlatform
[2017.11.02-23.32.06:547][  0]LogTemp: Display: Loaded TP WindowsTargetPlatform
[2017.11.02-23.32.06:630][  0]LogTemp: Display: Loaded TP AndroidTargetPlatform
[2017.11.02-23.32.06:697][  0]LogTemp: Display: Loaded TP Android_ASTCTargetPlatform
[2017.11.02-23.32.06:766][  0]LogTemp: Display: Loaded TP Android_ATCTargetPlatform
[2017.11.02-23.32.06:833][  0]LogTemp: Display: Loaded TP Android_DXTTargetPlatform
[2017.11.02-23.32.06:901][  0]LogTemp: Display: Loaded TP Android_ETC1TargetPlatform
[2017.11.02-23.32.06:971][  0]LogTemp: Display: Loaded TP Android_ETC2TargetPlatform
[2017.11.02-23.32.07:117][  0]LogTemp: Display: Loaded TP Android_MultiTargetPlatform
[2017.11.02-23.32.07:118][  0]LogTemp: Display: Loaded TP Android_PVRTCTargetPlatform
[2017.11.02-23.32.07:249][  0]LogTemp: Display: Loaded TP HTML5TargetPlatform
[2017.11.02-23.32.07:434][  0]LogTemp: Display: Loaded TP IOSTargetPlatform
[2017.11.02-23.32.07:521][  0]LogTemp: Display: Loaded TP TVOSTargetPlatform
[2017.11.02-23.32.07:593][  0]LogTemp: Display: Loaded TP LinuxClientTargetPlatform
[2017.11.02-23.32.07:666][  0]LogTemp: Display: Loaded TP LinuxNoEditorTargetPlatform
[2017.11.02-23.32.07:742][  0]LogTemp: Display: Loaded TP LinuxServerTargetPlatform
[2017.11.02-23.32.07:829][  0]LogTemp: Display: Loaded TP LinuxTargetPlatform
[2017.11.02-23.32.07:829][  0]LogTargetPlatformManager: Display: Building Assets For Windows
[2017.11.02-23.32.09:531][  0]LogDerivedDataCache: Display: Max Cache Size: 512 MB
[2017.11.02-23.32.10:287][  0]LogDerivedDataCache: Loaded boot cache 0.76s 93MB C:/Users/Matth/AppData/Local/UnrealEngine/4.17/DerivedDataCache/Boot.ddc.
[2017.11.02-23.32.10:287][  0]LogDerivedDataCache: Display: Loaded Boot cache: C:/Users/Matth/AppData/Local/UnrealEngine/4.17/DerivedDataCache/Boot.ddc
[2017.11.02-23.32.10:287][  0]LogDerivedDataCache: FDerivedDataBackendGraph:  Pak pak cache file C:/Users/Matth/Documents/GitHub/ScrumLordRacing/DerivedDataCache/DDC.ddp not found, will not use a pak cache.
[2017.11.02-23.32.10:287][  0]LogDerivedDataCache: Unable to find inner node Pak for hierarchical cache Hierarchy.
[2017.11.02-23.32.10:287][  0]LogDerivedDataCache: FDerivedDataBackendGraph:  CompressedPak pak cache file C:/Users/Matth/Documents/GitHub/ScrumLordRacing/DerivedDataCache/Compressed.ddp not found, will not use a pak cache.
[2017.11.02-23.32.10:287][  0]LogDerivedDataCache: Unable to find inner node CompressedPak for hierarchical cache Hierarchy.
[2017.11.02-23.32.10:358][  0]LogDerivedDataCache: Display: Pak cache opened for reading ../../../Engine/DerivedDataCache/Compressed.ddp.
[2017.11.02-23.32.10:387][  0]LogDerivedDataCache: Using Local data cache path C:/Users/Matth/AppData/Local/UnrealEngine/Common/DerivedDataCache: Writable
[2017.11.02-23.32.10:410][  0]LogMaterial: Verifying Global Shaders for PCD3D_SM5
[2017.11.02-23.32.10:421][  0]LogSlate: Using Freetype 2.6.0
[2017.11.02-23.32.10:489][  0]LogSlate: SlateFontCache - WITH_FREETYPE: 1, WITH_HARFBUZZ: 1
[2017.11.02-23.32.10:489][  0]LogSlate: SlateFontCache - WITH_FREETYPE: 1, WITH_HARFBUZZ: 1
[2017.11.02-23.32.18:891][  0]LogAssetRegistry: FAssetRegistry took 0.0373 seconds to start up
[2017.11.02-23.32.19:793][  0]LogInit: Selected Device Profile: [Windows]
[2017.11.02-23.32.21:926][  0]LogContentStreaming: Texture pool size is 0.00 MB
[2017.11.02-23.32.22:956][  0]LogSimplygon: Simplygon DLL not present - disabling.
[2017.11.02-23.32.23:060][  0]LogMeshReduction: Using SimplygonSwarm for distributed automatic mesh merging
[2017.11.02-23.32.23:061][  0]LogMeshReduction: Using QuadricMeshReduction for automatic static mesh reduction
[2017.11.02-23.32.23:062][  0]LogMeshReduction: No automatic skeletal mesh reduction module available
[2017.11.02-23.32.23:062][  0]LogMeshReduction: No automatic mesh merging module available
[2017.11.02-23.32.23:062][  0]LogMeshMerging: No automatic mesh merging module available
[2017.11.02-23.32.25:341][  0]LogNetVersion: ScrumLordRacing , NetCL: 3573198, EngineNetVer: 2, GameNetVer: 0 (Checksum: 2466738751)
[2017.11.02-23.32.26:736][  0]LogPackageLocalizationCache: Processed 5 localized package path(s) for 2 prioritized culture(s) in 0.168662 seconds
[2017.11.02-23.32.26:767][  0]LogUObjectArray: 35825 objects as part of root set at end of initial load.
[2017.11.02-23.32.26:767][  0]LogUObjectAllocator: 7529112 out of 0 bytes used by permanent object pool.
[2017.11.02-23.32.26:772][  0]LogUObjectArray: CloseDisregardForGC: 0/0 objects in disregard for GC pool
[2017.11.02-23.32.26:872][  0]LogInit: WinSock: version 1.1 (2.2), MaxSocks=32767, MaxUdp=65467
[2017.11.02-23.32.47:269][  0]LogTcpMessaging: Initializing TcpMessaging bridge
[2017.11.02-23.32.47:338][  0]LogUdpMessaging: Initializing bridge on interface 0.0.0.0:0 to multicast group 230.0.0.1:6666.
[2017.11.02-23.32.49:487][  0]LogMaterial: Uniform references updated for custom material expression Custom.
[2017.11.02-23.32.50:303][  0]SourceControl: Source control is disabled
[2017.11.02-23.32.50:304][  0]SourceControl: Source control is disabled
[2017.11.02-23.32.50:411][  0]SourceControl: Source control is disabled
[2017.11.02-23.32.50:646][  0]SourceControl: Source control is disabled
[2017.11.02-23.32.52:165][  0]LogAndroidPermission: UAndroidPermissionCallbackProxy::GetInstance
[2017.11.02-23.32.52:562][  0]LogOcInput: OculusInput pre-init called
[2017.11.02-23.32.53:101][  0]LogEngine: Initializing Engine...
[2017.11.02-23.32.53:110][  0]LogHMD: Failed to initialize OpenVR with code 110
[2017.11.02-23.32.53:934][  0]LogStats: UGameplayTagsManager::ConstructGameplayTagTree: Construct from data asset -  0.000 s
[2017.11.02-23.32.53:936][  0]LogStats: UGameplayTagsManager::ConstructGameplayTagTree: GameplayTagTreeChangedEvent.Broadcast -  0.001 s
[2017.11.02-23.32.54:447][  0]LogAIModule: Creating AISystem for world Untitled
[2017.11.02-23.32.54:568][  0]LogInit: XAudio2 using 'Speakers (VIA HD Audio(Win 10))' : 2 channels at 48 kHz using 32 bits per sample (channel mask 0x3)
[2017.11.02-23.32.54:794][  0]LogInit: FAudioDevice initialized.
[2017.11.02-23.32.55:207][  0]LogDerivedDataCache: Saved boot cache 0.41s 93MB C:/Users/Matth/AppData/Local/UnrealEngine/4.17/DerivedDataCache/Boot.ddc.
[2017.11.02-23.32.55:245][  0]LogInit: Texture streaming: Enabled
[2017.11.02-23.32.55:461][  0]LogEngineSessionManager: EngineSessionManager initialized
[2017.11.02-23.32.57:184][  0]LogInit: Transaction tracking system initialized
[2017.11.02-23.32.57:882][  0]BlueprintLog: New page: Editor Load
[2017.11.02-23.32.59:768][  0]LocalizationService: Localization service is disabled
[2017.11.02-23.33.01:098][  0]LogConsoleResponse: Display: 
[2017.11.02-23.33.02:579][  0]LogFileCache: Scanning file cache for directory 'C:/Users/Matth/Documents/GitHub/ScrumLordRacing/Content/' took 0.03s
[2017.11.02-23.33.02:579][  0]LogCook: Display: Max memory allowance for cook 16384mb min free memory 0mb
[2017.11.02-23.33.02:580][  0]LogCook: Display: Mobile HDR setting 1
[2017.11.02-23.33.02:605][  0]LogGameplayTags: Display: UGameplayTagsManager::DoneAddingNativeTags. DelegateIsBound: 0
[2017.11.02-23.33.04:923][  0]SourceControl: Source control is disabled
[2017.11.02-23.33.04:947][  0]Cmd: MAP LOAD FILE="C:/Users/Matth/Documents/GitHub/ScrumLordRacing/Content/Maps/MainMenu/MainMenu.umap" TEMPLATE=0 SHOWPROGRESS=1 FEATURELEVEL=3
[2017.11.02-23.33.04:975][  0]LightingResults: New page: Lighting Build
[2017.11.02-23.33.05:121][  0]MapCheck: New page: Map Check
[2017.11.02-23.33.05:121][  0]LightingResults: New page: Lighting Build
[2017.11.02-23.33.07:402][  0]LogAIModule: Creating AISystem for world MainMenu
[2017.11.02-23.33.07:433][  0]LogEditorServer: Finished looking for orphan Actors (0.000 secs)
[2017.11.02-23.33.07:535][  0]Cmd: MAP CHECKDEP NOCLEARLOG
[2017.11.02-23.33.07:615][  0]MapCheck: Map check complete: 0 Error(s), 0 Warning(s), took 79.4ms to complete.
[2017.11.02-23.33.07:615][  0]LogFileHelpers: Loading map 'MainMenu' took 2.677
[2017.11.02-23.33.07:894][  0]LogWindowsTextInputMethodSystem: Display: IME system now deactivated.
[2017.11.02-23.33.07:894][  0]LogWindowsTextInputMethodSystem: Display: IME system now deactivated.
[2017.11.02-23.33.08:613][  0]LogCollectionManager: Loaded 0 collections in 0.001699 seconds
[2017.11.02-23.33.08:754][  0]LogFileCache: Scanning file cache for directory 'C:/Users/Matth/Documents/GitHub/ScrumLordRacing/Saved/Collections/' took 0.01s
[2017.11.02-23.33.08:754][  0]LogFileCache: Scanning file cache for directory 'C:/Users/Matth/Documents/GitHub/ScrumLordRacing/Content/Developers/Matth/Collections/' took 0.01s
[2017.11.02-23.33.08:754][  0]LogFileCache: Scanning file cache for directory 'C:/Users/Matth/Documents/GitHub/ScrumLordRacing/Content/Collections/' took 0.01s
[2017.11.02-23.33.08:754][  0]LogCollectionManager: Rebuilt the GUID cache for 0 collections in 0.000001 seconds
[2017.11.02-23.33.08:778][  0]LogContentBrowser: Native class hierarchy populated in 0.0214 seconds. Added 2388 classes and 503 folders.
[2017.11.02-23.33.08:880][  0]LogContentBrowser: Native class hierarchy updated for 'WidgetCarousel' in 0.0009 seconds. Added 0 classes and 0 folders.
[2017.11.02-23.33.09:824][  0]LogContentBrowser: Native class hierarchy updated for 'AddContentDialog' in 0.0018 seconds. Added 0 classes and 0 folders.
[2017.11.02-23.33.09:920][  0]LogContentBrowser: Native class hierarchy updated for 'SceneOutliner' in 0.0010 seconds. Added 1 classes and 2 folders.
[2017.11.02-23.33.10:398][  0]LogSlate: Took 0.020169 seconds to synchronously load lazily loaded font '../../../Engine/Content/Slate/Fonts/Roboto-Regular.ttf' (155K)
[2017.11.02-23.33.10:413][  0]LogSlate: Took 0.010801 seconds to synchronously load lazily loaded font '../../../Engine/Content/Slate/Fonts/Roboto-Bold.ttf' (160K)
[2017.11.02-23.33.10:488][  0]LogSlate: Took 0.012978 seconds to synchronously load lazily loaded font '../../../Engine/Content/Editor/Slate/Fonts/FontAwesome.ttf' (139K)
[2017.11.02-23.33.10:831][  0]LogRenderer: Reallocating scene render targets to support 1208x576 Format 10 NumSamples 1 (Frame:1).
[2017.11.02-23.33.11:641][  0]LogContentBrowser: Native class hierarchy updated for 'HierarchicalLODOutliner' in 0.0010 seconds. Added 1 classes and 2 folders.
[2017.11.02-23.33.11:641][  0]LogLoad: (Engine Initialization) Total time: 94.50 seconds
[2017.11.02-23.33.11:641][  0]LogLoad: (Engine Initialization) Total Blueprint compile time: 0.00 seconds
[2017.11.02-23.33.11:651][  0]LogExternalProfiler: No external profilers were discovered.  External profiling features will not be available.
[2017.11.02-23.33.11:702][  0]LogRawInputWindows: Warning: Found device 0 devices
[2017.11.02-23.33.11:702][  0]LogRawInputWindows: Warning: Found device 0 devices
[2017.11.02-23.33.11:702][  0]LogRawInputWindows: Warning: Device was registered succesfully but not connected (Usage:4 UsagePage:1
[2017.11.02-23.33.11:703][  0]LogRawInputWindows: Warning: Found device 1 devices
[2017.11.02-23.33.11:703][  0]LogRawInputWindows: Warning: Device was registered succesfully but not connected (Usage:5 UsagePage:1
[2017.11.02-23.33.11:786][  0]LogContentStreaming: Texture pool size now 1000 MB
[2017.11.02-23.33.11:920][  0]LogSlate: Took 0.009067 seconds to synchronously load lazily loaded font '../../../Engine/Content/Slate/Fonts/Roboto-Light.ttf' (159K)
[2017.11.02-23.33.11:963][  1]LogFileCache: Retrieving MD5 hashes for directory 'C:/Users/Matth/Documents/GitHub/ScrumLordRacing/Content/' took 0.24s
[2017.11.02-23.33.12:072][  2]LogAssetRegistry: Asset discovery search completed in 53.2043 seconds
[2017.11.02-23.33.12:078][  2]LogCollectionManager: Rebuilt the object cache for 0 collections in 0.000001 seconds (found 0 objects)
[2017.11.02-23.33.12:078][  2]LogCollectionManager: Fixed up redirectors for 0 collections in 0.000059 seconds (updated 0 objects)
[2017.11.02-23.33.12:742][ 25]LogSlate: Took 0.000884 seconds to synchronously load lazily loaded font '../../../Engine/Content/Slate/Fonts/Roboto-Light.ttf' (159K)
[2017.11.02-23.36.04:985][464]LogSlate: Took 0.059621 seconds to synchronously load lazily loaded font '../../../Engine/Content/Slate/Fonts/Roboto-Light.ttf' (159K)
[2017.11.02-23.36.05:856][464]LogSlate: Took 0.154649 seconds to synchronously load lazily loaded font '../../../Engine/Content/Slate/Fonts/Roboto-Regular.ttf' (155K)
[2017.11.02-23.36.06:667][464]LogContentBrowser: Native class hierarchy updated for 'BlueprintGraph' in 0.0015 seconds. Added 113 classes and 0 folders.
[2017.11.02-23.36.10:786][464]LogSlate: Took 0.013188 seconds to synchronously load lazily loaded font '../../../Engine/Content/Editor/Slate/Fonts/Roboto-BoldCondensed.ttf' (158K)
[2017.11.02-23.36.33:363][746]LogAIModule: Creating AISystem for world TrackOne
[2017.11.02-23.36.33:840][746]Cmd: MAP LOAD FILE="C:/Users/Matth/Documents/GitHub/ScrumLordRacing/Content/Maps/TrackOne/TrackOne.umap" TEMPLATE=0 SHOWPROGRESS=1 FEATURELEVEL=3
[2017.11.02-23.36.33:840][746]LightingResults: New page: Lighting Build
[2017.11.02-23.36.33:841][746]LoadErrors: New page: Loading map: TrackOne.umap
[2017.11.02-23.36.33:843][746]MapCheck: New page: Map Check
[2017.11.02-23.36.33:843][746]LightingResults: New page: Lighting Build
[2017.11.02-23.36.34:822][746]LogEditorServer: Finished looking for orphan Actors (0.000 secs)
[2017.11.02-23.36.35:012][746]Cmd: MAP CHECKDEP NOCLEARLOG
[2017.11.02-23.36.35:099][746]MapCheck: Map check complete: 0 Error(s), 0 Warning(s), took 86.792ms to complete.
[2017.11.02-23.36.35:100][746]LogFileHelpers: Loading map 'TrackOne' took 1.263
[2017.11.02-23.39.25:960][148]LogEditorViewport: Clicking on Actor (LMB): TrackGenerator_C (TrackGenerator)
[2017.11.02-23.39.42:187][944]Cmd: TRANSACTION UNDO
[2017.11.02-23.39.42:187][944]LogEditorTransaction: Undo Move Actors
[2017.11.02-23.39.42:742][958]Cmd: TRANSACTION UNDO
[2017.11.02-23.39.42:742][958]LogEditorTransaction: Undo Move Actors
[2017.11.02-23.39.50:988][272]LogSlate: Took 0.023806 seconds to synchronously load lazily loaded font '../../../Engine/Content/Editor/Slate/Fonts/Roboto-Italic.ttf' (157K)
[2017.11.02-23.40.06:764][973]LogRenderer: Reallocating scene render targets to support 1208x900 Format 10 NumSamples 1 (Frame:1).
[2017.11.02-23.40.34:901][265]LogAIModule: Creating AISystem for world TrackTwo
[2017.11.02-23.40.37:403][265]Cmd: OBJ SAVEPACKAGE PACKAGE="/Game/Maps/TrackOne/TrackOne" FILE="C:/Users/Matth/Documents/GitHub/ScrumLordRacing/Content/Maps/TrackOne/TrackOne.umap" SILENT=true AUTOSAVING=false KEEPDIRTY=false
[2017.11.02-23.40.38:102][265]LogSavePackage: Save=489.72ms
[2017.11.02-23.40.38:102][265]LogSavePackage: Moving 'C:/Users/Matth/Documents/GitHub/ScrumLordRacing/Saved/TrackOne35421E5945D069FCD7492FBEE3AE89EE.tmp' to 'C:/Users/Matth/Documents/GitHub/ScrumLordRacing/Content/Maps/TrackOne/TrackOne.umap'
[2017.11.02-23.40.38:208][265]LogSavePackage: Display: Finished SavePackage C:/Users/Matth/Documents/GitHub/ScrumLordRacing/Content/Maps/TrackOne/TrackOne.umap
[2017.11.02-23.40.38:339][265]LogFileHelpers: Saving map 'TrackOne' took 1.066
[2017.11.02-23.40.38:341][265]Cmd: MAP LOAD FILE="C:/Users/Matth/Documents/GitHub/ScrumLordRacing/Content/Maps/TrackTwo/TrackTwo.umap" TEMPLATE=0 SHOWPROGRESS=1 FEATURELEVEL=3
[2017.11.02-23.40.38:341][265]LightingResults: New page: Lighting Build
[2017.11.02-23.40.38:342][265]LoadErrors: New page: Loading map: TrackTwo.umap
[2017.11.02-23.40.38:356][265]MapCheck: New page: Map Check
[2017.11.02-23.40.38:356][265]LightingResults: New page: Lighting Build
[2017.11.02-23.40.38:752][265]LogEditorServer: Finished looking for orphan Actors (0.000 secs)
[2017.11.02-23.40.38:884][265]Cmd: MAP CHECKDEP NOCLEARLOG
[2017.11.02-23.40.38:981][265]MapCheck: Map check complete: 0 Error(s), 0 Warning(s), took 96.907ms to complete.
[2017.11.02-23.40.38:984][265]LogFileHelpers: Loading map 'TrackTwo' took 0.645
[2017.11.02-23.40.47:559][898]LogAIModule: Creating AISystem for world TrackOne
[2017.11.02-23.40.47:641][898]Cmd: MAP LOAD FILE="C:/Users/Matth/Documents/GitHub/ScrumLordRacing/Content/Maps/TrackOne/TrackOne.umap" TEMPLATE=0 SHOWPROGRESS=1 FEATURELEVEL=3
[2017.11.02-23.40.47:641][898]LightingResults: New page: Lighting Build
[2017.11.02-23.40.47:642][898]LoadErrors: New page: Loading map: TrackOne.umap
[2017.11.02-23.40.47:643][898]MapCheck: New page: Map Check
[2017.11.02-23.40.47:643][898]LightingResults: New page: Lighting Build
[2017.11.02-23.40.47:997][898]LogEditorServer: Finished looking for orphan Actors (0.000 secs)
[2017.11.02-23.40.48:129][898]Cmd: MAP CHECKDEP NOCLEARLOG
[2017.11.02-23.40.48:217][898]MapCheck: Map check complete: 0 Error(s), 0 Warning(s), took 88.277ms to complete.
[2017.11.02-23.40.48:217][898]LogFileHelpers: Loading map 'TrackOne' took 0.578
[2017.11.02-23.40.59:788][456]MapCheck: New page: Map Check
[2017.11.02-23.40.59:846][456]Cmd: MAP REBUILD ALLVISIBLE
[2017.11.02-23.40.59:847][456]LogEditorServer: Rebuildmap Clear paths rebuilt
[2017.11.02-23.41.00:575][456]LogMaterial: Missing cached shader map for material FDebugViewModeMaterialProxy MaterialInstanceDynamic_2, compiling. 
[2017.11.02-23.41.00:615][456]LogMaterial: Missing cached shader map for material FDebugViewModeMaterialProxy BasicShapeMaterial, compiling. 
[2017.11.02-23.41.00:634][456]LogMaterial: Missing cached shader map for material FDebugViewModeMaterialProxy M_Metal_Rust, compiling. 
[2017.11.02-23.41.00:642][456]LogMaterial: Missing cached shader map for material FDebugViewModeMaterialProxy DefaultTextMaterialOpaque, compiling. 
[2017.11.02-23.41.00:650][456]LogMaterial: Missing cached shader map for material FDebugViewModeMaterialProxy SolidOrange, compiling. 
[2017.11.02-23.41.00:657][456]LogMaterial: Missing cached shader map for material FDebugViewModeMaterialProxy MatineeCam_mat, compiling. 
[2017.11.02-23.41.00:664][456]LogMaterial: Missing cached shader map for material FDebugViewModeMaterialProxy AntiAliasedTextMaterialTranslucent, compiling. 
[2017.11.02-23.41.03:371][456]TextureStreamingBuild: Display: Compiling optional shaders took 2.804 seconds.
[2017.11.02-23.41.03:397][456]LogLevel: Display: Export Material TexCoord Scales took 0.025 seconds.
[2017.11.02-23.41.03:406][456]TextureStreamingBuild: Display: Build Texture Streaming took 0.008 seconds.
[2017.11.02-23.41.03:492][456]LightingResults: New page: Lighting Build - Nov 2, 2017, 3:41:03 PM
[2017.11.02-23.41.04:479][456]LogSwarmInterface: [OpenConnection] Registering TCP channel ...
[2017.11.02-23.41.04:940][456]LogSwarmInterface: [OpenConnection] Connecting to agent ...
[2017.11.02-23.41.05:372][456]LogSwarmInterface: [TryOpenConnection] Testing the Agent
[2017.11.02-23.41.07:925][456]LogSwarmInterface: Error: [TryOpenConnection] Waiting for the agent to start up ...
[2017.11.02-23.41.08:038][456]LogSwarmInterface: Error: System.Net.Sockets.SocketException (0x80004005): No connection could be made because the target machine actively refused it 127.0.0.1:8008

Server stack trace: 
   at System.Net.Sockets.Socket.DoConnect(EndPoint endPointSnapshot, SocketAddress socketAddress)
   at System.Net.Sockets.Socket.Connect(EndPoint remoteEP)
   at System.Runtime.Remoting.Channels.RemoteConnection.CreateNewSocket(EndPoint ipEndPoint)
   at System.Runtime.Remoting.Channels.SocketCache.GetSocket(String machinePortAndSid, Boolean openNew)
   at System.Runtime.Remoting.Channels.Tcp.TcpClientTransportSink.SendRequestWithRetry(IMessage msg, ITransportHeaders requestHeaders, Stream requestStream)
   at System.Runtime.Remoting.Channels.Tcp.TcpClientTransportSink.AsyncProcessRequest(IClientChannelSinkStack sinkStack, IMessage msg, ITransportHeaders headers, Stream stream)
   at System.Runtime.Remoting.Channels.BinaryClientFormatterSink.AsyncProcessMessage(IMessage msg, IMessageSink replySink)

Exception rethrown at [0]: 
   at System.Runtime.Remoting.Proxies.RealProxy.HandleReturnMessage(IMessage reqMsg, IMessage retMsg)
   at System.Runtime.Remoting.Proxies.RealProxy.PrivateInvoke(MessageData& msgData, Int32 type)
   at NSwarm.IAgentInterfaceWrapper.MethodDelegate.EndInvoke(Hashtable& OutParameters, IAsyncResult result)
   at NSwarm.FSwarmInterface.TryOpenConnection(FConnectionCallback CallbackFunc, IntPtr CallbackData, ELogFlags LoggingFlags)
[2017.11.02-23.41.13:203][456]LogSwarmInterface: [TryOpenConnection] Opening Connection to Agent
[2017.11.02-23.41.13:203][456]LogSwarmInterface: [TryOpenConnection] Local Process ID is 16192
[2017.11.02-23.41.21:563][456]LogStaticLightingSystem: Running Lightmass w/ ImmediateImport mode ENABLED
[2017.11.02-23.41.21:564][456]LogStaticLightingSystem: Running Lightmass w/ ImmediateProcess mode ENABLED
[2017.11.02-23.41.21:564][456]LogStaticLightingSystem: Running Lightmass w/ Sorting mode ENABLED
[2017.11.02-23.41.21:564][456]LogStaticLightingSystem: Running Lightmass w/ Mapping paddings ENABLED
[2017.11.02-23.41.21:564][456]LogStaticLightingSystem: Running Lightmass w/ Mapping debug paddings DISABLED
[2017.11.02-23.41.22:334][456]Cmd: MAP CHECK DONTDISPLAYDIALOG
[2017.11.02-23.41.22:334][456]MapCheck: New page: TrackOne - Nov 2, 2017, 3:41:22 PM
[2017.11.02-23.41.22:365][456]MapCheck: Error: WorldSettings Maps need lighting rebuilt 
[2017.11.02-23.41.22:453][456]MapCheck: Map check complete: 1 Error(s), 0 Warning(s), took 118.533ms to complete.
[2017.11.02-23.41.22:476][456]LogEditorBuildUtils: Build time 0:22
[2017.11.02-23.41.33:685][588]Job is a success!
[2017.11.02-23.41.34:929][589]LogTexture: Display: Building textures: SkyOcclusion0_1 (AutoDXT, 1024X512)
[2017.11.02-23.41.34:929][589]LogTexture: Display: Building textures: SkyOcclusion0_2 (AutoDXT, 64X32)
[2017.11.02-23.41.34:929][589]LogTexture: Display: Building textures: HQ_Lightmap0_2 (AutoDXT, 64X64)
[2017.11.02-23.41.34:929][589]LogTexture: Display: Building textures: HQ_Lightmap0_1 (AutoDXT, 1024X1024)
[2017.11.02-23.41.34:929][589]LogTexture: Display: Building textures: LQ_Lightmap_0_2 (DXT1, 64X64)
[2017.11.02-23.41.34:929][589]LogTexture: Display: Building textures: LQ_Lightmap_0_1 (DXT1, 1024X1024)
[2017.11.02-23.41.34:997][589]LogTexture: Display: Building textures: ShadowMapTexture2D_1 (G8, 32X32)
[2017.11.02-23.41.34:997][589]LogTexture: Display: Building textures: ShadowMapTexture2D_0 (G8, 1024X128)
[2017.11.02-23.41.35:317][589]Lightmass on ARCHANGLE: 10.3 sec total, 4.99 sec importing, 134 ms setup, 1.22 sec photons, 3.68 sec processing, 0 ms extra exporting [126/126 mappings]. Threads: 25.6 sec total, 12.0 sec processing.
[2017.11.02-23.41.35:450][589]LogStaticLightingSystem: Illumination: 31.5 sec (582 ms encoding lightmaps, 66 ms encoding shadowmaps)
[2017.11.02-23.41.35:450][589]LogStaticLightingSystem: Lightmap texture memory:  2.7 MB (2.7 MB streaming, 0.0 MB non-streaming), 4 textures
[2017.11.02-23.41.35:450][589]LogStaticLightingSystem: Shadowmap texture memory: 0.2 MB (0.2 MB streaming, 0.0 MB non-streaming), 2 textures
[2017.11.02-23.41.36:581][589]DumpUnbuiltLightIteractions
[2017.11.02-23.41.36:581][589]Lights with unbuilt interactions: 0
[2017.11.02-23.41.36:581][589]
[2017.11.02-23.41.36:581][589]Primitives with unbuilt interactions: 0
[2017.11.02-23.41.36:582][590]Cmd: MAP CHECK NOTIFYRESULTS
[2017.11.02-23.41.36:583][590]MapCheck: New page: TrackOne - Nov 2, 2017, 3:41:36 PM
[2017.11.02-23.41.36:702][590]MapCheck: Map check complete: 0 Error(s), 0 Warning(s), took 119.773ms to complete.
[2017.11.02-23.50.51:173][251]LogSavePackage: Save=387.95ms
[2017.11.02-23.50.51:173][251]LogSavePackage: Moving 'C:/Users/Matth/Documents/GitHub/ScrumLordRacing/Saved/TrackOne_Auto116726CF34B8C67D0D2EF86848D7F982E.tmp' to 'C:/Users/Matth/Documents/GitHub/ScrumLordRacing/Saved/Autosaves/Game/Maps/TrackOne/TrackOne_Auto1.umap'
[2017.11.02-23.50.51:177][251]LogSavePackage: Display: Finished SavePackage C:/Users/Matth/Documents/GitHub/ScrumLordRacing/Saved/Autosaves/Game/Maps/TrackOne/TrackOne_Auto1.umap
[2017.11.02-23.50.51:180][251]LogFileHelpers: Editor autosave (incl. sublevels) for '/Game/Maps/TrackOne/TrackOne' took 0.589
[2017.11.02-23.50.51:180][251]LogFileHelpers: Editor autosave (incl. sublevels) for all levels took 0.589
[2017.11.02-23.50.51:246][251]OBJ SavePackage: Generating thumbnails for [0] asset(s) in package [/Game/Maps/TrackOne/TrackOne_BuiltData] ([1] browsable assets)...
[2017.11.02-23.50.51:246][251]OBJ SavePackage: Finished generating thumbnails for package [/Game/Maps/TrackOne/TrackOne_BuiltData]
[2017.11.02-23.50.51:396][251]LogSavePackage: Save=65.80ms
[2017.11.02-23.50.51:396][251]LogSavePackage: Moving 'C:/Users/Matth/Documents/GitHub/ScrumLordRacing/Saved/TrackOne_BuiltData_Auto1BABE059E42B5DCD6FB0D279BB9F8FBD9.tmp' to 'C:/Users/Matth/Documents/GitHub/ScrumLordRacing/Saved/Autosaves/Game/Maps/TrackOne/TrackOne_BuiltData_Auto1.uasset'
[2017.11.02-23.50.51:400][251]LogSavePackage: Display: Finished SavePackage C:/Users/Matth/Documents/GitHub/ScrumLordRacing/Saved/Autosaves/Game/Maps/TrackOne/TrackOne_BuiltData_Auto1.uasset
[2017.11.02-23.50.51:400][251]LogFileHelpers: Auto-saving content packages took 0.198
