Log file open, 11/08/17 12:48:54
LogWindows: Failed to load 'aqProf.dll' (GetLastError=126)
LogWindows: File 'aqProf.dll' does not exist
LogWindows: Failed to load 'VSPerf140.dll' (GetLastError=126)
LogWindows: File 'VSPerf140.dll' does not exist
LogWindows: Failed to load 'VtuneApi.dll' (GetLastError=126)
LogWindows: File 'VtuneApi.dll' does not exist
LogWindows: Failed to load 'VtuneApi32e.dll' (GetLastError=126)
LogWindows: File 'VtuneApi32e.dll' does not exist
LogInit: Display: Running engine for game: ScrumLordRacing
LogPlatformFile: Not using cached read wrapper
LogInit: Display: RandInit(246854973) SRandInit(246854973).
LogTaskGraph: Started task graph with 5 named threads and 14 total threads with 3 sets of task threads.
LogStats: Stats thread started at 0.155896
LogD3D11RHI: Aftermath initialized
LogPluginManager: Mounting plugin Paper2D
LogPluginManager: Mounting plugin LightPropagationVolume
LogPluginManager: Mounting plugin CodeLiteSourceCodeAccess
LogPluginManager: Mounting plugin GitSourceControl
LogPluginManager: Mounting plugin KDevelopSourceCodeAccess
LogPluginManager: Mounting plugin NullSourceCodeAccess
LogPluginManager: Mounting plugin PerforceSourceControl
LogPluginManager: Mounting plugin SubversionSourceControl
LogPluginManager: Mounting plugin UObjectPlugin
LogPluginManager: Mounting plugin VisualStudioSourceCodeAccess
LogPluginManager: Mounting plugin XCodeSourceCodeAccess
LogPluginManager: Mounting plugin AssetManagerEditor
LogPluginManager: Mounting plugin AudioCapture
LogPluginManager: Mounting plugin FacialAnimation
LogPluginManager: Mounting plugin GameplayTagsEditor
LogPluginManager: Mounting plugin MobileLauncherProfileWizard
LogPluginManager: Mounting plugin PluginBrowser
LogPluginManager: Mounting plugin SpeedTreeImporter
LogPluginManager: Mounting plugin AlembicImporter
LogPluginManager: Mounting plugin CharacterAI
LogPluginManager: Mounting plugin HTML5Networking
LogPluginManager: Mounting plugin RawInput
LogPluginManager: Mounting plugin AndroidMedia
LogPluginManager: Mounting plugin AvfMedia
LogPluginManager: Mounting plugin MediaPlayerEditor
LogPluginManager: Mounting plugin WmfMedia
LogPluginManager: Mounting plugin TcpMessaging
LogPluginManager: Mounting plugin UdpMessaging
LogPluginManager: Mounting plugin LevelSequenceEditor
LogPluginManager: Mounting plugin MatineeToLevelSequence
LogPluginManager: Mounting plugin OnlineSubsystemGooglePlay
LogPluginManager: Mounting plugin OnlineSubsystemIOS
LogPluginManager: Mounting plugin OnlineSubsystem
LogPluginManager: Mounting plugin OnlineSubsystemNull
LogPluginManager: Mounting plugin OnlineSubsystemUtils
LogPluginManager: Mounting plugin AndroidDeviceProfileSelector
LogPluginManager: Mounting plugin AndroidMoviePlayer
LogPluginManager: Mounting plugin AndroidPermission
LogPluginManager: Mounting plugin AppleMoviePlayer
LogPluginManager: Mounting plugin ArchVisCharacter
LogPluginManager: Mounting plugin CableComponent
LogPluginManager: Mounting plugin CustomMeshComponent
LogPluginManager: Mounting plugin ExampleDeviceProfileSelector
LogPluginManager: Mounting plugin GoogleCloudMessaging
LogPluginManager: Mounting plugin ImmediatePhysics
LogPluginManager: Mounting plugin IOSDeviceProfileSelector
LogPluginManager: Mounting plugin LinuxDeviceProfileSelector
LogPluginManager: Mounting plugin LocationServicesBPLibrary
LogPluginManager: Mounting plugin MobilePatchingUtils
LogPluginManager: Mounting plugin OculusVR
LogPluginManager: Mounting plugin PhysXVehicles
LogPluginManager: Mounting plugin ProceduralMeshComponent
LogPluginManager: Mounting plugin RuntimePhysXCooking
LogPluginManager: Mounting plugin SteamVR
LogPluginManager: Mounting plugin WindowsMoviePlayer
LogInit: Using libcurl 7.47.1
LogInit:  - built for x86_64-pc-win32
LogInit:  - supports SSL with OpenSSL/1.0.2g
LogInit:  - supports HTTP deflate (compression) using libz 1.2.8
LogInit:  - other features:
LogInit:      CURL_VERSION_SSL
LogInit:      CURL_VERSION_LIBZ
LogInit:      CURL_VERSION_IPV6
LogInit:      CURL_VERSION_ASYNCHDNS
LogInit:      CURL_VERSION_LARGEFILE
LogInit:      CURL_VERSION_IDN
LogInit:  CurlRequestOptions (configurable via config and command line):
LogInit:  - bVerifyPeer = false  - Libcurl will NOT verify peer certificate
LogInit:  - bUseHttpProxy = false  - Libcurl will NOT use HTTP proxy
LogInit:  - bDontReuseConnections = false  - Libcurl will reuse connections
LogInit:  - CertBundlePath = nullptr  - Libcurl will use whatever was configured at build time.
LogInit: Build: ++UE4+Release-4.17-CL-3658906
LogInit: Engine Version: 4.17.2-3658906+++UE4+Release-4.17
LogInit: Compatible Engine Version: 4.17.0-3573198+++UE4+Release-4.17
LogInit: Net CL: 3573198
LogDevObjectVersion: Number of dev versions registered: 16
LogDevObjectVersion:   Dev-Blueprints (B0D832E4-1F89-4F0D-ACCF-7EB736FD4AA2): 10
LogDevObjectVersion:   Dev-Build (E1C64328-A22C-4D53-A36C-8E866417BD8C): 0
LogDevObjectVersion:   Dev-Core (375EC13C-06E4-48FB-B500-84F0262A717E): 2
LogDevObjectVersion:   Dev-Editor (E4B068ED-F494-42E9-A231-DA0B2E46BB41): 20
LogDevObjectVersion:   Dev-Framework (CFFC743F-43B0-4480-9391-14DF171D2073): 28
LogDevObjectVersion:   Dev-Mobile (B02B49B5-BB20-44E9-A304-32B752E40360): 0
LogDevObjectVersion:   Dev-Networking (A4E4105C-59A1-49B5-A7C5-40C4547EDFEE): 0
LogDevObjectVersion:   Dev-Online (39C831C9-5AE6-47DC-9A44-9C173E1C8E7C): 0
LogDevObjectVersion:   Dev-Physics (78F01B33-EBEA-4F98-B9B4-84EACCB95AA2): 0
LogDevObjectVersion:   Dev-Platform (6631380F-2D4D-43E0-8009-CF276956A95A): 0
LogDevObjectVersion:   Dev-Rendering (12F88B9F-8875-4AFC-A67C-D90C383ABD29): 19
LogDevObjectVersion:   Dev-Sequencer (7B5AE74C-D270-4C10-A958-57980B212A5A): 4
LogDevObjectVersion:   Dev-VR (D7296918-1DD6-4BDD-9DE2-64A83CC13884): 0
LogDevObjectVersion:   Dev-LoadTimes (C2A15278-BFE7-4AFE-6C17-90FF531DF755): 1
LogDevObjectVersion:   Private-Geometry (6EACA3D4-40EC-4CC1-B786-8BED09428FC5): 1
LogDevObjectVersion:   Dev-AnimPhys (29E575DD-E0A3-4627-9D10-D276232CDCEA): 7
LogInit: Compiled (64-bit): Sep 22 2017 13:47:16
LogInit: Compiled with Visual C++: 19.00.24215.01
LogInit: Build Configuration: Development
LogInit: Branch Name: ++UE4+Release-4.17
LogInit: Command line:  
LogInit: Base directory: D:/Unreal Engine 4_17/UE_4.17/Engine/Binaries/Win64/
LogInit: Installed Engine Build: 1
LogInit: Presizing for max 8388607 objects, including 0 objects not considered by GC, pre-allocating 0 bytes for permanent pool.
LogInit: Object subsystem initialized
[2017.11.08-17.48.54:626][  0]LogInit: Selected Device Profile: [Windows]
[2017.11.08-17.48.54:626][  0]LogInit: Applying CVar settings loaded from the selected device profile: [Windows]
[2017.11.08-17.48.54:636][  0]LogInit: Computer: ALEX
[2017.11.08-17.48.54:636][  0]LogInit: User: galla000
[2017.11.08-17.48.54:636][  0]LogInit: CPU Page size=4096, Cores=4
[2017.11.08-17.48.54:636][  0]LogInit: High frequency timer resolution =2.825490 MHz
[2017.11.08-17.48.54:636][  0]LogMemory: Memory total: Physical=31.9GB (32GB approx)
[2017.11.08-17.48.54:636][  0]LogMemory: Platform Memory Stats for Windows
[2017.11.08-17.48.54:636][  0]LogMemory: Process Physical Memory: 276.88 MB used, 276.88 MB peak
[2017.11.08-17.48.54:636][  0]LogMemory: Process Virtual Memory: 282.14 MB used, 282.14 MB peak
[2017.11.08-17.48.54:636][  0]LogMemory: Physical Memory: 4654.00 MB used,  27995.02 MB free, 32649.02 MB total
[2017.11.08-17.48.54:636][  0]LogMemory: Virtual Memory: 660.15 MB used,  27995.02 MB free, 134217728.00 MB total
[2017.11.08-17.48.54:713][  0]LogInit: Using OS detected language (en-US).
[2017.11.08-17.48.54:713][  0]LogInit: Using OS detected locale (en-US).
[2017.11.08-17.48.54:715][  0]LogTextLocalizationManager: No specific localization for 'en-US' exists, so the 'en' localization will be used.
[2017.11.08-17.48.55:251][  0]LogD3D11RHI: D3D11 adapters:
[2017.11.08-17.48.55:259][  0]LogD3D11RHI:    0. 'Intel(R) HD Graphics 4600' (Feature Level 11_0)
[2017.11.08-17.48.55:259][  0]LogD3D11RHI:       4054/0/16324 MB DedicatedVideo/DedicatedSystem/SharedSystem, Outputs:1, VendorId:0x8086
[2017.11.08-17.48.55:259][  0]LogD3D11RHI:    1. 'Microsoft Basic Render Driver' (Feature Level 11_0)
[2017.11.08-17.48.55:259][  0]LogD3D11RHI:       0/0/256 MB DedicatedVideo/DedicatedSystem/SharedSystem, Outputs:0, VendorId:0x1414
[2017.11.08-17.48.55:259][  0]LogD3D11RHI: Chosen D3D11 Adapter: 0
[2017.11.08-17.48.55:263][  0]LogD3D11RHI: Creating new Direct3DDevice
[2017.11.08-17.48.55:263][  0]LogD3D11RHI:     GPU DeviceId: 0x416 (for the marketing name, search the web for "GPU Device Id")
[2017.11.08-17.48.55:263][  0]LogWindows: EnumDisplayDevices:
[2017.11.08-17.48.55:263][  0]LogWindows:    0. 'Intel(R) HD Graphics 4600' (P:1 D:1)
[2017.11.08-17.48.55:263][  0]LogWindows:    1. 'Intel(R) HD Graphics 4600' (P:0 D:0)
[2017.11.08-17.48.55:263][  0]LogWindows:    2. 'Intel(R) HD Graphics 4600' (P:0 D:0)
[2017.11.08-17.48.55:263][  0]LogWindows:    3. 'Intel(R) HD Graphics 4600' (P:0 D:0)
[2017.11.08-17.48.55:264][  0]LogWindows: DebugString: FoundDriverCount:4 
[2017.11.08-17.48.55:264][  0]LogD3D11RHI:     Adapter Name: Intel(R) HD Graphics 4600
[2017.11.08-17.48.55:264][  0]LogD3D11RHI:   Driver Version: 10.18.10.3304 (internal:10.18.10.3304, unified:10.18.10.3304)
[2017.11.08-17.48.55:264][  0]LogD3D11RHI:      Driver Date: 9-9-2013
[2017.11.08-17.48.55:264][  0]LogRHI: Texture pool is 1361 MB (70% of 1945 MB)
[2017.11.08-17.48.55:272][  0]LogD3D11RHI: Async texture creation enabled
[2017.11.08-17.48.55:288][  0]LogD3D11RHI: GPU Timing Frequency: 12.500000 (Debug: 2 2)
[2017.11.08-17.48.55:288][  0]LogShaderCompilers: Guid format shader working directory is 7 characters bigger than the processId version (../../../../../Unreal Games/ScrumLordRacing/Intermediate/Shaders/WorkingDirectory/8088/).
[2017.11.08-17.48.55:288][  0]LogShaderCompilers: Cleaned the shader compiler working directory 'C:/Users/galla_000/AppData/Local/Temp/UnrealShaderWorkingDir/2D4245B34B35465EECF99AAF9CCA65A2/'.
[2017.11.08-17.48.55:288][  0]LogShaderCompilers: Display: Using Local Shader Compiler.
[2017.11.08-17.48.55:995][  0]LogTemp: Display: Loaded TP AllDesktopTargetPlatform
[2017.11.08-17.48.56:024][  0]LogTemp: Display: Loaded TP MacClientTargetPlatform
[2017.11.08-17.48.56:052][  0]LogTemp: Display: Loaded TP MacNoEditorTargetPlatform
[2017.11.08-17.48.56:079][  0]LogTemp: Display: Loaded TP MacServerTargetPlatform
[2017.11.08-17.48.56:108][  0]LogTemp: Display: Loaded TP MacTargetPlatform
[2017.11.08-17.48.56:136][  0]LogTemp: Display: Loaded TP WindowsClientTargetPlatform
[2017.11.08-17.48.56:166][  0]LogTemp: Display: Loaded TP WindowsNoEditorTargetPlatform
[2017.11.08-17.48.56:194][  0]LogTemp: Display: Loaded TP WindowsServerTargetPlatform
[2017.11.08-17.48.56:216][  0]LogTemp: Display: Loaded TP WindowsTargetPlatform
[2017.11.08-17.48.56:244][  0]LogTemp: Display: Loaded TP AndroidTargetPlatform
[2017.11.08-17.48.56:272][  0]LogTemp: Display: Loaded TP Android_ASTCTargetPlatform
[2017.11.08-17.48.56:299][  0]LogTemp: Display: Loaded TP Android_ATCTargetPlatform
[2017.11.08-17.48.56:327][  0]LogTemp: Display: Loaded TP Android_DXTTargetPlatform
[2017.11.08-17.48.56:354][  0]LogTemp: Display: Loaded TP Android_ETC1TargetPlatform
[2017.11.08-17.48.56:381][  0]LogTemp: Display: Loaded TP Android_ETC2TargetPlatform
[2017.11.08-17.48.56:436][  0]LogTemp: Display: Loaded TP Android_MultiTargetPlatform
[2017.11.08-17.48.56:436][  0]LogTemp: Display: Loaded TP Android_PVRTCTargetPlatform
[2017.11.08-17.48.56:455][  0]LogTemp: Display: Loaded TP HTML5TargetPlatform
[2017.11.08-17.48.56:514][  0]LogTemp: Display: Loaded TP IOSTargetPlatform
[2017.11.08-17.48.56:532][  0]LogTemp: Display: Loaded TP TVOSTargetPlatform
[2017.11.08-17.48.56:559][  0]LogTemp: Display: Loaded TP LinuxClientTargetPlatform
[2017.11.08-17.48.56:586][  0]LogTemp: Display: Loaded TP LinuxNoEditorTargetPlatform
[2017.11.08-17.48.56:613][  0]LogTemp: Display: Loaded TP LinuxServerTargetPlatform
[2017.11.08-17.48.56:641][  0]LogTemp: Display: Loaded TP LinuxTargetPlatform
[2017.11.08-17.48.56:641][  0]LogTargetPlatformManager: Display: Building Assets For Windows
[2017.11.08-17.48.56:875][  0]LogDerivedDataCache: Display: Max Cache Size: 512 MB
[2017.11.08-17.48.56:963][  0]LogDerivedDataCache: Loaded boot cache 0.09s 93MB C:/Users/galla_000/AppData/Local/UnrealEngine/4.17/DerivedDataCache/Boot.ddc.
[2017.11.08-17.48.56:963][  0]LogDerivedDataCache: Display: Loaded Boot cache: C:/Users/galla_000/AppData/Local/UnrealEngine/4.17/DerivedDataCache/Boot.ddc
[2017.11.08-17.48.56:963][  0]LogDerivedDataCache: FDerivedDataBackendGraph:  Pak pak cache file ../../../../../Unreal Games/ScrumLordRacing/DerivedDataCache/DDC.ddp not found, will not use a pak cache.
[2017.11.08-17.48.56:963][  0]LogDerivedDataCache: Unable to find inner node Pak for hierarchical cache Hierarchy.
[2017.11.08-17.48.56:963][  0]LogDerivedDataCache: FDerivedDataBackendGraph:  CompressedPak pak cache file ../../../../../Unreal Games/ScrumLordRacing/DerivedDataCache/Compressed.ddp not found, will not use a pak cache.
[2017.11.08-17.48.56:963][  0]LogDerivedDataCache: Unable to find inner node CompressedPak for hierarchical cache Hierarchy.
[2017.11.08-17.48.56:979][  0]LogDerivedDataCache: Display: Pak cache opened for reading ../../../Engine/DerivedDataCache/Compressed.ddp.
[2017.11.08-17.48.56:991][  0]LogDerivedDataCache: Using Local data cache path C:/Users/galla_000/AppData/Local/UnrealEngine/Common/DerivedDataCache: Writable
[2017.11.08-17.48.56:999][  0]LogMaterial: Verifying Global Shaders for PCD3D_SM5
[2017.11.08-17.48.57:000][  0]LogSlate: Using Freetype 2.6.0
[2017.11.08-17.48.57:000][  0]LogSlate: SlateFontCache - WITH_FREETYPE: 1, WITH_HARFBUZZ: 1
[2017.11.08-17.48.57:000][  0]LogSlate: SlateFontCache - WITH_FREETYPE: 1, WITH_HARFBUZZ: 1
[2017.11.08-17.48.57:215][  0]LogAssetRegistry: FAssetRegistry took 0.0258 seconds to start up
[2017.11.08-17.48.57:301][  0]LogInit: Selected Device Profile: [Windows]
[2017.11.08-17.48.57:476][  0]LogContentStreaming: Texture pool size is 0.00 MB
[2017.11.08-17.48.57:710][  0]LogSimplygon: Simplygon DLL not present - disabling.
[2017.11.08-17.48.57:730][  0]LogMeshReduction: Using SimplygonSwarm for distributed automatic mesh merging
[2017.11.08-17.48.57:730][  0]LogMeshReduction: Using QuadricMeshReduction for automatic static mesh reduction
[2017.11.08-17.48.57:730][  0]LogMeshReduction: No automatic skeletal mesh reduction module available
[2017.11.08-17.48.57:730][  0]LogMeshReduction: No automatic mesh merging module available
[2017.11.08-17.48.57:730][  0]LogMeshMerging: No automatic mesh merging module available
[2017.11.08-17.48.58:119][  0]LogNetVersion: ScrumLordRacing , NetCL: 3573198, EngineNetVer: 2, GameNetVer: 0 (Checksum: 2466738751)
[2017.11.08-17.48.58:264][  0]LogPackageLocalizationCache: Processed 5 localized package path(s) for 2 prioritized culture(s) in 0.031851 seconds
[2017.11.08-17.48.58:269][  0]LogUObjectArray: 35825 objects as part of root set at end of initial load.
[2017.11.08-17.48.58:269][  0]LogUObjectAllocator: 7529112 out of 0 bytes used by permanent object pool.
[2017.11.08-17.48.58:269][  0]LogUObjectArray: CloseDisregardForGC: 0/0 objects in disregard for GC pool
[2017.11.08-17.48.58:298][  0]LogInit: WinSock: version 1.1 (2.2), MaxSocks=32767, MaxUdp=65467
[2017.11.08-17.48.59:982][  0]LogTcpMessaging: Initializing TcpMessaging bridge
[2017.11.08-17.49.00:007][  0]LogUdpMessaging: Initializing bridge on interface 0.0.0.0:0 to multicast group 230.0.0.1:6666.
[2017.11.08-17.49.00:357][  0]LogMaterial: Uniform references updated for custom material expression Custom.
[2017.11.08-17.49.00:581][  0]SourceControl: Source control is disabled
[2017.11.08-17.49.00:582][  0]SourceControl: Source control is disabled
[2017.11.08-17.49.00:604][  0]SourceControl: Source control is disabled
[2017.11.08-17.49.00:625][  0]SourceControl: Source control is disabled
[2017.11.08-17.49.00:926][  0]LogAndroidPermission: UAndroidPermissionCallbackProxy::GetInstance
[2017.11.08-17.49.01:045][  0]LogOcInput: OculusInput pre-init called
[2017.11.08-17.49.01:184][  0]LogEngine: Initializing Engine...
[2017.11.08-17.49.01:186][  0]LogHMD: Failed to initialize OpenVR with code 110
[2017.11.08-17.49.01:375][  0]LogStats: UGameplayTagsManager::ConstructGameplayTagTree: Construct from data asset -  0.000 s
[2017.11.08-17.49.01:375][  0]LogStats: UGameplayTagsManager::ConstructGameplayTagTree: GameplayTagTreeChangedEvent.Broadcast -  0.000 s
[2017.11.08-17.49.01:589][  0]LogAIModule: Creating AISystem for world Untitled
[2017.11.08-17.49.01:598][  0]LogInit: XAudio2 using 'Speakers (Realtek High Definition Audio)' : 2 channels at 48 kHz using 32 bits per sample (channel mask 0x3)
[2017.11.08-17.49.01:607][  0]LogInit: FAudioDevice initialized.
[2017.11.08-17.49.01:694][  0]LogDerivedDataCache: Saved boot cache 0.09s 93MB C:/Users/galla_000/AppData/Local/UnrealEngine/4.17/DerivedDataCache/Boot.ddc.
[2017.11.08-17.49.01:710][  0]LogInit: Texture streaming: Enabled
[2017.11.08-17.49.01:764][  0]LogEngineSessionManager: EngineSessionManager initialized
[2017.11.08-17.49.01:869][  0]LogInit: Transaction tracking system initialized
[2017.11.08-17.49.02:023][  0]BlueprintLog: New page: Editor Load
[2017.11.08-17.49.02:447][  0]LocalizationService: Localization service is disabled
[2017.11.08-17.49.02:699][  0]LogLinker: Warning: Can't find file '/Game/PuzzleBP/Tutorial/Part1-Overview'
[2017.11.08-17.49.02:699][  0]LogLinker: Warning: Can't find file '/Game/PuzzleBP/Tutorial/Part1-Overview'
[2017.11.08-17.49.02:699][  0]LogUObjectGlobals: Warning: Failed to find object 'Class /Game/PuzzleBP/Tutorial/Part1-Overview.Part1-Overview_C'
[2017.11.08-17.49.02:699][  0]LogLinker: Warning: Can't find file '/Game/PuzzleBP/Tutorial/Part2-BlockBlueprint'
[2017.11.08-17.49.02:699][  0]LogLinker: Warning: Can't find file '/Game/PuzzleBP/Tutorial/Part2-BlockBlueprint'
[2017.11.08-17.49.02:699][  0]LogUObjectGlobals: Warning: Failed to find object 'Class /Game/PuzzleBP/Tutorial/Part2-BlockBlueprint.Part2-BlockBlueprint_C'
[2017.11.08-17.49.02:788][  0]LogConsoleResponse: Display: 
[2017.11.08-17.49.02:921][  0]LogCook: Display: Max memory allowance for cook 16384mb min free memory 0mb
[2017.11.08-17.49.02:921][  0]LogCook: Display: Mobile HDR setting 1
[2017.11.08-17.49.02:921][  0]LogGameplayTags: Display: UGameplayTagsManager::DoneAddingNativeTags. DelegateIsBound: 0
[2017.11.08-17.49.03:107][  0]LogFileCache: Scanning file cache for directory 'D:/Unreal Games/ScrumLordRacing/Content/' took 0.01s
[2017.11.08-17.49.03:424][  0]SourceControl: Source control is disabled
[2017.11.08-17.49.03:424][  0]Cmd: MAP LOAD FILE="../../../../../Unreal Games/ScrumLordRacing/Content/Maps/MainMenu/MainMenu.umap" TEMPLATE=0 SHOWPROGRESS=1 FEATURELEVEL=3
[2017.11.08-17.49.03:425][  0]LightingResults: New page: Lighting Build
[2017.11.08-17.49.03:446][  0]MapCheck: New page: Map Check
[2017.11.08-17.49.03:446][  0]LightingResults: New page: Lighting Build
[2017.11.08-17.49.03:718][  0]LogAIModule: Creating AISystem for world MainMenu
[2017.11.08-17.49.03:718][  0]LogEditorServer: Finished looking for orphan Actors (0.000 secs)
[2017.11.08-17.49.03:729][  0]Cmd: MAP CHECKDEP NOCLEARLOG
[2017.11.08-17.49.03:761][  0]MapCheck: Map check complete: 0 Error(s), 0 Warning(s), took 31.775ms to complete.
[2017.11.08-17.49.03:761][  0]LogFileHelpers: Loading map 'MainMenu' took 0.337
[2017.11.08-17.49.03:880][  0]LogCollectionManager: Loaded 0 collections in 0.000642 seconds
[2017.11.08-17.49.03:936][  0]LogFileCache: Scanning file cache for directory 'D:/Unreal Games/ScrumLordRacing/Saved/Collections/' took 0.01s
[2017.11.08-17.49.03:936][  0]LogFileCache: Scanning file cache for directory 'D:/Unreal Games/ScrumLordRacing/Content/Developers/galla000/Collections/' took 0.01s
[2017.11.08-17.49.03:936][  0]LogFileCache: Scanning file cache for directory 'D:/Unreal Games/ScrumLordRacing/Content/Collections/' took 0.01s
[2017.11.08-17.49.03:936][  0]LogCollectionManager: Rebuilt the GUID cache for 0 collections in 0.000000 seconds
[2017.11.08-17.49.03:944][  0]LogContentBrowser: Native class hierarchy populated in 0.0080 seconds. Added 2388 classes and 503 folders.
[2017.11.08-17.49.03:976][  0]LogContentBrowser: Native class hierarchy updated for 'WidgetCarousel' in 0.0009 seconds. Added 0 classes and 0 folders.
[2017.11.08-17.49.04:003][  0]LogContentBrowser: Native class hierarchy updated for 'AddContentDialog' in 0.0006 seconds. Added 0 classes and 0 folders.
[2017.11.08-17.49.04:024][  0]LogContentBrowser: Native class hierarchy updated for 'SceneOutliner' in 0.0006 seconds. Added 1 classes and 2 folders.
[2017.11.08-17.49.04:081][  0]LogSlate: Took 0.000118 seconds to synchronously load lazily loaded font '../../../Engine/Content/Slate/Fonts/Roboto-Regular.ttf' (155K)
[2017.11.08-17.49.04:082][  0]LogSlate: Took 0.000098 seconds to synchronously load lazily loaded font '../../../Engine/Content/Slate/Fonts/Roboto-Bold.ttf' (160K)
[2017.11.08-17.49.04:086][  0]LogSlate: Took 0.000094 seconds to synchronously load lazily loaded font '../../../Engine/Content/Editor/Slate/Fonts/FontAwesome.ttf' (139K)
[2017.11.08-17.49.04:195][  0]LogRenderer: Reallocating scene render targets to support 1336x648 Format 9 NumSamples 1 (Frame:1).
[2017.11.08-17.49.04:590][  0]LogContentBrowser: Native class hierarchy updated for 'HierarchicalLODOutliner' in 0.0006 seconds. Added 1 classes and 2 folders.
[2017.11.08-17.49.04:590][  0]LogLoad: (Engine Initialization) Total time: 11.02 seconds
[2017.11.08-17.49.04:590][  0]LogLoad: (Engine Initialization) Total Blueprint compile time: 0.00 seconds
[2017.11.08-17.49.04:590][  0]LogExternalProfiler: No external profilers were discovered.  External profiling features will not be available.
[2017.11.08-17.49.04:608][  0]LogRawInputWindows: Warning: Found device 0 devices
[2017.11.08-17.49.04:608][  0]LogRawInputWindows: Warning: Found device 0 devices
[2017.11.08-17.49.04:608][  0]LogRawInputWindows: Warning: Device was registered succesfully but not connected (Usage:4 UsagePage:1
[2017.11.08-17.49.04:608][  0]LogRawInputWindows: Warning: Found device 1 devices
[2017.11.08-17.49.04:608][  0]LogRawInputWindows: Warning: Device was registered succesfully but not connected (Usage:5 UsagePage:1
[2017.11.08-17.49.04:627][  0]LogContentStreaming: Texture pool size now 800 MB
[2017.11.08-17.49.04:660][  0]LogSlate: Took 0.000214 seconds to synchronously load lazily loaded font '../../../Engine/Content/Slate/Fonts/Roboto-Light.ttf' (159K)
[2017.11.08-17.49.04:672][  1]LogAssetRegistry: Asset discovery search completed in 7.4796 seconds
[2017.11.08-17.49.04:675][  1]LogCollectionManager: Rebuilt the object cache for 0 collections in 0.000001 seconds (found 0 objects)
[2017.11.08-17.49.04:675][  1]LogCollectionManager: Fixed up redirectors for 0 collections in 0.000099 seconds (updated 0 objects)
[2017.11.08-17.49.05:712][ 28]LogSlate: Took 0.000180 seconds to synchronously load lazily loaded font '../../../Engine/Content/Slate/Fonts/Roboto-Light.ttf' (159K)
[2017.11.08-17.49.08:349][128]LogSlate: Took 0.000144 seconds to synchronously load lazily loaded font '../../../Engine/Content/Slate/Fonts/Roboto-Light.ttf' (159K)
[2017.11.08-17.49.08:653][128]LogContentBrowser: Native class hierarchy updated for 'BlueprintGraph' in 0.0009 seconds. Added 113 classes and 0 folders.
[2017.11.08-17.49.09:337][128]LogContentBrowser: Native class hierarchy updated for 'MaterialEditor' in 0.0006 seconds. Added 1 classes and 0 folders.
[2017.11.08-17.49.09:339][128]LogMaterial: Missing cached shader map for material Clear, compiling. 
[2017.11.08-17.49.09:454][128]LogMaterial: Missing cached shader map for material Clear, compiling. 
[2017.11.08-17.49.09:472][128]LogMaterial: Missing cached shader map for material Clear, compiling. 
[2017.11.08-17.49.09:512][128]LogMaterial: Missing cached shader map for material FMatExpressionPreview MaterialExpressionVectorParameter_0, compiling. 
[2017.11.08-17.49.09:526][128]LogSlate: Took 0.000154 seconds to synchronously load lazily loaded font '../../../Engine/Content/Editor/Slate/Fonts/Roboto-BoldCondensed.ttf' (158K)
[2017.11.08-17.49.09:808][131]LogSlate: Took 0.000360 seconds to synchronously load lazily loaded font '../../../Engine/Content/Editor/Slate/Fonts/Roboto-Italic.ttf' (157K)
[2017.11.08-17.49.12:111][165]MaterialEditorStats: Base pass shader: 44 instructions
[2017.11.08-17.49.12:111][165]MaterialEditorStats: Vertex shader: 122 instructions
[2017.11.08-17.49.12:111][165]MaterialEditorStats: Texture samplers: 4/16
