Log file open, 10/30/17 12:15:14
LogWindows: Failed to load 'aqProf.dll' (GetLastError=126)
LogWindows: File 'aqProf.dll' does not exist
LogWindows: Failed to load 'VSPerf140.dll' (GetLastError=126)
LogWindows: File 'VSPerf140.dll' does not exist
LogWindows: Failed to load 'VtuneApi.dll' (GetLastError=126)
LogWindows: File 'VtuneApi.dll' does not exist
LogWindows: Failed to load 'VtuneApi32e.dll' (GetLastError=126)
LogWindows: File 'VtuneApi32e.dll' does not exist
LogInit: Display: Running engine for game: ScrumLordRacing
LogPlatformFile: Not using cached read wrapper
LogInit: Display: RandInit(-470113794) SRandInit(-470113794).
LogTaskGraph: Started task graph with 5 named threads and 14 total threads with 3 sets of task threads.
LogStats: Stats thread started at 0.266778
LogD3D11RHI: Aftermath initialized
LogPluginManager: Mounting plugin Paper2D
LogPluginManager: Mounting plugin LightPropagationVolume
LogPluginManager: Mounting plugin CodeLiteSourceCodeAccess
LogPluginManager: Mounting plugin GitSourceControl
LogPluginManager: Mounting plugin KDevelopSourceCodeAccess
LogPluginManager: Mounting plugin NullSourceCodeAccess
LogPluginManager: Mounting plugin PerforceSourceControl
LogPluginManager: Mounting plugin SubversionSourceControl
LogPluginManager: Mounting plugin UObjectPlugin
LogPluginManager: Mounting plugin VisualStudioSourceCodeAccess
LogPluginManager: Mounting plugin XCodeSourceCodeAccess
LogPluginManager: Mounting plugin AssetManagerEditor
LogPluginManager: Mounting plugin AudioCapture
LogPluginManager: Mounting plugin FacialAnimation
LogPluginManager: Mounting plugin GameplayTagsEditor
LogPluginManager: Mounting plugin MobileLauncherProfileWizard
LogPluginManager: Mounting plugin PluginBrowser
LogPluginManager: Mounting plugin SpeedTreeImporter
LogPluginManager: Mounting plugin AlembicImporter
LogPluginManager: Mounting plugin CharacterAI
LogPluginManager: Mounting plugin HTML5Networking
LogPluginManager: Mounting plugin RawInput
LogPluginManager: Mounting plugin AndroidMedia
LogPluginManager: Mounting plugin AvfMedia
LogPluginManager: Mounting plugin MediaPlayerEditor
LogPluginManager: Mounting plugin WmfMedia
LogPluginManager: Mounting plugin TcpMessaging
LogPluginManager: Mounting plugin UdpMessaging
LogPluginManager: Mounting plugin LevelSequenceEditor
LogPluginManager: Mounting plugin MatineeToLevelSequence
LogPluginManager: Mounting plugin OnlineSubsystemGooglePlay
LogPluginManager: Mounting plugin OnlineSubsystemIOS
LogPluginManager: Mounting plugin OnlineSubsystem
LogPluginManager: Mounting plugin OnlineSubsystemNull
LogPluginManager: Mounting plugin OnlineSubsystemUtils
LogPluginManager: Mounting plugin AndroidDeviceProfileSelector
LogPluginManager: Mounting plugin AndroidMoviePlayer
LogPluginManager: Mounting plugin AndroidPermission
LogPluginManager: Mounting plugin AppleMoviePlayer
LogPluginManager: Mounting plugin ArchVisCharacter
LogPluginManager: Mounting plugin CableComponent
LogPluginManager: Mounting plugin CustomMeshComponent
LogPluginManager: Mounting plugin ExampleDeviceProfileSelector
LogPluginManager: Mounting plugin GoogleCloudMessaging
LogPluginManager: Mounting plugin ImmediatePhysics
LogPluginManager: Mounting plugin IOSDeviceProfileSelector
LogPluginManager: Mounting plugin LinuxDeviceProfileSelector
LogPluginManager: Mounting plugin LocationServicesBPLibrary
LogPluginManager: Mounting plugin MobilePatchingUtils
LogPluginManager: Mounting plugin OculusVR
LogPluginManager: Mounting plugin PhysXVehicles
LogPluginManager: Mounting plugin ProceduralMeshComponent
LogPluginManager: Mounting plugin RuntimePhysXCooking
LogPluginManager: Mounting plugin SteamVR
LogPluginManager: Mounting plugin WindowsMoviePlayer
LogInit: Using libcurl 7.47.1
LogInit:  - built for x86_64-pc-win32
LogInit:  - supports SSL with OpenSSL/1.0.2g
LogInit:  - supports HTTP deflate (compression) using libz 1.2.8
LogInit:  - other features:
LogInit:      CURL_VERSION_SSL
LogInit:      CURL_VERSION_LIBZ
LogInit:      CURL_VERSION_IPV6
LogInit:      CURL_VERSION_ASYNCHDNS
LogInit:      CURL_VERSION_LARGEFILE
LogInit:      CURL_VERSION_IDN
LogInit:  CurlRequestOptions (configurable via config and command line):
LogInit:  - bVerifyPeer = false  - Libcurl will NOT verify peer certificate
LogInit:  - bUseHttpProxy = false  - Libcurl will NOT use HTTP proxy
LogInit:  - bDontReuseConnections = false  - Libcurl will reuse connections
LogInit:  - CertBundlePath = nullptr  - Libcurl will use whatever was configured at build time.
LogInit: Build: ++UE4+Release-4.17-CL-3658906
LogInit: Engine Version: 4.17.2-3658906+++UE4+Release-4.17
LogInit: Compatible Engine Version: 4.17.0-3573198+++UE4+Release-4.17
LogInit: Net CL: 3573198
LogDevObjectVersion: Number of dev versions registered: 16
LogDevObjectVersion:   Dev-Blueprints (B0D832E4-1F89-4F0D-ACCF-7EB736FD4AA2): 10
LogDevObjectVersion:   Dev-Build (E1C64328-A22C-4D53-A36C-8E866417BD8C): 0
LogDevObjectVersion:   Dev-Core (375EC13C-06E4-48FB-B500-84F0262A717E): 2
LogDevObjectVersion:   Dev-Editor (E4B068ED-F494-42E9-A231-DA0B2E46BB41): 20
LogDevObjectVersion:   Dev-Framework (CFFC743F-43B0-4480-9391-14DF171D2073): 28
LogDevObjectVersion:   Dev-Mobile (B02B49B5-BB20-44E9-A304-32B752E40360): 0
LogDevObjectVersion:   Dev-Networking (A4E4105C-59A1-49B5-A7C5-40C4547EDFEE): 0
LogDevObjectVersion:   Dev-Online (39C831C9-5AE6-47DC-9A44-9C173E1C8E7C): 0
LogDevObjectVersion:   Dev-Physics (78F01B33-EBEA-4F98-B9B4-84EACCB95AA2): 0
LogDevObjectVersion:   Dev-Platform (6631380F-2D4D-43E0-8009-CF276956A95A): 0
LogDevObjectVersion:   Dev-Rendering (12F88B9F-8875-4AFC-A67C-D90C383ABD29): 19
LogDevObjectVersion:   Dev-Sequencer (7B5AE74C-D270-4C10-A958-57980B212A5A): 4
LogDevObjectVersion:   Dev-VR (D7296918-1DD6-4BDD-9DE2-64A83CC13884): 0
LogDevObjectVersion:   Dev-LoadTimes (C2A15278-BFE7-4AFE-6C17-90FF531DF755): 1
LogDevObjectVersion:   Private-Geometry (6EACA3D4-40EC-4CC1-B786-8BED09428FC5): 1
LogDevObjectVersion:   Dev-AnimPhys (29E575DD-E0A3-4627-9D10-D276232CDCEA): 7
LogInit: Compiled (64-bit): Sep 22 2017 13:47:16
LogInit: Compiled with Visual C++: 19.00.24215.01
LogInit: Build Configuration: Development
LogInit: Branch Name: ++UE4+Release-4.17
LogInit: Command line:  
LogInit: Base directory: E:/UE_4.17/Engine/Binaries/Win64/
LogInit: Installed Engine Build: 1
LogInit: Presizing for max 8388607 objects, including 0 objects not considered by GC, pre-allocating 0 bytes for permanent pool.
LogInit: Object subsystem initialized
[2017.10.30-16.15.15:488][  0]LogInit: Selected Device Profile: [Windows]
[2017.10.30-16.15.15:488][  0]LogInit: Applying CVar settings loaded from the selected device profile: [Windows]
[2017.10.30-16.15.15:573][  0]LogInit: Computer: ARCHANGLE
[2017.10.30-16.15.15:573][  0]LogInit: User: Matth
[2017.10.30-16.15.15:573][  0]LogInit: CPU Page size=4096, Cores=4
[2017.10.30-16.15.15:573][  0]LogInit: High frequency timer resolution =3.433718 MHz
[2017.10.30-16.15.15:574][  0]LogMemory: Memory total: Physical=8.0GB (8GB approx)
[2017.10.30-16.15.15:574][  0]LogMemory: Platform Memory Stats for Windows
[2017.10.30-16.15.15:574][  0]LogMemory: Process Physical Memory: 280.89 MB used, 280.89 MB peak
[2017.10.30-16.15.15:574][  0]LogMemory: Process Virtual Memory: 274.22 MB used, 274.22 MB peak
[2017.10.30-16.15.15:574][  0]LogMemory: Physical Memory: 4529.71 MB used,  3626.95 MB free, 8156.66 MB total
[2017.10.30-16.15.15:574][  0]LogMemory: Virtual Memory: 707.46 MB used,  3626.95 MB free, 134217728.00 MB total
[2017.10.30-16.15.16:608][  0]LogInit: Using OS detected language (en-US).
[2017.10.30-16.15.16:608][  0]LogInit: Using OS detected locale (en-US).
[2017.10.30-16.15.16:759][  0]LogTextLocalizationManager: No specific localization for 'en-US' exists, so the 'en' localization will be used.
[2017.10.30-16.15.20:502][  0]LogD3D11RHI: D3D11 adapters:
[2017.10.30-16.15.20:565][  0]LogD3D11RHI:    0. 'NVIDIA GeForce GTX 960' (Feature Level 11_0)
[2017.10.30-16.15.20:565][  0]LogD3D11RHI:       2016/0/4078 MB DedicatedVideo/DedicatedSystem/SharedSystem, Outputs:1, VendorId:0x10de
[2017.10.30-16.15.20:568][  0]LogD3D11RHI:    1. 'Microsoft Basic Render Driver' (Feature Level 11_0)
[2017.10.30-16.15.20:568][  0]LogD3D11RHI:       0/0/4078 MB DedicatedVideo/DedicatedSystem/SharedSystem, Outputs:0, VendorId:0x1414
[2017.10.30-16.15.20:568][  0]LogD3D11RHI: Chosen D3D11 Adapter: 0
[2017.10.30-16.15.20:589][  0]LogD3D11RHI: Creating new Direct3DDevice
[2017.10.30-16.15.20:589][  0]LogD3D11RHI:     GPU DeviceId: 0x1401 (for the marketing name, search the web for "GPU Device Id")
[2017.10.30-16.15.20:589][  0]LogWindows: EnumDisplayDevices:
[2017.10.30-16.15.20:589][  0]LogWindows:    0. 'NVIDIA GeForce GTX 960' (P:1 D:1)
[2017.10.30-16.15.20:590][  0]LogWindows:    1. 'NVIDIA GeForce GTX 960' (P:0 D:0)
[2017.10.30-16.15.20:590][  0]LogWindows:    2. 'NVIDIA GeForce GTX 960' (P:0 D:0)
[2017.10.30-16.15.20:590][  0]LogWindows:    3. 'NVIDIA GeForce GTX 960' (P:0 D:0)
[2017.10.30-16.15.20:590][  0]LogWindows: DebugString: GetVideoDriverDetailsInvalid PrimaryIsNotTheChoosenAdapter GetVideoDriverDetailsInvalid PrimaryIsNotTheChoosenAdapter GetVideoDriverDetailsInvalid PrimaryIsNotTheChoosenAdapter GetVideoDriverDetailsInvalid PrimaryIsNotTheChoosenAdapter FoundDriverCount:0 
[2017.10.30-16.15.20:590][  0]LogD3D11RHI:     Adapter Name: NVIDIA GeForce GTX 960
[2017.10.30-16.15.20:590][  0]LogD3D11RHI:   Driver Version: Unknown (internal:Unknown, unified:Unknown)
[2017.10.30-16.15.20:590][  0]LogD3D11RHI:      Driver Date: Unknown
[2017.10.30-16.15.20:590][  0]LogRHI: Texture pool is 1361 MB (70% of 1945 MB)
[2017.10.30-16.15.20:650][  0]LogD3D11RHI: Async texture creation enabled
[2017.10.30-16.15.20:904][  0]LogD3D11RHI: GPU Timing Frequency: 1000.000000 (Debug: 2 2)
[2017.10.30-16.15.20:931][  0]LogShaderCompilers: Guid format shader working directory is -1 characters bigger than the processId version (C:/Users/Matth/Documents/GitHub/ScrumLordRacing/Intermediate/Shaders/WorkingDirectory/7884/).
[2017.10.30-16.15.20:931][  0]LogShaderCompilers: Cleaned the shader compiler working directory 'C:/Users/Matth/AppData/Local/Temp/UnrealShaderWorkingDir/6259476E4C4AA95E779FFCB543A83574/'.
[2017.10.30-16.15.20:933][  0]LogShaderCompilers: Display: Using Local Shader Compiler.
[2017.10.30-16.15.25:059][  0]LogTemp: Display: Loaded TP AllDesktopTargetPlatform
[2017.10.30-16.15.25:127][  0]LogTemp: Display: Loaded TP MacClientTargetPlatform
[2017.10.30-16.15.25:196][  0]LogTemp: Display: Loaded TP MacNoEditorTargetPlatform
[2017.10.30-16.15.25:266][  0]LogTemp: Display: Loaded TP MacServerTargetPlatform
[2017.10.30-16.15.25:344][  0]LogTemp: Display: Loaded TP MacTargetPlatform
[2017.10.30-16.15.25:415][  0]LogTemp: Display: Loaded TP WindowsClientTargetPlatform
[2017.10.30-16.15.25:491][  0]LogTemp: Display: Loaded TP WindowsNoEditorTargetPlatform
[2017.10.30-16.15.25:565][  0]LogTemp: Display: Loaded TP WindowsServerTargetPlatform
[2017.10.30-16.15.25:627][  0]LogTemp: Display: Loaded TP WindowsTargetPlatform
[2017.10.30-16.15.25:704][  0]LogTemp: Display: Loaded TP AndroidTargetPlatform
[2017.10.30-16.15.25:774][  0]LogTemp: Display: Loaded TP Android_ASTCTargetPlatform
[2017.10.30-16.15.25:849][  0]LogTemp: Display: Loaded TP Android_ATCTargetPlatform
[2017.10.30-16.15.25:921][  0]LogTemp: Display: Loaded TP Android_DXTTargetPlatform
[2017.10.30-16.15.25:992][  0]LogTemp: Display: Loaded TP Android_ETC1TargetPlatform
[2017.10.30-16.15.26:063][  0]LogTemp: Display: Loaded TP Android_ETC2TargetPlatform
[2017.10.30-16.15.26:206][  0]LogTemp: Display: Loaded TP Android_MultiTargetPlatform
[2017.10.30-16.15.26:206][  0]LogTemp: Display: Loaded TP Android_PVRTCTargetPlatform
[2017.10.30-16.15.26:258][  0]LogTemp: Display: Loaded TP HTML5TargetPlatform
[2017.10.30-16.15.26:458][  0]LogTemp: Display: Loaded TP IOSTargetPlatform
[2017.10.30-16.15.26:541][  0]LogTemp: Display: Loaded TP TVOSTargetPlatform
[2017.10.30-16.15.26:615][  0]LogTemp: Display: Loaded TP LinuxClientTargetPlatform
[2017.10.30-16.15.26:687][  0]LogTemp: Display: Loaded TP LinuxNoEditorTargetPlatform
[2017.10.30-16.15.26:759][  0]LogTemp: Display: Loaded TP LinuxServerTargetPlatform
[2017.10.30-16.15.26:839][  0]LogTemp: Display: Loaded TP LinuxTargetPlatform
[2017.10.30-16.15.26:839][  0]LogTargetPlatformManager: Display: Building Assets For Windows
[2017.10.30-16.15.28:367][  0]LogDerivedDataCache: Display: Max Cache Size: 512 MB
[2017.10.30-16.15.29:011][  0]LogDerivedDataCache: Loaded boot cache 0.64s 93MB C:/Users/Matth/AppData/Local/UnrealEngine/4.17/DerivedDataCache/Boot.ddc.
[2017.10.30-16.15.29:011][  0]LogDerivedDataCache: Display: Loaded Boot cache: C:/Users/Matth/AppData/Local/UnrealEngine/4.17/DerivedDataCache/Boot.ddc
[2017.10.30-16.15.29:011][  0]LogDerivedDataCache: FDerivedDataBackendGraph:  Pak pak cache file C:/Users/Matth/Documents/GitHub/ScrumLordRacing/DerivedDataCache/DDC.ddp not found, will not use a pak cache.
[2017.10.30-16.15.29:011][  0]LogDerivedDataCache: Unable to find inner node Pak for hierarchical cache Hierarchy.
[2017.10.30-16.15.29:011][  0]LogDerivedDataCache: FDerivedDataBackendGraph:  CompressedPak pak cache file C:/Users/Matth/Documents/GitHub/ScrumLordRacing/DerivedDataCache/Compressed.ddp not found, will not use a pak cache.
[2017.10.30-16.15.29:011][  0]LogDerivedDataCache: Unable to find inner node CompressedPak for hierarchical cache Hierarchy.
[2017.10.30-16.15.29:175][  0]LogDerivedDataCache: Display: Pak cache opened for reading ../../../Engine/DerivedDataCache/Compressed.ddp.
[2017.10.30-16.15.29:200][  0]LogDerivedDataCache: Using Local data cache path C:/Users/Matth/AppData/Local/UnrealEngine/Common/DerivedDataCache: Writable
[2017.10.30-16.15.29:228][  0]LogMaterial: Verifying Global Shaders for PCD3D_SM5
[2017.10.30-16.15.29:240][  0]LogSlate: Using Freetype 2.6.0
[2017.10.30-16.15.29:308][  0]LogSlate: SlateFontCache - WITH_FREETYPE: 1, WITH_HARFBUZZ: 1
[2017.10.30-16.15.29:309][  0]LogSlate: SlateFontCache - WITH_FREETYPE: 1, WITH_HARFBUZZ: 1
[2017.10.30-16.15.35:819][  0]LogAssetRegistry: FAssetRegistry took 0.0378 seconds to start up
[2017.10.30-16.15.36:536][  0]LogInit: Selected Device Profile: [Windows]
[2017.10.30-16.15.39:902][  0]LogSimplygon: Simplygon DLL not present - disabling.
[2017.10.30-16.15.40:102][  0]LogMeshReduction: Using SimplygonSwarm for distributed automatic mesh merging
[2017.10.30-16.15.40:108][  0]LogMeshReduction: Using QuadricMeshReduction for automatic static mesh reduction
[2017.10.30-16.15.40:108][  0]LogMeshReduction: No automatic skeletal mesh reduction module available
[2017.10.30-16.15.40:108][  0]LogMeshReduction: No automatic mesh merging module available
[2017.10.30-16.15.40:108][  0]LogMeshMerging: No automatic mesh merging module available
[2017.10.30-16.15.40:483][  0]LogContentStreaming: Texture pool size is 0.00 MB
[2017.10.30-16.15.42:987][  0]LogNetVersion: ScrumLordRacing , NetCL: 3573198, EngineNetVer: 2, GameNetVer: 0 (Checksum: 2466738751)
[2017.10.30-16.15.44:476][  0]LogPackageLocalizationCache: Processed 5 localized package path(s) for 2 prioritized culture(s) in 0.134341 seconds
[2017.10.30-16.15.44:494][  0]LogUObjectArray: 35825 objects as part of root set at end of initial load.
[2017.10.30-16.15.44:494][  0]LogUObjectAllocator: 7529112 out of 0 bytes used by permanent object pool.
[2017.10.30-16.15.44:494][  0]LogUObjectArray: CloseDisregardForGC: 0/0 objects in disregard for GC pool
[2017.10.30-16.15.44:605][  0]LogInit: WinSock: version 1.1 (2.2), MaxSocks=32767, MaxUdp=65467
[2017.10.30-16.16.01:929][  0]LogTcpMessaging: Initializing TcpMessaging bridge
[2017.10.30-16.16.01:990][  0]LogUdpMessaging: Initializing bridge on interface 0.0.0.0:0 to multicast group 230.0.0.1:6666.
[2017.10.30-16.16.03:704][  0]LogMaterial: Uniform references updated for custom material expression Custom.
[2017.10.30-16.16.04:716][  0]SourceControl: Source control is disabled
[2017.10.30-16.16.04:719][  0]SourceControl: Source control is disabled
[2017.10.30-16.16.04:884][  0]SourceControl: Source control is disabled
[2017.10.30-16.16.04:958][  0]SourceControl: Source control is disabled
[2017.10.30-16.16.06:241][  0]LogAndroidPermission: UAndroidPermissionCallbackProxy::GetInstance
[2017.10.30-16.16.06:596][  0]LogOcInput: OculusInput pre-init called
[2017.10.30-16.16.07:066][  0]LogEngine: Initializing Engine...
[2017.10.30-16.16.07:076][  0]LogHMD: Failed to initialize OpenVR with code 110
[2017.10.30-16.16.07:733][  0]LogStats: UGameplayTagsManager::ConstructGameplayTagTree: Construct from data asset -  0.000 s
[2017.10.30-16.16.07:735][  0]LogStats: UGameplayTagsManager::ConstructGameplayTagTree: GameplayTagTreeChangedEvent.Broadcast -  0.000 s
[2017.10.30-16.16.08:067][  0]LogAIModule: Creating AISystem for world Untitled
[2017.10.30-16.16.08:180][  0]LogInit: XAudio2 using 'Speakers (VIA HD Audio(Win 10))' : 2 channels at 48 kHz using 32 bits per sample (channel mask 0x3)
[2017.10.30-16.16.08:235][  0]LogInit: FAudioDevice initialized.
[2017.10.30-16.16.08:563][  0]LogDerivedDataCache: Saved boot cache 0.33s 93MB C:/Users/Matth/AppData/Local/UnrealEngine/4.17/DerivedDataCache/Boot.ddc.
[2017.10.30-16.16.08:594][  0]LogInit: Texture streaming: Enabled
[2017.10.30-16.16.08:769][  0]LogEngineSessionManager: EngineSessionManager initialized
[2017.10.30-16.16.09:213][  0]LogInit: Transaction tracking system initialized
[2017.10.30-16.16.09:703][  0]BlueprintLog: New page: Editor Load
[2017.10.30-16.16.11:280][  0]LocalizationService: Localization service is disabled
[2017.10.30-16.16.12:490][  0]LogConsoleResponse: Display: 
[2017.10.30-16.16.14:120][  0]LogFileCache: Scanning file cache for directory 'C:/Users/Matth/Documents/GitHub/ScrumLordRacing/Content/' took 0.04s
[2017.10.30-16.16.14:120][  0]LogCook: Display: Max memory allowance for cook 16384mb min free memory 0mb
[2017.10.30-16.16.14:121][  0]LogCook: Display: Mobile HDR setting 1
[2017.10.30-16.16.14:126][  0]LogGameplayTags: Display: UGameplayTagsManager::DoneAddingNativeTags. DelegateIsBound: 0
[2017.10.30-16.16.16:105][  0]SourceControl: Source control is disabled
[2017.10.30-16.16.16:113][  0]Cmd: MAP LOAD FILE="C:/Users/Matth/Documents/GitHub/ScrumLordRacing/Content/Maps/MainMenu/MainMenu.umap" TEMPLATE=0 SHOWPROGRESS=1 FEATURELEVEL=3
[2017.10.30-16.16.16:135][  0]LightingResults: New page: Lighting Build
[2017.10.30-16.16.16:209][  0]MapCheck: New page: Map Check
[2017.10.30-16.16.16:209][  0]LightingResults: New page: Lighting Build
[2017.10.30-16.16.17:663][  0]LogAIModule: Creating AISystem for world MainMenu
[2017.10.30-16.16.17:672][  0]LogEditorServer: Finished looking for orphan Actors (0.000 secs)
[2017.10.30-16.16.17:722][  0]Cmd: MAP CHECKDEP NOCLEARLOG
[2017.10.30-16.16.17:792][  0]MapCheck: Map check complete: 0 Error(s), 0 Warning(s), took 69.741ms to complete.
[2017.10.30-16.16.17:792][  0]LogFileHelpers: Loading map 'MainMenu' took 1.683
[2017.10.30-16.16.17:920][  0]LogWindowsTextInputMethodSystem: Display: IME system now deactivated.
[2017.10.30-16.16.18:323][  0]LogCollectionManager: Loaded 0 collections in 0.002563 seconds
[2017.10.30-16.16.18:474][  0]LogFileCache: Scanning file cache for directory 'C:/Users/Matth/Documents/GitHub/ScrumLordRacing/Saved/Collections/' took 0.01s
[2017.10.30-16.16.18:474][  0]LogFileCache: Scanning file cache for directory 'C:/Users/Matth/Documents/GitHub/ScrumLordRacing/Content/Developers/Matth/Collections/' took 0.01s
[2017.10.30-16.16.18:474][  0]LogFileCache: Scanning file cache for directory 'C:/Users/Matth/Documents/GitHub/ScrumLordRacing/Content/Collections/' took 0.01s
[2017.10.30-16.16.18:474][  0]LogCollectionManager: Rebuilt the GUID cache for 0 collections in 0.000001 seconds
[2017.10.30-16.16.18:493][  0]LogContentBrowser: Native class hierarchy populated in 0.0162 seconds. Added 2388 classes and 503 folders.
[2017.10.30-16.16.18:604][  0]LogContentBrowser: Native class hierarchy updated for 'WidgetCarousel' in 0.0011 seconds. Added 0 classes and 0 folders.
[2017.10.30-16.16.19:411][  0]LogContentBrowser: Native class hierarchy updated for 'AddContentDialog' in 0.0020 seconds. Added 0 classes and 0 folders.
[2017.10.30-16.16.19:500][  0]LogContentBrowser: Native class hierarchy updated for 'SceneOutliner' in 0.0013 seconds. Added 1 classes and 2 folders.
[2017.10.30-16.16.19:973][  0]LogSlate: Took 0.017524 seconds to synchronously load lazily loaded font '../../../Engine/Content/Slate/Fonts/Roboto-Regular.ttf' (155K)
[2017.10.30-16.16.19:983][  0]LogSlate: Took 0.006429 seconds to synchronously load lazily loaded font '../../../Engine/Content/Slate/Fonts/Roboto-Bold.ttf' (160K)
[2017.10.30-16.16.20:023][  0]LogSlate: Took 0.023634 seconds to synchronously load lazily loaded font '../../../Engine/Content/Editor/Slate/Fonts/FontAwesome.ttf' (139K)
[2017.10.30-16.16.20:338][  0]LogRenderer: Reallocating scene render targets to support 1208x576 Format 10 NumSamples 1 (Frame:1).
[2017.10.30-16.16.20:914][  0]LogContentBrowser: Native class hierarchy updated for 'HierarchicalLODOutliner' in 0.0010 seconds. Added 1 classes and 2 folders.
[2017.10.30-16.16.20:914][  0]LogLoad: (Engine Initialization) Total time: 71.58 seconds
[2017.10.30-16.16.20:914][  0]LogLoad: (Engine Initialization) Total Blueprint compile time: 0.00 seconds
[2017.10.30-16.16.20:915][  0]LogExternalProfiler: No external profilers were discovered.  External profiling features will not be available.
[2017.10.30-16.16.20:933][  0]LogRawInputWindows: Warning: Found device 0 devices
[2017.10.30-16.16.20:933][  0]LogRawInputWindows: Warning: Found device 0 devices
[2017.10.30-16.16.20:933][  0]LogRawInputWindows: Warning: Device was registered succesfully but not connected (Usage:4 UsagePage:1
[2017.10.30-16.16.20:933][  0]LogRawInputWindows: Warning: Found device 1 devices
[2017.10.30-16.16.20:933][  0]LogRawInputWindows: Warning: Device was registered succesfully but not connected (Usage:5 UsagePage:1
[2017.10.30-16.16.20:996][  0]LogContentStreaming: Texture pool size now 1000 MB
[2017.10.30-16.16.21:170][  2]LogAssetRegistry: Asset discovery search completed in 45.3747 seconds
[2017.10.30-16.16.21:180][  2]LogCollectionManager: Rebuilt the object cache for 0 collections in 0.000001 seconds (found 0 objects)
[2017.10.30-16.16.21:180][  2]LogCollectionManager: Fixed up redirectors for 0 collections in 0.000057 seconds (updated 0 objects)
[2017.10.30-16.16.25:380][347]LogSlate: Took 0.026599 seconds to synchronously load lazily loaded font '../../../Engine/Content/Slate/Fonts/Roboto-Light.ttf' (159K)
[2017.10.30-16.16.26:328][350]LogFileCache: Retrieving MD5 hashes for directory 'C:/Users/Matth/Documents/GitHub/ScrumLordRacing/Content/' took 5.37s
[2017.10.30-16.16.43:040][701]LogSlate: Took 0.000255 seconds to synchronously load lazily loaded font '../../../Engine/Content/Slate/Fonts/Roboto-Light.ttf' (159K)
[2017.10.30-16.16.43:865][701]LogSlate: Took 0.000446 seconds to synchronously load lazily loaded font '../../../Engine/Content/Slate/Fonts/Roboto-Regular.ttf' (155K)
[2017.10.30-16.16.45:245][701]LogAIModule: Creating AISystem for world TrackOne
[2017.10.30-16.16.45:440][701]Cmd: MAP LOAD FILE="C:/Users/Matth/Documents/GitHub/ScrumLordRacing/Content/Maps/TrackOne/TrackOne.umap" TEMPLATE=0 SHOWPROGRESS=1 FEATURELEVEL=3
[2017.10.30-16.16.45:440][701]LightingResults: New page: Lighting Build
[2017.10.30-16.16.45:441][701]LoadErrors: New page: Loading map: TrackOne.umap
[2017.10.30-16.16.45:443][701]MapCheck: New page: Map Check
[2017.10.30-16.16.45:444][701]LightingResults: New page: Lighting Build
[2017.10.30-16.16.45:685][701]LogEditorServer: Finished looking for orphan Actors (0.000 secs)
[2017.10.30-16.16.45:791][701]Cmd: MAP CHECKDEP NOCLEARLOG
[2017.10.30-16.16.45:870][701]MapCheck: Map check complete: 0 Error(s), 0 Warning(s), took 78.751ms to complete.
[2017.10.30-16.16.45:870][701]LogFileHelpers: Loading map 'TrackOne' took 0.434
[2017.10.30-16.17.18:089][407]LogEditorViewport: Clicking on Actor (LMB): StaticMeshActor (Plane)
[2017.10.30-16.17.18:283][407]LogEditorViewport: Clicking on Component (LMB): StaticMeshComponent (StaticMeshComponent0)
[2017.10.30-16.17.19:066][462]LogEditorViewport: Clicking on Component (context menu): StaticMeshComponent (StaticMeshComponent0)
[2017.10.30-16.17.21:921][664]Cmd: SELECT NONE
[2017.10.30-16.17.31:838][508]MapCheck: New page: Map Check
[2017.10.30-16.17.31:875][508]Cmd: MAP REBUILD ALLVISIBLE
[2017.10.30-16.17.31:876][508]LogEditorServer: Rebuildmap Clear paths rebuilt
[2017.10.30-16.17.32:211][508]LogMaterial: Missing cached shader map for material FDebugViewModeMaterialProxy MaterialInstanceDynamic_2, compiling. 
[2017.10.30-16.17.32:230][508]LogMaterial: Missing cached shader map for material FDebugViewModeMaterialProxy BasicShapeMaterial, compiling. 
[2017.10.30-16.17.32:257][508]LogMaterial: Missing cached shader map for material FDebugViewModeMaterialProxy M_Metal_Rust, compiling. 
[2017.10.30-16.17.32:288][508]LogMaterial: Missing cached shader map for material FDebugViewModeMaterialProxy DefaultTextMaterialOpaque, compiling. 
[2017.10.30-16.17.32:308][508]LogMaterial: Missing cached shader map for material FDebugViewModeMaterialProxy SolidOrange, compiling. 
[2017.10.30-16.17.32:347][508]LogMaterial: Missing cached shader map for material FDebugViewModeMaterialProxy Template_BaseBlue, compiling. 
[2017.10.30-16.17.32:370][508]LogMaterial: Missing cached shader map for material FDebugViewModeMaterialProxy MatineeCam_mat, compiling. 
[2017.10.30-16.17.32:396][508]LogMaterial: Missing cached shader map for material FDebugViewModeMaterialProxy AntiAliasedTextMaterialTranslucent, compiling. 
[2017.10.30-16.17.33:738][508]TextureStreamingBuild: Display: Compiling optional shaders took 1.534 seconds.
[2017.10.30-16.17.33:758][508]LogLevel: Display: Export Material TexCoord Scales took 0.020 seconds.
[2017.10.30-16.17.33:767][508]TextureStreamingBuild: Display: Build Texture Streaming took 0.007 seconds.
[2017.10.30-16.17.33:830][508]LightingResults: New page: Lighting Build - Oct 30, 2017, 8:17:33 AM
[2017.10.30-16.17.34:057][508]LogSwarmInterface: [OpenConnection] Registering TCP channel ...
[2017.10.30-16.17.34:284][508]LogSwarmInterface: [OpenConnection] Connecting to agent ...
[2017.10.30-16.17.34:458][508]LogSwarmInterface: [TryOpenConnection] Testing the Agent
[2017.10.30-16.17.36:833][508]LogSwarmInterface: [TryOpenConnection] Opening Connection to Agent
[2017.10.30-16.17.36:833][508]LogSwarmInterface: [TryOpenConnection] Local Process ID is 7884
[2017.10.30-16.17.45:792][508]LogStaticLightingSystem: Running Lightmass w/ ImmediateImport mode ENABLED
[2017.10.30-16.17.45:793][508]LogStaticLightingSystem: Running Lightmass w/ ImmediateProcess mode ENABLED
[2017.10.30-16.17.45:793][508]LogStaticLightingSystem: Running Lightmass w/ Sorting mode ENABLED
[2017.10.30-16.17.45:793][508]LogStaticLightingSystem: Running Lightmass w/ Mapping paddings ENABLED
[2017.10.30-16.17.45:793][508]LogStaticLightingSystem: Running Lightmass w/ Mapping debug paddings DISABLED
[2017.10.30-16.17.46:055][508]Cmd: MAP CHECK DONTDISPLAYDIALOG
[2017.10.30-16.17.46:055][508]MapCheck: New page: TrackOne - Oct 30, 2017, 8:17:46 AM
[2017.10.30-16.17.46:079][508]MapCheck: Error: WorldSettings Maps need lighting rebuilt 
[2017.10.30-16.17.46:151][508]MapCheck: Map check complete: 1 Error(s), 0 Warning(s), took 96.095ms to complete.
[2017.10.30-16.17.46:174][508]LogEditorBuildUtils: Build time 0:14
[2017.10.30-16.17.52:960][639]Job is a success!
[2017.10.30-16.17.53:665][640]LogTexture: Display: Building textures: HQ_Lightmap0_1 (AutoDXT, 512X512)
[2017.10.30-16.17.53:665][640]LogTexture: Display: Building textures: HQ_Lightmap0_2 (AutoDXT, 64X64)
[2017.10.30-16.17.53:665][640]LogTexture: Display: Building textures: SkyOcclusion0_2 (AutoDXT, 64X32)
[2017.10.30-16.17.53:665][640]LogTexture: Display: Building textures: LQ_Lightmap_0_2 (DXT1, 64X64)
[2017.10.30-16.17.53:665][640]LogTexture: Display: Building textures: SkyOcclusion0_1 (AutoDXT, 512X256)
[2017.10.30-16.17.53:665][640]LogTexture: Display: Building textures: LQ_Lightmap_0_1 (DXT1, 512X512)
[2017.10.30-16.17.53:776][640]LogTexture: Display: Building textures: ShadowMapTexture2D_1 (G8, 32X32)
[2017.10.30-16.17.53:776][640]LogTexture: Display: Building textures: ShadowMapTexture2D_0 (G8, 1024X128)
[2017.10.30-16.18.03:983][640]Lightmass on ARCHANGLE: 5.61 sec total, 529 ms importing, 190 ms setup, 1.25 sec photons, 3.05 sec processing, 0 ms extra exporting [123/123 mappings]. Threads: 21.2 sec total, 12.2 sec processing.
[2017.10.30-16.18.04:085][640]LogStaticLightingSystem: Illumination: 30.1 sec (498 ms encoding lightmaps, 58 ms encoding shadowmaps)
[2017.10.30-16.18.04:085][640]LogStaticLightingSystem: Lightmap texture memory:  0.7 MB (0.7 MB streaming, 0.0 MB non-streaming), 4 textures
[2017.10.30-16.18.04:085][640]LogStaticLightingSystem: Shadowmap texture memory: 0.2 MB (0.2 MB streaming, 0.0 MB non-streaming), 2 textures
[2017.10.30-16.18.04:806][640]DumpUnbuiltLightIteractions
[2017.10.30-16.18.04:806][640]Lights with unbuilt interactions: 0
[2017.10.30-16.18.04:806][640]
[2017.10.30-16.18.04:806][640]Primitives with unbuilt interactions: 0
[2017.10.30-16.18.04:826][641]Cmd: MAP CHECK NOTIFYRESULTS
[2017.10.30-16.18.04:826][641]MapCheck: New page: TrackOne - Oct 30, 2017, 8:18:04 AM
[2017.10.30-16.18.04:920][641]MapCheck: Map check complete: 0 Error(s), 0 Warning(s), took 92.972ms to complete.
[2017.10.30-16.18.16:446][280]LogTemp: Repeating last play command: Selected Viewport
[2017.10.30-16.18.17:987][280]LogBlueprintUserMessages: Early PlayInEditor Detection: Level '/Game/Maps/TrackOne/TrackOne.TrackOne:PersistentLevel' has LevelScriptBlueprint '/Game/Maps/TrackOne/TrackOne.TrackOne:PersistentLevel.TrackOne' with GeneratedClass '/Game/Maps/TrackOne/TrackOne.TrackOne_C' with ClassGeneratedBy '/Game/Maps/TrackOne/TrackOne.TrackOne:PersistentLevel.TrackOne'
[2017.10.30-16.18.17:988][280]LogPlayLevel: PlayLevel: No blueprints needed recompiling
[2017.10.30-16.18.17:993][280]PIE: New page: PIE session: TrackOne (Oct 30, 2017, 8:18:17 AM)
[2017.10.30-16.18.17:993][280]LogPlayLevel: Creating play world package: /Game/Maps/TrackOne/UEDPIE_0_TrackOne
[2017.10.30-16.18.18:152][280]LogPlayLevel: PIE: StaticDuplicateObject took: (0.158934s)
[2017.10.30-16.18.18:153][280]LogAIModule: Creating AISystem for world TrackOne
[2017.10.30-16.18.18:153][280]LogPlayLevel: PIE: World Init took: (0.000896s)
[2017.10.30-16.18.18:155][280]LogPlayLevel: PIE: Created PIE world by copying editor world from /Game/Maps/TrackOne/TrackOne.TrackOne to /Game/Maps/TrackOne/UEDPIE_0_TrackOne.TrackOne (0.161950s)
[2017.10.30-16.18.18:181][280]LogInit: XAudio2 using 'Speakers (VIA HD Audio(Win 10))' : 2 channels at 48 kHz using 32 bits per sample (channel mask 0x3)
[2017.10.30-16.18.18:195][280]LogInit: FAudioDevice initialized.
[2017.10.30-16.18.18:246][280]LogLoad: Game class is 'VehicleAdvGameMode_C'
[2017.10.30-16.18.18:301][280]LogWorld: Bringing World /Game/Maps/TrackOne/UEDPIE_0_TrackOne.TrackOne up for play (max tick rate 0) at 2017.10.30-12.18.18
[2017.10.30-16.18.18:328][280]LogWorld: Bringing up level for play took: 0.051333
[2017.10.30-16.18.18:472][280]LogContentBrowser: Native class hierarchy updated for 'MovieSceneCapture' in 0.0044 seconds. Added 11 classes and 0 folders.
[2017.10.30-16.18.18:501][280]PIE: Play in editor start time for /Game/Maps/TrackOne/UEDPIE_0_TrackOne 0.605
[2017.10.30-16.18.18:502][280]LogBlueprintUserMessages: Late PlayInEditor Detection: Level '/Game/Maps/TrackOne/TrackOne.TrackOne:PersistentLevel' has LevelScriptBlueprint '/Game/Maps/TrackOne/TrackOne.TrackOne:PersistentLevel.TrackOne' with GeneratedClass '/Game/Maps/TrackOne/TrackOne.TrackOne_C' with ClassGeneratedBy '/Game/Maps/TrackOne/TrackOne.TrackOne:PersistentLevel.TrackOne'
[2017.10.30-16.18.18:617][281]LogBlueprintUserMessages: [AI_106] I SEE YOU
[2017.10.30-16.18.19:119][330]LogBlueprintUserMessages: [AI_106] I SEE YOU
[2017.10.30-16.18.19:623][386]LogBlueprintUserMessages: [AI_106] I SEE YOU
[2017.10.30-16.18.20:131][445]LogBlueprintUserMessages: [AI_106] I SEE YOU
[2017.10.30-16.18.20:631][501]LogBlueprintUserMessages: [AI_106] I SEE YOU
[2017.10.30-16.18.21:139][559]LogBlueprintUserMessages: [AI_106] I SEE YOU
[2017.10.30-16.18.21:644][617]LogBlueprintUserMessages: [AI_106] I SEE YOU
[2017.10.30-16.18.22:146][674]LogBlueprintUserMessages: [AI_106] I SEE YOU
[2017.10.30-16.18.22:651][732]LogBlueprintUserMessages: [AI_106] I SEE YOU
[2017.10.30-16.18.23:151][790]LogBlueprintUserMessages: [AI_106] I SEE YOU
[2017.10.30-16.18.23:654][846]LogBlueprintUserMessages: [AI_106] I SEE YOU
[2017.10.30-16.18.24:159][902]LogBlueprintUserMessages: [AI_106] I SEE YOU
[2017.10.30-16.18.24:661][958]LogBlueprintUserMessages: [AI_106] I SEE YOU
[2017.10.30-16.18.25:169][ 15]LogBlueprintUserMessages: [AI_106] I SEE YOU
[2017.10.30-16.18.25:671][ 72]LogBlueprintUserMessages: [AI_106] I SEE YOU
[2017.10.30-16.18.26:179][128]LogBlueprintUserMessages: [AI_106] I SEE YOU
[2017.10.30-16.18.26:686][186]LogBlueprintUserMessages: [AI_106] I SEE YOU
[2017.10.30-16.18.27:189][243]LogBlueprintUserMessages: [AI_106] I SEE YOU
[2017.10.30-16.18.27:694][299]LogBlueprintUserMessages: [AI_106] I SEE YOU
[2017.10.30-16.18.28:195][355]LogBlueprintUserMessages: [AI_106] I SEE YOU
[2017.10.30-16.18.28:698][411]LogBlueprintUserMessages: [AI_106] I SEE YOU
[2017.10.30-16.18.29:199][467]LogBlueprintUserMessages: [AI_106] I SEE YOU
[2017.10.30-16.18.29:700][523]LogBlueprintUserMessages: [AI_106] I SEE YOU
[2017.10.30-16.18.30:204][580]LogBlueprintUserMessages: [AI_106] I SEE YOU
[2017.10.30-16.18.40:294][718]LogBlueprintUserMessages: [AI_106] I SEE YOU
[2017.10.30-16.18.41:308][833]LogBlueprintUserMessages: [AI_106] I SEE YOU
[2017.10.30-16.18.41:814][892]LogBlueprintUserMessages: [AI_106] I SEE YOU
[2017.10.30-16.18.42:816][  7]LogBlueprintUserMessages: [AI_106] I SEE YOU
[2017.10.30-16.18.52:391][ 87]LogBlueprintUserMessages: [AI_106] I SEE YOU
[2017.10.30-16.20.02:381][978]LogBlueprintUserMessages: Early EndPlayMap Detection: Level '/Game/Maps/TrackOne/TrackOne.TrackOne:PersistentLevel' has LevelScriptBlueprint '/Game/Maps/TrackOne/TrackOne.TrackOne:PersistentLevel.TrackOne' with GeneratedClass '/Game/Maps/TrackOne/TrackOne.TrackOne_C' with ClassGeneratedBy '/Game/Maps/TrackOne/TrackOne.TrackOne:PersistentLevel.TrackOne'
[2017.10.30-16.20.02:424][978]LogBlueprintUserMessages: Late EndPlayMap Detection: Level '/Game/Maps/TrackOne/TrackOne.TrackOne:PersistentLevel' has LevelScriptBlueprint '/Game/Maps/TrackOne/TrackOne.TrackOne:PersistentLevel.TrackOne' with GeneratedClass '/Game/Maps/TrackOne/TrackOne.TrackOne_C' with ClassGeneratedBy '/Game/Maps/TrackOne/TrackOne.TrackOne:PersistentLevel.TrackOne'
[2017.10.30-16.20.14:679][116]LogAIModule: Creating AISystem for world TrackTwo
[2017.10.30-16.20.17:532][116]Cmd: OBJ SAVEPACKAGE PACKAGE="/Game/Maps/TrackOne/TrackOne" FILE="C:/Users/Matth/Documents/GitHub/ScrumLordRacing/Content/Maps/TrackOne/TrackOne.umap" SILENT=true AUTOSAVING=false KEEPDIRTY=false
[2017.10.30-16.20.17:934][116]LogSavePackage: Save=320.76ms
[2017.10.30-16.20.17:934][116]LogSavePackage: Moving 'C:/Users/Matth/Documents/GitHub/ScrumLordRacing/Saved/TrackOneDF40792F4230FBA5704DD5BF63752127.tmp' to 'C:/Users/Matth/Documents/GitHub/ScrumLordRacing/Content/Maps/TrackOne/TrackOne.umap'
[2017.10.30-16.20.17:967][116]LogSavePackage: Display: Finished SavePackage C:/Users/Matth/Documents/GitHub/ScrumLordRacing/Content/Maps/TrackOne/TrackOne.umap
[2017.10.30-16.20.18:027][116]LogFileHelpers: Saving map 'TrackOne' took 0.580
[2017.10.30-16.20.18:099][116]Cmd: OBJ SAVEPACKAGE PACKAGE="/Game/Maps/TrackOne/TrackOne_BuiltData" FILE="C:/Users/Matth/Documents/GitHub/ScrumLordRacing/Content/Maps/TrackOne/TrackOne_BuiltData.uasset" SILENT=true
[2017.10.30-16.20.18:265][116]LogSavePackage: Save=116.50ms
[2017.10.30-16.20.18:265][116]LogSavePackage: Moving 'C:/Users/Matth/Documents/GitHub/ScrumLordRacing/Saved/TrackOne_BuiltData4D18757B4E15F070E4AB13A54F043667.tmp' to 'C:/Users/Matth/Documents/GitHub/ScrumLordRacing/Content/Maps/TrackOne/TrackOne_BuiltData.uasset'
[2017.10.30-16.20.18:270][116]LogSavePackage: Display: Finished SavePackage C:/Users/Matth/Documents/GitHub/ScrumLordRacing/Content/Maps/TrackOne/TrackOne_BuiltData.uasset
[2017.10.30-16.20.18:271][116]Cmd: MAP LOAD FILE="C:/Users/Matth/Documents/GitHub/ScrumLordRacing/Content/Maps/TrackTwo/TrackTwo.umap" TEMPLATE=0 SHOWPROGRESS=1 FEATURELEVEL=3
[2017.10.30-16.20.18:271][116]LightingResults: New page: Lighting Build
[2017.10.30-16.20.18:272][116]LoadErrors: New page: Loading map: TrackTwo.umap
[2017.10.30-16.20.18:274][116]MapCheck: New page: Map Check
[2017.10.30-16.20.18:274][116]LightingResults: New page: Lighting Build
[2017.10.30-16.20.18:454][116]LogEditorServer: Finished looking for orphan Actors (0.000 secs)
[2017.10.30-16.20.18:555][116]Cmd: MAP CHECKDEP NOCLEARLOG
[2017.10.30-16.20.18:633][116]MapCheck: Map check complete: 0 Error(s), 0 Warning(s), took 77.318ms to complete.
[2017.10.30-16.20.18:633][116]LogFileHelpers: Loading map 'TrackTwo' took 0.363
[2017.10.30-16.20.25:860][562]LogContentBrowser: Native class hierarchy updated for 'BlueprintGraph' in 0.0015 seconds. Added 113 classes and 0 folders.
[2017.10.30-16.20.27:349][562]LogSlate: Took 0.000258 seconds to synchronously load lazily loaded font '../../../Engine/Content/Slate/Fonts/Roboto-Light.ttf' (159K)
[2017.10.30-16.20.27:357][562]LogSlate: Took 0.007202 seconds to synchronously load lazily loaded font '../../../Engine/Content/Editor/Slate/Fonts/Roboto-BoldCondensed.ttf' (158K)
[2017.10.30-16.23.28:772][ 67]LogWindowsTextInputMethodSystem: Display: IME system now deactivated.
[2017.10.30-16.23.29:006][ 68]Cmd: QUIT_EDITOR
[2017.10.30-16.23.30:207][ 68]LogExit: Preparing to exit.
[2017.10.30-16.23.31:367][ 68]LogExit: Editor shut down
[2017.10.30-16.23.31:375][ 68]LogExit: Transaction tracking system shut down
[2017.10.30-16.23.31:659][ 68]LogDirectoryWatcher: A directory notification for '../../../Engine/Content/' was aborted.
[2017.10.30-16.23.31:659][ 68]LogDirectoryWatcher: A directory notification for 'C:/Users/Matth/Documents/GitHub/ScrumLordRacing/Content/' was aborted.
[2017.10.30-16.23.31:659][ 68]LogDirectoryWatcher: A directory notification for '../../../Engine/Plugins/2D/Paper2D/Content/' was aborted.
[2017.10.30-16.23.31:659][ 68]LogDirectoryWatcher: A directory notification for '../../../Engine/Plugins/Runtime/Oculus/OculusVR/Content/' was aborted.
[2017.10.30-16.23.31:659][ 68]LogDirectoryWatcher: A directory notification for '../../../Engine/Plugins/Runtime/Steam/SteamVR/Content/' was aborted.
[2017.10.30-16.23.31:861][ 68]LogExit: Object subsystem successfully closed.
[2017.10.30-16.23.31:896][ 68]LogD3D11RHI: Shutdown
[2017.10.30-16.23.31:896][ 68]LogD3D11RHI: CleanupD3DDevice
[2017.10.30-16.23.31:906][ 68]LogD3D11RHI: ~FD3D11DynamicRHI
[2017.10.30-16.23.31:974][ 68]LogModuleManager: Shutting down and abandoning module SequencerWidgets (542)
[2017.10.30-16.23.31:974][ 68]LogModuleManager: Shutting down and abandoning module BlueprintGraph (540)
[2017.10.30-16.23.31:974][ 68]LogModuleManager: Shutting down and abandoning module BlueprintProfiler (538)
[2017.10.30-16.23.31:975][ 68]LogModuleManager: Shutting down and abandoning module MovieSceneCapture (536)
[2017.10.30-16.23.31:975][ 68]LogModuleManager: Shutting down and abandoning module HierarchicalLODUtilities (534)
[2017.10.30-16.23.31:975][ 68]LogModuleManager: Shutting down and abandoning module HierarchicalLODOutliner (532)
[2017.10.30-16.23.31:975][ 68]LogModuleManager: Shutting down and abandoning module SceneOutliner (530)
[2017.10.30-16.23.31:976][ 68]LogModuleManager: Shutting down and abandoning module AddContentDialog (528)
[2017.10.30-16.23.31:976][ 68]LogDirectoryWatcher: A directory notification for 'E:/UE_4.17/FeaturePacks/' was aborted.
[2017.10.30-16.23.31:979][ 68]LogModuleManager: Shutting down and abandoning module WidgetCarousel (527)
[2017.10.30-16.23.31:979][ 68]LogModuleManager: Shutting down and abandoning module EditorWidgets (524)
[2017.10.30-16.23.31:979][ 68]LogModuleManager: Shutting down and abandoning module CollectionManager (522)
[2017.10.30-16.23.31:980][ 68]LogDirectoryWatcher: A directory notification for 'C:/Users/Matth/Documents/GitHub/ScrumLordRacing/Content/Collections/' was aborted.
[2017.10.30-16.23.31:980][ 68]LogDirectoryWatcher: A directory notification for 'C:/Users/Matth/Documents/GitHub/ScrumLordRacing/Content/Developers/Matth/Collections/' was aborted.
[2017.10.30-16.23.31:980][ 68]LogDirectoryWatcher: A directory notification for 'C:/Users/Matth/Documents/GitHub/ScrumLordRacing/Saved/Collections/' was aborted.
[2017.10.30-16.23.31:980][ 68]LogModuleManager: Shutting down and abandoning module StatsViewer (520)
[2017.10.30-16.23.31:981][ 68]LogModuleManager: Shutting down and abandoning module FoliageEdit (518)
[2017.10.30-16.23.31:981][ 68]LogModuleManager: Shutting down and abandoning module LandscapeEditor (516)
[2017.10.30-16.23.31:983][ 68]LogModuleManager: Shutting down and abandoning module MeshPaintMode (514)
[2017.10.30-16.23.31:983][ 68]LogModuleManager: Shutting down and abandoning module SceneDepthPickerMode (512)
[2017.10.30-16.23.31:983][ 68]LogModuleManager: Shutting down and abandoning module ActorPickerMode (510)
[2017.10.30-16.23.31:983][ 68]LogModuleManager: Shutting down and abandoning module GeometryMode (508)
[2017.10.30-16.23.31:983][ 68]LogModuleManager: Shutting down and abandoning module TextureAlignMode (506)
[2017.10.30-16.23.31:983][ 68]LogModuleManager: Shutting down and abandoning module BspMode (504)
[2017.10.30-16.23.31:984][ 68]LogModuleManager: Shutting down and abandoning module PIEPreviewDeviceProfileSelector (502)
[2017.10.30-16.23.31:984][ 68]LogModuleManager: Shutting down and abandoning module HardwareSurvey (500)
[2017.10.30-16.23.31:984][ 68]LogModuleManager: Shutting down and abandoning module SequenceRecorderSections (498)
[2017.10.30-16.23.31:984][ 68]LogModuleManager: Shutting down and abandoning module AutomationWorker (496)
[2017.10.30-16.23.31:984][ 68]LogModuleManager: Shutting down and abandoning module MatineeToLevelSequence (494)
[2017.10.30-16.23.31:985][ 68]LogModuleManager: Shutting down and abandoning module LevelSequenceEditor (492)
[2017.10.30-16.23.31:988][ 68]LogModuleManager: Shutting down and abandoning module PlacementMode (491)
[2017.10.30-16.23.31:988][ 68]LogModuleManager: Shutting down and abandoning module WmfMediaFactory (488)
[2017.10.30-16.23.31:988][ 68]LogModuleManager: Shutting down and abandoning module WmfMediaEditor (486)
[2017.10.30-16.23.31:988][ 68]LogModuleManager: Shutting down and abandoning module AvfMediaFactory (484)
[2017.10.30-16.23.31:988][ 68]LogModuleManager: Shutting down and abandoning module AvfMediaEditor (482)
[2017.10.30-16.23.31:988][ 68]LogModuleManager: Shutting down and abandoning module AndroidMediaFactory (480)
[2017.10.30-16.23.31:988][ 68]LogModuleManager: Shutting down and abandoning module Media (479)
[2017.10.30-16.23.31:989][ 68]LogModuleManager: Shutting down and abandoning module AndroidMediaEditor (476)
[2017.10.30-16.23.31:989][ 68]LogModuleManager: Shutting down and abandoning module CharacterAI (474)
[2017.10.30-16.23.31:989][ 68]LogModuleManager: Shutting down and abandoning module AudioCapture (472)
[2017.10.30-16.23.31:989][ 68]LogModuleManager: Shutting down and abandoning module SequenceRecorder (471)
[2017.10.30-16.23.31:989][ 68]LogModuleManager: Shutting down and abandoning module SmartSnapping (468)
[2017.10.30-16.23.31:990][ 68]LogModuleManager: Shutting down and abandoning module SessionServices (466)
[2017.10.30-16.23.31:990][ 68]LogModuleManager: Shutting down and abandoning module ViewportSnapping (464)
[2017.10.30-16.23.31:990][ 68]LogModuleManager: Shutting down and abandoning module ViewportInteraction (462)
[2017.10.30-16.23.31:990][ 68]LogModuleManager: Shutting down and abandoning module ClothPainter (460)
[2017.10.30-16.23.31:992][ 68]LogModuleManager: Shutting down and abandoning module LogVisualizer (458)
[2017.10.30-16.23.31:997][ 68]LogModuleManager: Shutting down and abandoning module IntroTutorials (456)
[2017.10.30-16.23.31:999][ 68]LogModuleManager: Shutting down and abandoning module GameProjectGeneration (455)
[2017.10.30-16.23.32:001][ 68]LogModuleManager: Shutting down and abandoning module IOSPlatformEditor (452)
[2017.10.30-16.23.32:002][ 68]LogModuleManager: Shutting down and abandoning module HTML5PlatformEditor (450)
[2017.10.30-16.23.32:002][ 68]LogModuleManager: Shutting down and abandoning module AndroidPlatformEditor (448)
[2017.10.30-16.23.32:002][ 68]LogModuleManager: Shutting down and abandoning module AndroidDeviceDetection (447)
[2017.10.30-16.23.32:033][ 68]LogModuleManager: Shutting down and abandoning module WindowsPlatformEditor (444)
[2017.10.30-16.23.32:033][ 68]LogModuleManager: Shutting down and abandoning module IOSRuntimeSettings (442)
[2017.10.30-16.23.32:033][ 68]LogModuleManager: Shutting down and abandoning module AndroidRuntimeSettings (440)
[2017.10.30-16.23.32:033][ 68]LogModuleManager: Shutting down and abandoning module InputBindingEditor (438)
[2017.10.30-16.23.32:034][ 68]LogModuleManager: Shutting down and abandoning module MergeActors (436)
[2017.10.30-16.23.32:035][ 68]LogModuleManager: Shutting down and abandoning module SizeMap (434)
[2017.10.30-16.23.32:035][ 68]LogModuleManager: Shutting down and abandoning module TreeMap (432)
[2017.10.30-16.23.32:036][ 68]LogModuleManager: Shutting down and abandoning module ReferenceViewer (430)
[2017.10.30-16.23.32:037][ 68]LogModuleManager: Shutting down and abandoning module LocalizationDashboard (428)
[2017.10.30-16.23.32:038][ 68]LogModuleManager: Shutting down and abandoning module LocalizationService (427)
[2017.10.30-16.23.32:039][ 68]LogModuleManager: Shutting down and abandoning module HardwareTargeting (424)
[2017.10.30-16.23.32:039][ 68]LogModuleManager: Shutting down and abandoning module DeviceProfileEditor (422)
[2017.10.30-16.23.32:039][ 68]LogModuleManager: Shutting down and abandoning module UndoHistory (420)
[2017.10.30-16.23.32:039][ 68]LogModuleManager: Shutting down and abandoning module XmlParser (418)
[2017.10.30-16.23.32:040][ 68]LogModuleManager: Shutting down and abandoning module Blutility (416)
[2017.10.30-16.23.32:040][ 68]LogModuleManager: Shutting down and abandoning module ProjectSettingsViewer (414)
[2017.10.30-16.23.32:040][ 68]LogModuleManager: Shutting down and abandoning module ProjectTargetPlatformEditor (413)
[2017.10.30-16.23.32:040][ 68]LogModuleManager: Shutting down and abandoning module EditorSettingsViewer (410)
[2017.10.30-16.23.32:040][ 68]LogModuleManager: Shutting down and abandoning module SettingsEditor (408)
[2017.10.30-16.23.32:041][ 68]LogModuleManager: Shutting down and abandoning module ProjectLauncher (406)
[2017.10.30-16.23.32:042][ 68]LogModuleManager: Shutting down and abandoning module SessionFrontend (404)
[2017.10.30-16.23.32:043][ 68]LogModuleManager: Shutting down and abandoning module ProfilerClient (402)
[2017.10.30-16.23.32:044][ 68]LogModuleManager: Shutting down and abandoning module DeviceManager (400)
[2017.10.30-16.23.32:045][ 68]LogModuleManager: Shutting down and abandoning module TargetDeviceServices (399)
[2017.10.30-16.23.32:120][ 68]LogModuleManager: Shutting down and abandoning module AutomationController (396)
[2017.10.30-16.23.32:121][ 68]LogModuleManager: Shutting down and abandoning module AutomationWindow (394)
[2017.10.30-16.23.32:123][ 68]LogModuleManager: Shutting down and abandoning module Layers (392)
[2017.10.30-16.23.32:126][ 68]LogModuleManager: Shutting down and abandoning module ComponentVisualizers (390)
[2017.10.30-16.23.32:126][ 68]LogModuleManager: Shutting down and abandoning module DetailCustomizations (388)
[2017.10.30-16.23.32:127][ 68]LogModuleManager: Shutting down and abandoning module PackagesDialog (386)
[2017.10.30-16.23.32:127][ 68]LogModuleManager: Shutting down and abandoning module Persona (384)
[2017.10.30-16.23.32:141][ 68]LogModuleManager: Shutting down and abandoning module AdvancedPreviewScene (383)
[2017.10.30-16.23.32:141][ 68]LogModuleManager: Shutting down and abandoning module AnimGraph (381)
[2017.10.30-16.23.32:141][ 68]LogModuleManager: Shutting down and abandoning module Kismet (378)
[2017.10.30-16.23.32:157][ 68]LogModuleManager: Shutting down and abandoning module ClassViewer (376)
[2017.10.30-16.23.32:157][ 68]LogModuleManager: Shutting down and abandoning module Toolbox (374)
[2017.10.30-16.23.32:157][ 68]LogModuleManager: Shutting down and abandoning module ModuleUI (372)
[2017.10.30-16.23.32:158][ 68]LogModuleManager: Shutting down and abandoning module MovieSceneTools (370)
[2017.10.30-16.23.32:159][ 68]LogModuleManager: Shutting down and abandoning module OutputLog (368)
[2017.10.30-16.23.32:159][ 68]LogModuleManager: Shutting down and abandoning module GammaUI (366)
[2017.10.30-16.23.32:160][ 68]LogModuleManager: Shutting down and abandoning module Documentation (364)
[2017.10.30-16.23.32:160][ 68]LogModuleManager: Shutting down and abandoning module MovieSceneTracks (362)
[2017.10.30-16.23.32:160][ 68]LogModuleManager: Shutting down and abandoning module MovieScene (360)
[2017.10.30-16.23.32:160][ 68]LogModuleManager: Shutting down and abandoning module Niagara (358)
[2017.10.30-16.23.32:160][ 68]LogModuleManager: Shutting down and abandoning module NiagaraEditor (357)
[2017.10.30-16.23.32:163][ 68]LogModuleManager: Shutting down and abandoning module StreamingPauseRendering (354)
[2017.10.30-16.23.32:163][ 68]LogModuleManager: Shutting down and abandoning module LauncherPlatform (352)
[2017.10.30-16.23.32:163][ 68]LogModuleManager: Shutting down and abandoning module AnalyticsET (350)
[2017.10.30-16.23.32:163][ 68]LogModuleManager: Shutting down and abandoning module PortalServices (348)
[2017.10.30-16.23.32:163][ 68]LogModuleManager: Shutting down and abandoning module PortalRpc (346)
[2017.10.30-16.23.32:163][ 68]LogModuleManager: Shutting down and abandoning module MessagingRpc (344)
[2017.10.30-16.23.32:163][ 68]LogModuleManager: Shutting down and abandoning module AIModule (342)
[2017.10.30-16.23.32:163][ 68]LogModuleManager: Shutting down and abandoning module GameplayDebugger (341)
[2017.10.30-16.23.32:163][ 68]LogModuleManager: Shutting down and abandoning module AITestSuite (339)
[2017.10.30-16.23.32:165][ 68]LogModuleManager: Shutting down and abandoning module ProfilerService (336)
[2017.10.30-16.23.32:330][ 68]LogModuleManager: Shutting down and abandoning module TaskGraph (334)
[2017.10.30-16.23.32:332][ 68]LogModuleManager: Shutting down and abandoning module SteamVRController (332)
[2017.10.30-16.23.32:332][ 68]LogModuleManager: Shutting down and abandoning module ProceduralMeshComponentEditor (330)
[2017.10.30-16.23.32:332][ 68]LogModuleManager: Shutting down and abandoning module ProceduralMeshComponent (328)
[2017.10.30-16.23.32:332][ 68]LogModuleManager: Shutting down and abandoning module OculusInput (326)
[2017.10.30-16.23.32:332][ 68]LogModuleManager: Shutting down and abandoning module MobilePatchingUtils (324)
[2017.10.30-16.23.32:333][ 68]LogModuleManager: Shutting down and abandoning module CustomMeshComponent (322)
[2017.10.30-16.23.32:333][ 68]LogModuleManager: Shutting down and abandoning module CableComponent (320)
[2017.10.30-16.23.32:333][ 68]LogModuleManager: Shutting down and abandoning module ArchVisCharacter (318)
[2017.10.30-16.23.32:333][ 68]LogModuleManager: Shutting down and abandoning module AndroidPermission (316)
[2017.10.30-16.23.32:333][ 68]LogModuleManager: Shutting down and abandoning module MediaPlayerEditor (312)
[2017.10.30-16.23.32:337][ 68]LogModuleManager: Shutting down and abandoning module RawInput (310)
[2017.10.30-16.23.32:337][ 68]LogModuleManager: Shutting down and abandoning module HTML5Networking (308)
[2017.10.30-16.23.32:337][ 68]LogModuleManager: Shutting down and abandoning module AlembicImporter (306)
[2017.10.30-16.23.32:338][ 68]LogModuleManager: Shutting down and abandoning module AlembicLibrary (305)
[2017.10.30-16.23.32:338][ 68]LogModuleManager: Shutting down and abandoning module GeometryCache (304)
[2017.10.30-16.23.32:338][ 68]LogModuleManager: Shutting down and abandoning module GeometryCacheEd (303)
[2017.10.30-16.23.32:339][ 68]LogModuleManager: Shutting down and abandoning module SpeedTreeImporter (298)
[2017.10.30-16.23.32:339][ 68]LogModuleManager: Shutting down and abandoning module PluginBrowser (296)
[2017.10.30-16.23.32:342][ 68]LogModuleManager: Shutting down and abandoning module MobileLauncherProfileWizard (294)
[2017.10.30-16.23.32:343][ 68]LogModuleManager: Shutting down and abandoning module VisualStudioSourceCodeAccess (292)
[2017.10.30-16.23.32:343][ 68]LogModuleManager: Shutting down and abandoning module DesktopPlatform (291)
[2017.10.30-16.23.32:344][ 68]LogModuleManager: Shutting down and abandoning module UObjectPlugin (288)
[2017.10.30-16.23.32:344][ 68]LogModuleManager: Shutting down and abandoning module SubversionSourceControl (286)
[2017.10.30-16.23.32:345][ 68]LogModuleManager: Shutting down and abandoning module PerforceSourceControl (284)
[2017.10.30-16.23.32:348][ 68]LogModuleManager: Shutting down and abandoning module GitSourceControl (282)
[2017.10.30-16.23.32:349][ 68]LogModuleManager: Shutting down and abandoning module SourceControl (281)
[2017.10.30-16.23.32:350][ 68]LogModuleManager: Shutting down and abandoning module LightPropagationVolumeEditor (278)
[2017.10.30-16.23.32:351][ 68]LogModuleManager: Shutting down and abandoning module PaperTiledImporter (276)
[2017.10.30-16.23.32:351][ 68]LogModuleManager: Shutting down and abandoning module PaperSpriteSheetImporter (274)
[2017.10.30-16.23.32:351][ 68]LogModuleManager: Shutting down and abandoning module Paper2DEditor (272)
[2017.10.30-16.23.32:352][ 68]LogModuleManager: Shutting down and abandoning module MeshPaint (271)
[2017.10.30-16.23.32:352][ 68]LogModuleManager: Shutting down and abandoning module LevelEditor (269)
[2017.10.30-16.23.32:355][ 68]LogModuleManager: Shutting down and abandoning module PixelInspectorModule (268)
[2017.10.30-16.23.32:357][ 68]LogModuleManager: Shutting down and abandoning module MainFrame (266)
[2017.10.30-16.23.32:357][ 68]LogModuleManager: Shutting down and abandoning module HotReload (265)
[2017.10.30-16.23.32:358][ 68]LogDirectoryWatcher: A directory notification for 'C:/Users/Matth/Documents/GitHub/ScrumLordRacing/Binaries/Win64' was aborted.
[2017.10.30-16.23.32:359][ 68]LogModuleManager: Shutting down and abandoning module RuntimePhysXCooking (260)
[2017.10.30-16.23.32:359][ 68]LogModuleManager: Shutting down and abandoning module PhysXVehiclesEditor (258)
[2017.10.30-16.23.32:359][ 68]LogModuleManager: Shutting down and abandoning module PhysXVehicles (256)
[2017.10.30-16.23.32:359][ 68]LogModuleManager: Shutting down and abandoning module OculusEditor (254)
[2017.10.30-16.23.32:359][ 68]LogModuleManager: Shutting down and abandoning module LocationServicesBPLibrary (252)
[2017.10.30-16.23.32:359][ 68]LogModuleManager: Shutting down and abandoning module ImmediatePhysicsEditor (250)
[2017.10.30-16.23.32:359][ 68]LogModuleManager: Shutting down and abandoning module ImmediatePhysics (248)
[2017.10.30-16.23.32:360][ 68]LogModuleManager: Shutting down and abandoning module UdpMessaging (246)
[2017.10.30-16.23.32:460][ 68]LogModuleManager: Shutting down and abandoning module TcpMessaging (244)
[2017.10.30-16.23.32:562][ 68]LogModuleManager: Shutting down and abandoning module GameplayTagsEditor (242)
[2017.10.30-16.23.32:564][ 68]LogModuleManager: Shutting down and abandoning module FacialAnimationEditor (240)
[2017.10.30-16.23.32:564][ 68]LogModuleManager: Shutting down and abandoning module FacialAnimation (238)
[2017.10.30-16.23.32:564][ 68]LogModuleManager: Shutting down and abandoning module AssetManagerEditor (236)
[2017.10.30-16.23.32:567][ 68]LogModuleManager: Shutting down and abandoning module GraphEditor (235)
[2017.10.30-16.23.32:567][ 68]LogModuleManager: Shutting down and abandoning module ContentBrowser (233)
[2017.10.30-16.23.32:570][ 68]LogModuleManager: Shutting down and abandoning module LightPropagationVolumeRuntime (230)
[2017.10.30-16.23.32:570][ 68]LogModuleManager: Shutting down and abandoning module Paper2D (228)
[2017.10.30-16.23.32:570][ 68]LogModuleManager: Shutting down and abandoning module WindowsMoviePlayer (226)
[2017.10.30-16.23.32:571][ 68]LogModuleManager: Shutting down and abandoning module WmfMedia (224)
[2017.10.30-16.23.32:603][ 68]LogModuleManager: Shutting down and abandoning module PacketHandler (222)
[2017.10.30-16.23.32:603][ 68]LogModuleManager: Shutting down and abandoning module ClothingSystemEditor (220)
[2017.10.30-16.23.32:603][ 68]LogModuleManager: Shutting down and abandoning module ClothingSystemRuntime (218)
[2017.10.30-16.23.32:608][ 68]LogModuleManager: Shutting down and abandoning module Overlay (216)
[2017.10.30-16.23.32:609][ 68]LogModuleManager: Shutting down and abandoning module OverlayEditor (215)
[2017.10.30-16.23.32:609][ 68]LogModuleManager: Shutting down and abandoning module MediaAssets (212)
[2017.10.30-16.23.32:609][ 68]LogModuleManager: Shutting down and abandoning module VREditor (210)
[2017.10.30-16.23.32:610][ 68]LogModuleManager: Shutting down and abandoning module StringTableEditor (208)
[2017.10.30-16.23.32:611][ 68]LogModuleManager: Shutting down and abandoning module GameplayTasksEditor (206)
[2017.10.30-16.23.32:611][ 68]LogModuleManager: Shutting down and abandoning module BehaviorTreeEditor (204)
[2017.10.30-16.23.32:614][ 68]LogModuleManager: Shutting down and abandoning module FunctionalTesting (202)
[2017.10.30-16.23.32:614][ 68]LogModuleManager: Shutting down and abandoning module CollisionAnalyzer (200)
[2017.10.30-16.23.32:615][ 68]LogModuleManager: Shutting down and abandoning module WorkspaceMenuStructure (199)
[2017.10.30-16.23.32:615][ 68]LogModuleManager: Shutting down and abandoning module UMG (196)
[2017.10.30-16.23.32:615][ 68]LogModuleManager: Shutting down and abandoning module UMGEditor (195)
[2017.10.30-16.23.32:615][ 68]LogModuleManager: Shutting down and abandoning module Sequencer (194)
[2017.10.30-16.23.32:615][ 68]LogModuleManager: Shutting down and abandoning module MessageLog (191)
[2017.10.30-16.23.32:615][ 68]LogModuleManager: Shutting down and abandoning module SlateReflector (186)
[2017.10.30-16.23.32:618][ 68]LogModuleManager: Shutting down and abandoning module Slate (184)
[2017.10.30-16.23.32:618][ 68]LogModuleManager: Shutting down and abandoning module EditorStyle (182)
[2017.10.30-16.23.32:621][ 68]LogModuleManager: Shutting down and abandoning module MRMesh (180)
[2017.10.30-16.23.32:621][ 68]LogModuleManager: Shutting down and abandoning module SourceCodeAccess (178)
[2017.10.30-16.23.32:621][ 68]LogModuleManager: Shutting down and abandoning module HeadMountedDisplay (176)
[2017.10.30-16.23.32:621][ 68]LogModuleManager: Shutting down and abandoning module XAudio2 (174)
[2017.10.30-16.23.32:621][ 68]LogModuleManager: Shutting down and abandoning module Networking (172)
[2017.10.30-16.23.32:621][ 68]LogModuleManager: Shutting down and abandoning module Core (168)
[2017.10.30-16.23.32:621][ 68]LogModuleManager: Shutting down and abandoning module KismetCompiler (164)
[2017.10.30-16.23.32:621][ 68]LogModuleManager: Shutting down and abandoning module LevelSequence (162)
[2017.10.30-16.23.32:621][ 68]LogModuleManager: Shutting down and abandoning module MeshUtilities (160)
[2017.10.30-16.23.32:623][ 68]LogModuleManager: Shutting down and abandoning module MeshMergeUtilities (159)
[2017.10.30-16.23.32:625][ 68]LogModuleManager: Shutting down and abandoning module MeshReductionInterface (158)
[2017.10.30-16.23.32:625][ 68]LogModuleManager: Shutting down and abandoning module SimplygonSwarm (157)
[2017.10.30-16.23.32:625][ 68]LogModuleManager: Shutting down and abandoning module SimplygonMeshReduction (155)
[2017.10.30-16.23.32:625][ 68]LogModuleManager: Shutting down and abandoning module QuadricMeshReduction (153)
[2017.10.30-16.23.32:626][ 68]LogModuleManager: Shutting down and abandoning module MaterialBaking (149)
[2017.10.30-16.23.32:626][ 68]LogModuleManager: Shutting down and abandoning module DirectoryWatcher (146)
[2017.10.30-16.23.32:628][ 68]LogModuleManager: Shutting down and abandoning module DerivedDataCache (144)
[2017.10.30-16.23.32:669][ 68]LogDerivedDataCache: Shutdown
[2017.10.30-16.23.32:669][ 68]LogModuleManager: Shutting down and abandoning module TargetPlatform (142)
[2017.10.30-16.23.32:669][ 68]LogModuleManager: Shutting down and abandoning module VulkanShaderFormat (141)
[2017.10.30-16.23.32:670][ 68]LogModuleManager: Shutting down and abandoning module ShaderFormatVectorVM (139)
[2017.10.30-16.23.32:670][ 68]LogModuleManager: Shutting down and abandoning module ShaderFormatOpenGL (137)
[2017.10.30-16.23.32:671][ 68]LogModuleManager: Shutting down and abandoning module ShaderFormatD3D (135)
[2017.10.30-16.23.32:671][ 68]LogModuleManager: Shutting down and abandoning module MetalShaderFormat (133)
[2017.10.30-16.23.32:672][ 68]LogModuleManager: Shutting down and abandoning module TextureFormatUncompressed (131)
[2017.10.30-16.23.32:672][ 68]LogModuleManager: Shutting down and abandoning module TextureFormatPVR (129)
[2017.10.30-16.23.32:672][ 68]LogModuleManager: Shutting down and abandoning module TextureFormatDXT (127)
[2017.10.30-16.23.32:672][ 68]LogModuleManager: Shutting down and abandoning module TextureFormatIntelISPCTexComp (125)
[2017.10.30-16.23.32:672][ 68]LogModuleManager: Shutting down and abandoning module TextureFormatASTC (123)
[2017.10.30-16.23.32:672][ 68]LogModuleManager: Shutting down and abandoning module ImageWrapper (122)
[2017.10.30-16.23.32:672][ 68]LogModuleManager: Shutting down and abandoning module TextureFormatAndroid (119)
[2017.10.30-16.23.32:672][ 68]LogModuleManager: Shutting down and abandoning module AudioFormatOpus (117)
[2017.10.30-16.23.32:672][ 68]LogModuleManager: Shutting down and abandoning module AudioFormatOgg (115)
[2017.10.30-16.23.32:672][ 68]LogModuleManager: Shutting down and abandoning module AudioFormatADPCM (113)
[2017.10.30-16.23.32:672][ 68]LogModuleManager: Shutting down and abandoning module LinuxTargetPlatform (111)
[2017.10.30-16.23.32:672][ 68]LogModuleManager: Shutting down and abandoning module LinuxServerTargetPlatform (109)
[2017.10.30-16.23.32:672][ 68]LogModuleManager: Shutting down and abandoning module LinuxNoEditorTargetPlatform (107)
[2017.10.30-16.23.32:672][ 68]LogModuleManager: Shutting down and abandoning module LinuxClientTargetPlatform (105)
[2017.10.30-16.23.32:672][ 68]LogModuleManager: Shutting down and abandoning module TVOSTargetPlatform (103)
[2017.10.30-16.23.32:672][ 68]LogModuleManager: Shutting down and abandoning module Messaging (101)
[2017.10.30-16.23.32:672][ 68]LogModuleManager: Shutting down and abandoning module IOSTargetPlatform (99)
[2017.10.30-16.23.32:672][ 68]LogModuleManager: Shutting down and abandoning module HTML5TargetPlatform (97)
[2017.10.30-16.23.32:672][ 68]LogModuleManager: Shutting down and abandoning module Android_PVRTCTargetPlatform (95)
[2017.10.30-16.23.32:672][ 68]LogModuleManager: Shutting down and abandoning module Android_MultiTargetPlatform (93)
[2017.10.30-16.23.32:672][ 68]LogModuleManager: Shutting down and abandoning module Android_ETC2TargetPlatform (91)
[2017.10.30-16.23.32:672][ 68]LogModuleManager: Shutting down and abandoning module Android_ETC1TargetPlatform (89)
[2017.10.30-16.23.32:672][ 68]LogModuleManager: Shutting down and abandoning module Android_DXTTargetPlatform (87)
[2017.10.30-16.23.32:672][ 68]LogModuleManager: Shutting down and abandoning module Android_ATCTargetPlatform (85)
[2017.10.30-16.23.32:672][ 68]LogModuleManager: Shutting down and abandoning module Android_ASTCTargetPlatform (83)
[2017.10.30-16.23.32:672][ 68]LogModuleManager: Shutting down and abandoning module AndroidTargetPlatform (81)
[2017.10.30-16.23.32:672][ 68]LogModuleManager: Shutting down and abandoning module WindowsTargetPlatform (79)
[2017.10.30-16.23.32:672][ 68]LogModuleManager: Shutting down and abandoning module WindowsServerTargetPlatform (77)
[2017.10.30-16.23.32:672][ 68]LogModuleManager: Shutting down and abandoning module WindowsNoEditorTargetPlatform (75)
[2017.10.30-16.23.32:673][ 68]LogModuleManager: Shutting down and abandoning module WindowsClientTargetPlatform (73)
[2017.10.30-16.23.32:673][ 68]LogModuleManager: Shutting down and abandoning module MacTargetPlatform (71)
[2017.10.30-16.23.32:673][ 68]LogModuleManager: Shutting down and abandoning module MacServerTargetPlatform (69)
[2017.10.30-16.23.32:673][ 68]LogModuleManager: Shutting down and abandoning module MacNoEditorTargetPlatform (67)
[2017.10.30-16.23.32:673][ 68]LogModuleManager: Shutting down and abandoning module MacClientTargetPlatform (65)
[2017.10.30-16.23.32:673][ 68]LogModuleManager: Shutting down and abandoning module AllDesktopTargetPlatform (63)
[2017.10.30-16.23.32:673][ 68]LogModuleManager: Shutting down and abandoning module InputCore (60)
[2017.10.30-16.23.32:673][ 68]LogModuleManager: Shutting down and abandoning module Settings (58)
[2017.10.30-16.23.32:673][ 68]LogModuleManager: Shutting down and abandoning module PhysXCooking (56)
[2017.10.30-16.23.32:673][ 68]LogModuleManager: Shutting down and abandoning module SteamVR (54)
[2017.10.30-16.23.32:673][ 68]LogModuleManager: Shutting down and abandoning module OculusHMD (52)
[2017.10.30-16.23.32:673][ 68]LogModuleManager: Shutting down and abandoning module ExampleDeviceProfileSelector (50)
[2017.10.30-16.23.32:673][ 68]LogModuleManager: Shutting down and abandoning module OnlineBlueprintSupport (48)
[2017.10.30-16.23.32:673][ 68]LogModuleManager: Shutting down and abandoning module OnlineSubsystem (44)
[2017.10.30-16.23.32:673][ 68]LogOnline: Display: Unloading online subsystem: NULL
[2017.10.30-16.23.32:674][ 68]LogModuleManager: Shutting down and abandoning module XMPP (43)
[2017.10.30-16.23.32:676][ 68]LogModuleManager: Shutting down and abandoning module HTTP (41)
[2017.10.30-16.23.32:676][ 68]LogHttp: Display: Http module shutting down, but needs to wait on 1 outstanding Http requests:
[2017.10.30-16.23.32:676][ 68]LogHttp: Display: 	verb=[POST] url=[https://datarouter.ol.epicgames.com/datarouter/api/v1/public/data?SessionID=%7B8B2E0E7A-46A4-2174-AD90-FDB979FA3FE9%7D&AppID=UEEditor.Rocket.Release&AppVersion=4.17.2-3658906%2B%2B%2BUE4%2BRelease-4.17&UserID=fb9b6aba4f94672c83e2d0af276b764b%7C13f5e7ba40a0421986b4c924b74ba0bd%7C41dcff8d-ef53-4b22-80fc-f9579ccf5aa6&AppEnvironment=datacollector-binary&UploadType=eteventstream] status=Processing
[2017.10.30-16.23.32:704][ 68]LogModuleManager: Shutting down and abandoning module SSL (40)
[2017.10.30-16.23.32:706][ 68]LogModuleManager: Shutting down and abandoning module AnimationModifiers (36)
[2017.10.30-16.23.32:707][ 68]LogModuleManager: Shutting down and abandoning module PropertyEditor (35)
[2017.10.30-16.23.32:707][ 68]LogModuleManager: Shutting down and abandoning module AudioEditor (32)
[2017.10.30-16.23.32:709][ 68]LogModuleManager: Shutting down and abandoning module TextureCompressor (30)
[2017.10.30-16.23.32:709][ 68]LogModuleManager: Shutting down and abandoning module ShaderCore (28)
[2017.10.30-16.23.32:709][ 68]LogModuleManager: Shutting down and abandoning module Landscape (26)
[2017.10.30-16.23.32:709][ 68]LogModuleManager: Shutting down and abandoning module SlateRHIRenderer (24)
[2017.10.30-16.23.32:713][ 68]LogModuleManager: Shutting down and abandoning module OpenGLDrv (22)
[2017.10.30-16.23.32:713][ 68]LogModuleManager: Shutting down and abandoning module D3D11RHI (20)
[2017.10.30-16.23.32:713][ 68]LogModuleManager: Shutting down and abandoning module AnimGraphRuntime (18)
[2017.10.30-16.23.32:714][ 68]LogModuleManager: Shutting down and abandoning module Renderer (16)
[2017.10.30-16.23.32:714][ 68]LogModuleManager: Shutting down and abandoning module Engine (14)
[2017.10.30-16.23.32:714][ 68]LogModuleManager: Shutting down and abandoning module CoreUObject (12)
[2017.10.30-16.23.32:714][ 68]LogModuleManager: Shutting down and abandoning module NetworkFile (10)
[2017.10.30-16.23.32:714][ 68]LogModuleManager: Shutting down and abandoning module CookedIterativeFile (8)
[2017.10.30-16.23.32:714][ 68]LogModuleManager: Shutting down and abandoning module StreamingFile (6)
[2017.10.30-16.23.32:714][ 68]LogModuleManager: Shutting down and abandoning module SandboxFile (4)
[2017.10.30-16.23.32:714][ 68]LogModuleManager: Shutting down and abandoning module PakFile (2)
[2017.10.30-16.23.32:718][ 68]LogExit: Exiting.
[2017.10.30-16.23.32:746][ 68]Log file closed, 10/30/17 12:23:32
