Log file open, 10/08/17 13:08:36
LogInit:Display: Running engine for game: ScrumLordRacing
LogPlatformFile: Not using cached read wrapper
LogInit:Display: RandInit(260833107) SRandInit(260833107).
LogTaskGraph: Started task graph with 5 named threads and 8 total threads with 1 sets of task threads.
LogStats: Stats thread started at 0.084956
LogInit: Using libcurl 7.47.1
LogInit:  - built for x86_64-pc-win32
LogInit:  - supports SSL with OpenSSL/1.0.2g
LogInit:  - supports HTTP deflate (compression) using libz 1.2.8
LogInit:  - other features:
LogInit:      CURL_VERSION_SSL
LogInit:      CURL_VERSION_LIBZ
LogInit:      CURL_VERSION_IPV6
LogInit:      CURL_VERSION_ASYNCHDNS
LogInit:      CURL_VERSION_LARGEFILE
LogInit:      CURL_VERSION_IDN
LogInit:  CurlRequestOptions (configurable via config and command line):
LogInit:  - bVerifyPeer = false  - Libcurl will NOT verify peer certificate
LogInit:  - bUseHttpProxy = false  - Libcurl will NOT use HTTP proxy
LogInit:  - bDontReuseConnections = false  - Libcurl will reuse connections
LogInit:  - CertBundlePath = nullptr  - Libcurl will use whatever was configured at build time.
LogInit: Build: ++UE4+Release-4.16-CL-3561208
LogInit: Engine Version: 4.16.3-3561208+++UE4+Release-4.16
LogInit: Compatible Engine Version: 4.16.0-3452394+++UE4+Release-4.16
LogInit: Net CL: 3452394
LogDevObjectVersion: Number of dev versions registered: 16
LogDevObjectVersion:   Dev-Blueprints (B0D832E4-1F89-4F0D-ACCF-7EB736FD4AA2): 9
LogDevObjectVersion:   Dev-Build (E1C64328-A22C-4D53-A36C-8E866417BD8C): 0
LogDevObjectVersion:   Dev-Core (375EC13C-06E4-48FB-B500-84F0262A717E): 2
LogDevObjectVersion:   Dev-Editor (E4B068ED-F494-42E9-A231-DA0B2E46BB41): 17
LogDevObjectVersion:   Dev-Framework (CFFC743F-43B0-4480-9391-14DF171D2073): 23
LogDevObjectVersion:   Dev-Mobile (B02B49B5-BB20-44E9-A304-32B752E40360): 0
LogDevObjectVersion:   Dev-Networking (A4E4105C-59A1-49B5-A7C5-40C4547EDFEE): 0
LogDevObjectVersion:   Dev-Online (39C831C9-5AE6-47DC-9A44-9C173E1C8E7C): 0
LogDevObjectVersion:   Dev-Physics (78F01B33-EBEA-4F98-B9B4-84EACCB95AA2): 0
LogDevObjectVersion:   Dev-Platform (6631380F-2D4D-43E0-8009-CF276956A95A): 0
LogDevObjectVersion:   Dev-Rendering (12F88B9F-8875-4AFC-A67C-D90C383ABD29): 15
LogDevObjectVersion:   Dev-Sequencer (7B5AE74C-D270-4C10-A958-57980B212A5A): 4
LogDevObjectVersion:   Dev-VR (D7296918-1DD6-4BDD-9DE2-64A83CC13884): 0
LogDevObjectVersion:   Dev-LoadTimes (C2A15278-BFE7-4AFE-6C17-90FF531DF755): 1
LogDevObjectVersion:   Private-Geometry (6EACA3D4-40EC-4CC1-B786-8BED09428FC5): 1
LogDevObjectVersion:   Dev-AnimPhys (29E575DD-E0A3-4627-9D10-D276232CDCEA): 3
LogInit: Compiled (64-bit): Jul 28 2017 11:49:47
LogInit: Compiled with Visual C++: 19.00.24215.01
LogInit: Build Configuration: Development
LogInit: Branch Name: ++UE4+Release-4.16
LogInit: Command line:  
LogInit: Base directory: C:/Program Files/Epic Games/UE_4.16/Engine/Binaries/Win64/
LogInit: Installed Engine Build: 1
LogInit: Presizing for max 8388607 objects, including 0 objects not considered by GC, pre-allocating 0 bytes for permanent pool.
LogInit: Object subsystem initialized
[2017.10.08-17.08.36:683][  0]LogInit: Selected Device Profile: [Windows]
[2017.10.08-17.08.36:683][  0]LogInit: Applying CVar settings loaded from the selected device profile: [Windows]
[2017.10.08-17.08.36:693][  0]LogInit: Computer: ALEX
[2017.10.08-17.08.36:693][  0]LogInit: User: galla000
[2017.10.08-17.08.36:693][  0]LogInit: CPU Page size=4096, Cores=4
[2017.10.08-17.08.36:693][  0]LogInit: High frequency timer resolution =2.825505 MHz
[2017.10.08-17.08.36:693][  0]LogMemory: Memory total: Physical=31.9GB (32GB approx)
[2017.10.08-17.08.36:693][  0]LogMemory: Platform Memory Stats for Windows
[2017.10.08-17.08.36:693][  0]LogMemory: Process Physical Memory: 269.77 MB used, 269.77 MB peak
[2017.10.08-17.08.36:693][  0]LogMemory: Process Virtual Memory: 260.74 MB used, 260.74 MB peak
[2017.10.08-17.08.36:693][  0]LogMemory: Physical Memory: 3910.78 MB used,  28738.24 MB free, 32649.02 MB total
[2017.10.08-17.08.36:693][  0]LogMemory: Virtual Memory: 621.52 MB used,  28738.24 MB free, 134217728.00 MB total
[2017.10.08-17.08.36:751][  0]LogInit: Using OS detected language (en-US).
[2017.10.08-17.08.36:751][  0]LogInit: Using OS detected locale (en-US).
[2017.10.08-17.08.36:753][  0]LogTextLocalizationManager: No specific localization for 'en-US' exists, so the 'en' localization will be used.
[2017.10.08-17.08.37:595][  0]LogD3D11RHI: D3D11 adapters:
[2017.10.08-17.08.37:604][  0]LogD3D11RHI:    0. 'Intel(R) HD Graphics 4600' (Feature Level 11_0)
[2017.10.08-17.08.37:604][  0]LogD3D11RHI:       4054/0/16324 MB DedicatedVideo/DedicatedSystem/SharedSystem, Outputs:1, VendorId:0x8086
[2017.10.08-17.08.37:605][  0]LogD3D11RHI:    1. 'Microsoft Basic Render Driver' (Feature Level 11_0)
[2017.10.08-17.08.37:605][  0]LogD3D11RHI:       0/0/256 MB DedicatedVideo/DedicatedSystem/SharedSystem, Outputs:0, VendorId:0x1414
[2017.10.08-17.08.37:605][  0]LogD3D11RHI: Chosen D3D11 Adapter: 0
[2017.10.08-17.08.37:609][  0]LogD3D11RHI: Creating new Direct3DDevice
[2017.10.08-17.08.37:609][  0]LogD3D11RHI:     GPU DeviceId: 0x416 (for the marketing name, search the web for "GPU Device Id")
[2017.10.08-17.08.37:609][  0]LogWindows: EnumDisplayDevices:
[2017.10.08-17.08.37:609][  0]LogWindows:    0. 'Intel(R) HD Graphics 4600' (P:1 D:1)
[2017.10.08-17.08.37:609][  0]LogWindows:    1. 'Intel(R) HD Graphics 4600' (P:0 D:0)
[2017.10.08-17.08.37:609][  0]LogWindows:    2. 'Intel(R) HD Graphics 4600' (P:0 D:0)
[2017.10.08-17.08.37:609][  0]LogWindows:    3. 'Intel(R) HD Graphics 4600' (P:0 D:0)
[2017.10.08-17.08.37:609][  0]LogWindows: DebugString: FoundDriverCount:4 
[2017.10.08-17.08.37:609][  0]LogD3D11RHI:     Adapter Name: Intel(R) HD Graphics 4600
[2017.10.08-17.08.37:609][  0]LogD3D11RHI:   Driver Version: 10.18.10.3304 (internal:10.18.10.3304, unified:10.18.10.3304)
[2017.10.08-17.08.37:609][  0]LogD3D11RHI:      Driver Date: 9-9-2013
[2017.10.08-17.08.37:609][  0]LogRHI: Texture pool is 1361 MB (70% of 1945 MB)
[2017.10.08-17.08.37:618][  0]LogD3D11RHI: Async texture creation enabled
[2017.10.08-17.08.37:627][  0]LogD3D11RHI: GPU Timing Frequency: 12.500000 (Debug: 2 1)
[2017.10.08-17.08.37:627][  0]LogShaderCompilers: Guid format shader working directory is 19 characters bigger than the processId version (D:/Unreal Games/ScrumLordRacing/Intermediate/Shaders/WorkingDirectory/5692/).
[2017.10.08-17.08.37:627][  0]LogShaderCompilers: Cleaned the shader compiler working directory 'C:/Users/galla_000/AppData/Local/Temp/UnrealShaderWorkingDir/7DC0ADF54094C15C8BF4E19FDD8BF509/'.
[2017.10.08-17.08.37:627][  0]LogShaderCompilers:Display: Using Local Shader Compiler.
[2017.10.08-17.08.38:513][  0]LogTemp:Display: Loaded TP AllDesktopTargetPlatform
[2017.10.08-17.08.38:551][  0]LogTemp:Display: Loaded TP MacClientTargetPlatform
[2017.10.08-17.08.38:588][  0]LogTemp:Display: Loaded TP MacNoEditorTargetPlatform
[2017.10.08-17.08.38:625][  0]LogTemp:Display: Loaded TP MacServerTargetPlatform
[2017.10.08-17.08.38:666][  0]LogTemp:Display: Loaded TP MacTargetPlatform
[2017.10.08-17.08.38:704][  0]LogTemp:Display: Loaded TP WindowsClientTargetPlatform
[2017.10.08-17.08.38:743][  0]LogTemp:Display: Loaded TP WindowsNoEditorTargetPlatform
[2017.10.08-17.08.38:784][  0]LogTemp:Display: Loaded TP WindowsServerTargetPlatform
[2017.10.08-17.08.38:819][  0]LogTemp:Display: Loaded TP WindowsTargetPlatform
[2017.10.08-17.08.38:859][  0]LogTemp:Display: Loaded TP AndroidTargetPlatform
[2017.10.08-17.08.38:900][  0]LogTemp:Display: Loaded TP Android_ASTCTargetPlatform
[2017.10.08-17.08.38:939][  0]LogTemp:Display: Loaded TP Android_ATCTargetPlatform
[2017.10.08-17.08.38:979][  0]LogTemp:Display: Loaded TP Android_DXTTargetPlatform
[2017.10.08-17.08.39:018][  0]LogTemp:Display: Loaded TP Android_ETC1TargetPlatform
[2017.10.08-17.08.39:056][  0]LogTemp:Display: Loaded TP Android_ETC2TargetPlatform
[2017.10.08-17.08.39:134][  0]LogTemp:Display: Loaded TP Android_MultiTargetPlatform
[2017.10.08-17.08.39:134][  0]LogTemp:Display: Loaded TP Android_PVRTCTargetPlatform
[2017.10.08-17.08.39:164][  0]LogTemp:Display: Loaded TP HTML5TargetPlatform
[2017.10.08-17.08.39:243][  0]LogTemp:Display: Loaded TP IOSTargetPlatform
[2017.10.08-17.08.39:269][  0]LogTemp:Display: Loaded TP TVOSTargetPlatform
[2017.10.08-17.08.39:308][  0]LogTemp:Display: Loaded TP LinuxClientTargetPlatform
[2017.10.08-17.08.39:347][  0]LogTemp:Display: Loaded TP LinuxNoEditorTargetPlatform
[2017.10.08-17.08.39:386][  0]LogTemp:Display: Loaded TP LinuxServerTargetPlatform
[2017.10.08-17.08.39:425][  0]LogTemp:Display: Loaded TP LinuxTargetPlatform
[2017.10.08-17.08.39:425][  0]LogTargetPlatformManager:Display: Building Assets For Windows
[2017.10.08-17.08.39:808][  0]LogDerivedDataCache:Display: Max Cache Size: 512 MB
[2017.10.08-17.08.39:901][  0]LogDerivedDataCache: Loaded boot cache 0.09s 90MB C:/Users/galla_000/AppData/Local/UnrealEngine/4.16/DerivedDataCache/Boot.ddc.
[2017.10.08-17.08.39:901][  0]LogDerivedDataCache:Display: Loaded Boot cache: C:/Users/galla_000/AppData/Local/UnrealEngine/4.16/DerivedDataCache/Boot.ddc
[2017.10.08-17.08.39:901][  0]LogDerivedDataCache: FDerivedDataBackendGraph:  Pak pak cache file D:/Unreal Games/ScrumLordRacing/DerivedDataCache/DDC.ddp not found, will not use a pak cache.
[2017.10.08-17.08.39:901][  0]LogDerivedDataCache: Unable to find inner node Pak for hierarchical cache Hierarchy.
[2017.10.08-17.08.39:901][  0]LogDerivedDataCache: FDerivedDataBackendGraph:  CompressedPak pak cache file D:/Unreal Games/ScrumLordRacing/DerivedDataCache/Compressed.ddp not found, will not use a pak cache.
[2017.10.08-17.08.39:901][  0]LogDerivedDataCache: Unable to find inner node CompressedPak for hierarchical cache Hierarchy.
[2017.10.08-17.08.39:917][  0]LogDerivedDataCache:Display: Pak cache opened for reading ../../../Engine/DerivedDataCache/Compressed.ddp.
[2017.10.08-17.08.39:928][  0]LogDerivedDataCache: Using Local data cache path C:/Users/galla_000/AppData/Local/UnrealEngine/Common/DerivedDataCache: Writable
[2017.10.08-17.08.39:937][  0]LogMaterial: Verifying Global Shaders for PCD3D_SM5
[2017.10.08-17.08.39:937][  0]LogSlate: Using Freetype 2.6.0
[2017.10.08-17.08.39:938][  0]LogSlate: SlateFontCache - WITH_FREETYPE: 1, WITH_HARFBUZZ: 1
[2017.10.08-17.08.39:938][  0]LogSlate: SlateFontCache - WITH_FREETYPE: 1, WITH_HARFBUZZ: 1
[2017.10.08-17.08.40:215][  0]LogInit: Selected Device Profile: [Windows]
[2017.10.08-17.08.40:313][  0]LogContentStreaming: Texture pool size is 0.00 MB
[2017.10.08-17.08.40:490][  0]LogMeshUtilities: Using QuadricMeshReduction for automatic static mesh reduction
[2017.10.08-17.08.40:523][  0]LogSimplygon: Simplygon DLL not present - disabling.
[2017.10.08-17.08.40:558][  0]LogMeshUtilities: Using SimplygonSwarm for distributed automatic mesh merging
[2017.10.08-17.08.40:558][  0]LogMeshUtilities: No automatic skeletal mesh reduction module available
[2017.10.08-17.08.40:558][  0]LogMeshUtilities: No automatic mesh merging module available
[2017.10.08-17.08.41:098][  0]LogNetVersion: ScrumLordRacing , NetCL: 3452394, EngineNetVer: 2, GameNetVer: 0 (Checksum: 1756322102)
[2017.10.08-17.08.41:155][  0]LogAssetRegistry: FAssetRegistry took 0.0260 seconds to start up
[2017.10.08-17.08.41:201][  0]LogPackageLocalizationCache: Processed 4 localized package path(s) for 2 prioritized culture(s) in 0.026407 seconds
[2017.10.08-17.08.41:206][  0]LogUObjectArray: 34194 objects as part of root set at end of initial load.
[2017.10.08-17.08.41:206][  0]LogUObjectAllocator: 7260424 out of 0 bytes used by permanent object pool.
[2017.10.08-17.08.41:206][  0]LogUObjectArray: CloseDisregardForGC: 0/0 objects in disregard for GC pool
[2017.10.08-17.08.41:259][  0]LogInit: WinSock: version 1.1 (2.2), MaxSocks=32767, MaxUdp=65467
[2017.10.08-17.08.43:246][  0]LogTcpMessaging: Initializing TcpMessaging bridge
[2017.10.08-17.08.43:278][  0]LogUdpMessaging: Initializing bridge on interface 0.0.0.0:0 to multicast group 230.0.0.1:6666.
[2017.10.08-17.08.43:683][  0]LogMaterial: Uniform references updated for custom material expression Custom.
[2017.10.08-17.08.43:997][  0]SourceControl: Info Source control is disabled
[2017.10.08-17.08.43:997][  0]SourceControl: Info Source control is disabled
[2017.10.08-17.08.44:033][  0]SourceControl: Info Source control is disabled
[2017.10.08-17.08.44:066][  0]SourceControl: Info Source control is disabled
[2017.10.08-17.08.44:596][  0]LogAndroidPermission: UAndroidPermissionCallbackProxy::GetInstance
[2017.10.08-17.08.45:036][  0]LogEngine: Initializing Engine...
[2017.10.08-17.08.45:036][  0]LogHMD: Failed to initialize OpenVR with code 110
[2017.10.08-17.08.45:294][  0]LogStats: UGameplayTagsManager::ConstructGameplayTagTree: Construct from data asset -  0.000 s
[2017.10.08-17.08.45:294][  0]LogStats: UGameplayTagsManager::ConstructGameplayTagTree: GameplayTagTreeChangedEvent.Broadcast -  0.000 s
[2017.10.08-17.08.45:422][  0]LogAIModule: Creating AISystem for world Untitled
[2017.10.08-17.08.45:427][  0]LogInit: XAudio2 using 'Speakers (Realtek High Definition Audio)' : 2 channels at 48 kHz using 32 bits per sample (channel mask 0x3)
[2017.10.08-17.08.45:442][  0]LogInit: FAudioDevice initialized.
[2017.10.08-17.08.45:489][  0]LogDerivedDataCache: Saved boot cache 0.05s 90MB C:/Users/galla_000/AppData/Local/UnrealEngine/4.16/DerivedDataCache/Boot.ddc.
[2017.10.08-17.08.45:503][  0]LogInit: Texture streaming: Enabled
[2017.10.08-17.08.45:577][  0]LogEngineSessionManager: EngineSessionManager initialized
[2017.10.08-17.08.45:738][  0]LogInit: Transaction tracking system initialized
[2017.10.08-17.08.45:975][  0]BlueprintLog: New page: Editor Load
[2017.10.08-17.08.46:665][  0]LocalizationService: Info Localization service is disabled
[2017.10.08-17.08.47:164][  0]LogConsoleResponse:Display: 
[2017.10.08-17.08.47:296][  0]LogCook:Display: Max memory allowance for cook 16384mb min free memory 0mb
[2017.10.08-17.08.47:296][  0]LogCook:Display: Mobile HDR setting 1
[2017.10.08-17.08.48:053][  0]LogFileCache: Scanning file cache for directory 'D:/Unreal Games/ScrumLordRacing/Content/' took 0.01s
[2017.10.08-17.08.48:053][  0]SourceControl: Info Source control is disabled
[2017.10.08-17.08.48:054][  0]Cmd: MAP LOAD FILE="D:/Unreal Games/ScrumLordRacing/Content/Maps/MainMenu/MainMenu.umap" TEMPLATE=0 SHOWPROGRESS=1 FEATURELEVEL=3
[2017.10.08-17.08.48:054][  0]LightingResults: New page: Lighting Build
[2017.10.08-17.08.48:085][  0]MapCheck: New page: Map Check
[2017.10.08-17.08.48:085][  0]LightingResults: New page: Lighting Build
[2017.10.08-17.08.48:369][  0]LogAIModule: Creating AISystem for world MainMenu
[2017.10.08-17.08.48:370][  0]LogEditorServer: Finished looking for orphan Actors (0.000 secs)
[2017.10.08-17.08.48:381][  0]Cmd: MAP CHECKDEP NOCLEARLOG
[2017.10.08-17.08.48:418][  0]MapCheck: Info Map check complete: 0 Error(s), 0 Warning(s), took 36.658ms to complete.
[2017.10.08-17.08.48:418][  0]LogFileHelpers: Loading map 'MainMenu' took 0.365
[2017.10.08-17.08.48:535][  0]LogCollectionManager: Loaded 0 collections in 0.001094 seconds
[2017.10.08-17.08.48:604][  0]LogFileCache: Scanning file cache for directory 'D:/Unreal Games/ScrumLordRacing/Saved/Collections/' took 0.01s
[2017.10.08-17.08.48:604][  0]LogFileCache: Scanning file cache for directory 'D:/Unreal Games/ScrumLordRacing/Content/Developers/galla000/Collections/' took 0.01s
[2017.10.08-17.08.48:604][  0]LogFileCache: Scanning file cache for directory 'D:/Unreal Games/ScrumLordRacing/Content/Collections/' took 0.01s
[2017.10.08-17.08.48:604][  0]LogCollectionManager: Rebuilt the GUID cache for 0 collections in 0.000001 seconds
[2017.10.08-17.08.48:613][  0]LogContentBrowser: Native class hierarchy populated in 0.0088 seconds. Added 2331 classes and 494 folders.
[2017.10.08-17.08.48:664][  0]LogContentBrowser: Native class hierarchy updated for 'WidgetCarousel' in 0.0006 seconds. Added 0 classes and 0 folders.
[2017.10.08-17.08.48:695][  0]LogContentBrowser: Native class hierarchy updated for 'AddContentDialog' in 0.0007 seconds. Added 0 classes and 0 folders.
[2017.10.08-17.08.48:731][  0]LogContentBrowser: Native class hierarchy updated for 'SceneOutliner' in 0.0005 seconds. Added 1 classes and 2 folders.
[2017.10.08-17.08.48:804][  0]LogCrashTracker: Crashtracker disabled due to settings.
[2017.10.08-17.08.48:807][  0]LogSlate: Took 0.000131 seconds to synchronously load lazily loaded font '../../../Engine/Content/Slate/Fonts/Roboto-Regular.ttf' (155K)
[2017.10.08-17.08.48:809][  0]LogSlate: Took 0.000122 seconds to synchronously load lazily loaded font '../../../Engine/Content/Slate/Fonts/Roboto-Bold.ttf' (160K)
[2017.10.08-17.08.48:813][  0]LogSlate: Took 0.000347 seconds to synchronously load lazily loaded font '../../../Engine/Content/Editor/Slate/Fonts/FontAwesome.ttf' (139K)
[2017.10.08-17.08.48:896][  0]LogRenderer: Reallocating scene render targets to support 1208x576 NumSamples 1 (Frame:1).
[2017.10.08-17.08.49:189][  0]LogUObjectGlobals:Warning: Failed to find object 'Class None.'
[2017.10.08-17.08.49:245][  0]LogContentBrowser: Native class hierarchy updated for 'HierarchicalLODOutliner' in 0.0006 seconds. Added 1 classes and 2 folders.
[2017.10.08-17.08.49:245][  0]LogLoad: (Engine Initialization) Total time: 13.83 seconds
[2017.10.08-17.08.49:245][  0]LogLoad: (Engine Initialization) Total Blueprint compile time: 0.11 seconds
[2017.10.08-17.08.49:245][  0]LogExternalProfiler: No external profilers were discovered.  External profiling features will not be available.
[2017.10.08-17.08.49:254][  0]LogOcInput: OculusInput pre-init called
[2017.10.08-17.08.49:255][  0]LogRawInputWindows:Warning: Found device 0 devices
[2017.10.08-17.08.49:255][  0]LogRawInputWindows:Warning: Found device 0 devices
[2017.10.08-17.08.49:255][  0]LogRawInputWindows:Warning: Device was registered succesfully but not connected (Usage:4 UsagePage:1
[2017.10.08-17.08.49:255][  0]LogRawInputWindows:Warning: Found device 1 devices
[2017.10.08-17.08.49:255][  0]LogRawInputWindows:Warning: Device was registered succesfully but not connected (Usage:5 UsagePage:1
[2017.10.08-17.08.49:255][  0]LogHMD: Starting GearVRController plugin
[2017.10.08-17.08.49:271][  0]LogAssetRegistry: Asset discovery search completed in 8.1385 seconds
[2017.10.08-17.08.49:273][  0]LogCollectionManager: Rebuilt the object cache for 0 collections in 0.000001 seconds (found 0 objects)
[2017.10.08-17.08.49:273][  0]LogCollectionManager: Fixed up redirectors for 0 collections in 0.000021 seconds (updated 0 objects)
[2017.10.08-17.08.49:275][  0]LogContentStreaming: Texture pool size now 800 MB
[2017.10.08-17.08.49:313][  0]LogSlate: Took 0.000261 seconds to synchronously load lazily loaded font '../../../Engine/Content/Slate/Fonts/Roboto-Light.ttf' (159K)
[2017.10.08-17.09.24:059][ 58]LogSlate: Took 0.000121 seconds to synchronously load lazily loaded font '../../../Engine/Content/Slate/Fonts/Roboto-Light.ttf' (159K)
[2017.10.08-17.09.24:404][ 58]LogAIModule: Creating AISystem for world TrackOne
[2017.10.08-17.09.24:445][ 58]Cmd: MAP LOAD FILE="D:/Unreal Games/ScrumLordRacing/Content/Maps/TrackOne/TrackOne.umap" TEMPLATE=0 SHOWPROGRESS=1 FEATURELEVEL=3
[2017.10.08-17.09.24:445][ 58]LightingResults: New page: Lighting Build
[2017.10.08-17.09.24:446][ 58]LoadErrors: New page: Loading map: TrackOne.umap
[2017.10.08-17.09.24:446][ 58]MapCheck: New page: Map Check
[2017.10.08-17.09.24:446][ 58]LightingResults: New page: Lighting Build
[2017.10.08-17.09.24:503][ 58]LogEditorServer: Finished looking for orphan Actors (0.000 secs)
[2017.10.08-17.09.24:531][ 58]Cmd: MAP CHECKDEP NOCLEARLOG
[2017.10.08-17.09.24:571][ 58]MapCheck: Info Map check complete: 0 Error(s), 0 Warning(s), took 39.802ms to complete.
[2017.10.08-17.09.24:571][ 58]LogFileHelpers: Loading map 'TrackOne' took 0.127
[2017.10.08-17.09.41:414][390]LogActorFactory: Actor Factory created Cube
[2017.10.08-17.09.43:204][426]LogActorFactory: Actor Factory created Cube
[2017.10.08-17.10.49:268][679]Cmd: TRANSACTION UNDO
[2017.10.08-17.10.49:268][679]LogEditorTransaction: Undo Scale Actors
[2017.10.08-17.10.49:417][679]LogSlate: Took 0.000180 seconds to synchronously load lazily loaded font '../../../Engine/Content/Slate/Fonts/Roboto-Light.ttf' (159K)
[2017.10.08-17.11.27:006][ 12]LogTemp: Repeting last play command: Selected Viewport
[2017.10.08-17.11.27:183][ 12]LogPlayLevel: PlayLevel: No blueprints needed recompiling
[2017.10.08-17.11.27:184][ 12]PIE: New page: PIE session: TrackOne (Oct 8, 2017, 9:11:27 AM)
[2017.10.08-17.11.27:184][ 12]LogPlayLevel: Creating play world package: /Game/Maps/TrackOne/UEDPIE_0_TrackOne
[2017.10.08-17.11.27:187][ 12]LogPlayLevel: PIE: StaticDuplicateObject took: (0.003044s)
[2017.10.08-17.11.27:187][ 12]LogAIModule: Creating AISystem for world TrackOne
[2017.10.08-17.11.27:187][ 12]LogPlayLevel: PIE: World Init took: (0.000460s)
[2017.10.08-17.11.27:187][ 12]LogPlayLevel: PIE: Created PIE world by copying editor world from /Game/Maps/TrackOne/TrackOne.TrackOne to /Game/Maps/TrackOne/UEDPIE_0_TrackOne.TrackOne (0.003655s)
[2017.10.08-17.11.27:199][ 12]LogInit: XAudio2 using 'Speakers (Realtek High Definition Audio)' : 2 channels at 48 kHz using 32 bits per sample (channel mask 0x3)
[2017.10.08-17.11.27:206][ 12]LogInit: FAudioDevice initialized.
[2017.10.08-17.11.27:252][ 12]LogLoad: Game class is 'VehicleAdvGameMode_C'
[2017.10.08-17.11.27:260][ 12]LogWorld: Bringing World /Game/Maps/TrackOne/UEDPIE_0_TrackOne.TrackOne up for play (max tick rate 0) at 2017.10.08-13.11.27
[2017.10.08-17.11.27:261][ 12]LogWorld: Bringing up level for play took: 0.003847
[2017.10.08-17.11.27:291][ 12]LogContentBrowser: Native class hierarchy updated for 'MovieSceneCapture' in 0.0005 seconds. Added 11 classes and 0 folders.
[2017.10.08-17.11.27:292][ 12]PIE: Info Play in editor start time for /Game/Maps/TrackOne/UEDPIE_0_TrackOne 0.407
[2017.10.08-17.11.57:829][747]LogEditorViewport: Clicking on Actor (LMB): StaticMeshActor (Cube)
[2017.10.08-17.11.58:954][767]Cmd: DELETE
[2017.10.08-17.11.58:954][767]Cmd: ACTOR DELETE
[2017.10.08-17.11.58:958][767]LogEditorActor: Deleted Actor: StaticMeshActor
[2017.10.08-17.11.58:970][767]LogEditorActor: Deleted 1 Actors (0.012 secs)
[2017.10.08-17.12.22:740][217]LogEditorViewport: Clicking on Actor (context menu): StaticMeshActor (Plane)
[2017.10.08-17.12.27:745][305]LogEditorViewport: Clicking on Actor (LMB): BP_Sky_Sphere_C (SkyShereBlueprint)
[2017.10.08-17.12.51:437][736]LogEditorViewport: Clicking on Actor (LMB): BP_Sky_Sphere_C (SkyShereBlueprint)
[2017.10.08-17.12.53:866][779]LogEditorViewport: Clicking on Actor (LMB): BP_Sky_Sphere_C (SkyShereBlueprint)
[2017.10.08-17.12.55:808][812]LogEditorViewport: Clicking on Actor (LMB): BlockingVolume (BlockingVolume)
[2017.10.08-17.13.09:929][ 81]LogTemp: Repeting last play command: Selected Viewport
[2017.10.08-17.13.09:951][ 81]LogPlayLevel: PlayLevel: No blueprints needed recompiling
[2017.10.08-17.13.09:951][ 81]PIE: New page: PIE session: TrackOne (Oct 8, 2017, 9:13:09 AM)
[2017.10.08-17.13.09:951][ 81]LogPlayLevel: Creating play world package: /Game/Maps/TrackOne/UEDPIE_0_TrackOne
[2017.10.08-17.13.09:956][ 81]LogPlayLevel: PIE: StaticDuplicateObject took: (0.004360s)
[2017.10.08-17.13.09:956][ 81]LogAIModule: Creating AISystem for world TrackOne
[2017.10.08-17.13.09:957][ 81]LogPlayLevel: PIE: World Init took: (0.000781s)
[2017.10.08-17.13.09:957][ 81]LogPlayLevel: PIE: Created PIE world by copying editor world from /Game/Maps/TrackOne/TrackOne.TrackOne to /Game/Maps/TrackOne/UEDPIE_0_TrackOne.TrackOne (0.005436s)
[2017.10.08-17.13.09:981][ 81]LogInit: XAudio2 using 'Speakers (Realtek High Definition Audio)' : 2 channels at 48 kHz using 32 bits per sample (channel mask 0x3)
[2017.10.08-17.13.09:991][ 81]LogInit: FAudioDevice initialized.
[2017.10.08-17.13.10:030][ 81]LogLoad: Game class is 'VehicleAdvGameMode_C'
[2017.10.08-17.13.10:040][ 81]LogWorld: Bringing World /Game/Maps/TrackOne/UEDPIE_0_TrackOne.TrackOne up for play (max tick rate 0) at 2017.10.08-13.13.10
[2017.10.08-17.13.10:040][ 81]LogWorld: Bringing up level for play took: 0.003768
[2017.10.08-17.13.10:041][ 81]PIE: Info Play in editor start time for /Game/Maps/TrackOne/UEDPIE_0_TrackOne -0.845
[2017.10.08-17.14.57:230][355]Cmd: OBJ SAVEPACKAGE PACKAGE="/Game/Maps/TrackOne/TrackOne" FILE="D:/Unreal Games/ScrumLordRacing/Content/Maps/TrackOne/TrackOne.umap" SILENT=true AUTOSAVING=false KEEPDIRTY=false
[2017.10.08-17.14.57:332][355]LogSavePackage: Save=79.52ms
[2017.10.08-17.14.57:332][355]LogSavePackage: Moving 'D:/Unreal Games/ScrumLordRacing/Saved/TrackOne8F8F2C154DB36B27B72CDA8256A53372.tmp' to 'D:/Unreal Games/ScrumLordRacing/Content/Maps/TrackOne/TrackOne.umap'
[2017.10.08-17.14.57:335][355]LogSavePackage:Display: Finished SavePackage D:/Unreal Games/ScrumLordRacing/Content/Maps/TrackOne/TrackOne.umap
[2017.10.08-17.14.59:897][407]Cmd: EDIT COPY
[2017.10.08-17.15.00:297][413]Cmd: EDIT PASTE
[2017.10.08-17.15.40:890][203]LogEditorViewport: Clicking on Actor (LMB): BlockingVolume (BlockingVolume)
[2017.10.08-17.15.42:663][238]Cmd: EDIT COPY
[2017.10.08-17.15.43:070][246]Cmd: EDIT PASTE
[2017.10.08-17.16.03:996][643]Cmd: OBJ SAVEPACKAGE PACKAGE="/Game/Maps/TrackOne/TrackOne" FILE="D:/Unreal Games/ScrumLordRacing/Content/Maps/TrackOne/TrackOne.umap" SILENT=true AUTOSAVING=false KEEPDIRTY=false
[2017.10.08-17.16.04:088][643]LogSavePackage: Save=80.12ms
[2017.10.08-17.16.04:088][643]LogSavePackage: Moving 'D:/Unreal Games/ScrumLordRacing/Saved/TrackOneB041FEA441E1F3DB6270D283E9E15CC4.tmp' to 'D:/Unreal Games/ScrumLordRacing/Content/Maps/TrackOne/TrackOne.umap'
[2017.10.08-17.16.04:090][643]LogSavePackage:Display: Finished SavePackage D:/Unreal Games/ScrumLordRacing/Content/Maps/TrackOne/TrackOne.umap
[2017.10.08-17.16.08:626][735]LogTemp: Repeting last play command: Selected Viewport
[2017.10.08-17.16.08:647][735]LogPlayLevel: PlayLevel: No blueprints needed recompiling
[2017.10.08-17.16.08:647][735]PIE: New page: PIE session: TrackOne (Oct 8, 2017, 9:16:08 AM)
[2017.10.08-17.16.08:647][735]LogPlayLevel: Creating play world package: /Game/Maps/TrackOne/UEDPIE_0_TrackOne
[2017.10.08-17.16.08:653][735]LogPlayLevel: PIE: StaticDuplicateObject took: (0.005329s)
[2017.10.08-17.16.08:654][735]LogAIModule: Creating AISystem for world TrackOne
[2017.10.08-17.16.08:654][735]LogPlayLevel: PIE: World Init took: (0.001037s)
[2017.10.08-17.16.08:654][735]LogPlayLevel: PIE: Created PIE world by copying editor world from /Game/Maps/TrackOne/TrackOne.TrackOne to /Game/Maps/TrackOne/UEDPIE_0_TrackOne.TrackOne (0.006703s)
[2017.10.08-17.16.08:665][735]LogInit: XAudio2 using 'Speakers (Realtek High Definition Audio)' : 2 channels at 48 kHz using 32 bits per sample (channel mask 0x3)
[2017.10.08-17.16.08:673][735]LogInit: FAudioDevice initialized.
[2017.10.08-17.16.08:713][735]LogLoad: Game class is 'VehicleAdvGameMode_C'
[2017.10.08-17.16.08:723][735]LogWorld: Bringing World /Game/Maps/TrackOne/UEDPIE_0_TrackOne.TrackOne up for play (max tick rate 0) at 2017.10.08-13.16.08
[2017.10.08-17.16.08:724][735]LogWorld: Bringing up level for play took: 0.004654
[2017.10.08-17.16.08:725][735]PIE: Info Play in editor start time for /Game/Maps/TrackOne/UEDPIE_0_TrackOne -0.161
[2017.10.08-17.16.35:011][446]PIE:Warning: Warning Invalid Simulate Options: Body (Barrel_82.Destructible 1M_Cube_2_DM) is set to simulate physics but Collision Enabled is incompatible
[2017.10.08-17.16.53:495][945]PIE:Warning: Warning Invalid Simulate Options: Body (Barrel_C_0.Destructible 1M_Cube_2_DM) is set to simulate physics but Collision Enabled is incompatible
[2017.10.08-17.16.53:812][953]PIE:Warning: Warning Invalid Simulate Options: Body (Barrel2.Destructible 1M_Cube_2_DM) is set to simulate physics but Collision Enabled is incompatible
[2017.10.08-17.17.26:712][779]LogMaterial: Missing cached shader map for material LayerVisMaterial, compiling. 
[2017.10.08-17.17.26:750][779]LogMaterial: Missing cached shader map for material SelectBrushMaterial, compiling. 
[2017.10.08-17.17.26:782][779]LogMaterial: Missing cached shader map for material SelectBrushMaterial, compiling. 
[2017.10.08-17.17.26:826][779]LogMaterial: Missing cached shader map for material MaskBrushMaterial, compiling. 
[2017.10.08-17.17.26:861][779]LogMaterial: Missing cached shader map for material LandscapeLayerUsageMaterial, compiling. 
[2017.10.08-17.17.26:914][779]LogMaterial: Missing cached shader map for material CircleBrushMaterial, compiling. 
[2017.10.08-17.17.26:937][779]LogMaterial: Missing cached shader map for material CircleBrushMaterial, compiling. 
[2017.10.08-17.17.26:967][779]LogMaterial: Missing cached shader map for material CircleBrushMaterial, compiling. 
[2017.10.08-17.17.27:004][779]LogMaterial: Missing cached shader map for material CircleBrushMaterial, compiling. 
[2017.10.08-17.17.27:060][779]LogMaterial: Missing cached shader map for material AlphaBrushMaterial, compiling. 
[2017.10.08-17.17.27:103][779]LogMaterial: Missing cached shader map for material CircleBrushMaterial, compiling. 
[2017.10.08-17.17.27:148][779]LogMaterial: Missing cached shader map for material MaskBrushMaterial, compiling. 
[2017.10.08-17.17.27:183][779]LogTexture:Display: Building textures: Texture2D_2 (G8, 128X128)
[2017.10.08-17.17.51:048][201]LogEditorViewport: Clicking on Actor (LMB): StaticMeshActor (Plane)
[2017.10.08-17.18.04:641][448]LogActorComponent: UnregisterComponent: (/Engine/Transient.SphereBrushComponent) Not registered. Aborting.
[2017.10.08-17.18.06:960][491]LogTexture:Display: Building textures: Texture2D_3 (G8, 128X128)
[2017.10.08-17.19.07:119][601]LogTemp: Repeting last play command: Selected Viewport
[2017.10.08-17.19.07:139][601]LogPlayLevel: PlayLevel: No blueprints needed recompiling
[2017.10.08-17.19.07:139][601]PIE: New page: PIE session: TrackOne (Oct 8, 2017, 9:19:07 AM)
[2017.10.08-17.19.07:139][601]LogPlayLevel: Creating play world package: /Game/Maps/TrackOne/UEDPIE_0_TrackOne
[2017.10.08-17.19.07:148][601]LogPlayLevel: PIE: StaticDuplicateObject took: (0.008478s)
[2017.10.08-17.19.07:148][601]LogAIModule: Creating AISystem for world TrackOne
[2017.10.08-17.19.07:149][601]LogPlayLevel: PIE: World Init took: (0.000900s)
[2017.10.08-17.19.07:149][601]LogPlayLevel: PIE: Created PIE world by copying editor world from /Game/Maps/TrackOne/TrackOne.TrackOne to /Game/Maps/TrackOne/UEDPIE_0_TrackOne.TrackOne (0.009639s)
[2017.10.08-17.19.07:173][601]LogInit: XAudio2 using 'Speakers (Realtek High Definition Audio)' : 2 channels at 48 kHz using 32 bits per sample (channel mask 0x3)
[2017.10.08-17.19.07:182][601]LogInit: FAudioDevice initialized.
[2017.10.08-17.19.07:217][601]LogLoad: Game class is 'VehicleAdvGameMode_C'
[2017.10.08-17.19.07:227][601]LogWorld: Bringing World /Game/Maps/TrackOne/UEDPIE_0_TrackOne.TrackOne up for play (max tick rate 0) at 2017.10.08-13.19.07
[2017.10.08-17.19.07:227][601]LogWorld: Bringing up level for play took: 0.004321
[2017.10.08-17.19.07:228][601]PIE: Info Play in editor start time for /Game/Maps/TrackOne/UEDPIE_0_TrackOne 0.342
[2017.10.08-17.19.30:199][121]LogTemp: Repeting last play command: Selected Viewport
[2017.10.08-17.19.30:222][121]LogPlayLevel: PlayLevel: No blueprints needed recompiling
[2017.10.08-17.19.30:222][121]PIE: New page: PIE session: TrackOne (Oct 8, 2017, 9:19:30 AM)
[2017.10.08-17.19.30:222][121]LogPlayLevel: Creating play world package: /Game/Maps/TrackOne/UEDPIE_0_TrackOne
[2017.10.08-17.19.30:228][121]LogPlayLevel: PIE: StaticDuplicateObject took: (0.005899s)
[2017.10.08-17.19.30:229][121]LogAIModule: Creating AISystem for world TrackOne
[2017.10.08-17.19.30:229][121]LogPlayLevel: PIE: World Init took: (0.000564s)
[2017.10.08-17.19.30:229][121]LogPlayLevel: PIE: Created PIE world by copying editor world from /Game/Maps/TrackOne/TrackOne.TrackOne to /Game/Maps/TrackOne/UEDPIE_0_TrackOne.TrackOne (0.006634s)
[2017.10.08-17.19.30:242][121]LogInit: XAudio2 using 'Speakers (Realtek High Definition Audio)' : 2 channels at 48 kHz using 32 bits per sample (channel mask 0x3)
[2017.10.08-17.19.30:251][121]LogInit: FAudioDevice initialized.
[2017.10.08-17.19.30:286][121]LogLoad: Game class is 'VehicleAdvGameMode_C'
[2017.10.08-17.19.30:297][121]LogWorld: Bringing World /Game/Maps/TrackOne/UEDPIE_0_TrackOne.TrackOne up for play (max tick rate 0) at 2017.10.08-13.19.30
[2017.10.08-17.19.30:301][121]LogWorld: Bringing up level for play took: 0.008422
[2017.10.08-17.19.30:302][121]PIE: Info Play in editor start time for /Game/Maps/TrackOne/UEDPIE_0_TrackOne -0.584
[2017.10.08-17.20.12:283][161]LogTemp: Repeting last play command: Selected Viewport
[2017.10.08-17.20.12:303][161]LogPlayLevel: PlayLevel: No blueprints needed recompiling
[2017.10.08-17.20.12:303][161]PIE: New page: PIE session: TrackOne (Oct 8, 2017, 9:20:12 AM)
[2017.10.08-17.20.12:304][161]LogPlayLevel: Creating play world package: /Game/Maps/TrackOne/UEDPIE_0_TrackOne
[2017.10.08-17.20.12:309][161]LogPlayLevel: PIE: StaticDuplicateObject took: (0.005648s)
[2017.10.08-17.20.12:310][161]LogAIModule: Creating AISystem for world TrackOne
[2017.10.08-17.20.12:310][161]LogPlayLevel: PIE: World Init took: (0.001040s)
[2017.10.08-17.20.12:311][161]LogPlayLevel: PIE: Created PIE world by copying editor world from /Game/Maps/TrackOne/TrackOne.TrackOne to /Game/Maps/TrackOne/UEDPIE_0_TrackOne.TrackOne (0.007092s)
[2017.10.08-17.20.12:322][161]LogInit: XAudio2 using 'Speakers (Realtek High Definition Audio)' : 2 channels at 48 kHz using 32 bits per sample (channel mask 0x3)
[2017.10.08-17.20.12:333][161]LogInit: FAudioDevice initialized.
[2017.10.08-17.20.12:370][161]LogLoad: Game class is 'VehicleAdvGameMode_C'
[2017.10.08-17.20.12:380][161]LogWorld: Bringing World /Game/Maps/TrackOne/UEDPIE_0_TrackOne.TrackOne up for play (max tick rate 0) at 2017.10.08-13.20.12
[2017.10.08-17.20.12:380][161]LogWorld: Bringing up level for play took: 0.004244
[2017.10.08-17.20.12:381][161]PIE: Info Play in editor start time for /Game/Maps/TrackOne/UEDPIE_0_TrackOne -0.505
[2017.10.08-17.20.46:102][986]LogTemp: Repeting last play command: Selected Viewport
[2017.10.08-17.20.46:121][986]LogPlayLevel: PlayLevel: No blueprints needed recompiling
[2017.10.08-17.20.46:121][986]PIE: New page: PIE session: TrackOne (Oct 8, 2017, 9:20:46 AM)
[2017.10.08-17.20.46:121][986]LogPlayLevel: Creating play world package: /Game/Maps/TrackOne/UEDPIE_0_TrackOne
[2017.10.08-17.20.46:126][986]LogPlayLevel: PIE: StaticDuplicateObject took: (0.005220s)
[2017.10.08-17.20.46:127][986]LogAIModule: Creating AISystem for world TrackOne
[2017.10.08-17.20.46:127][986]LogPlayLevel: PIE: World Init took: (0.000550s)
[2017.10.08-17.20.46:127][986]LogPlayLevel: PIE: Created PIE world by copying editor world from /Game/Maps/TrackOne/TrackOne.TrackOne to /Game/Maps/TrackOne/UEDPIE_0_TrackOne.TrackOne (0.005942s)
[2017.10.08-17.20.46:140][986]LogInit: XAudio2 using 'Speakers (Realtek High Definition Audio)' : 2 channels at 48 kHz using 32 bits per sample (channel mask 0x3)
[2017.10.08-17.20.46:151][986]LogInit: FAudioDevice initialized.
[2017.10.08-17.20.46:187][986]LogLoad: Game class is 'VehicleAdvGameMode_C'
[2017.10.08-17.20.46:198][986]LogWorld: Bringing World /Game/Maps/TrackOne/UEDPIE_0_TrackOne.TrackOne up for play (max tick rate 0) at 2017.10.08-13.20.46
[2017.10.08-17.20.46:198][986]LogWorld: Bringing up level for play took: 0.004678
[2017.10.08-17.20.46:199][986]PIE: Info Play in editor start time for /Game/Maps/TrackOne/UEDPIE_0_TrackOne -0.686
[2017.10.08-17.21.24:210][901]Cmd: OBJ SAVEPACKAGE PACKAGE="/Game/Maps/TrackOne/TrackOne" FILE="D:/Unreal Games/ScrumLordRacing/Content/Maps/TrackOne/TrackOne.umap" SILENT=true AUTOSAVING=false KEEPDIRTY=false
[2017.10.08-17.21.24:314][901]LogSavePackage: Save=85.84ms
[2017.10.08-17.21.24:314][901]LogSavePackage: Moving 'D:/Unreal Games/ScrumLordRacing/Saved/TrackOneFBCF891F473594B303E3BEAC7578B191.tmp' to 'D:/Unreal Games/ScrumLordRacing/Content/Maps/TrackOne/TrackOne.umap'
[2017.10.08-17.21.24:315][901]LogSavePackage:Display: Finished SavePackage D:/Unreal Games/ScrumLordRacing/Content/Maps/TrackOne/TrackOne.umap
[2017.10.08-17.21.25:217][922]LogTemp: Repeting last play command: Selected Viewport
[2017.10.08-17.21.25:236][922]LogPlayLevel: PlayLevel: No blueprints needed recompiling
[2017.10.08-17.21.25:236][922]PIE: New page: PIE session: TrackOne (Oct 8, 2017, 9:21:25 AM)
[2017.10.08-17.21.25:236][922]LogPlayLevel: Creating play world package: /Game/Maps/TrackOne/UEDPIE_0_TrackOne
[2017.10.08-17.21.25:242][922]LogPlayLevel: PIE: StaticDuplicateObject took: (0.005599s)
[2017.10.08-17.21.25:242][922]LogAIModule: Creating AISystem for world TrackOne
[2017.10.08-17.21.25:242][922]LogPlayLevel: PIE: World Init took: (0.000503s)
[2017.10.08-17.21.25:242][922]LogPlayLevel: PIE: Created PIE world by copying editor world from /Game/Maps/TrackOne/TrackOne.TrackOne to /Game/Maps/TrackOne/UEDPIE_0_TrackOne.TrackOne (0.006278s)
[2017.10.08-17.21.25:262][922]LogInit: XAudio2 using 'Speakers (Realtek High Definition Audio)' : 2 channels at 48 kHz using 32 bits per sample (channel mask 0x3)
[2017.10.08-17.21.25:272][922]LogInit: FAudioDevice initialized.
[2017.10.08-17.21.25:308][922]LogLoad: Game class is 'VehicleAdvGameMode_C'
[2017.10.08-17.21.25:317][922]LogWorld: Bringing World /Game/Maps/TrackOne/UEDPIE_0_TrackOne.TrackOne up for play (max tick rate 0) at 2017.10.08-13.21.25
[2017.10.08-17.21.25:318][922]LogWorld: Bringing up level for play took: 0.003960
[2017.10.08-17.21.25:319][922]PIE: Info Play in editor start time for /Game/Maps/TrackOne/UEDPIE_0_TrackOne 0.433
[2017.10.08-17.21.52:953][540]LogTemp: Repeting last play command: Selected Viewport
[2017.10.08-17.21.52:975][540]LogPlayLevel: PlayLevel: No blueprints needed recompiling
[2017.10.08-17.21.52:975][540]PIE: New page: PIE session: TrackOne (Oct 8, 2017, 9:21:52 AM)
[2017.10.08-17.21.52:976][540]LogPlayLevel: Creating play world package: /Game/Maps/TrackOne/UEDPIE_0_TrackOne
[2017.10.08-17.21.52:984][540]LogPlayLevel: PIE: StaticDuplicateObject took: (0.008371s)
[2017.10.08-17.21.52:985][540]LogAIModule: Creating AISystem for world TrackOne
[2017.10.08-17.21.52:985][540]LogPlayLevel: PIE: World Init took: (0.000723s)
[2017.10.08-17.21.52:985][540]LogPlayLevel: PIE: Created PIE world by copying editor world from /Game/Maps/TrackOne/TrackOne.TrackOne to /Game/Maps/TrackOne/UEDPIE_0_TrackOne.TrackOne (0.009284s)
[2017.10.08-17.21.52:998][540]LogInit: XAudio2 using 'Speakers (Realtek High Definition Audio)' : 2 channels at 48 kHz using 32 bits per sample (channel mask 0x3)
[2017.10.08-17.21.53:010][540]LogInit: FAudioDevice initialized.
[2017.10.08-17.21.53:047][540]LogLoad: Game class is 'VehicleAdvGameMode_C'
[2017.10.08-17.21.53:056][540]LogWorld: Bringing World /Game/Maps/TrackOne/UEDPIE_0_TrackOne.TrackOne up for play (max tick rate 0) at 2017.10.08-13.21.53
[2017.10.08-17.21.53:056][540]LogWorld: Bringing up level for play took: 0.004159
[2017.10.08-17.21.53:057][540]PIE: Info Play in editor start time for /Game/Maps/TrackOne/UEDPIE_0_TrackOne 0.172
[2017.10.08-17.22.14:953][101]LogTemp: Repeting last play command: Selected Viewport
[2017.10.08-17.22.14:972][101]LogPlayLevel: PlayLevel: No blueprints needed recompiling
[2017.10.08-17.22.14:972][101]PIE: New page: PIE session: TrackOne (Oct 8, 2017, 9:22:14 AM)
[2017.10.08-17.22.14:972][101]LogPlayLevel: Creating play world package: /Game/Maps/TrackOne/UEDPIE_0_TrackOne
[2017.10.08-17.22.14:979][101]LogPlayLevel: PIE: StaticDuplicateObject took: (0.006419s)
[2017.10.08-17.22.14:980][101]LogAIModule: Creating AISystem for world TrackOne
[2017.10.08-17.22.14:980][101]LogPlayLevel: PIE: World Init took: (0.001371s)
[2017.10.08-17.22.14:980][101]LogPlayLevel: PIE: Created PIE world by copying editor world from /Game/Maps/TrackOne/TrackOne.TrackOne to /Game/Maps/TrackOne/UEDPIE_0_TrackOne.TrackOne (0.008046s)
[2017.10.08-17.22.14:995][101]LogInit: XAudio2 using 'Speakers (Realtek High Definition Audio)' : 2 channels at 48 kHz using 32 bits per sample (channel mask 0x3)
[2017.10.08-17.22.15:005][101]LogInit: FAudioDevice initialized.
[2017.10.08-17.22.15:042][101]LogLoad: Game class is 'VehicleAdvGameMode_C'
[2017.10.08-17.22.15:052][101]LogWorld: Bringing World /Game/Maps/TrackOne/UEDPIE_0_TrackOne.TrackOne up for play (max tick rate 0) at 2017.10.08-13.22.15
[2017.10.08-17.22.15:052][101]LogWorld: Bringing up level for play took: 0.004712
[2017.10.08-17.22.15:053][101]PIE: Info Play in editor start time for /Game/Maps/TrackOne/UEDPIE_0_TrackOne 0.168
[2017.10.08-17.22.46:651][814]LogTemp: Repeting last play command: Selected Viewport
[2017.10.08-17.22.46:673][814]LogPlayLevel: PlayLevel: No blueprints needed recompiling
[2017.10.08-17.22.46:673][814]PIE: New page: PIE session: TrackOne (Oct 8, 2017, 9:22:46 AM)
[2017.10.08-17.22.46:673][814]LogPlayLevel: Creating play world package: /Game/Maps/TrackOne/UEDPIE_0_TrackOne
[2017.10.08-17.22.46:681][814]LogPlayLevel: PIE: StaticDuplicateObject took: (0.007364s)
[2017.10.08-17.22.46:681][814]LogAIModule: Creating AISystem for world TrackOne
[2017.10.08-17.22.46:681][814]LogPlayLevel: PIE: World Init took: (0.000535s)
[2017.10.08-17.22.46:681][814]LogPlayLevel: PIE: Created PIE world by copying editor world from /Game/Maps/TrackOne/TrackOne.TrackOne to /Game/Maps/TrackOne/UEDPIE_0_TrackOne.TrackOne (0.008077s)
[2017.10.08-17.22.46:694][814]LogInit: XAudio2 using 'Speakers (Realtek High Definition Audio)' : 2 channels at 48 kHz using 32 bits per sample (channel mask 0x3)
[2017.10.08-17.22.46:705][814]LogInit: FAudioDevice initialized.
[2017.10.08-17.22.46:742][814]LogLoad: Game class is 'VehicleAdvGameMode_C'
[2017.10.08-17.22.46:751][814]LogWorld: Bringing World /Game/Maps/TrackOne/UEDPIE_0_TrackOne.TrackOne up for play (max tick rate 0) at 2017.10.08-13.22.46
[2017.10.08-17.22.46:752][814]LogWorld: Bringing up level for play took: 0.004122
[2017.10.08-17.22.46:753][814]PIE: Info Play in editor start time for /Game/Maps/TrackOne/UEDPIE_0_TrackOne -0.133
[2017.10.08-17.23.15:355][520]LogEditorActor: Deleted Actor: PhysicsVolume
[2017.10.08-17.23.15:367][520]LogEditorActor: Deleted 1 Actors (0.013 secs)
[2017.10.08-17.28.27:151][260]LogTemp: Repeting last play command: Selected Viewport
[2017.10.08-17.28.27:171][260]LogPlayLevel: PlayLevel: No blueprints needed recompiling
[2017.10.08-17.28.27:172][260]PIE: New page: PIE session: TrackOne (Oct 8, 2017, 9:28:27 AM)
[2017.10.08-17.28.27:172][260]LogPlayLevel: Creating play world package: /Game/Maps/TrackOne/UEDPIE_0_TrackOne
[2017.10.08-17.28.27:177][260]LogPlayLevel: PIE: StaticDuplicateObject took: (0.005631s)
[2017.10.08-17.28.27:179][260]LogAIModule: Creating AISystem for world TrackOne
[2017.10.08-17.28.27:179][260]LogPlayLevel: PIE: World Init took: (0.001387s)
[2017.10.08-17.28.27:179][260]LogPlayLevel: PIE: Created PIE world by copying editor world from /Game/Maps/TrackOne/TrackOne.TrackOne to /Game/Maps/TrackOne/UEDPIE_0_TrackOne.TrackOne (0.007482s)
[2017.10.08-17.28.27:203][260]LogInit: XAudio2 using 'Speakers (Realtek High Definition Audio)' : 2 channels at 48 kHz using 32 bits per sample (channel mask 0x3)
[2017.10.08-17.28.27:214][260]LogInit: FAudioDevice initialized.
[2017.10.08-17.28.27:253][260]LogLoad: Game class is 'VehicleAdvGameMode_C'
[2017.10.08-17.28.27:265][260]LogWorld: Bringing World /Game/Maps/TrackOne/UEDPIE_0_TrackOne.TrackOne up for play (max tick rate 0) at 2017.10.08-13.28.27
[2017.10.08-17.28.27:265][260]LogWorld: Bringing up level for play took: 0.005049
[2017.10.08-17.28.27:266][260]PIE: Info Play in editor start time for /Game/Maps/TrackOne/UEDPIE_0_TrackOne 0.38
[2017.10.08-17.28.46:990][695]LogContentBrowser: Native class hierarchy updated for 'BlueprintGraph' in 0.0009 seconds. Added 112 classes and 0 folders.
[2017.10.08-17.28.47:539][695]LogSlate: Took 0.000108 seconds to synchronously load lazily loaded font '../../../Engine/Content/Slate/Fonts/Roboto-Regular.ttf' (155K)
[2017.10.08-17.28.47:651][695]LogSlate: Took 0.003136 seconds to synchronously load lazily loaded font '../../../Engine/Content/Editor/Slate/Fonts/Roboto-BoldCondensed.ttf' (158K)
[2017.10.08-17.29.07:069][980]LogSlate: Took 0.005266 seconds to synchronously load lazily loaded font '../../../Engine/Content/Editor/Slate/Fonts/Roboto-Italic.ttf' (157K)
[2017.10.08-17.29.48:236][715]LogActorComponent: UnregisterComponent: (/Engine/Transient.EditorFloorComp) Not registered. Aborting.
[2017.10.08-17.32.05:903][775]LogTemp: Repeting last play command: Selected Viewport
[2017.10.08-17.32.05:935][775]LogPlayLevel: PlayLevel: No blueprints needed recompiling
[2017.10.08-17.32.05:935][775]PIE: New page: PIE session: TrackOne (Oct 8, 2017, 9:32:05 AM)
[2017.10.08-17.32.05:935][775]LogPlayLevel: Creating play world package: /Game/Maps/TrackOne/UEDPIE_0_TrackOne
[2017.10.08-17.32.05:941][775]LogPlayLevel: PIE: StaticDuplicateObject took: (0.005614s)
[2017.10.08-17.32.05:941][775]LogAIModule: Creating AISystem for world TrackOne
[2017.10.08-17.32.05:942][775]LogPlayLevel: PIE: World Init took: (0.000718s)
[2017.10.08-17.32.05:942][775]LogPlayLevel: PIE: Created PIE world by copying editor world from /Game/Maps/TrackOne/TrackOne.TrackOne to /Game/Maps/TrackOne/UEDPIE_0_TrackOne.TrackOne (0.006522s)
[2017.10.08-17.32.05:974][775]LogInit: XAudio2 using 'Speakers (Realtek High Definition Audio)' : 2 channels at 48 kHz using 32 bits per sample (channel mask 0x3)
[2017.10.08-17.32.05:985][775]LogInit: FAudioDevice initialized.
[2017.10.08-17.32.06:019][775]LogLoad: Game class is 'VehicleAdvGameMode_C'
[2017.10.08-17.32.06:028][775]LogWorld: Bringing World /Game/Maps/TrackOne/UEDPIE_0_TrackOne.TrackOne up for play (max tick rate 0) at 2017.10.08-13.32.06
[2017.10.08-17.32.06:029][775]LogWorld: Bringing up level for play took: 0.004347
[2017.10.08-17.32.06:030][775]PIE: Info Play in editor start time for /Game/Maps/TrackOne/UEDPIE_0_TrackOne -0.856
[2017.10.08-17.32.45:095][659]LogTemp: Repeting last play command: Selected Viewport
[2017.10.08-17.32.45:117][659]LogPlayLevel: PlayLevel: No blueprints needed recompiling
[2017.10.08-17.32.45:117][659]PIE: New page: PIE session: TrackOne (Oct 8, 2017, 9:32:45 AM)
[2017.10.08-17.32.45:118][659]LogPlayLevel: Creating play world package: /Game/Maps/TrackOne/UEDPIE_0_TrackOne
[2017.10.08-17.32.45:125][659]LogPlayLevel: PIE: StaticDuplicateObject took: (0.007624s)
[2017.10.08-17.32.45:126][659]LogAIModule: Creating AISystem for world TrackOne
[2017.10.08-17.32.45:126][659]LogPlayLevel: PIE: World Init took: (0.000662s)
[2017.10.08-17.32.45:126][659]LogPlayLevel: PIE: Created PIE world by copying editor world from /Game/Maps/TrackOne/TrackOne.TrackOne to /Game/Maps/TrackOne/UEDPIE_0_TrackOne.TrackOne (0.008542s)
[2017.10.08-17.32.45:150][659]LogInit: XAudio2 using 'Speakers (Realtek High Definition Audio)' : 2 channels at 48 kHz using 32 bits per sample (channel mask 0x3)
[2017.10.08-17.32.45:160][659]LogInit: FAudioDevice initialized.
[2017.10.08-17.32.45:197][659]LogLoad: Game class is 'VehicleAdvGameMode_C'
[2017.10.08-17.32.45:208][659]LogWorld: Bringing World /Game/Maps/TrackOne/UEDPIE_0_TrackOne.TrackOne up for play (max tick rate 0) at 2017.10.08-13.32.45
[2017.10.08-17.32.45:208][659]LogWorld: Bringing up level for play took: 0.004402
[2017.10.08-17.32.45:209][659]PIE: Info Play in editor start time for /Game/Maps/TrackOne/UEDPIE_0_TrackOne 0.323
[2017.10.08-17.33.04:795][111]LogTemp: Repeting last play command: Selected Viewport
[2017.10.08-17.33.04:815][111]LogPlayLevel: PlayLevel: No blueprints needed recompiling
[2017.10.08-17.33.04:815][111]PIE: New page: PIE session: TrackOne (Oct 8, 2017, 9:33:04 AM)
[2017.10.08-17.33.04:815][111]LogPlayLevel: Creating play world package: /Game/Maps/TrackOne/UEDPIE_0_TrackOne
[2017.10.08-17.33.04:822][111]LogPlayLevel: PIE: StaticDuplicateObject took: (0.006316s)
[2017.10.08-17.33.04:822][111]LogAIModule: Creating AISystem for world TrackOne
[2017.10.08-17.33.04:822][111]LogPlayLevel: PIE: World Init took: (0.000604s)
[2017.10.08-17.33.04:823][111]LogPlayLevel: PIE: Created PIE world by copying editor world from /Game/Maps/TrackOne/TrackOne.TrackOne to /Game/Maps/TrackOne/UEDPIE_0_TrackOne.TrackOne (0.007217s)
[2017.10.08-17.33.04:842][111]LogInit: XAudio2 using 'Speakers (Realtek High Definition Audio)' : 2 channels at 48 kHz using 32 bits per sample (channel mask 0x3)
[2017.10.08-17.33.04:853][111]LogInit: FAudioDevice initialized.
[2017.10.08-17.33.04:891][111]LogLoad: Game class is 'VehicleAdvGameMode_C'
[2017.10.08-17.33.04:901][111]LogWorld: Bringing World /Game/Maps/TrackOne/UEDPIE_0_TrackOne.TrackOne up for play (max tick rate 0) at 2017.10.08-13.33.04
[2017.10.08-17.33.04:901][111]LogWorld: Bringing up level for play took: 0.004200
[2017.10.08-17.33.04:902][111]PIE: Info Play in editor start time for /Game/Maps/TrackOne/UEDPIE_0_TrackOne 0.016
[2017.10.08-17.33.52:425][968]Cmd: OBJ SAVEPACKAGE PACKAGE="/Game/Maps/TrackOne/TrackOne" FILE="D:/Unreal Games/ScrumLordRacing/Saved/Autosaves/Game/Maps/TrackOne/TrackOne_Auto1.umap" SILENT=true AUTOSAVING=true KEEPDIRTY=false
[2017.10.08-17.33.52:857][968]LogSavePackage: Save=423.24ms
[2017.10.08-17.33.52:857][968]LogSavePackage: Moving 'D:/Unreal Games/ScrumLordRacing/Saved/TrackOne_Auto11F2D798F4DE55B19C5532D9A525AC3E7.tmp' to 'D:/Unreal Games/ScrumLordRacing/Saved/Autosaves/Game/Maps/TrackOne/TrackOne_Auto1.umap'
[2017.10.08-17.33.52:858][968]LogSavePackage:Display: Finished SavePackage D:/Unreal Games/ScrumLordRacing/Saved/Autosaves/Game/Maps/TrackOne/TrackOne_Auto1.umap
[2017.10.08-17.33.52:860][968]LogFileHelpers: Editor autosave (incl. sublevels) for '/Game/Maps/TrackOne/TrackOne' took 0.451
[2017.10.08-17.33.52:860][968]LogFileHelpers: Editor autosave (incl. sublevels) for all levels took 0.451
[2017.10.08-17.37.58:324][146]LogTemp: Repeting last play command: Selected Viewport
[2017.10.08-17.37.58:354][146]LogPlayLevel: PlayLevel: No blueprints needed recompiling
[2017.10.08-17.37.58:354][146]PIE: New page: PIE session: TrackOne (Oct 8, 2017, 9:37:58 AM)
[2017.10.08-17.37.58:354][146]LogPlayLevel: Creating play world package: /Game/Maps/TrackOne/UEDPIE_0_TrackOne
[2017.10.08-17.37.58:359][146]LogPlayLevel: PIE: StaticDuplicateObject took: (0.004545s)
[2017.10.08-17.37.58:359][146]LogAIModule: Creating AISystem for world TrackOne
[2017.10.08-17.37.58:359][146]LogPlayLevel: PIE: World Init took: (0.000558s)
[2017.10.08-17.37.58:360][146]LogPlayLevel: PIE: Created PIE world by copying editor world from /Game/Maps/TrackOne/TrackOne.TrackOne to /Game/Maps/TrackOne/UEDPIE_0_TrackOne.TrackOne (0.005322s)
[2017.10.08-17.37.58:391][146]LogInit: XAudio2 using 'Speakers (Realtek High Definition Audio)' : 2 channels at 48 kHz using 32 bits per sample (channel mask 0x3)
[2017.10.08-17.37.58:404][146]LogInit: FAudioDevice initialized.
[2017.10.08-17.37.58:436][146]LogLoad: Game class is 'VehicleAdvGameMode_C'
[2017.10.08-17.37.58:447][146]LogWorld: Bringing World /Game/Maps/TrackOne/UEDPIE_0_TrackOne.TrackOne up for play (max tick rate 0) at 2017.10.08-13.37.58
[2017.10.08-17.37.58:448][146]LogWorld: Bringing up level for play took: 0.004586
[2017.10.08-17.37.58:449][146]PIE: Info Play in editor start time for /Game/Maps/TrackOne/UEDPIE_0_TrackOne -0.436
[2017.10.08-17.38.18:149][600]LogEditorActor: Deleted Actor: PhysicsVolume
[2017.10.08-17.38.18:170][600]LogEditorActor: Deleted 1 Actors (0.022 secs)
[2017.10.08-17.38.26:035][759]LogActorFactory: Actor Factory created Cube
[2017.10.08-17.38.27:759][795]LogActorFactory: Actor Factory created Cube
[2017.10.08-17.39.09:101][640]LogEditorViewport: Clicking on Actor (LMB): StaticMeshActor (Cube)
[2017.10.08-17.39.09:189][640]LogEditorViewport: Clicking on Component (LMB): StaticMeshComponent (StaticMeshComponent0)
[2017.10.08-17.39.15:857][778]LogEditorActor: Deleted Actor: StaticMeshActor
[2017.10.08-17.39.15:903][778]LogEditorActor: Deleted 1 Actors (0.047 secs)
[2017.10.08-17.39.36:013][ 34]LogRenderer: Reallocating scene render targets to support 1308x712 NumSamples 1 (Frame:1).
[2017.10.08-17.42.27:856][  6]Cmd: OBJ SAVEPACKAGE PACKAGE="/Game/VehicleAdvBP/Blueprints/SlowVolume" FILE="D:/Unreal Games/ScrumLordRacing/Content/VehicleAdvBP/Blueprints/SlowVolume.uasset" SILENT=true
[2017.10.08-17.42.27:876][  6]LogSavePackage: Save=18.43ms
[2017.10.08-17.42.27:876][  6]LogSavePackage: Moving 'D:/Unreal Games/ScrumLordRacing/Saved/SlowVolume40A6D2F24E203F6B32346E83E41C4EF8.tmp' to 'D:/Unreal Games/ScrumLordRacing/Content/VehicleAdvBP/Blueprints/SlowVolume.uasset'
[2017.10.08-17.42.27:877][  6]LogSavePackage:Display: Finished SavePackage D:/Unreal Games/ScrumLordRacing/Content/VehicleAdvBP/Blueprints/SlowVolume.uasset
[2017.10.08-17.42.39:097][204]LogTemp: Repeting last play command: Selected Viewport
[2017.10.08-17.42.39:118][204]BlueprintLog: New page: Pre-Play auto-recompile
[2017.10.08-17.42.39:118][204]LogPlayLevel: [PlayLevel] Compiling SlowVolume before play...
[2017.10.08-17.42.39:414][204]LogPlayLevel: PlayLevel: Blueprint regeneration took 296 ms (1 blueprints)
[2017.10.08-17.42.39:414][204]PIE: New page: PIE session: TrackOne (Oct 8, 2017, 9:42:39 AM)
[2017.10.08-17.42.39:414][204]LogPlayLevel: Creating play world package: /Game/Maps/TrackOne/UEDPIE_0_TrackOne
[2017.10.08-17.42.39:419][204]LogPlayLevel: PIE: StaticDuplicateObject took: (0.004086s)
[2017.10.08-17.42.39:419][204]LogAIModule: Creating AISystem for world TrackOne
[2017.10.08-17.42.39:419][204]LogPlayLevel: PIE: World Init took: (0.000529s)
[2017.10.08-17.42.39:419][204]LogPlayLevel: PIE: Created PIE world by copying editor world from /Game/Maps/TrackOne/TrackOne.TrackOne to /Game/Maps/TrackOne/UEDPIE_0_TrackOne.TrackOne (0.004777s)
[2017.10.08-17.42.39:432][204]LogInit: XAudio2 using 'Speakers (Realtek High Definition Audio)' : 2 channels at 48 kHz using 32 bits per sample (channel mask 0x3)
[2017.10.08-17.42.39:440][204]LogInit: FAudioDevice initialized.
[2017.10.08-17.42.39:475][204]LogLoad: Game class is 'VehicleAdvGameMode_C'
[2017.10.08-17.42.39:483][204]LogWorld: Bringing World /Game/Maps/TrackOne/UEDPIE_0_TrackOne.TrackOne up for play (max tick rate 0) at 2017.10.08-13.42.39
[2017.10.08-17.42.39:484][204]LogWorld: Bringing up level for play took: 0.003764
[2017.10.08-17.42.39:484][204]PIE: Info Play in editor start time for /Game/Maps/TrackOne/UEDPIE_0_TrackOne 0.599
[2017.10.08-17.43.17:588][669]BlueprintLog: New page: Compile SlowVolume
[2017.10.08-17.43.19:063][683]Cmd: OBJ SAVEPACKAGE PACKAGE="/Game/VehicleAdvBP/Blueprints/SlowVolume" FILE="D:/Unreal Games/ScrumLordRacing/Content/VehicleAdvBP/Blueprints/SlowVolume.uasset" SILENT=true
[2017.10.08-17.43.19:089][683]LogSavePackage: Save=17.93ms
[2017.10.08-17.43.19:089][683]LogSavePackage: Moving 'D:/Unreal Games/ScrumLordRacing/Saved/SlowVolume939A8F3847ED9268A6E801BA42E317DA.tmp' to 'D:/Unreal Games/ScrumLordRacing/Content/VehicleAdvBP/Blueprints/SlowVolume.uasset'
[2017.10.08-17.43.19:090][683]LogSavePackage:Display: Finished SavePackage D:/Unreal Games/ScrumLordRacing/Content/VehicleAdvBP/Blueprints/SlowVolume.uasset
[2017.10.08-17.43.22:806][738]LogTemp: Repeting last play command: Selected Viewport
[2017.10.08-17.43.22:827][738]LogPlayLevel: PlayLevel: No blueprints needed recompiling
[2017.10.08-17.43.22:827][738]PIE: New page: PIE session: TrackOne (Oct 8, 2017, 9:43:22 AM)
[2017.10.08-17.43.22:827][738]LogPlayLevel: Creating play world package: /Game/Maps/TrackOne/UEDPIE_0_TrackOne
[2017.10.08-17.43.22:832][738]LogPlayLevel: PIE: StaticDuplicateObject took: (0.005598s)
[2017.10.08-17.43.22:833][738]LogAIModule: Creating AISystem for world TrackOne
[2017.10.08-17.43.22:833][738]LogPlayLevel: PIE: World Init took: (0.000572s)
[2017.10.08-17.43.22:833][738]LogPlayLevel: PIE: Created PIE world by copying editor world from /Game/Maps/TrackOne/TrackOne.TrackOne to /Game/Maps/TrackOne/UEDPIE_0_TrackOne.TrackOne (0.006392s)
[2017.10.08-17.43.22:858][738]LogInit: XAudio2 using 'Speakers (Realtek High Definition Audio)' : 2 channels at 48 kHz using 32 bits per sample (channel mask 0x3)
[2017.10.08-17.43.22:869][738]LogInit: FAudioDevice initialized.
[2017.10.08-17.43.22:907][738]LogLoad: Game class is 'VehicleAdvGameMode_C'
[2017.10.08-17.43.22:916][738]PIE:Warning: Warning Invalid Simulate Options: Body (SlowVolume_78.Cube Cube) is set to simulate physics but Collision Enabled is incompatible
[2017.10.08-17.43.22:917][738]LogWorld: Bringing World /Game/Maps/TrackOne/UEDPIE_0_TrackOne.TrackOne up for play (max tick rate 60) at 2017.10.08-13.43.22
[2017.10.08-17.43.22:917][738]LogWorld: Bringing up level for play took: 0.004005
[2017.10.08-17.43.22:918][738]PIE: Info Play in editor start time for /Game/Maps/TrackOne/UEDPIE_0_TrackOne 0.033
[2017.10.08-17.43.52:727][271]BlueprintLog: New page: Compile SlowVolume
[2017.10.08-17.43.53:758][280]Cmd: OBJ SAVEPACKAGE PACKAGE="/Game/VehicleAdvBP/Blueprints/SlowVolume" FILE="D:/Unreal Games/ScrumLordRacing/Content/VehicleAdvBP/Blueprints/SlowVolume.uasset" SILENT=true
[2017.10.08-17.43.53:779][280]LogSavePackage: Save=17.54ms
[2017.10.08-17.43.53:779][280]LogSavePackage: Moving 'D:/Unreal Games/ScrumLordRacing/Saved/SlowVolume82A672C14F5FA801AA8F3D8B3A07C20A.tmp' to 'D:/Unreal Games/ScrumLordRacing/Content/VehicleAdvBP/Blueprints/SlowVolume.uasset'
[2017.10.08-17.43.53:779][280]LogSavePackage:Display: Finished SavePackage D:/Unreal Games/ScrumLordRacing/Content/VehicleAdvBP/Blueprints/SlowVolume.uasset
[2017.10.08-17.43.57:408][327]LogTemp: Repeting last play command: Selected Viewport
[2017.10.08-17.43.57:426][327]LogPlayLevel: PlayLevel: No blueprints needed recompiling
[2017.10.08-17.43.57:426][327]PIE: New page: PIE session: TrackOne (Oct 8, 2017, 9:43:57 AM)
[2017.10.08-17.43.57:426][327]LogPlayLevel: Creating play world package: /Game/Maps/TrackOne/UEDPIE_0_TrackOne
[2017.10.08-17.43.57:433][327]LogPlayLevel: PIE: StaticDuplicateObject took: (0.006742s)
[2017.10.08-17.43.57:434][327]LogAIModule: Creating AISystem for world TrackOne
[2017.10.08-17.43.57:434][327]LogPlayLevel: PIE: World Init took: (0.000697s)
[2017.10.08-17.43.57:434][327]LogPlayLevel: PIE: Created PIE world by copying editor world from /Game/Maps/TrackOne/TrackOne.TrackOne to /Game/Maps/TrackOne/UEDPIE_0_TrackOne.TrackOne (0.007653s)
[2017.10.08-17.43.57:463][327]LogInit: XAudio2 using 'Speakers (Realtek High Definition Audio)' : 2 channels at 48 kHz using 32 bits per sample (channel mask 0x3)
[2017.10.08-17.43.57:475][327]LogInit: FAudioDevice initialized.
[2017.10.08-17.43.57:511][327]LogLoad: Game class is 'VehicleAdvGameMode_C'
[2017.10.08-17.43.57:519][327]LogWorld: Bringing World /Game/Maps/TrackOne/UEDPIE_0_TrackOne.TrackOne up for play (max tick rate 60) at 2017.10.08-13.43.57
[2017.10.08-17.43.57:520][327]LogWorld: Bringing up level for play took: 0.003797
[2017.10.08-17.43.57:521][327]PIE: Info Play in editor start time for /Game/Maps/TrackOne/UEDPIE_0_TrackOne 0.635
[2017.10.08-17.44.58:664][ 42]BlueprintLog: New page: Compile SlowVolume
[2017.10.08-17.44.59:522][ 49]Cmd: OBJ SAVEPACKAGE PACKAGE="/Game/VehicleAdvBP/Blueprints/SlowVolume" FILE="D:/Unreal Games/ScrumLordRacing/Content/VehicleAdvBP/Blueprints/SlowVolume.uasset" SILENT=true
[2017.10.08-17.44.59:544][ 49]LogSavePackage: Save=17.69ms
[2017.10.08-17.44.59:544][ 49]LogSavePackage: Moving 'D:/Unreal Games/ScrumLordRacing/Saved/SlowVolumeC4CEB0254CC25634C05DEAAC977474BA.tmp' to 'D:/Unreal Games/ScrumLordRacing/Content/VehicleAdvBP/Blueprints/SlowVolume.uasset'
[2017.10.08-17.44.59:545][ 49]LogSavePackage:Display: Finished SavePackage D:/Unreal Games/ScrumLordRacing/Content/VehicleAdvBP/Blueprints/SlowVolume.uasset
[2017.10.08-17.45.03:222][106]LogTemp: Repeting last play command: Selected Viewport
[2017.10.08-17.45.03:243][106]LogPlayLevel: PlayLevel: No blueprints needed recompiling
[2017.10.08-17.45.03:243][106]PIE: New page: PIE session: TrackOne (Oct 8, 2017, 9:45:03 AM)
[2017.10.08-17.45.03:243][106]LogPlayLevel: Creating play world package: /Game/Maps/TrackOne/UEDPIE_0_TrackOne
[2017.10.08-17.45.03:249][106]LogPlayLevel: PIE: StaticDuplicateObject took: (0.005901s)
[2017.10.08-17.45.03:250][106]LogAIModule: Creating AISystem for world TrackOne
[2017.10.08-17.45.03:250][106]LogPlayLevel: PIE: World Init took: (0.000632s)
[2017.10.08-17.45.03:250][106]LogPlayLevel: PIE: Created PIE world by copying editor world from /Game/Maps/TrackOne/TrackOne.TrackOne to /Game/Maps/TrackOne/UEDPIE_0_TrackOne.TrackOne (0.006790s)
[2017.10.08-17.45.03:275][106]LogInit: XAudio2 using 'Speakers (Realtek High Definition Audio)' : 2 channels at 48 kHz using 32 bits per sample (channel mask 0x3)
[2017.10.08-17.45.03:287][106]LogInit: FAudioDevice initialized.
[2017.10.08-17.45.03:325][106]LogLoad: Game class is 'VehicleAdvGameMode_C'
[2017.10.08-17.45.03:334][106]PIE:Warning: Warning Invalid Simulate Options: Body (SlowVolume_78.Cube Cube) is set to simulate physics but Collision Enabled is incompatible
[2017.10.08-17.45.03:335][106]LogWorld: Bringing World /Game/Maps/TrackOne/UEDPIE_0_TrackOne.TrackOne up for play (max tick rate 60) at 2017.10.08-13.45.03
[2017.10.08-17.45.03:336][106]LogWorld: Bringing up level for play took: 0.004598
[2017.10.08-17.45.03:337][106]PIE: Info Play in editor start time for /Game/Maps/TrackOne/UEDPIE_0_TrackOne 0.451
[2017.10.08-17.45.20:051][395]BlueprintLog: New page: Compile SlowVolume
[2017.10.08-17.45.20:943][403]Cmd: OBJ SAVEPACKAGE PACKAGE="/Game/VehicleAdvBP/Blueprints/SlowVolume" FILE="D:/Unreal Games/ScrumLordRacing/Content/VehicleAdvBP/Blueprints/SlowVolume.uasset" SILENT=true
[2017.10.08-17.45.20:963][403]LogSavePackage: Save=17.31ms
[2017.10.08-17.45.20:963][403]LogSavePackage: Moving 'D:/Unreal Games/ScrumLordRacing/Saved/SlowVolume367800674E1E6869A8B4BE99EF3E3728.tmp' to 'D:/Unreal Games/ScrumLordRacing/Content/VehicleAdvBP/Blueprints/SlowVolume.uasset'
[2017.10.08-17.45.20:965][403]LogSavePackage:Display: Finished SavePackage D:/Unreal Games/ScrumLordRacing/Content/VehicleAdvBP/Blueprints/SlowVolume.uasset
[2017.10.08-17.45.23:595][441]LogTemp: Repeting last play command: Selected Viewport
[2017.10.08-17.45.23:617][441]LogPlayLevel: PlayLevel: No blueprints needed recompiling
[2017.10.08-17.45.23:617][441]PIE: New page: PIE session: TrackOne (Oct 8, 2017, 9:45:23 AM)
[2017.10.08-17.45.23:617][441]LogPlayLevel: Creating play world package: /Game/Maps/TrackOne/UEDPIE_0_TrackOne
[2017.10.08-17.45.23:623][441]LogPlayLevel: PIE: StaticDuplicateObject took: (0.005411s)
[2017.10.08-17.45.23:624][441]LogAIModule: Creating AISystem for world TrackOne
[2017.10.08-17.45.23:624][441]LogPlayLevel: PIE: World Init took: (0.001518s)
[2017.10.08-17.45.23:625][441]LogPlayLevel: PIE: Created PIE world by copying editor world from /Game/Maps/TrackOne/TrackOne.TrackOne to /Game/Maps/TrackOne/UEDPIE_0_TrackOne.TrackOne (0.007298s)
[2017.10.08-17.45.23:647][441]LogInit: XAudio2 using 'Speakers (Realtek High Definition Audio)' : 2 channels at 48 kHz using 32 bits per sample (channel mask 0x3)
[2017.10.08-17.45.23:659][441]LogInit: FAudioDevice initialized.
[2017.10.08-17.45.23:695][441]LogLoad: Game class is 'VehicleAdvGameMode_C'
[2017.10.08-17.45.23:704][441]PIE:Warning: Warning Invalid Simulate Options: Body (SlowVolume_78.Cube Cube) is set to simulate physics but Collision Enabled is incompatible
[2017.10.08-17.45.23:705][441]LogWorld: Bringing World /Game/Maps/TrackOne/UEDPIE_0_TrackOne.TrackOne up for play (max tick rate 60) at 2017.10.08-13.45.23
[2017.10.08-17.45.23:705][441]LogWorld: Bringing up level for play took: 0.004329
[2017.10.08-17.45.23:706][441]PIE: Info Play in editor start time for /Game/Maps/TrackOne/UEDPIE_0_TrackOne 0.82
[2017.10.08-17.45.42:282][738]BlueprintLog: New page: Compile SlowVolume
[2017.10.08-17.45.43:025][744]Cmd: OBJ SAVEPACKAGE PACKAGE="/Game/VehicleAdvBP/Blueprints/SlowVolume" FILE="D:/Unreal Games/ScrumLordRacing/Content/VehicleAdvBP/Blueprints/SlowVolume.uasset" SILENT=true
[2017.10.08-17.45.43:045][744]LogSavePackage: Save=17.22ms
[2017.10.08-17.45.43:045][744]LogSavePackage: Moving 'D:/Unreal Games/ScrumLordRacing/Saved/SlowVolume038F7280423605465A60D8A7DED0A845.tmp' to 'D:/Unreal Games/ScrumLordRacing/Content/VehicleAdvBP/Blueprints/SlowVolume.uasset'
[2017.10.08-17.45.43:047][744]LogSavePackage:Display: Finished SavePackage D:/Unreal Games/ScrumLordRacing/Content/VehicleAdvBP/Blueprints/SlowVolume.uasset
[2017.10.08-17.45.45:606][786]LogTemp: Repeting last play command: Selected Viewport
[2017.10.08-17.45.45:627][786]LogPlayLevel: PlayLevel: No blueprints needed recompiling
[2017.10.08-17.45.45:627][786]PIE: New page: PIE session: TrackOne (Oct 8, 2017, 9:45:45 AM)
[2017.10.08-17.45.45:627][786]LogPlayLevel: Creating play world package: /Game/Maps/TrackOne/UEDPIE_0_TrackOne
[2017.10.08-17.45.45:632][786]LogPlayLevel: PIE: StaticDuplicateObject took: (0.005096s)
[2017.10.08-17.45.45:633][786]LogAIModule: Creating AISystem for world TrackOne
[2017.10.08-17.45.45:634][786]LogPlayLevel: PIE: World Init took: (0.001830s)
[2017.10.08-17.45.45:634][786]LogPlayLevel: PIE: Created PIE world by copying editor world from /Game/Maps/TrackOne/TrackOne.TrackOne to /Game/Maps/TrackOne/UEDPIE_0_TrackOne.TrackOne (0.007247s)
[2017.10.08-17.45.45:657][786]LogInit: XAudio2 using 'Speakers (Realtek High Definition Audio)' : 2 channels at 48 kHz using 32 bits per sample (channel mask 0x3)
[2017.10.08-17.45.45:667][786]LogInit: FAudioDevice initialized.
[2017.10.08-17.45.45:702][786]LogLoad: Game class is 'VehicleAdvGameMode_C'
[2017.10.08-17.45.45:711][786]PIE:Warning: Warning Invalid Simulate Options: Body (SlowVolume_78.Cube Cube) is set to simulate physics but Collision Enabled is incompatible
[2017.10.08-17.45.45:711][786]LogWorld: Bringing World /Game/Maps/TrackOne/UEDPIE_0_TrackOne.TrackOne up for play (max tick rate 60) at 2017.10.08-13.45.45
[2017.10.08-17.45.45:712][786]LogWorld: Bringing up level for play took: 0.003728
[2017.10.08-17.45.45:713][786]PIE: Info Play in editor start time for /Game/Maps/TrackOne/UEDPIE_0_TrackOne 0.827
[2017.10.08-17.46.46:908][661]LogObjectTools:Warning: ForceReplaceReferences replaced references for a transient object 'TRASHCLASS_SlowVolume_78' or package '/Engine/Transient'.
[2017.10.08-17.46.46:908][661]LogObjectTools:Warning: ForceReplaceReferences replaced references for a transient object 'REINST_SlowVolume_C_75' or package '/Engine/Transient'.
[2017.10.08-17.46.46:908][661]LogObjectTools:Warning: ForceReplaceReferences replaced references for a transient object 'PhysicsHandle_GEN_VARIABLE' or package '/Engine/Transient'.
[2017.10.08-17.46.46:908][661]LogObjectTools:Warning: ForceReplaceReferences replaced references for a transient object 'Cube_GEN_VARIABLE' or package '/Engine/Transient'.
[2017.10.08-17.46.46:908][661]LogObjectTools:Warning: ForceReplaceReferences replaced references for a transient object 'DEADCLASS_SlowVolume_C_1' or package '/Engine/Transient'.
[2017.10.08-17.46.46:908][661]LogObjectTools:Warning: ForceReplaceReferences replaced references for a transient object 'DefaultSceneRoot_GEN_VARIABLE' or package '/Engine/Transient'.
[2017.10.08-17.46.46:908][661]LogObjectTools:Warning: ForceReplaceReferences replaced references for a transient object 'SimpleConstructionScript_0' or package '/Engine/Transient'.
[2017.10.08-17.46.46:908][661]LogObjectTools:Warning: ForceReplaceReferences replaced references for a transient object 'DEADCLASS_SlowVolume_C_0' or package '/Engine/Transient'.
[2017.10.08-17.46.46:908][661]LogObjectTools:Warning: ForceReplaceReferences replaced references for a transient object 'REINST_SKEL_SlowVolume_C_100' or package '/Engine/Transient'.
[2017.10.08-17.46.46:908][661]LogObjectTools:Warning: ForceReplaceReferences replaced references for a transient object 'DefaultSceneRoot' or package '/Engine/Transient'.
[2017.10.08-17.46.46:908][661]LogObjectTools:Warning: ForceReplaceReferences replaced references for a transient object 'PhysicsHandle' or package '/Engine/Transient'.
[2017.10.08-17.46.46:908][661]LogObjectTools:Warning: ForceReplaceReferences replaced references for a transient object 'Cube' or package '/Engine/Transient'.
[2017.10.08-17.46.46:908][661]LogObjectTools:Warning: ForceReplaceReferences replaced references for a transient object 'UserConstructionScript' or package '/Engine/Transient'.
[2017.10.08-17.46.46:908][661]LogObjectTools:Warning: ForceReplaceReferences replaced references for a transient object 'REINST_SlowVolume_C_99' or package '/Engine/Transient'.
[2017.10.08-17.46.50:319][727]Cmd: OBJ SAVEPACKAGE PACKAGE="/Game/Maps/TrackOne/TrackOne" FILE="D:/Unreal Games/ScrumLordRacing/Content/Maps/TrackOne/TrackOne.umap" SILENT=true AUTOSAVING=false KEEPDIRTY=false
[2017.10.08-17.46.50:422][727]LogSavePackage: Save=80.48ms
[2017.10.08-17.46.50:422][727]LogSavePackage: Moving 'D:/Unreal Games/ScrumLordRacing/Saved/TrackOneF8C7B1524C036B5694E7C1B047778B37.tmp' to 'D:/Unreal Games/ScrumLordRacing/Content/Maps/TrackOne/TrackOne.umap'
[2017.10.08-17.46.50:423][727]LogSavePackage:Display: Finished SavePackage D:/Unreal Games/ScrumLordRacing/Content/Maps/TrackOne/TrackOne.umap
[2017.10.08-18.01.10:620][842]Cmd: QUIT_EDITOR
[2017.10.08-18.01.11:266][842]LogWindowsTextInputMethodSystem:Display: IME system now deactivated.
[2017.10.08-18.01.11:277][842]LogExit: Preparing to exit.
[2017.10.08-18.01.12:002][842]LogExit: Editor shut down
[2017.10.08-18.01.12:005][842]LogExit: Transaction tracking system shut down
[2017.10.08-18.01.12:171][842]LogObj: Freed 0b from 0 cluster array pools.
[2017.10.08-18.01.12:171][842]LogExit: Object subsystem successfully closed.
[2017.10.08-18.01.12:197][842]LogD3D11RHI: Shutdown
[2017.10.08-18.01.12:197][842]LogD3D11RHI: CleanupD3DDevice
[2017.10.08-18.01.12:321][842]LogD3D11RHI: ~FD3D11DynamicRHI
[2017.10.08-18.01.12:354][842]LogModuleManager: Shutting down and abandoning module BlueprintGraph (534)
[2017.10.08-18.01.12:354][842]LogModuleManager: Shutting down and abandoning module BlueprintProfiler (532)
[2017.10.08-18.01.12:354][842]LogModuleManager: Shutting down and abandoning module MovieSceneCapture (530)
[2017.10.08-18.01.12:354][842]LogModuleManager: Shutting down and abandoning module HierarchicalLODUtilities (528)
[2017.10.08-18.01.12:354][842]LogModuleManager: Shutting down and abandoning module HierarchicalLODOutliner (526)
[2017.10.08-18.01.12:355][842]LogModuleManager: Shutting down and abandoning module CrashTracker (524)
[2017.10.08-18.01.12:355][842]LogModuleManager: Shutting down and abandoning module SceneOutliner (522)
[2017.10.08-18.01.12:355][842]LogModuleManager: Shutting down and abandoning module AddContentDialog (520)
[2017.10.08-18.01.12:356][842]LogDirectoryWatcher: A directory notification for 'C:/Program Files/Epic Games/UE_4.16/FeaturePacks/' was aborted.
[2017.10.08-18.01.12:357][842]LogModuleManager: Shutting down and abandoning module WidgetCarousel (519)
[2017.10.08-18.01.12:358][842]LogModuleManager: Shutting down and abandoning module EditorWidgets (516)
[2017.10.08-18.01.12:358][842]LogModuleManager: Shutting down and abandoning module CollectionManager (514)
[2017.10.08-18.01.12:358][842]LogDirectoryWatcher: A directory notification for 'D:/Unreal Games/ScrumLordRacing/Content/Collections/' was aborted.
[2017.10.08-18.01.12:358][842]LogDirectoryWatcher: A directory notification for 'D:/Unreal Games/ScrumLordRacing/Content/Developers/galla000/Collections/' was aborted.
[2017.10.08-18.01.12:358][842]LogDirectoryWatcher: A directory notification for 'D:/Unreal Games/ScrumLordRacing/Saved/Collections/' was aborted.
[2017.10.08-18.01.12:358][842]LogModuleManager: Shutting down and abandoning module StatsViewer (512)
[2017.10.08-18.01.12:358][842]LogModuleManager: Shutting down and abandoning module FoliageEdit (510)
[2017.10.08-18.01.12:358][842]LogModuleManager: Shutting down and abandoning module LandscapeEditor (508)
[2017.10.08-18.01.12:358][842]LogModuleManager: Shutting down and abandoning module MeshPaintMode (506)
[2017.10.08-18.01.12:358][842]LogModuleManager: Shutting down and abandoning module SceneDepthPickerMode (504)
[2017.10.08-18.01.12:358][842]LogModuleManager: Shutting down and abandoning module ActorPickerMode (502)
[2017.10.08-18.01.12:358][842]LogModuleManager: Shutting down and abandoning module GeometryMode (500)
[2017.10.08-18.01.12:358][842]LogModuleManager: Shutting down and abandoning module TextureAlignMode (498)
[2017.10.08-18.01.12:358][842]LogModuleManager: Shutting down and abandoning module BspMode (496)
[2017.10.08-18.01.12:358][842]LogModuleManager: Shutting down and abandoning module HardwareSurvey (494)
[2017.10.08-18.01.12:358][842]LogModuleManager: Shutting down and abandoning module SequenceRecorderSections (492)
[2017.10.08-18.01.12:358][842]LogModuleManager: Shutting down and abandoning module AutomationWorker (490)
[2017.10.08-18.01.12:358][842]LogModuleManager: Shutting down and abandoning module MatineeToLevelSequence (488)
[2017.10.08-18.01.12:358][842]LogModuleManager: Shutting down and abandoning module LevelSequenceEditor (486)
[2017.10.08-18.01.12:360][842]LogModuleManager: Shutting down and abandoning module PlacementMode (485)
[2017.10.08-18.01.12:360][842]LogModuleManager: Shutting down and abandoning module WmfMediaFactory (482)
[2017.10.08-18.01.12:360][842]LogModuleManager: Shutting down and abandoning module WmfMediaEditor (480)
[2017.10.08-18.01.12:360][842]LogModuleManager: Shutting down and abandoning module AvfMediaFactory (478)
[2017.10.08-18.01.12:360][842]LogModuleManager: Shutting down and abandoning module AvfMediaEditor (476)
[2017.10.08-18.01.12:360][842]LogModuleManager: Shutting down and abandoning module AndroidMediaFactory (474)
[2017.10.08-18.01.12:360][842]LogModuleManager: Shutting down and abandoning module Media (473)
[2017.10.08-18.01.12:360][842]LogModuleManager: Shutting down and abandoning module AndroidMediaEditor (470)
[2017.10.08-18.01.12:360][842]LogModuleManager: Shutting down and abandoning module CharacterAI (468)
[2017.10.08-18.01.12:360][842]LogModuleManager: Shutting down and abandoning module AudioCapture (466)
[2017.10.08-18.01.12:360][842]LogModuleManager: Shutting down and abandoning module SequenceRecorder (465)
[2017.10.08-18.01.12:361][842]LogModuleManager: Shutting down and abandoning module SmartSnapping (462)
[2017.10.08-18.01.12:361][842]LogModuleManager: Shutting down and abandoning module SessionServices (460)
[2017.10.08-18.01.12:361][842]LogModuleManager: Shutting down and abandoning module ViewportSnapping (458)
[2017.10.08-18.01.12:361][842]LogModuleManager: Shutting down and abandoning module ViewportInteraction (456)
[2017.10.08-18.01.12:361][842]LogModuleManager: Shutting down and abandoning module ClothPainter (454)
[2017.10.08-18.01.12:362][842]LogModuleManager: Shutting down and abandoning module LogVisualizer (452)
[2017.10.08-18.01.12:363][842]LogModuleManager: Shutting down and abandoning module IntroTutorials (450)
[2017.10.08-18.01.12:365][842]LogModuleManager: Shutting down and abandoning module GameProjectGeneration (449)
[2017.10.08-18.01.12:366][842]LogModuleManager: Shutting down and abandoning module EditorLiveStreaming (446)
[2017.10.08-18.01.12:366][842]LogModuleManager: Shutting down and abandoning module IOSPlatformEditor (444)
[2017.10.08-18.01.12:367][842]LogModuleManager: Shutting down and abandoning module HTML5PlatformEditor (442)
[2017.10.08-18.01.12:367][842]LogModuleManager: Shutting down and abandoning module AndroidPlatformEditor (440)
[2017.10.08-18.01.12:367][842]LogModuleManager: Shutting down and abandoning module AndroidDeviceDetection (439)
[2017.10.08-18.01.12:658][842]LogModuleManager: Shutting down and abandoning module IOSRuntimeSettings (436)
[2017.10.08-18.01.12:658][842]LogModuleManager: Shutting down and abandoning module AndroidRuntimeSettings (434)
[2017.10.08-18.01.12:658][842]LogModuleManager: Shutting down and abandoning module InputBindingEditor (432)
[2017.10.08-18.01.12:662][842]LogModuleManager: Shutting down and abandoning module MergeActors (430)
[2017.10.08-18.01.12:662][842]LogModuleManager: Shutting down and abandoning module SizeMap (428)
[2017.10.08-18.01.12:662][842]LogModuleManager: Shutting down and abandoning module TreeMap (426)
[2017.10.08-18.01.12:663][842]LogModuleManager: Shutting down and abandoning module ReferenceViewer (424)
[2017.10.08-18.01.12:663][842]LogModuleManager: Shutting down and abandoning module LocalizationDashboard (422)
[2017.10.08-18.01.12:664][842]LogModuleManager: Shutting down and abandoning module LocalizationService (421)
[2017.10.08-18.01.12:665][842]LogModuleManager: Shutting down and abandoning module HardwareTargeting (418)
[2017.10.08-18.01.12:665][842]LogModuleManager: Shutting down and abandoning module DeviceProfileEditor (416)
[2017.10.08-18.01.12:665][842]LogModuleManager: Shutting down and abandoning module UndoHistory (414)
[2017.10.08-18.01.12:666][842]LogModuleManager: Shutting down and abandoning module UserFeedback (412)
[2017.10.08-18.01.12:666][842]LogModuleManager: Shutting down and abandoning module XmlParser (410)
[2017.10.08-18.01.12:666][842]LogModuleManager: Shutting down and abandoning module Blutility (408)
[2017.10.08-18.01.12:667][842]LogModuleManager: Shutting down and abandoning module ProjectSettingsViewer (406)
[2017.10.08-18.01.12:667][842]LogModuleManager: Shutting down and abandoning module ProjectTargetPlatformEditor (405)
[2017.10.08-18.01.12:667][842]LogModuleManager: Shutting down and abandoning module EditorSettingsViewer (402)
[2017.10.08-18.01.12:667][842]LogModuleManager: Shutting down and abandoning module SettingsEditor (400)
[2017.10.08-18.01.12:668][842]LogModuleManager: Shutting down and abandoning module ProjectLauncher (398)
[2017.10.08-18.01.12:668][842]LogModuleManager: Shutting down and abandoning module SessionFrontend (396)
[2017.10.08-18.01.12:669][842]LogModuleManager: Shutting down and abandoning module ProfilerClient (394)
[2017.10.08-18.01.12:670][842]LogModuleManager: Shutting down and abandoning module DeviceManager (392)
[2017.10.08-18.01.12:671][842]LogModuleManager: Shutting down and abandoning module TargetDeviceServices (391)
[2017.10.08-18.01.12:713][842]LogModuleManager: Shutting down and abandoning module AutomationController (388)
[2017.10.08-18.01.12:714][842]LogModuleManager: Shutting down and abandoning module AutomationWindow (386)
[2017.10.08-18.01.12:715][842]LogModuleManager: Shutting down and abandoning module Layers (384)
[2017.10.08-18.01.12:718][842]LogModuleManager: Shutting down and abandoning module ComponentVisualizers (382)
[2017.10.08-18.01.12:718][842]LogModuleManager: Shutting down and abandoning module DetailCustomizations (380)
[2017.10.08-18.01.12:718][842]LogModuleManager: Shutting down and abandoning module PackagesDialog (378)
[2017.10.08-18.01.12:718][842]LogModuleManager: Shutting down and abandoning module Persona (376)
[2017.10.08-18.01.12:719][842]LogModuleManager: Shutting down and abandoning module AdvancedPreviewScene (375)
[2017.10.08-18.01.12:719][842]LogModuleManager: Shutting down and abandoning module AnimGraph (373)
[2017.10.08-18.01.12:719][842]LogModuleManager: Shutting down and abandoning module Kismet (370)
[2017.10.08-18.01.12:725][842]LogModuleManager: Shutting down and abandoning module ClassViewer (368)
[2017.10.08-18.01.12:726][842]LogModuleManager: Shutting down and abandoning module Toolbox (366)
[2017.10.08-18.01.12:726][842]LogModuleManager: Shutting down and abandoning module ModuleUI (364)
[2017.10.08-18.01.12:727][842]LogModuleManager: Shutting down and abandoning module MovieSceneTools (362)
[2017.10.08-18.01.12:727][842]LogModuleManager: Shutting down and abandoning module OutputLog (360)
[2017.10.08-18.01.12:728][842]LogModuleManager: Shutting down and abandoning module GammaUI (358)
[2017.10.08-18.01.12:728][842]LogModuleManager: Shutting down and abandoning module Documentation (356)
[2017.10.08-18.01.12:729][842]LogModuleManager: Shutting down and abandoning module MovieSceneTracks (354)
[2017.10.08-18.01.12:729][842]LogModuleManager: Shutting down and abandoning module MovieScene (352)
[2017.10.08-18.01.12:729][842]LogModuleManager: Shutting down and abandoning module Niagara (350)
[2017.10.08-18.01.12:729][842]LogModuleManager: Shutting down and abandoning module NiagaraEditor (349)
[2017.10.08-18.01.12:730][842]LogModuleManager: Shutting down and abandoning module StreamingPauseRendering (346)
[2017.10.08-18.01.12:730][842]LogModuleManager: Shutting down and abandoning module AnalyticsET (344)
[2017.10.08-18.01.12:730][842]LogModuleManager: Shutting down and abandoning module PortalServices (342)
[2017.10.08-18.01.12:730][842]LogModuleManager: Shutting down and abandoning module PortalRpc (340)
[2017.10.08-18.01.12:730][842]LogModuleManager: Shutting down and abandoning module MessagingRpc (338)
[2017.10.08-18.01.12:730][842]LogModuleManager: Shutting down and abandoning module AIModule (336)
[2017.10.08-18.01.12:730][842]LogModuleManager: Shutting down and abandoning module GameplayDebugger (335)
[2017.10.08-18.01.12:731][842]LogModuleManager: Shutting down and abandoning module AITestSuite (333)
[2017.10.08-18.01.12:731][842]LogModuleManager: Shutting down and abandoning module ProfilerService (330)
[2017.10.08-18.01.12:908][842]LogModuleManager: Shutting down and abandoning module TaskGraph (328)
[2017.10.08-18.01.12:913][842]LogModuleManager: Shutting down and abandoning module SteamVRController (326)
[2017.10.08-18.01.12:913][842]LogModuleManager: Shutting down and abandoning module SteamVR (324)
[2017.10.08-18.01.12:913][842]LogModuleManager: Shutting down and abandoning module ProceduralMeshComponentEditor (322)
[2017.10.08-18.01.12:913][842]LogModuleManager: Shutting down and abandoning module ProceduralMeshComponent (320)
[2017.10.08-18.01.12:913][842]LogModuleManager: Shutting down and abandoning module OculusLibrary (318)
[2017.10.08-18.01.12:913][842]LogModuleManager: Shutting down and abandoning module OculusInput (316)
[2017.10.08-18.01.12:913][842]LogModuleManager: Shutting down and abandoning module MobilePatchingUtils (314)
[2017.10.08-18.01.12:913][842]LogModuleManager: Shutting down and abandoning module CustomMeshComponent (312)
[2017.10.08-18.01.12:913][842]LogModuleManager: Shutting down and abandoning module CableComponent (310)
[2017.10.08-18.01.12:913][842]LogModuleManager: Shutting down and abandoning module ArchVisCharacter (308)
[2017.10.08-18.01.12:913][842]LogModuleManager: Shutting down and abandoning module AndroidPermission (306)
[2017.10.08-18.01.12:913][842]LogModuleManager: Shutting down and abandoning module MediaPlayerEditor (302)
[2017.10.08-18.01.12:916][842]LogModuleManager: Shutting down and abandoning module RawInput (300)
[2017.10.08-18.01.12:916][842]LogModuleManager: Shutting down and abandoning module HTML5Networking (298)
[2017.10.08-18.01.12:916][842]LogModuleManager: Shutting down and abandoning module AlembicImporter (296)
[2017.10.08-18.01.12:916][842]LogModuleManager: Shutting down and abandoning module AlembicLibrary (295)
[2017.10.08-18.01.12:916][842]LogModuleManager: Shutting down and abandoning module GeometryCache (294)
[2017.10.08-18.01.12:916][842]LogModuleManager: Shutting down and abandoning module GeometryCacheEd (293)
[2017.10.08-18.01.12:916][842]LogModuleManager: Shutting down and abandoning module SuperSearchEditor (288)
[2017.10.08-18.01.12:916][842]LogModuleManager: Shutting down and abandoning module SuperSearch (287)
[2017.10.08-18.01.12:916][842]LogModuleManager: Shutting down and abandoning module SpeedTreeImporter (284)
[2017.10.08-18.01.12:916][842]LogModuleManager: Shutting down and abandoning module PluginBrowser (282)
[2017.10.08-18.01.12:918][842]LogModuleManager: Shutting down and abandoning module MobileLauncherProfileWizard (280)
[2017.10.08-18.01.12:919][842]LogModuleManager: Shutting down and abandoning module VisualStudioSourceCodeAccess (278)
[2017.10.08-18.01.12:919][842]LogModuleManager: Shutting down and abandoning module DesktopPlatform (277)
[2017.10.08-18.01.12:919][842]LogModuleManager: Shutting down and abandoning module UObjectPlugin (274)
[2017.10.08-18.01.12:919][842]LogModuleManager: Shutting down and abandoning module SubversionSourceControl (272)
[2017.10.08-18.01.12:919][842]LogModuleManager: Shutting down and abandoning module PerforceSourceControl (270)
[2017.10.08-18.01.12:920][842]LogModuleManager: Shutting down and abandoning module GitSourceControl (268)
[2017.10.08-18.01.12:921][842]LogModuleManager: Shutting down and abandoning module SourceControl (267)
[2017.10.08-18.01.12:921][842]LogModuleManager: Shutting down and abandoning module LightPropagationVolumeEditor (264)
[2017.10.08-18.01.12:921][842]LogModuleManager: Shutting down and abandoning module PaperTiledImporter (262)
[2017.10.08-18.01.12:921][842]LogModuleManager: Shutting down and abandoning module PaperSpriteSheetImporter (260)
[2017.10.08-18.01.12:921][842]LogModuleManager: Shutting down and abandoning module Paper2DEditor (258)
[2017.10.08-18.01.12:921][842]LogModuleManager: Shutting down and abandoning module MeshPaint (257)
[2017.10.08-18.01.12:921][842]LogModuleManager: Shutting down and abandoning module LevelEditor (255)
[2017.10.08-18.01.12:922][842]LogModuleManager: Shutting down and abandoning module PixelInspectorModule (254)
[2017.10.08-18.01.12:923][842]LogModuleManager: Shutting down and abandoning module MainFrame (252)
[2017.10.08-18.01.12:924][842]LogModuleManager: Shutting down and abandoning module HotReload (251)
[2017.10.08-18.01.12:924][842]LogModuleManager: Shutting down and abandoning module PhysXVehiclesEditor (246)
[2017.10.08-18.01.12:925][842]LogModuleManager: Shutting down and abandoning module PhysXVehicles (244)
[2017.10.08-18.01.12:925][842]LogModuleManager: Shutting down and abandoning module LocationServicesBPLibrary (242)
[2017.10.08-18.01.12:925][842]LogModuleManager: Shutting down and abandoning module ImmediatePhysicsEditor (240)
[2017.10.08-18.01.12:925][842]LogModuleManager: Shutting down and abandoning module ImmediatePhysics (238)
[2017.10.08-18.01.12:925][842]LogModuleManager: Shutting down and abandoning module UdpMessaging (236)
[2017.10.08-18.01.13:026][842]LogModuleManager: Shutting down and abandoning module TcpMessaging (234)
[2017.10.08-18.01.13:126][842]LogModuleManager: Shutting down and abandoning module GameplayTagsEditor (232)
[2017.10.08-18.01.13:128][842]LogModuleManager: Shutting down and abandoning module FacialAnimationEditor (230)
[2017.10.08-18.01.13:128][842]LogModuleManager: Shutting down and abandoning module FacialAnimation (228)
[2017.10.08-18.01.13:128][842]LogModuleManager: Shutting down and abandoning module AssetManagerEditor (226)
[2017.10.08-18.01.13:129][842]LogModuleManager: Shutting down and abandoning module GraphEditor (225)
[2017.10.08-18.01.13:129][842]LogModuleManager: Shutting down and abandoning module ContentBrowser (223)
[2017.10.08-18.01.13:130][842]LogModuleManager: Shutting down and abandoning module LightPropagationVolumeRuntime (220)
[2017.10.08-18.01.13:130][842]LogModuleManager: Shutting down and abandoning module Paper2D (218)
[2017.10.08-18.01.13:130][842]LogModuleManager: Shutting down and abandoning module WindowsMoviePlayer (216)
[2017.10.08-18.01.13:130][842]LogModuleManager: Shutting down and abandoning module WmfMedia (214)
[2017.10.08-18.01.13:130][842]LogModuleManager: Shutting down and abandoning module ClothingSystemEditor (212)
[2017.10.08-18.01.13:130][842]LogModuleManager: Shutting down and abandoning module ClothingSystemRuntime (210)
[2017.10.08-18.01.13:131][842]LogModuleManager: Shutting down and abandoning module MediaAssets (208)
[2017.10.08-18.01.13:131][842]LogModuleManager: Shutting down and abandoning module GameLiveStreaming (206)
[2017.10.08-18.01.13:131][842]LogModuleManager: Shutting down and abandoning module VREditor (204)
[2017.10.08-18.01.13:131][842]LogModuleManager: Shutting down and abandoning module StringTableEditor (202)
[2017.10.08-18.01.13:132][842]LogModuleManager: Shutting down and abandoning module GameplayTasksEditor (200)
[2017.10.08-18.01.13:132][842]LogModuleManager: Shutting down and abandoning module BehaviorTreeEditor (198)
[2017.10.08-18.01.13:134][842]LogModuleManager: Shutting down and abandoning module FunctionalTesting (196)
[2017.10.08-18.01.13:134][842]LogModuleManager: Shutting down and abandoning module CollisionAnalyzer (194)
[2017.10.08-18.01.13:135][842]LogModuleManager: Shutting down and abandoning module UMG (192)
[2017.10.08-18.01.13:135][842]LogModuleManager: Shutting down and abandoning module UMGEditor (191)
[2017.10.08-18.01.13:135][842]LogModuleManager: Shutting down and abandoning module Sequencer (190)
[2017.10.08-18.01.13:135][842]LogModuleManager: Shutting down and abandoning module AssetTools (188)
[2017.10.08-18.01.13:136][842]LogModuleManager: Shutting down and abandoning module MessageLog (187)
[2017.10.08-18.01.13:136][842]LogModuleManager: Shutting down and abandoning module WorkspaceMenuStructure (186)
[2017.10.08-18.01.13:136][842]LogModuleManager: Shutting down and abandoning module SlateReflector (180)
[2017.10.08-18.01.13:138][842]LogModuleManager: Shutting down and abandoning module Slate (178)
[2017.10.08-18.01.13:138][842]LogModuleManager: Shutting down and abandoning module EditorStyle (176)
[2017.10.08-18.01.13:140][842]LogModuleManager: Shutting down and abandoning module SourceCodeAccess (174)
[2017.10.08-18.01.13:140][842]LogModuleManager: Shutting down and abandoning module HeadMountedDisplay (172)
[2017.10.08-18.01.13:140][842]LogModuleManager: Shutting down and abandoning module XAudio2 (170)
[2017.10.08-18.01.13:140][842]LogModuleManager: Shutting down and abandoning module Networking (168)
[2017.10.08-18.01.13:140][842]LogModuleManager: Shutting down and abandoning module Core (164)
[2017.10.08-18.01.13:140][842]LogModuleManager: Shutting down and abandoning module AssetRegistry (162)
[2017.10.08-18.01.13:199][842]LogDirectoryWatcher: A directory notification for '../../../Engine/Content/' was aborted.
[2017.10.08-18.01.13:199][842]LogDirectoryWatcher: A directory notification for 'D:/Unreal Games/ScrumLordRacing/Content/' was aborted.
[2017.10.08-18.01.13:199][842]LogDirectoryWatcher: A directory notification for '../../../Engine/Plugins/2D/Paper2D/Content/' was aborted.
[2017.10.08-18.01.13:199][842]LogDirectoryWatcher: A directory notification for '../../../Engine/Plugins/Runtime/GearVR/Content/' was aborted.
[2017.10.08-18.01.13:201][842]LogModuleManager: Shutting down and abandoning module DirectoryWatcher (161)
[2017.10.08-18.01.13:201][842]LogModuleManager: Shutting down and abandoning module KismetCompiler (158)
[2017.10.08-18.01.13:201][842]LogModuleManager: Shutting down and abandoning module LevelSequence (156)
[2017.10.08-18.01.13:201][842]LogModuleManager: Shutting down and abandoning module PhysXFormats (154)
[2017.10.08-18.01.13:201][842]LogModuleManager: Shutting down and abandoning module MeshUtilities (152)
[2017.10.08-18.01.13:202][842]LogModuleManager: Shutting down and abandoning module SimplygonSwarm (151)
[2017.10.08-18.01.13:204][842]LogModuleManager: Shutting down and abandoning module SimplygonMeshReduction (149)
[2017.10.08-18.01.13:204][842]LogModuleManager: Shutting down and abandoning module QuadricMeshReduction (147)
[2017.10.08-18.01.13:204][842]LogModuleManager: Shutting down and abandoning module DerivedDataCache (144)
[2017.10.08-18.01.13:268][842]LogDerivedDataCache: Shutdown
[2017.10.08-18.01.13:268][842]LogModuleManager: Shutting down and abandoning module TargetPlatform (142)
[2017.10.08-18.01.13:268][842]LogModuleManager: Shutting down and abandoning module VulkanShaderFormat (141)
[2017.10.08-18.01.13:270][842]LogModuleManager: Shutting down and abandoning module ShaderFormatVectorVM (139)
[2017.10.08-18.01.13:270][842]LogModuleManager: Shutting down and abandoning module ShaderFormatOpenGL (137)
[2017.10.08-18.01.13:270][842]LogModuleManager: Shutting down and abandoning module ShaderFormatD3D (135)
[2017.10.08-18.01.13:270][842]LogModuleManager: Shutting down and abandoning module MetalShaderFormat (133)
[2017.10.08-18.01.13:271][842]LogModuleManager: Shutting down and abandoning module TextureFormatUncompressed (131)
[2017.10.08-18.01.13:271][842]LogModuleManager: Shutting down and abandoning module TextureFormatPVR (129)
[2017.10.08-18.01.13:271][842]LogModuleManager: Shutting down and abandoning module TextureFormatDXT (127)
[2017.10.08-18.01.13:271][842]LogModuleManager: Shutting down and abandoning module TextureFormatIntelISPCTexComp (125)
[2017.10.08-18.01.13:272][842]LogModuleManager: Shutting down and abandoning module TextureFormatASTC (123)
[2017.10.08-18.01.13:272][842]LogModuleManager: Shutting down and abandoning module ImageWrapper (122)
[2017.10.08-18.01.13:272][842]LogModuleManager: Shutting down and abandoning module TextureFormatAndroid (119)
[2017.10.08-18.01.13:272][842]LogModuleManager: Shutting down and abandoning module AudioFormatOpus (117)
[2017.10.08-18.01.13:272][842]LogModuleManager: Shutting down and abandoning module AudioFormatOgg (115)
[2017.10.08-18.01.13:272][842]LogModuleManager: Shutting down and abandoning module AudioFormatADPCM (113)
[2017.10.08-18.01.13:272][842]LogModuleManager: Shutting down and abandoning module LinuxTargetPlatform (111)
[2017.10.08-18.01.13:272][842]LogModuleManager: Shutting down and abandoning module LinuxServerTargetPlatform (109)
[2017.10.08-18.01.13:272][842]LogModuleManager: Shutting down and abandoning module LinuxNoEditorTargetPlatform (107)
[2017.10.08-18.01.13:272][842]LogModuleManager: Shutting down and abandoning module LinuxClientTargetPlatform (105)
[2017.10.08-18.01.13:272][842]LogModuleManager: Shutting down and abandoning module TVOSTargetPlatform (103)
[2017.10.08-18.01.13:272][842]LogModuleManager: Shutting down and abandoning module Messaging (101)
[2017.10.08-18.01.13:272][842]LogModuleManager: Shutting down and abandoning module IOSTargetPlatform (99)
[2017.10.08-18.01.13:272][842]LogModuleManager: Shutting down and abandoning module HTML5TargetPlatform (97)
[2017.10.08-18.01.13:272][842]LogModuleManager: Shutting down and abandoning module Android_PVRTCTargetPlatform (95)
[2017.10.08-18.01.13:272][842]LogModuleManager: Shutting down and abandoning module Android_MultiTargetPlatform (93)
[2017.10.08-18.01.13:272][842]LogModuleManager: Shutting down and abandoning module Android_ETC2TargetPlatform (91)
[2017.10.08-18.01.13:272][842]LogModuleManager: Shutting down and abandoning module Android_ETC1TargetPlatform (89)
[2017.10.08-18.01.13:272][842]LogModuleManager: Shutting down and abandoning module Android_DXTTargetPlatform (87)
[2017.10.08-18.01.13:272][842]LogModuleManager: Shutting down and abandoning module Android_ATCTargetPlatform (85)
[2017.10.08-18.01.13:272][842]LogModuleManager: Shutting down and abandoning module Android_ASTCTargetPlatform (83)
[2017.10.08-18.01.13:272][842]LogModuleManager: Shutting down and abandoning module AndroidTargetPlatform (81)
[2017.10.08-18.01.13:272][842]LogModuleManager: Shutting down and abandoning module WindowsTargetPlatform (79)
[2017.10.08-18.01.13:272][842]LogModuleManager: Shutting down and abandoning module WindowsServerTargetPlatform (77)
[2017.10.08-18.01.13:272][842]LogModuleManager: Shutting down and abandoning module WindowsNoEditorTargetPlatform (75)
[2017.10.08-18.01.13:272][842]LogModuleManager: Shutting down and abandoning module WindowsClientTargetPlatform (73)
[2017.10.08-18.01.13:272][842]LogModuleManager: Shutting down and abandoning module MacTargetPlatform (71)
[2017.10.08-18.01.13:272][842]LogModuleManager: Shutting down and abandoning module MacServerTargetPlatform (69)
[2017.10.08-18.01.13:272][842]LogModuleManager: Shutting down and abandoning module MacNoEditorTargetPlatform (67)
[2017.10.08-18.01.13:272][842]LogModuleManager: Shutting down and abandoning module MacClientTargetPlatform (65)
[2017.10.08-18.01.13:272][842]LogModuleManager: Shutting down and abandoning module AllDesktopTargetPlatform (63)
[2017.10.08-18.01.13:272][842]LogModuleManager: Shutting down and abandoning module InputCore (60)
[2017.10.08-18.01.13:272][842]LogModuleManager: Shutting down and abandoning module Settings (58)
[2017.10.08-18.01.13:272][842]LogModuleManager: Shutting down and abandoning module OculusRift (56)
[2017.10.08-18.01.13:272][842]LogModuleManager: Shutting down and abandoning module GearVRController (54)
[2017.10.08-18.01.13:272][842]LogModuleManager: Shutting down and abandoning module GearVR (52)
[2017.10.08-18.01.13:273][842]LogModuleManager: Shutting down and abandoning module ExampleDeviceProfileSelector (50)
[2017.10.08-18.01.13:273][842]LogModuleManager: Shutting down and abandoning module OnlineBlueprintSupport (48)
[2017.10.08-18.01.13:273][842]LogModuleManager: Shutting down and abandoning module OnlineSubsystem (44)
[2017.10.08-18.01.13:273][842]LogOnline:Display: Unloading online subsystem: NULL
[2017.10.08-18.01.13:275][842]LogModuleManager: Shutting down and abandoning module XMPP (43)
[2017.10.08-18.01.13:276][842]LogModuleManager: Shutting down and abandoning module HTTP (41)
[2017.10.08-18.01.13:276][842]LogHttp:Display: Http module shutting down, but needs to wait on 1 outstanding Http requests:
[2017.10.08-18.01.13:277][842]LogHttp:Display: 	verb=[POST] url=[https://datarouter.ol.epicgames.com/datarouter/api/v1/public/data?SessionID=%7B1EFE5FC6-4967-381C-AFB8-8D97552E012E%7D&AppID=UEEditor.Rocket.Release&AppVersion=4.16.3-3561208%2B%2B%2BUE4%2BRelease-4.16&UserID=665dec2a4cb07e4a71250ab9266ceb62%7Ce8b3675815f34300b2475ff9b011f0bc%7C4e8dcd73-f07b-479f-a7d5-ed78ed029b66&AppEnvironment=datacollector-binary&UploadType=eteventstream] status=Processing
[2017.10.08-18.01.13:289][842]LogModuleManager: Shutting down and abandoning module SSL (40)
[2017.10.08-18.01.13:290][842]LogModuleManager: Shutting down and abandoning module HTTPChunkInstaller (36)
[2017.10.08-18.01.13:291][842]LogModuleManager: Shutting down and abandoning module AnimationModifiers (34)
[2017.10.08-18.01.13:292][842]LogModuleManager: Shutting down and abandoning module PropertyEditor (33)
[2017.10.08-18.01.13:292][842]LogModuleManager: Shutting down and abandoning module AudioEditor (30)
[2017.10.08-18.01.13:294][842]LogModuleManager: Shutting down and abandoning module TextureCompressor (28)
[2017.10.08-18.01.13:294][842]LogModuleManager: Shutting down and abandoning module ShaderCore (26)
[2017.10.08-18.01.13:294][842]LogModuleManager: Shutting down and abandoning module Landscape (24)
[2017.10.08-18.01.13:294][842]LogModuleManager: Shutting down and abandoning module SlateRHIRenderer (22)
[2017.10.08-18.01.13:295][842]LogModuleManager: Shutting down and abandoning module OpenGLDrv (20)
[2017.10.08-18.01.13:297][842]LogModuleManager: Shutting down and abandoning module D3D11RHI (18)
[2017.10.08-18.01.13:297][842]LogModuleManager: Shutting down and abandoning module AnimGraphRuntime (16)
[2017.10.08-18.01.13:297][842]LogModuleManager: Shutting down and abandoning module Renderer (14)
[2017.10.08-18.01.13:297][842]LogModuleManager: Shutting down and abandoning module Engine (12)
[2017.10.08-18.01.13:297][842]LogModuleManager: Shutting down and abandoning module CoreUObject (10)
[2017.10.08-18.01.13:297][842]LogModuleManager: Shutting down and abandoning module NetworkFile (8)
[2017.10.08-18.01.13:297][842]LogModuleManager: Shutting down and abandoning module StreamingFile (6)
[2017.10.08-18.01.13:297][842]LogModuleManager: Shutting down and abandoning module SandboxFile (4)
[2017.10.08-18.01.13:297][842]LogModuleManager: Shutting down and abandoning module PakFile (2)
[2017.10.08-18.01.13:298][842]LogExit: Exiting.
[2017.10.08-18.01.13:309][842]Log file closed, 10/08/17 14:01:13
