Log file open, 10/23/17 11:59:59
LogWindows: Failed to load 'aqProf.dll' (GetLastError=126)
LogWindows: File 'aqProf.dll' does not exist
LogWindows: Failed to load 'VSPerf140.dll' (GetLastError=126)
LogWindows: File 'VSPerf140.dll' does not exist
LogWindows: Failed to load 'VtuneApi.dll' (GetLastError=126)
LogWindows: File 'VtuneApi.dll' does not exist
LogWindows: Failed to load 'VtuneApi32e.dll' (GetLastError=126)
LogWindows: File 'VtuneApi32e.dll' does not exist
LogInit: Display: Running engine for game: ScrumLordRacing
LogPlatformFile: Not using cached read wrapper
LogInit: Display: RandInit(278490542) SRandInit(278490542).
LogTaskGraph: Started task graph with 5 named threads and 14 total threads with 3 sets of task threads.
LogStats: Stats thread started at 0.153694
LogD3D11RHI: Aftermath initialized
LogPluginManager: Mounting plugin Paper2D
LogPluginManager: Mounting plugin LightPropagationVolume
LogPluginManager: Mounting plugin CodeLiteSourceCodeAccess
LogPluginManager: Mounting plugin GitSourceControl
LogPluginManager: Mounting plugin KDevelopSourceCodeAccess
LogPluginManager: Mounting plugin NullSourceCodeAccess
LogPluginManager: Mounting plugin PerforceSourceControl
LogPluginManager: Mounting plugin SubversionSourceControl
LogPluginManager: Mounting plugin UObjectPlugin
LogPluginManager: Mounting plugin VisualStudioSourceCodeAccess
LogPluginManager: Mounting plugin XCodeSourceCodeAccess
LogPluginManager: Mounting plugin AssetManagerEditor
LogPluginManager: Mounting plugin AudioCapture
LogPluginManager: Mounting plugin FacialAnimation
LogPluginManager: Mounting plugin GameplayTagsEditor
LogPluginManager: Mounting plugin MobileLauncherProfileWizard
LogPluginManager: Mounting plugin PluginBrowser
LogPluginManager: Mounting plugin SpeedTreeImporter
LogPluginManager: Mounting plugin AlembicImporter
LogPluginManager: Mounting plugin CharacterAI
LogPluginManager: Mounting plugin HTML5Networking
LogPluginManager: Mounting plugin RawInput
LogPluginManager: Mounting plugin AndroidMedia
LogPluginManager: Mounting plugin AvfMedia
LogPluginManager: Mounting plugin MediaPlayerEditor
LogPluginManager: Mounting plugin WmfMedia
LogPluginManager: Mounting plugin TcpMessaging
LogPluginManager: Mounting plugin UdpMessaging
LogPluginManager: Mounting plugin LevelSequenceEditor
LogPluginManager: Mounting plugin MatineeToLevelSequence
LogPluginManager: Mounting plugin OnlineSubsystemGooglePlay
LogPluginManager: Mounting plugin OnlineSubsystemIOS
LogPluginManager: Mounting plugin OnlineSubsystem
LogPluginManager: Mounting plugin OnlineSubsystemNull
LogPluginManager: Mounting plugin OnlineSubsystemUtils
LogPluginManager: Mounting plugin AndroidDeviceProfileSelector
LogPluginManager: Mounting plugin AndroidMoviePlayer
LogPluginManager: Mounting plugin AndroidPermission
LogPluginManager: Mounting plugin AppleMoviePlayer
LogPluginManager: Mounting plugin ArchVisCharacter
LogPluginManager: Mounting plugin CableComponent
LogPluginManager: Mounting plugin CustomMeshComponent
LogPluginManager: Mounting plugin ExampleDeviceProfileSelector
LogPluginManager: Mounting plugin GoogleCloudMessaging
LogPluginManager: Mounting plugin ImmediatePhysics
LogPluginManager: Mounting plugin IOSDeviceProfileSelector
LogPluginManager: Mounting plugin LinuxDeviceProfileSelector
LogPluginManager: Mounting plugin LocationServicesBPLibrary
LogPluginManager: Mounting plugin MobilePatchingUtils
LogPluginManager: Mounting plugin OculusVR
LogPluginManager: Mounting plugin PhysXVehicles
LogPluginManager: Mounting plugin ProceduralMeshComponent
LogPluginManager: Mounting plugin RuntimePhysXCooking
LogPluginManager: Mounting plugin SteamVR
LogPluginManager: Mounting plugin WindowsMoviePlayer
LogInit: Using libcurl 7.47.1
LogInit:  - built for x86_64-pc-win32
LogInit:  - supports SSL with OpenSSL/1.0.2g
LogInit:  - supports HTTP deflate (compression) using libz 1.2.8
LogInit:  - other features:
LogInit:      CURL_VERSION_SSL
LogInit:      CURL_VERSION_LIBZ
LogInit:      CURL_VERSION_IPV6
LogInit:      CURL_VERSION_ASYNCHDNS
LogInit:      CURL_VERSION_LARGEFILE
LogInit:      CURL_VERSION_IDN
LogInit:  CurlRequestOptions (configurable via config and command line):
LogInit:  - bVerifyPeer = false  - Libcurl will NOT verify peer certificate
LogInit:  - bUseHttpProxy = false  - Libcurl will NOT use HTTP proxy
LogInit:  - bDontReuseConnections = false  - Libcurl will reuse connections
LogInit:  - CertBundlePath = nullptr  - Libcurl will use whatever was configured at build time.
LogInit: Build: ++UE4+Release-4.17-CL-3658906
LogInit: Engine Version: 4.17.2-3658906+++UE4+Release-4.17
LogInit: Compatible Engine Version: 4.17.0-3573198+++UE4+Release-4.17
LogInit: Net CL: 3573198
LogDevObjectVersion: Number of dev versions registered: 16
LogDevObjectVersion:   Dev-Blueprints (B0D832E4-1F89-4F0D-ACCF-7EB736FD4AA2): 10
LogDevObjectVersion:   Dev-Build (E1C64328-A22C-4D53-A36C-8E866417BD8C): 0
LogDevObjectVersion:   Dev-Core (375EC13C-06E4-48FB-B500-84F0262A717E): 2
LogDevObjectVersion:   Dev-Editor (E4B068ED-F494-42E9-A231-DA0B2E46BB41): 20
LogDevObjectVersion:   Dev-Framework (CFFC743F-43B0-4480-9391-14DF171D2073): 28
LogDevObjectVersion:   Dev-Mobile (B02B49B5-BB20-44E9-A304-32B752E40360): 0
LogDevObjectVersion:   Dev-Networking (A4E4105C-59A1-49B5-A7C5-40C4547EDFEE): 0
LogDevObjectVersion:   Dev-Online (39C831C9-5AE6-47DC-9A44-9C173E1C8E7C): 0
LogDevObjectVersion:   Dev-Physics (78F01B33-EBEA-4F98-B9B4-84EACCB95AA2): 0
LogDevObjectVersion:   Dev-Platform (6631380F-2D4D-43E0-8009-CF276956A95A): 0
LogDevObjectVersion:   Dev-Rendering (12F88B9F-8875-4AFC-A67C-D90C383ABD29): 19
LogDevObjectVersion:   Dev-Sequencer (7B5AE74C-D270-4C10-A958-57980B212A5A): 4
LogDevObjectVersion:   Dev-VR (D7296918-1DD6-4BDD-9DE2-64A83CC13884): 0
LogDevObjectVersion:   Dev-LoadTimes (C2A15278-BFE7-4AFE-6C17-90FF531DF755): 1
LogDevObjectVersion:   Private-Geometry (6EACA3D4-40EC-4CC1-B786-8BED09428FC5): 1
LogDevObjectVersion:   Dev-AnimPhys (29E575DD-E0A3-4627-9D10-D276232CDCEA): 7
LogInit: Compiled (64-bit): Sep 22 2017 13:47:16
LogInit: Compiled with Visual C++: 19.00.24215.01
LogInit: Build Configuration: Development
LogInit: Branch Name: ++UE4+Release-4.17
LogInit: Command line:  
LogInit: Base directory: D:/Unreal Engine 4_17/UE_4.17/Engine/Binaries/Win64/
LogInit: Installed Engine Build: 1
LogInit: Presizing for max 8388607 objects, including 0 objects not considered by GC, pre-allocating 0 bytes for permanent pool.
LogInit: Object subsystem initialized
[2017.10.23-15.59.59:486][  0]LogInit: Selected Device Profile: [Windows]
[2017.10.23-15.59.59:486][  0]LogInit: Applying CVar settings loaded from the selected device profile: [Windows]
[2017.10.23-15.59.59:496][  0]LogInit: Computer: ALEX
[2017.10.23-15.59.59:496][  0]LogInit: User: galla000
[2017.10.23-15.59.59:496][  0]LogInit: CPU Page size=4096, Cores=4
[2017.10.23-15.59.59:496][  0]LogInit: High frequency timer resolution =2.825502 MHz
[2017.10.23-15.59.59:496][  0]LogMemory: Memory total: Physical=31.9GB (32GB approx)
[2017.10.23-15.59.59:496][  0]LogMemory: Platform Memory Stats for Windows
[2017.10.23-15.59.59:496][  0]LogMemory: Process Physical Memory: 276.43 MB used, 276.43 MB peak
[2017.10.23-15.59.59:496][  0]LogMemory: Process Virtual Memory: 282.14 MB used, 282.14 MB peak
[2017.10.23-15.59.59:496][  0]LogMemory: Physical Memory: 6226.39 MB used,  26422.63 MB free, 32649.02 MB total
[2017.10.23-15.59.59:496][  0]LogMemory: Virtual Memory: 660.15 MB used,  26422.63 MB free, 134217728.00 MB total
[2017.10.23-15.59.59:578][  0]LogInit: Using OS detected language (en-US).
[2017.10.23-15.59.59:578][  0]LogInit: Using OS detected locale (en-US).
[2017.10.23-15.59.59:580][  0]LogTextLocalizationManager: No specific localization for 'en-US' exists, so the 'en' localization will be used.
[2017.10.23-16.00.00:118][  0]LogD3D11RHI: D3D11 adapters:
[2017.10.23-16.00.00:128][  0]LogD3D11RHI:    0. 'Intel(R) HD Graphics 4600' (Feature Level 11_0)
[2017.10.23-16.00.00:128][  0]LogD3D11RHI:       4054/0/16324 MB DedicatedVideo/DedicatedSystem/SharedSystem, Outputs:1, VendorId:0x8086
[2017.10.23-16.00.00:129][  0]LogD3D11RHI:    1. 'Microsoft Basic Render Driver' (Feature Level 11_0)
[2017.10.23-16.00.00:129][  0]LogD3D11RHI:       0/0/256 MB DedicatedVideo/DedicatedSystem/SharedSystem, Outputs:0, VendorId:0x1414
[2017.10.23-16.00.00:129][  0]LogD3D11RHI: Chosen D3D11 Adapter: 0
[2017.10.23-16.00.00:133][  0]LogD3D11RHI: Creating new Direct3DDevice
[2017.10.23-16.00.00:133][  0]LogD3D11RHI:     GPU DeviceId: 0x416 (for the marketing name, search the web for "GPU Device Id")
[2017.10.23-16.00.00:133][  0]LogWindows: EnumDisplayDevices:
[2017.10.23-16.00.00:133][  0]LogWindows:    0. 'Intel(R) HD Graphics 4600' (P:1 D:1)
[2017.10.23-16.00.00:133][  0]LogWindows:    1. 'Intel(R) HD Graphics 4600' (P:0 D:0)
[2017.10.23-16.00.00:133][  0]LogWindows:    2. 'Intel(R) HD Graphics 4600' (P:0 D:0)
[2017.10.23-16.00.00:133][  0]LogWindows:    3. 'Intel(R) HD Graphics 4600' (P:0 D:0)
[2017.10.23-16.00.00:133][  0]LogWindows: DebugString: FoundDriverCount:4 
[2017.10.23-16.00.00:133][  0]LogD3D11RHI:     Adapter Name: Intel(R) HD Graphics 4600
[2017.10.23-16.00.00:133][  0]LogD3D11RHI:   Driver Version: 10.18.10.3304 (internal:10.18.10.3304, unified:10.18.10.3304)
[2017.10.23-16.00.00:133][  0]LogD3D11RHI:      Driver Date: 9-9-2013
[2017.10.23-16.00.00:133][  0]LogRHI: Texture pool is 1361 MB (70% of 1945 MB)
[2017.10.23-16.00.00:141][  0]LogD3D11RHI: Async texture creation enabled
[2017.10.23-16.00.00:157][  0]LogD3D11RHI: GPU Timing Frequency: 12.500000 (Debug: 2 2)
[2017.10.23-16.00.00:157][  0]LogShaderCompilers: Guid format shader working directory is 7 characters bigger than the processId version (../../../../../Unreal Games/ScrumLordRacing/Intermediate/Shaders/WorkingDirectory/2560/).
[2017.10.23-16.00.00:158][  0]LogShaderCompilers: Cleaned the shader compiler working directory 'C:/Users/galla_000/AppData/Local/Temp/UnrealShaderWorkingDir/8A7B56B44A35E1920D2C3BA147485478/'.
[2017.10.23-16.00.00:158][  0]LogShaderCompilers: Display: Using Local Shader Compiler.
[2017.10.23-16.00.00:883][  0]LogTemp: Display: Loaded TP AllDesktopTargetPlatform
[2017.10.23-16.00.00:913][  0]LogTemp: Display: Loaded TP MacClientTargetPlatform
[2017.10.23-16.00.00:944][  0]LogTemp: Display: Loaded TP MacNoEditorTargetPlatform
[2017.10.23-16.00.00:973][  0]LogTemp: Display: Loaded TP MacServerTargetPlatform
[2017.10.23-16.00.01:003][  0]LogTemp: Display: Loaded TP MacTargetPlatform
[2017.10.23-16.00.01:034][  0]LogTemp: Display: Loaded TP WindowsClientTargetPlatform
[2017.10.23-16.00.01:064][  0]LogTemp: Display: Loaded TP WindowsNoEditorTargetPlatform
[2017.10.23-16.00.01:093][  0]LogTemp: Display: Loaded TP WindowsServerTargetPlatform
[2017.10.23-16.00.01:117][  0]LogTemp: Display: Loaded TP WindowsTargetPlatform
[2017.10.23-16.00.01:146][  0]LogTemp: Display: Loaded TP AndroidTargetPlatform
[2017.10.23-16.00.01:174][  0]LogTemp: Display: Loaded TP Android_ASTCTargetPlatform
[2017.10.23-16.00.01:204][  0]LogTemp: Display: Loaded TP Android_ATCTargetPlatform
[2017.10.23-16.00.01:233][  0]LogTemp: Display: Loaded TP Android_DXTTargetPlatform
[2017.10.23-16.00.01:262][  0]LogTemp: Display: Loaded TP Android_ETC1TargetPlatform
[2017.10.23-16.00.01:290][  0]LogTemp: Display: Loaded TP Android_ETC2TargetPlatform
[2017.10.23-16.00.01:348][  0]LogTemp: Display: Loaded TP Android_MultiTargetPlatform
[2017.10.23-16.00.01:348][  0]LogTemp: Display: Loaded TP Android_PVRTCTargetPlatform
[2017.10.23-16.00.01:367][  0]LogTemp: Display: Loaded TP HTML5TargetPlatform
[2017.10.23-16.00.01:428][  0]LogTemp: Display: Loaded TP IOSTargetPlatform
[2017.10.23-16.00.01:447][  0]LogTemp: Display: Loaded TP TVOSTargetPlatform
[2017.10.23-16.00.01:475][  0]LogTemp: Display: Loaded TP LinuxClientTargetPlatform
[2017.10.23-16.00.01:505][  0]LogTemp: Display: Loaded TP LinuxNoEditorTargetPlatform
[2017.10.23-16.00.01:533][  0]LogTemp: Display: Loaded TP LinuxServerTargetPlatform
[2017.10.23-16.00.01:562][  0]LogTemp: Display: Loaded TP LinuxTargetPlatform
[2017.10.23-16.00.01:562][  0]LogTargetPlatformManager: Display: Building Assets For Windows
[2017.10.23-16.00.01:804][  0]LogDerivedDataCache: Display: Max Cache Size: 512 MB
[2017.10.23-16.00.01:891][  0]LogDerivedDataCache: Loaded boot cache 0.09s 93MB C:/Users/galla_000/AppData/Local/UnrealEngine/4.17/DerivedDataCache/Boot.ddc.
[2017.10.23-16.00.01:891][  0]LogDerivedDataCache: Display: Loaded Boot cache: C:/Users/galla_000/AppData/Local/UnrealEngine/4.17/DerivedDataCache/Boot.ddc
[2017.10.23-16.00.01:891][  0]LogDerivedDataCache: FDerivedDataBackendGraph:  Pak pak cache file ../../../../../Unreal Games/ScrumLordRacing/DerivedDataCache/DDC.ddp not found, will not use a pak cache.
[2017.10.23-16.00.01:891][  0]LogDerivedDataCache: Unable to find inner node Pak for hierarchical cache Hierarchy.
[2017.10.23-16.00.01:891][  0]LogDerivedDataCache: FDerivedDataBackendGraph:  CompressedPak pak cache file ../../../../../Unreal Games/ScrumLordRacing/DerivedDataCache/Compressed.ddp not found, will not use a pak cache.
[2017.10.23-16.00.01:891][  0]LogDerivedDataCache: Unable to find inner node CompressedPak for hierarchical cache Hierarchy.
[2017.10.23-16.00.01:907][  0]LogDerivedDataCache: Display: Pak cache opened for reading ../../../Engine/DerivedDataCache/Compressed.ddp.
[2017.10.23-16.00.01:919][  0]LogDerivedDataCache: Using Local data cache path C:/Users/galla_000/AppData/Local/UnrealEngine/Common/DerivedDataCache: Writable
[2017.10.23-16.00.01:928][  0]LogMaterial: Verifying Global Shaders for PCD3D_SM5
[2017.10.23-16.00.01:928][  0]LogSlate: Using Freetype 2.6.0
[2017.10.23-16.00.01:928][  0]LogSlate: SlateFontCache - WITH_FREETYPE: 1, WITH_HARFBUZZ: 1
[2017.10.23-16.00.01:928][  0]LogSlate: SlateFontCache - WITH_FREETYPE: 1, WITH_HARFBUZZ: 1
[2017.10.23-16.00.02:142][  0]LogAssetRegistry: FAssetRegistry took 0.0253 seconds to start up
[2017.10.23-16.00.02:228][  0]LogInit: Selected Device Profile: [Windows]
[2017.10.23-16.00.02:401][  0]LogContentStreaming: Texture pool size is 0.00 MB
[2017.10.23-16.00.02:631][  0]LogSimplygon: Simplygon DLL not present - disabling.
[2017.10.23-16.00.02:651][  0]LogMeshReduction: Using SimplygonSwarm for distributed automatic mesh merging
[2017.10.23-16.00.02:651][  0]LogMeshReduction: Using QuadricMeshReduction for automatic static mesh reduction
[2017.10.23-16.00.02:651][  0]LogMeshReduction: No automatic skeletal mesh reduction module available
[2017.10.23-16.00.02:651][  0]LogMeshReduction: No automatic mesh merging module available
[2017.10.23-16.00.02:651][  0]LogMeshMerging: No automatic mesh merging module available
[2017.10.23-16.00.03:044][  0]LogNetVersion: ScrumLordRacing , NetCL: 3573198, EngineNetVer: 2, GameNetVer: 0 (Checksum: 2466738751)
[2017.10.23-16.00.03:192][  0]LogPackageLocalizationCache: Processed 5 localized package path(s) for 2 prioritized culture(s) in 0.032003 seconds
[2017.10.23-16.00.03:198][  0]LogUObjectArray: 35825 objects as part of root set at end of initial load.
[2017.10.23-16.00.03:198][  0]LogUObjectAllocator: 7529104 out of 0 bytes used by permanent object pool.
[2017.10.23-16.00.03:198][  0]LogUObjectArray: CloseDisregardForGC: 0/0 objects in disregard for GC pool
[2017.10.23-16.00.03:228][  0]LogInit: WinSock: version 1.1 (2.2), MaxSocks=32767, MaxUdp=65467
[2017.10.23-16.00.14:398][  0]LogTcpMessaging: Initializing TcpMessaging bridge
[2017.10.23-16.00.14:452][  0]LogUdpMessaging: Initializing bridge on interface 0.0.0.0:0 to multicast group 230.0.0.1:6666.
[2017.10.23-16.00.15:443][  0]LogConfig: Warning: Failed to saved backup for config[InternationalizationExport]
[2017.10.23-16.00.15:444][  0]LogConfig: Warning: Failed to saved backup for config[TranslationPickerSettings]
[2017.10.23-16.00.15:890][  0]LogMaterial: Uniform references updated for custom material expression Custom.
[2017.10.23-16.00.16:725][  0]SourceControl: Source control is disabled
[2017.10.23-16.00.16:725][  0]SourceControl: Source control is disabled
[2017.10.23-16.00.16:797][  0]SourceControl: Source control is disabled
[2017.10.23-16.00.16:831][  0]SourceControl: Source control is disabled
[2017.10.23-16.00.17:684][  0]LogAndroidPermission: UAndroidPermissionCallbackProxy::GetInstance
[2017.10.23-16.00.17:889][  0]LogOcInput: OculusInput pre-init called
[2017.10.23-16.00.18:572][  0]LogEngine: Initializing Engine...
[2017.10.23-16.00.18:604][  0]LogHMD: Failed to initialize OpenVR with code 110
[2017.10.23-16.00.19:669][  0]LogStats: UGameplayTagsManager::ConstructGameplayTagTree: Construct from data asset -  0.000 s
[2017.10.23-16.00.19:669][  0]LogStats: UGameplayTagsManager::ConstructGameplayTagTree: GameplayTagTreeChangedEvent.Broadcast -  0.000 s
[2017.10.23-16.00.20:019][  0]LogAIModule: Creating AISystem for world Untitled
[2017.10.23-16.00.20:148][  0]LogInit: XAudio2 using 'Speakers (Realtek High Definition Audio)' : 2 channels at 48 kHz using 32 bits per sample (channel mask 0x3)
[2017.10.23-16.00.20:502][  0]LogInit: FAudioDevice initialized.
[2017.10.23-16.00.20:593][  0]LogDerivedDataCache: Saved boot cache 0.09s 93MB C:/Users/galla_000/AppData/Local/UnrealEngine/4.17/DerivedDataCache/Boot.ddc.
[2017.10.23-16.00.20:609][  0]LogInit: Texture streaming: Enabled
[2017.10.23-16.00.20:670][  0]LogEngineSessionManager: EngineSessionManager initialized
[2017.10.23-16.00.21:188][  0]LogInit: Transaction tracking system initialized
[2017.10.23-16.00.21:763][  0]BlueprintLog: New page: Editor Load
[2017.10.23-16.00.23:430][  0]LogConfig: Warning: Failed to saved backup for config[LocalizationServiceSettings]
[2017.10.23-16.00.23:430][  0]LocalizationService: Localization service is disabled
[2017.10.23-16.00.24:210][  0]LogLinker: Warning: Can't find file '/Game/PuzzleBP/Tutorial/Part1-Overview'
[2017.10.23-16.00.24:210][  0]LogLinker: Warning: Can't find file '/Game/PuzzleBP/Tutorial/Part1-Overview'
[2017.10.23-16.00.24:210][  0]LogUObjectGlobals: Warning: Failed to find object 'Class /Game/PuzzleBP/Tutorial/Part1-Overview.Part1-Overview_C'
[2017.10.23-16.00.24:210][  0]LogLinker: Warning: Can't find file '/Game/PuzzleBP/Tutorial/Part2-BlockBlueprint'
[2017.10.23-16.00.24:210][  0]LogLinker: Warning: Can't find file '/Game/PuzzleBP/Tutorial/Part2-BlockBlueprint'
[2017.10.23-16.00.24:210][  0]LogUObjectGlobals: Warning: Failed to find object 'Class /Game/PuzzleBP/Tutorial/Part2-BlockBlueprint.Part2-BlockBlueprint_C'
[2017.10.23-16.00.24:514][  0]LogConsoleResponse: Display: 
[2017.10.23-16.00.28:668][  0]LogFileCache: Scanning file cache for directory 'D:/Unreal Games/ScrumLordRacing/Content/' took 0.09s
[2017.10.23-16.00.28:668][  0]LogCook: Display: Max memory allowance for cook 16384mb min free memory 0mb
[2017.10.23-16.00.28:668][  0]LogCook: Display: Mobile HDR setting 1
[2017.10.23-16.00.28:733][  0]LogGameplayTags: Display: UGameplayTagsManager::DoneAddingNativeTags. DelegateIsBound: 0
[2017.10.23-16.00.30:464][  0]SourceControl: Source control is disabled
[2017.10.23-16.00.30:531][  0]Cmd: MAP LOAD FILE="../../../../../Unreal Games/ScrumLordRacing/Content/Maps/MainMenu/MainMenu.umap" TEMPLATE=0 SHOWPROGRESS=1 FEATURELEVEL=3
[2017.10.23-16.00.30:586][  0]LightingResults: New page: Lighting Build
[2017.10.23-16.00.30:730][  0]MapCheck: New page: Map Check
[2017.10.23-16.00.30:730][  0]LightingResults: New page: Lighting Build
[2017.10.23-16.00.33:043][  0]LogAIModule: Creating AISystem for world MainMenu
[2017.10.23-16.00.33:179][  0]LogEditorServer: Finished looking for orphan Actors (0.000 secs)
[2017.10.23-16.00.33:318][  0]Cmd: MAP CHECKDEP NOCLEARLOG
[2017.10.23-16.00.33:355][  0]MapCheck: Map check complete: 0 Error(s), 0 Warning(s), took 36.574ms to complete.
[2017.10.23-16.00.33:355][  0]LogFileHelpers: Loading map 'MainMenu' took 2.846
[2017.10.23-16.00.35:168][  0]LogCollectionManager: Loaded 0 collections in 0.000974 seconds
[2017.10.23-16.00.35:339][  0]LogFileCache: Scanning file cache for directory 'D:/Unreal Games/ScrumLordRacing/Saved/Collections/' took 0.01s
[2017.10.23-16.00.35:339][  0]LogFileCache: Scanning file cache for directory 'D:/Unreal Games/ScrumLordRacing/Content/Developers/galla000/Collections/' took 0.01s
[2017.10.23-16.00.35:339][  0]LogFileCache: Scanning file cache for directory 'D:/Unreal Games/ScrumLordRacing/Content/Collections/' took 0.01s
[2017.10.23-16.00.35:339][  0]LogCollectionManager: Rebuilt the GUID cache for 0 collections in 0.000000 seconds
[2017.10.23-16.00.35:348][  0]LogContentBrowser: Native class hierarchy populated in 0.0084 seconds. Added 2388 classes and 503 folders.
[2017.10.23-16.00.35:424][  0]LogContentBrowser: Native class hierarchy updated for 'WidgetCarousel' in 0.0008 seconds. Added 0 classes and 0 folders.
[2017.10.23-16.00.36:410][  0]LogContentBrowser: Native class hierarchy updated for 'AddContentDialog' in 0.0006 seconds. Added 0 classes and 0 folders.
[2017.10.23-16.00.36:519][  0]LogContentBrowser: Native class hierarchy updated for 'SceneOutliner' in 0.0007 seconds. Added 1 classes and 2 folders.
[2017.10.23-16.00.37:913][  0]LogSlate: Took 0.013233 seconds to synchronously load lazily loaded font '../../../Engine/Content/Slate/Fonts/Roboto-Regular.ttf' (155K)
[2017.10.23-16.00.37:941][  0]LogSlate: Took 0.011869 seconds to synchronously load lazily loaded font '../../../Engine/Content/Slate/Fonts/Roboto-Bold.ttf' (160K)
[2017.10.23-16.00.38:019][  0]LogSlate: Took 0.021322 seconds to synchronously load lazily loaded font '../../../Engine/Content/Editor/Slate/Fonts/FontAwesome.ttf' (139K)
[2017.10.23-16.00.38:557][  0]LogRenderer: Reallocating scene render targets to support 1440x744 Format 9 NumSamples 1 (Frame:1).
[2017.10.23-16.00.39:656][  0]LogContentBrowser: Native class hierarchy updated for 'HierarchicalLODOutliner' in 0.0007 seconds. Added 1 classes and 2 folders.
[2017.10.23-16.00.39:656][  0]LogLoad: (Engine Initialization) Total time: 41.34 seconds
[2017.10.23-16.00.39:656][  0]LogLoad: (Engine Initialization) Total Blueprint compile time: 0.00 seconds
[2017.10.23-16.00.39:656][  0]LogExternalProfiler: No external profilers were discovered.  External profiling features will not be available.
[2017.10.23-16.00.39:674][  0]LogRawInputWindows: Warning: Found device 0 devices
[2017.10.23-16.00.39:674][  0]LogRawInputWindows: Warning: Found device 0 devices
[2017.10.23-16.00.39:674][  0]LogRawInputWindows: Warning: Device was registered succesfully but not connected (Usage:4 UsagePage:1
[2017.10.23-16.00.39:674][  0]LogRawInputWindows: Warning: Found device 1 devices
[2017.10.23-16.00.39:674][  0]LogRawInputWindows: Warning: Device was registered succesfully but not connected (Usage:5 UsagePage:1
[2017.10.23-16.00.39:754][  0]LogContentStreaming: Texture pool size now 800 MB
[2017.10.23-16.00.39:954][  2]LogAssetRegistry: Asset discovery search completed in 37.8340 seconds
[2017.10.23-16.00.39:960][  2]LogCollectionManager: Rebuilt the object cache for 0 collections in 0.000001 seconds (found 0 objects)
[2017.10.23-16.00.39:962][  2]LogCollectionManager: Fixed up redirectors for 0 collections in 0.001307 seconds (updated 0 objects)
[2017.10.23-16.00.40:855][ 20]LogSlate: Took 0.020855 seconds to synchronously load lazily loaded font '../../../Engine/Content/Slate/Fonts/Roboto-Light.ttf' (159K)
[2017.10.23-16.00.43:960][123]LogSlate: Took 0.000178 seconds to synchronously load lazily loaded font '../../../Engine/Content/Slate/Fonts/Roboto-Light.ttf' (159K)
[2017.10.23-16.00.59:309][466]LogTemp: Repeating last play command: Selected Viewport
[2017.10.23-16.00.59:703][466]LogBlueprintUserMessages: Early PlayInEditor Detection: Level '/Game/Maps/MainMenu/MainMenu.MainMenu:PersistentLevel' has LevelScriptBlueprint '/Game/Maps/MainMenu/MainMenu.MainMenu:PersistentLevel.MainMenu' with GeneratedClass '/Game/Maps/MainMenu/MainMenu.MainMenu_C' with ClassGeneratedBy '/Game/Maps/MainMenu/MainMenu.MainMenu:PersistentLevel.MainMenu'
[2017.10.23-16.00.59:703][466]LogPlayLevel: PlayLevel: No blueprints needed recompiling
[2017.10.23-16.00.59:729][466]PIE: New page: PIE session: MainMenu (Oct 23, 2017, 8:00:59 AM)
[2017.10.23-16.00.59:729][466]LogPlayLevel: Creating play world package: /Game/Maps/MainMenu/UEDPIE_0_MainMenu
[2017.10.23-16.00.59:757][466]LogPlayLevel: PIE: StaticDuplicateObject took: (0.028156s)
[2017.10.23-16.00.59:757][466]LogAIModule: Creating AISystem for world MainMenu
[2017.10.23-16.00.59:757][466]LogPlayLevel: PIE: World Init took: (0.000536s)
[2017.10.23-16.00.59:758][466]LogPlayLevel: PIE: Created PIE world by copying editor world from /Game/Maps/MainMenu/MainMenu.MainMenu to /Game/Maps/MainMenu/UEDPIE_0_MainMenu.MainMenu (0.028941s)
[2017.10.23-16.00.59:778][466]LogInit: XAudio2 using 'Speakers (Realtek High Definition Audio)' : 2 channels at 48 kHz using 32 bits per sample (channel mask 0x3)
[2017.10.23-16.00.59:786][466]LogInit: FAudioDevice initialized.
[2017.10.23-16.00.59:883][466]LogLoad: Game class is 'VehicleAdvGameMode_C'
[2017.10.23-16.00.59:920][466]LogWorld: Bringing World /Game/Maps/MainMenu/UEDPIE_0_MainMenu.MainMenu up for play (max tick rate 60) at 2017.10.23-12.00.59
[2017.10.23-16.00.59:926][466]LogWorld: Bringing up level for play took: 0.006056
[2017.10.23-16.01.00:047][466]LogContentBrowser: Native class hierarchy updated for 'MovieSceneCapture' in 0.0006 seconds. Added 11 classes and 0 folders.
[2017.10.23-16.01.00:163][466]PIE: Play in editor start time for /Game/Maps/MainMenu/UEDPIE_0_MainMenu 1.328
[2017.10.23-16.01.00:163][466]LogBlueprintUserMessages: Late PlayInEditor Detection: Level '/Game/Maps/MainMenu/MainMenu.MainMenu:PersistentLevel' has LevelScriptBlueprint '/Game/Maps/MainMenu/MainMenu.MainMenu:PersistentLevel.MainMenu' with GeneratedClass '/Game/Maps/MainMenu/MainMenu.MainMenu_C' with ClassGeneratedBy '/Game/Maps/MainMenu/MainMenu.MainMenu:PersistentLevel.MainMenu'
[2017.10.23-16.01.02:023][518]LogNet: Browse: /Game/Maps/MapSelectMenu/MapSelect
[2017.10.23-16.01.02:023][518]LogLoad: LoadMap: /Game/Maps/MapSelectMenu/MapSelect
[2017.10.23-16.01.02:035][518]Cmd: MEM
[2017.10.23-16.01.02:086][518]LogMemory: Platform Memory Stats for Windows
[2017.10.23-16.01.02:086][518]LogMemory: Process Physical Memory: 1027.18 MB used, 1071.89 MB peak
[2017.10.23-16.01.02:086][518]LogMemory: Process Virtual Memory: 970.77 MB used, 1020.53 MB peak
[2017.10.23-16.01.02:086][518]LogMemory: Physical Memory: 7934.64 MB used,  24714.38 MB free, 32649.02 MB total
[2017.10.23-16.01.02:087][518]LogMemory: Virtual Memory: 1852.65 MB used,  24714.38 MB free, 134217728.00 MB total
[2017.10.23-16.01.02:087][518]LogMemory: 
[2017.10.23-16.01.02:087][518]Allocator Stats for TBB: (not implemented)
[2017.10.23-16.01.03:275][518]LogAIModule: Creating AISystem for world MapSelect
[2017.10.23-16.01.03:275][518]LogLoad: Game class is 'VehicleAdvGameMode_C'
[2017.10.23-16.01.03:278][518]LogWorld: Bringing World /Game/Maps/MapSelectMenu/UEDPIE_0_MapSelect.MapSelect up for play (max tick rate 60) at 2017.10.23-12.01.03
[2017.10.23-16.01.03:278][518]LogWorld: Bringing up level for play took: 0.000835
[2017.10.23-16.01.03:278][518]LogGameMode: FindPlayerStart: PATHS NOT DEFINED or NO PLAYERSTART with positive rating
[2017.10.23-16.01.03:299][518]LogLoad: Took 1.275862 seconds to LoadMap(/Game/Maps/MapSelectMenu/MapSelect)
[2017.10.23-16.01.04:065][542]LogNet: Browse: /Game/Maps/TrackOne/TrackOne
[2017.10.23-16.01.04:095][542]LogLoad: LoadMap: /Game/Maps/TrackOne/TrackOne
[2017.10.23-16.01.04:109][542]Cmd: MEM
[2017.10.23-16.01.04:120][542]LogMemory: Platform Memory Stats for Windows
[2017.10.23-16.01.04:120][542]LogMemory: Process Physical Memory: 1155.58 MB used, 1192.82 MB peak
[2017.10.23-16.01.04:120][542]LogMemory: Process Virtual Memory: 1097.34 MB used, 1104.59 MB peak
[2017.10.23-16.01.04:120][542]LogMemory: Physical Memory: 8066.46 MB used,  24582.57 MB free, 32649.02 MB total
[2017.10.23-16.01.04:121][542]LogMemory: Virtual Memory: 1987.09 MB used,  24582.57 MB free, 134217728.00 MB total
[2017.10.23-16.01.04:121][542]LogMemory: 
[2017.10.23-16.01.04:121][542]Allocator Stats for TBB: (not implemented)
[2017.10.23-16.01.07:906][542]LogAIModule: Creating AISystem for world TrackOne
[2017.10.23-16.01.07:906][542]LogLoad: Game class is 'VehicleAdvGameMode_C'
[2017.10.23-16.01.08:234][542]PIE: Warning: Attempting to move a fully simulated skeletal mesh VehicleMesh. Please use the Teleport flag
[2017.10.23-16.01.08:236][542]LogWorld: Bringing World /Game/Maps/TrackOne/UEDPIE_0_TrackOne.TrackOne up for play (max tick rate 60) at 2017.10.23-12.01.08
[2017.10.23-16.01.08:299][542]LogWorld: Bringing up level for play took: 0.390118
[2017.10.23-16.01.08:309][542]LogGameMode: FindPlayerStart: PATHS NOT DEFINED or NO PLAYERSTART with positive rating
[2017.10.23-16.01.08:337][542]LogLoad: Took 4.242485 seconds to LoadMap(/Game/Maps/TrackOne/TrackOne)
[2017.10.23-16.01.16:656][675]PIE: Warning: Invalid Simulate Options: Body (Barrel_82.Destructible 1M_Cube_2_DM) is set to simulate physics but Collision Enabled is incompatible
[2017.10.23-16.01.54:825][323]LogBlueprintUserMessages: Early EndPlayMap Detection: Level '/Game/Maps/MainMenu/MainMenu.MainMenu:PersistentLevel' has LevelScriptBlueprint '/Game/Maps/MainMenu/MainMenu.MainMenu:PersistentLevel.MainMenu' with GeneratedClass '/Game/Maps/MainMenu/MainMenu.MainMenu_C' with ClassGeneratedBy '/Game/Maps/MainMenu/MainMenu.MainMenu:PersistentLevel.MainMenu'
[2017.10.23-16.01.55:231][323]LogBlueprintUserMessages: Late EndPlayMap Detection: Level '/Game/Maps/MainMenu/MainMenu.MainMenu:PersistentLevel' has LevelScriptBlueprint '/Game/Maps/MainMenu/MainMenu.MainMenu:PersistentLevel.MainMenu' with GeneratedClass '/Game/Maps/MainMenu/MainMenu.MainMenu_C' with ClassGeneratedBy '/Game/Maps/MainMenu/MainMenu.MainMenu:PersistentLevel.MainMenu'
[2017.10.23-16.02.04:486][519]LogAIModule: Creating AISystem for world TrackOne
[2017.10.23-16.02.05:117][531]LogSlate: Took 0.000151 seconds to synchronously load lazily loaded font '../../../Engine/Content/Slate/Fonts/Roboto-Light.ttf' (159K)
[2017.10.23-16.02.05:166][531]Cmd: MAP LOAD FILE="../../../../../Unreal Games/ScrumLordRacing/Content/Maps/TrackOne/TrackOne.umap" TEMPLATE=0 SHOWPROGRESS=1 FEATURELEVEL=3
[2017.10.23-16.02.05:167][531]LightingResults: New page: Lighting Build
[2017.10.23-16.02.05:167][531]LoadErrors: New page: Loading map: TrackOne.umap
[2017.10.23-16.02.05:167][531]MapCheck: New page: Map Check
[2017.10.23-16.02.05:168][531]LightingResults: New page: Lighting Build
[2017.10.23-16.02.05:273][531]LogEditorServer: Finished looking for orphan Actors (0.000 secs)
[2017.10.23-16.02.05:356][531]Cmd: MAP CHECKDEP NOCLEARLOG
[2017.10.23-16.02.05:393][531]MapCheck: Map check complete: 0 Error(s), 0 Warning(s), took 37.513ms to complete.
[2017.10.23-16.02.05:394][531]LogFileHelpers: Loading map 'TrackOne' took 0.232
[2017.10.23-16.02.06:939][551]LogTemp: Repeating last play command: Selected Viewport
[2017.10.23-16.02.06:968][551]LogBlueprintUserMessages: Early PlayInEditor Detection: Level '/Game/Maps/TrackOne/TrackOne.TrackOne:PersistentLevel' has LevelScriptBlueprint '/Game/Maps/TrackOne/TrackOne.TrackOne:PersistentLevel.TrackOne' with GeneratedClass '/Game/Maps/TrackOne/TrackOne.TrackOne_C' with ClassGeneratedBy '/Game/Maps/TrackOne/TrackOne.TrackOne:PersistentLevel.TrackOne'
[2017.10.23-16.02.06:968][551]LogPlayLevel: PlayLevel: No blueprints needed recompiling
[2017.10.23-16.02.06:969][551]PIE: New page: PIE session: TrackOne (Oct 23, 2017, 8:02:06 AM)
[2017.10.23-16.02.06:969][551]LogPlayLevel: Creating play world package: /Game/Maps/TrackOne/UEDPIE_0_TrackOne
[2017.10.23-16.02.06:979][551]LogPlayLevel: PIE: StaticDuplicateObject took: (0.010566s)
[2017.10.23-16.02.06:980][551]LogAIModule: Creating AISystem for world TrackOne
[2017.10.23-16.02.06:980][551]LogPlayLevel: PIE: World Init took: (0.000898s)
[2017.10.23-16.02.06:980][551]LogPlayLevel: PIE: Created PIE world by copying editor world from /Game/Maps/TrackOne/TrackOne.TrackOne to /Game/Maps/TrackOne/UEDPIE_0_TrackOne.TrackOne (0.011788s)
[2017.10.23-16.02.06:999][551]LogInit: XAudio2 using 'Speakers (Realtek High Definition Audio)' : 2 channels at 48 kHz using 32 bits per sample (channel mask 0x3)
[2017.10.23-16.02.07:007][551]LogInit: FAudioDevice initialized.
[2017.10.23-16.02.07:119][551]LogLoad: Game class is 'VehicleAdvGameMode_C'
[2017.10.23-16.02.07:127][551]LogWorld: Bringing World /Game/Maps/TrackOne/UEDPIE_0_TrackOne.TrackOne up for play (max tick rate 60) at 2017.10.23-12.02.07
[2017.10.23-16.02.07:128][551]LogWorld: Bringing up level for play took: 0.004956
[2017.10.23-16.02.07:129][551]PIE: Play in editor start time for /Game/Maps/TrackOne/UEDPIE_0_TrackOne 0.293
[2017.10.23-16.02.07:129][551]LogBlueprintUserMessages: Late PlayInEditor Detection: Level '/Game/Maps/TrackOne/TrackOne.TrackOne:PersistentLevel' has LevelScriptBlueprint '/Game/Maps/TrackOne/TrackOne.TrackOne:PersistentLevel.TrackOne' with GeneratedClass '/Game/Maps/TrackOne/TrackOne.TrackOne_C' with ClassGeneratedBy '/Game/Maps/TrackOne/TrackOne.TrackOne:PersistentLevel.TrackOne'
[2017.10.23-16.02.10:331][607]PIE: Warning: Invalid Simulate Options: Body (Barrel_82.Destructible 1M_Cube_2_DM) is set to simulate physics but Collision Enabled is incompatible
[2017.10.23-16.02.16:392][720]LogBlueprintUserMessages: Early EndPlayMap Detection: Level '/Game/Maps/TrackOne/TrackOne.TrackOne:PersistentLevel' has LevelScriptBlueprint '/Game/Maps/TrackOne/TrackOne.TrackOne:PersistentLevel.TrackOne' with GeneratedClass '/Game/Maps/TrackOne/TrackOne.TrackOne_C' with ClassGeneratedBy '/Game/Maps/TrackOne/TrackOne.TrackOne:PersistentLevel.TrackOne'
[2017.10.23-16.02.16:491][720]LogBlueprintUserMessages: Late EndPlayMap Detection: Level '/Game/Maps/TrackOne/TrackOne.TrackOne:PersistentLevel' has LevelScriptBlueprint '/Game/Maps/TrackOne/TrackOne.TrackOne:PersistentLevel.TrackOne' with GeneratedClass '/Game/Maps/TrackOne/TrackOne.TrackOne_C' with ClassGeneratedBy '/Game/Maps/TrackOne/TrackOne.TrackOne:PersistentLevel.TrackOne'
[2017.10.23-16.02.24:314][826]LogEditorViewport: Clicking on Actor (LMB): TrackGenerator_C (TrackGenerator)
[2017.10.23-16.03.05:139][327]LogSlate: Took 0.000115 seconds to synchronously load lazily loaded font '../../../Engine/Content/Slate/Fonts/Roboto-Regular.ttf' (155K)
[2017.10.23-16.03.05:463][327]LogContentBrowser: Native class hierarchy updated for 'BlueprintGraph' in 0.0010 seconds. Added 113 classes and 0 folders.
[2017.10.23-16.03.06:821][327]LogSlate: Took 0.012067 seconds to synchronously load lazily loaded font '../../../Engine/Content/Editor/Slate/Fonts/Roboto-BoldCondensed.ttf' (158K)
[2017.10.23-16.03.15:897][433]LogSlate: Took 0.023827 seconds to synchronously load lazily loaded font '../../../Engine/Content/Editor/Slate/Fonts/Roboto-Italic.ttf' (157K)
[2017.10.23-16.09.03:554][684]LogTemp: Repeating last play command: Selected Viewport
[2017.10.23-16.09.03:604][684]LogBlueprintUserMessages: Early PlayInEditor Detection: Level '/Game/Maps/TrackOne/TrackOne.TrackOne:PersistentLevel' has LevelScriptBlueprint '/Game/Maps/TrackOne/TrackOne.TrackOne:PersistentLevel.TrackOne' with GeneratedClass '/Game/Maps/TrackOne/TrackOne.TrackOne_C' with ClassGeneratedBy '/Game/Maps/TrackOne/TrackOne.TrackOne:PersistentLevel.TrackOne'
[2017.10.23-16.09.03:604][684]LogPlayLevel: PlayLevel: No blueprints needed recompiling
[2017.10.23-16.09.03:604][684]PIE: New page: PIE session: TrackOne (Oct 23, 2017, 8:09:03 AM)
[2017.10.23-16.09.03:604][684]LogPlayLevel: Creating play world package: /Game/Maps/TrackOne/UEDPIE_0_TrackOne
[2017.10.23-16.09.03:613][684]LogPlayLevel: PIE: StaticDuplicateObject took: (0.008842s)
[2017.10.23-16.09.03:614][684]LogAIModule: Creating AISystem for world TrackOne
[2017.10.23-16.09.03:614][684]LogPlayLevel: PIE: World Init took: (0.001013s)
[2017.10.23-16.09.03:614][684]LogPlayLevel: PIE: Created PIE world by copying editor world from /Game/Maps/TrackOne/TrackOne.TrackOne to /Game/Maps/TrackOne/UEDPIE_0_TrackOne.TrackOne (0.010224s)
[2017.10.23-16.09.03:752][684]LogInit: XAudio2 using 'Speakers (Realtek High Definition Audio)' : 2 channels at 48 kHz using 32 bits per sample (channel mask 0x3)
[2017.10.23-16.09.03:759][684]LogInit: FAudioDevice initialized.
[2017.10.23-16.09.03:795][684]LogLoad: Game class is 'VehicleAdvGameMode_C'
[2017.10.23-16.09.03:803][684]LogWorld: Bringing World /Game/Maps/TrackOne/UEDPIE_0_TrackOne.TrackOne up for play (max tick rate 60) at 2017.10.23-12.09.03
[2017.10.23-16.09.03:803][684]LogWorld: Bringing up level for play took: 0.005521
[2017.10.23-16.09.03:805][684]PIE: Play in editor start time for /Game/Maps/TrackOne/UEDPIE_0_TrackOne 0.97
[2017.10.23-16.09.03:805][684]LogBlueprintUserMessages: Late PlayInEditor Detection: Level '/Game/Maps/TrackOne/TrackOne.TrackOne:PersistentLevel' has LevelScriptBlueprint '/Game/Maps/TrackOne/TrackOne.TrackOne:PersistentLevel.TrackOne' with GeneratedClass '/Game/Maps/TrackOne/TrackOne.TrackOne_C' with ClassGeneratedBy '/Game/Maps/TrackOne/TrackOne.TrackOne:PersistentLevel.TrackOne'
[2017.10.23-16.09.05:394][711]LogBlueprintUserMessages: Early EndPlayMap Detection: Level '/Game/Maps/TrackOne/TrackOne.TrackOne:PersistentLevel' has LevelScriptBlueprint '/Game/Maps/TrackOne/TrackOne.TrackOne:PersistentLevel.TrackOne' with GeneratedClass '/Game/Maps/TrackOne/TrackOne.TrackOne_C' with ClassGeneratedBy '/Game/Maps/TrackOne/TrackOne.TrackOne:PersistentLevel.TrackOne'
[2017.10.23-16.09.05:503][711]LogBlueprintUserMessages: Late EndPlayMap Detection: Level '/Game/Maps/TrackOne/TrackOne.TrackOne:PersistentLevel' has LevelScriptBlueprint '/Game/Maps/TrackOne/TrackOne.TrackOne:PersistentLevel.TrackOne' with GeneratedClass '/Game/Maps/TrackOne/TrackOne.TrackOne_C' with ClassGeneratedBy '/Game/Maps/TrackOne/TrackOne.TrackOne:PersistentLevel.TrackOne'
[2017.10.23-16.09.08:385][748]LogAIModule: Creating AISystem for world MapSelect
[2017.10.23-16.09.09:804][748]Cmd: OBJ SAVEPACKAGE PACKAGE="/Game/Maps/TrackOne/TrackOne" FILE="../../../../../Unreal Games/ScrumLordRacing/Content/Maps/TrackOne/TrackOne.umap" SILENT=true AUTOSAVING=false KEEPDIRTY=false
[2017.10.23-16.09.10:111][748]LogSavePackage: Save=128.54ms
[2017.10.23-16.09.10:111][748]LogSavePackage: Moving '../../../../../Unreal Games/ScrumLordRacing/Saved/TrackOne22D529BE4FFD94099D4490B90D9E2B3A.tmp' to '../../../../../Unreal Games/ScrumLordRacing/Content/Maps/TrackOne/TrackOne.umap'
[2017.10.23-16.09.10:162][748]LogSavePackage: Display: Finished SavePackage ../../../../../Unreal Games/ScrumLordRacing/Content/Maps/TrackOne/TrackOne.umap
[2017.10.23-16.09.10:206][748]LogFileHelpers: Saving map 'TrackOne' took 0.493
[2017.10.23-16.09.10:207][748]Cmd: MAP LOAD FILE="../../../../../Unreal Games/ScrumLordRacing/Content/Maps/MapSelectMenu/MapSelect.umap" TEMPLATE=0 SHOWPROGRESS=1 FEATURELEVEL=3
[2017.10.23-16.09.10:207][748]LightingResults: New page: Lighting Build
[2017.10.23-16.09.10:208][748]LoadErrors: New page: Loading map: MapSelect.umap
[2017.10.23-16.09.10:220][748]MapCheck: New page: Map Check
[2017.10.23-16.09.10:220][748]LightingResults: New page: Lighting Build
[2017.10.23-16.09.10:316][748]LogEditorServer: Finished looking for orphan Actors (0.000 secs)
[2017.10.23-16.09.10:373][748]Cmd: MAP CHECKDEP NOCLEARLOG
[2017.10.23-16.09.10:411][748]MapCheck: Map check complete: 0 Error(s), 0 Warning(s), took 38.466ms to complete.
[2017.10.23-16.09.10:412][748]LogFileHelpers: Loading map 'MapSelect' took 0.206
[2017.10.23-16.09.10:910][762]LogTemp: Repeating last play command: Selected Viewport
[2017.10.23-16.09.10:938][762]LogBlueprintUserMessages: Early PlayInEditor Detection: Level '/Game/Maps/MapSelectMenu/MapSelect.MapSelect:PersistentLevel' has LevelScriptBlueprint '/Game/Maps/MapSelectMenu/MapSelect.MapSelect:PersistentLevel.MapSelect' with GeneratedClass '/Game/Maps/MapSelectMenu/MapSelect.MapSelect_C' with ClassGeneratedBy '/Game/Maps/MapSelectMenu/MapSelect.MapSelect:PersistentLevel.MapSelect'
[2017.10.23-16.09.10:938][762]LogPlayLevel: PlayLevel: No blueprints needed recompiling
[2017.10.23-16.09.10:939][762]PIE: New page: PIE session: MapSelect (Oct 23, 2017, 8:09:10 AM)
[2017.10.23-16.09.10:939][762]LogPlayLevel: Creating play world package: /Game/Maps/MapSelectMenu/UEDPIE_0_MapSelect
[2017.10.23-16.09.10:940][762]LogPlayLevel: PIE: StaticDuplicateObject took: (0.000970s)
[2017.10.23-16.09.10:940][762]LogAIModule: Creating AISystem for world MapSelect
[2017.10.23-16.09.10:940][762]LogPlayLevel: PIE: World Init took: (0.000734s)
[2017.10.23-16.09.10:941][762]LogPlayLevel: PIE: Created PIE world by copying editor world from /Game/Maps/MapSelectMenu/MapSelect.MapSelect to /Game/Maps/MapSelectMenu/UEDPIE_0_MapSelect.MapSelect (0.002000s)
[2017.10.23-16.09.10:966][762]LogInit: XAudio2 using 'Speakers (Realtek High Definition Audio)' : 2 channels at 48 kHz using 32 bits per sample (channel mask 0x3)
[2017.10.23-16.09.10:976][762]LogInit: FAudioDevice initialized.
[2017.10.23-16.09.11:015][762]LogLoad: Game class is 'VehicleAdvGameMode_C'
[2017.10.23-16.09.11:019][762]LogWorld: Bringing World /Game/Maps/MapSelectMenu/UEDPIE_0_MapSelect.MapSelect up for play (max tick rate 60) at 2017.10.23-12.09.11
[2017.10.23-16.09.11:019][762]LogWorld: Bringing up level for play took: 0.000864
[2017.10.23-16.09.11:021][762]PIE: Play in editor start time for /Game/Maps/MapSelectMenu/UEDPIE_0_MapSelect 0.185
[2017.10.23-16.09.11:021][762]LogBlueprintUserMessages: Late PlayInEditor Detection: Level '/Game/Maps/MapSelectMenu/MapSelect.MapSelect:PersistentLevel' has LevelScriptBlueprint '/Game/Maps/MapSelectMenu/MapSelect.MapSelect:PersistentLevel.MapSelect' with GeneratedClass '/Game/Maps/MapSelectMenu/MapSelect.MapSelect_C' with ClassGeneratedBy '/Game/Maps/MapSelectMenu/MapSelect.MapSelect:PersistentLevel.MapSelect'
[2017.10.23-16.09.12:013][794]LogNet: Browse: /Game/Maps/TrackOne/TrackOne
[2017.10.23-16.09.12:046][794]LogLoad: LoadMap: /Game/Maps/TrackOne/TrackOne
[2017.10.23-16.09.12:068][794]Cmd: MEM
[2017.10.23-16.09.12:086][794]LogMemory: Platform Memory Stats for Windows
[2017.10.23-16.09.12:086][794]LogMemory: Process Physical Memory: 1711.32 MB used, 1731.94 MB peak
[2017.10.23-16.09.12:086][794]LogMemory: Process Virtual Memory: 1691.59 MB used, 1706.47 MB peak
[2017.10.23-16.09.12:086][794]LogMemory: Physical Memory: 8667.12 MB used,  23981.91 MB free, 32649.02 MB total
[2017.10.23-16.09.12:086][794]LogMemory: Virtual Memory: 2585.38 MB used,  23981.91 MB free, 134217728.00 MB total
[2017.10.23-16.09.12:086][794]LogMemory: 
[2017.10.23-16.09.12:086][794]Allocator Stats for TBB: (not implemented)
[2017.10.23-16.09.12:150][794]LogAIModule: Creating AISystem for world TrackOne
[2017.10.23-16.09.12:151][794]LogLoad: Game class is 'VehicleAdvGameMode_C'
[2017.10.23-16.09.12:166][794]PIE: Warning: Attempting to move a fully simulated skeletal mesh VehicleMesh. Please use the Teleport flag
[2017.10.23-16.09.12:167][794]LogWorld: Bringing World /Game/Maps/TrackOne/UEDPIE_0_TrackOne.TrackOne up for play (max tick rate 60) at 2017.10.23-12.09.12
[2017.10.23-16.09.12:168][794]LogWorld: Bringing up level for play took: 0.014093
[2017.10.23-16.09.12:168][794]LogGameMode: FindPlayerStart: PATHS NOT DEFINED or NO PLAYERSTART with positive rating
[2017.10.23-16.09.12:169][794]LogLoad: Took 0.122942 seconds to LoadMap(/Game/Maps/TrackOne/TrackOne)
[2017.10.23-16.09.17:391][885]PIE: Warning: Invalid Simulate Options: Body (Barrel_82.Destructible 1M_Cube_2_DM) is set to simulate physics but Collision Enabled is incompatible
[2017.10.23-16.09.22:844][984]LogBlueprintUserMessages: Early EndPlayMap Detection: Level '/Game/Maps/MapSelectMenu/MapSelect.MapSelect:PersistentLevel' has LevelScriptBlueprint '/Game/Maps/MapSelectMenu/MapSelect.MapSelect:PersistentLevel.MapSelect' with GeneratedClass '/Game/Maps/MapSelectMenu/MapSelect.MapSelect_C' with ClassGeneratedBy '/Game/Maps/MapSelectMenu/MapSelect.MapSelect:PersistentLevel.MapSelect'
[2017.10.23-16.09.22:942][984]LogBlueprintUserMessages: Late EndPlayMap Detection: Level '/Game/Maps/MapSelectMenu/MapSelect.MapSelect:PersistentLevel' has LevelScriptBlueprint '/Game/Maps/MapSelectMenu/MapSelect.MapSelect:PersistentLevel.MapSelect' with GeneratedClass '/Game/Maps/MapSelectMenu/MapSelect.MapSelect_C' with ClassGeneratedBy '/Game/Maps/MapSelectMenu/MapSelect.MapSelect:PersistentLevel.MapSelect'
[2017.10.23-16.09.25:610][ 44]LogAIModule: Creating AISystem for world TrackOne
[2017.10.23-16.09.25:639][ 44]Cmd: MAP LOAD FILE="../../../../../Unreal Games/ScrumLordRacing/Content/Maps/TrackOne/TrackOne.umap" TEMPLATE=0 SHOWPROGRESS=1 FEATURELEVEL=3
[2017.10.23-16.09.25:639][ 44]LightingResults: New page: Lighting Build
[2017.10.23-16.09.25:639][ 44]LoadErrors: New page: Loading map: TrackOne.umap
[2017.10.23-16.09.25:640][ 44]MapCheck: New page: Map Check
[2017.10.23-16.09.25:640][ 44]LightingResults: New page: Lighting Build
[2017.10.23-16.09.25:763][ 44]LogEditorServer: Finished looking for orphan Actors (0.000 secs)
[2017.10.23-16.09.25:813][ 44]Cmd: MAP CHECKDEP NOCLEARLOG
[2017.10.23-16.09.25:854][ 44]MapCheck: Map check complete: 0 Error(s), 0 Warning(s), took 40.511ms to complete.
[2017.10.23-16.09.25:855][ 44]LogFileHelpers: Loading map 'TrackOne' took 0.218
[2017.10.23-16.09.29:792][ 95]LogEditorViewport: Clicking on Actor (LMB): TrackGenerator_C (TrackGenerator)
[2017.10.23-16.09.43:145][275]LogTemp: Repeating last play command: Selected Viewport
[2017.10.23-16.09.43:181][275]LogBlueprintUserMessages: Early PlayInEditor Detection: Level '/Game/Maps/TrackOne/TrackOne.TrackOne:PersistentLevel' has LevelScriptBlueprint '/Game/Maps/TrackOne/TrackOne.TrackOne:PersistentLevel.TrackOne' with GeneratedClass '/Game/Maps/TrackOne/TrackOne.TrackOne_C' with ClassGeneratedBy '/Game/Maps/TrackOne/TrackOne.TrackOne:PersistentLevel.TrackOne'
[2017.10.23-16.09.43:181][275]LogPlayLevel: PlayLevel: No blueprints needed recompiling
[2017.10.23-16.09.43:181][275]PIE: New page: PIE session: TrackOne (Oct 23, 2017, 8:09:43 AM)
[2017.10.23-16.09.43:181][275]LogPlayLevel: Creating play world package: /Game/Maps/TrackOne/UEDPIE_0_TrackOne
[2017.10.23-16.09.43:229][275]LogPlayLevel: PIE: StaticDuplicateObject took: (0.048301s)
[2017.10.23-16.09.43:230][275]LogAIModule: Creating AISystem for world TrackOne
[2017.10.23-16.09.43:230][275]LogPlayLevel: PIE: World Init took: (0.000968s)
[2017.10.23-16.09.43:231][275]LogPlayLevel: PIE: Created PIE world by copying editor world from /Game/Maps/TrackOne/TrackOne.TrackOne to /Game/Maps/TrackOne/UEDPIE_0_TrackOne.TrackOne (0.049647s)
[2017.10.23-16.09.43:261][275]LogInit: XAudio2 using 'Speakers (Realtek High Definition Audio)' : 2 channels at 48 kHz using 32 bits per sample (channel mask 0x3)
[2017.10.23-16.09.43:273][275]LogInit: FAudioDevice initialized.
[2017.10.23-16.09.43:308][275]LogLoad: Game class is 'VehicleAdvGameMode_C'
[2017.10.23-16.09.43:317][275]LogWorld: Bringing World /Game/Maps/TrackOne/UEDPIE_0_TrackOne.TrackOne up for play (max tick rate 60) at 2017.10.23-12.09.43
[2017.10.23-16.09.43:318][275]LogWorld: Bringing up level for play took: 0.005601
[2017.10.23-16.09.43:319][275]PIE: Play in editor start time for /Game/Maps/TrackOne/UEDPIE_0_TrackOne 0.484
[2017.10.23-16.09.43:319][275]LogBlueprintUserMessages: Late PlayInEditor Detection: Level '/Game/Maps/TrackOne/TrackOne.TrackOne:PersistentLevel' has LevelScriptBlueprint '/Game/Maps/TrackOne/TrackOne.TrackOne:PersistentLevel.TrackOne' with GeneratedClass '/Game/Maps/TrackOne/TrackOne.TrackOne_C' with ClassGeneratedBy '/Game/Maps/TrackOne/TrackOne.TrackOne:PersistentLevel.TrackOne'
[2017.10.23-16.09.45:190][308]LogBlueprintUserMessages: Early EndPlayMap Detection: Level '/Game/Maps/TrackOne/TrackOne.TrackOne:PersistentLevel' has LevelScriptBlueprint '/Game/Maps/TrackOne/TrackOne.TrackOne:PersistentLevel.TrackOne' with GeneratedClass '/Game/Maps/TrackOne/TrackOne.TrackOne_C' with ClassGeneratedBy '/Game/Maps/TrackOne/TrackOne.TrackOne:PersistentLevel.TrackOne'
[2017.10.23-16.09.45:302][308]LogBlueprintUserMessages: Late EndPlayMap Detection: Level '/Game/Maps/TrackOne/TrackOne.TrackOne:PersistentLevel' has LevelScriptBlueprint '/Game/Maps/TrackOne/TrackOne.TrackOne:PersistentLevel.TrackOne' with GeneratedClass '/Game/Maps/TrackOne/TrackOne.TrackOne_C' with ClassGeneratedBy '/Game/Maps/TrackOne/TrackOne.TrackOne:PersistentLevel.TrackOne'
[2017.10.23-16.09.52:063][397]LogAIModule: Creating AISystem for world MapSelect
[2017.10.23-16.09.53:533][397]Cmd: OBJ SAVEPACKAGE PACKAGE="/Game/Maps/TrackOne/TrackOne" FILE="../../../../../Unreal Games/ScrumLordRacing/Content/Maps/TrackOne/TrackOne.umap" SILENT=true AUTOSAVING=false KEEPDIRTY=false
[2017.10.23-16.09.53:676][397]LogSavePackage: Save=121.01ms
[2017.10.23-16.09.53:676][397]LogSavePackage: Moving '../../../../../Unreal Games/ScrumLordRacing/Saved/TrackOneEDE2F0DE48AED01A2293BE93C56242F5.tmp' to '../../../../../Unreal Games/ScrumLordRacing/Content/Maps/TrackOne/TrackOne.umap'
[2017.10.23-16.09.53:678][397]LogSavePackage: Display: Finished SavePackage ../../../../../Unreal Games/ScrumLordRacing/Content/Maps/TrackOne/TrackOne.umap
[2017.10.23-16.09.53:712][397]LogFileHelpers: Saving map 'TrackOne' took 0.220
[2017.10.23-16.09.53:713][397]Cmd: MAP LOAD FILE="../../../../../Unreal Games/ScrumLordRacing/Content/Maps/MapSelectMenu/MapSelect.umap" TEMPLATE=0 SHOWPROGRESS=1 FEATURELEVEL=3
[2017.10.23-16.09.53:713][397]LightingResults: New page: Lighting Build
[2017.10.23-16.09.53:714][397]LoadErrors: New page: Loading map: MapSelect.umap
[2017.10.23-16.09.53:715][397]MapCheck: New page: Map Check
[2017.10.23-16.09.53:715][397]LightingResults: New page: Lighting Build
[2017.10.23-16.09.53:820][397]LogEditorServer: Finished looking for orphan Actors (0.000 secs)
[2017.10.23-16.09.53:869][397]Cmd: MAP CHECKDEP NOCLEARLOG
[2017.10.23-16.09.53:908][397]MapCheck: Map check complete: 0 Error(s), 0 Warning(s), took 39.211ms to complete.
[2017.10.23-16.09.53:908][397]LogFileHelpers: Loading map 'MapSelect' took 0.197
[2017.10.23-16.09.55:228][433]LogTemp: Repeating last play command: Selected Viewport
[2017.10.23-16.09.55:257][433]LogBlueprintUserMessages: Early PlayInEditor Detection: Level '/Game/Maps/MapSelectMenu/MapSelect.MapSelect:PersistentLevel' has LevelScriptBlueprint '/Game/Maps/MapSelectMenu/MapSelect.MapSelect:PersistentLevel.MapSelect' with GeneratedClass '/Game/Maps/MapSelectMenu/MapSelect.MapSelect_C' with ClassGeneratedBy '/Game/Maps/MapSelectMenu/MapSelect.MapSelect:PersistentLevel.MapSelect'
[2017.10.23-16.09.55:257][433]LogPlayLevel: PlayLevel: No blueprints needed recompiling
[2017.10.23-16.09.55:257][433]PIE: New page: PIE session: MapSelect (Oct 23, 2017, 8:09:55 AM)
[2017.10.23-16.09.55:258][433]LogPlayLevel: Creating play world package: /Game/Maps/MapSelectMenu/UEDPIE_0_MapSelect
[2017.10.23-16.09.55:259][433]LogPlayLevel: PIE: StaticDuplicateObject took: (0.001034s)
[2017.10.23-16.09.55:259][433]LogAIModule: Creating AISystem for world MapSelect
[2017.10.23-16.09.55:260][433]LogPlayLevel: PIE: World Init took: (0.000974s)
[2017.10.23-16.09.55:260][433]LogPlayLevel: PIE: Created PIE world by copying editor world from /Game/Maps/MapSelectMenu/MapSelect.MapSelect to /Game/Maps/MapSelectMenu/UEDPIE_0_MapSelect.MapSelect (0.002386s)
[2017.10.23-16.09.55:287][433]LogInit: XAudio2 using 'Speakers (Realtek High Definition Audio)' : 2 channels at 48 kHz using 32 bits per sample (channel mask 0x3)
[2017.10.23-16.09.55:299][433]LogInit: FAudioDevice initialized.
[2017.10.23-16.09.55:331][433]LogLoad: Game class is 'VehicleAdvGameMode_C'
[2017.10.23-16.09.55:335][433]LogWorld: Bringing World /Game/Maps/MapSelectMenu/UEDPIE_0_MapSelect.MapSelect up for play (max tick rate 60) at 2017.10.23-12.09.55
[2017.10.23-16.09.55:335][433]LogWorld: Bringing up level for play took: 0.000978
[2017.10.23-16.09.55:337][433]PIE: Play in editor start time for /Game/Maps/MapSelectMenu/UEDPIE_0_MapSelect 0.502
[2017.10.23-16.09.55:337][433]LogBlueprintUserMessages: Late PlayInEditor Detection: Level '/Game/Maps/MapSelectMenu/MapSelect.MapSelect:PersistentLevel' has LevelScriptBlueprint '/Game/Maps/MapSelectMenu/MapSelect.MapSelect:PersistentLevel.MapSelect' with GeneratedClass '/Game/Maps/MapSelectMenu/MapSelect.MapSelect_C' with ClassGeneratedBy '/Game/Maps/MapSelectMenu/MapSelect.MapSelect:PersistentLevel.MapSelect'
[2017.10.23-16.09.57:296][498]LogNet: Browse: /Game/Maps/TrackOne/TrackOne
[2017.10.23-16.09.57:324][498]LogLoad: LoadMap: /Game/Maps/TrackOne/TrackOne
[2017.10.23-16.09.57:347][498]Cmd: MEM
[2017.10.23-16.09.57:367][498]LogMemory: Platform Memory Stats for Windows
[2017.10.23-16.09.57:367][498]LogMemory: Process Physical Memory: 1714.98 MB used, 1754.06 MB peak
[2017.10.23-16.09.57:367][498]LogMemory: Process Virtual Memory: 1695.85 MB used, 1736.06 MB peak
[2017.10.23-16.09.57:367][498]LogMemory: Physical Memory: 8664.74 MB used,  23984.29 MB free, 32649.02 MB total
[2017.10.23-16.09.57:367][498]LogMemory: Virtual Memory: 2594.79 MB used,  23984.29 MB free, 134217728.00 MB total
[2017.10.23-16.09.57:367][498]LogMemory: 
[2017.10.23-16.09.57:367][498]Allocator Stats for TBB: (not implemented)
[2017.10.23-16.09.57:428][498]LogAIModule: Creating AISystem for world TrackOne
[2017.10.23-16.09.57:428][498]LogLoad: Game class is 'VehicleAdvGameMode_C'
[2017.10.23-16.09.57:447][498]PIE: Warning: Attempting to move a fully simulated skeletal mesh VehicleMesh. Please use the Teleport flag
[2017.10.23-16.09.57:448][498]LogWorld: Bringing World /Game/Maps/TrackOne/UEDPIE_0_TrackOne.TrackOne up for play (max tick rate 60) at 2017.10.23-12.09.57
[2017.10.23-16.09.57:449][498]LogWorld: Bringing up level for play took: 0.017476
[2017.10.23-16.09.57:449][498]LogGameMode: FindPlayerStart: PATHS NOT DEFINED or NO PLAYERSTART with positive rating
[2017.10.23-16.09.57:450][498]LogLoad: Took 0.125799 seconds to LoadMap(/Game/Maps/TrackOne/TrackOne)
[2017.10.23-16.10.02:488][587]PIE: Warning: Invalid Simulate Options: Body (Barrel_82.Destructible 1M_Cube_2_DM) is set to simulate physics but Collision Enabled is incompatible
[2017.10.23-16.10.34:382][179]LogBlueprintUserMessages: [VehicleBlueprint] Reset
[2017.10.23-16.10.39:113][271]LogBlueprintUserMessages: [VehicleBlueprint] Reset
[2017.10.23-16.12.04:164][855]LogBlueprintUserMessages: Early EndPlayMap Detection: Level '/Game/Maps/MapSelectMenu/MapSelect.MapSelect:PersistentLevel' has LevelScriptBlueprint '/Game/Maps/MapSelectMenu/MapSelect.MapSelect:PersistentLevel.MapSelect' with GeneratedClass '/Game/Maps/MapSelectMenu/MapSelect.MapSelect_C' with ClassGeneratedBy '/Game/Maps/MapSelectMenu/MapSelect.MapSelect:PersistentLevel.MapSelect'
[2017.10.23-16.12.04:264][855]LogBlueprintUserMessages: Late EndPlayMap Detection: Level '/Game/Maps/MapSelectMenu/MapSelect.MapSelect:PersistentLevel' has LevelScriptBlueprint '/Game/Maps/MapSelectMenu/MapSelect.MapSelect:PersistentLevel.MapSelect' with GeneratedClass '/Game/Maps/MapSelectMenu/MapSelect.MapSelect_C' with ClassGeneratedBy '/Game/Maps/MapSelectMenu/MapSelect.MapSelect:PersistentLevel.MapSelect'
[2017.10.23-16.14.30:347][308]LogMetaData: Removing '/Game/Data/AIPath.AIPath:UserConstructionScript.K2Node_FunctionEntry_0' ref from Metadata '/Game/Data/NewBlueprint.PackageMetaData'
[2017.10.23-16.14.30:347][308]LogMetaData: Removing '/Game/Data/AIPath.SKEL_AIPath_C' ref from Metadata '/Game/Data/NewBlueprint.PackageMetaData'
[2017.10.23-16.14.30:347][308]LogMetaData: Removing '/Game/Data/AIPath.AIPath_C' ref from Metadata '/Game/Data/NewBlueprint.PackageMetaData'
[2017.10.23-16.14.30:347][308]LogMetaData: Removing '/Game/Data/AIPath.AIPath:EventGraph.K2Node_Event_0' ref from Metadata '/Game/Data/NewBlueprint.PackageMetaData'
[2017.10.23-16.14.30:347][308]LogMetaData: Removing '/Game/Data/AIPath.AIPath:EventGraph.K2Node_Event_1' ref from Metadata '/Game/Data/NewBlueprint.PackageMetaData'
[2017.10.23-16.14.30:347][308]LogMetaData: Removing '/Game/Data/AIPath.AIPath:EventGraph.K2Node_Event_2' ref from Metadata '/Game/Data/NewBlueprint.PackageMetaData'
[2017.10.23-16.14.30:417][308]Cmd: OBJ SAVEPACKAGE PACKAGE="/Game/Data/AIPath" FILE="../../../../../Unreal Games/ScrumLordRacing/Content/Data/AIPath.uasset" SILENT=true
[2017.10.23-16.14.30:430][308]LogSavePackage: Save=11.35ms
[2017.10.23-16.14.30:430][308]LogSavePackage: Moving '../../../../../Unreal Games/ScrumLordRacing/Saved/AIPathE530BE5D462E65536B8D6CB226AD7608.tmp' to '../../../../../Unreal Games/ScrumLordRacing/Content/Data/AIPath.uasset'
[2017.10.23-16.14.30:432][308]LogSavePackage: Display: Finished SavePackage ../../../../../Unreal Games/ScrumLordRacing/Content/Data/AIPath.uasset
[2017.10.23-16.14.37:138][439]LogRenderer: Reallocating scene render targets to support 1524x744 Format 9 NumSamples 1 (Frame:1).
[2017.10.23-16.14.45:894][549]PIE: Warning: AttachTo: '/Engine/Transient.World_2:PersistentLevel.AIPath_C_0.DefaultSceneRoot' is not static  (in blueprint "AIPath"), cannot attach '/Engine/Transient.World_2:PersistentLevel.AIPath_C_0.SplineMesh' which is static to it. Aborting.
[2017.10.23-16.14.45:933][549]PIE: Warning: AttachTo: '/Engine/Transient.World_2:PersistentLevel.AIPath_C_0.DefaultSceneRoot' is not static  (in blueprint "AIPath"), cannot attach '/Engine/Transient.World_2:PersistentLevel.AIPath_C_0.SplineMesh' which is static to it. Aborting.
[2017.10.23-16.17.03:980][933]LogSlate: Took 0.015314 seconds to synchronously load lazily loaded font '../../../Engine/Content/Editor/Slate/Fonts/Roboto-BoldCondensedItalic.ttf' (160K)
[2017.10.23-16.22.01:180][316]LogFileHelpers: Editor autosave (incl. sublevels) for '/Game/Maps/MapSelectMenu/MapSelect' took 0.023
[2017.10.23-16.22.01:517][316]OBJ SavePackage: Generating thumbnails for [0] asset(s) in package [/Game/Data/AIPath] ([1] browsable assets)...
[2017.10.23-16.22.01:518][316]OBJ SavePackage: Finished generating thumbnails for package [/Game/Data/AIPath]
[2017.10.23-16.22.01:518][316]Cmd: OBJ SAVEPACKAGE PACKAGE="/Game/Data/AIPath" FILE="../../../../../Unreal Games/ScrumLordRacing/Saved/Autosaves/Game/Data/AIPath_Auto1.uasset" SILENT=false AUTOSAVING=true
[2017.10.23-16.22.01:553][316]LogSavePackage: Save=23.82ms
[2017.10.23-16.22.01:553][316]LogSavePackage: Moving '../../../../../Unreal Games/ScrumLordRacing/Saved/AIPath_Auto18FB525F6418C44808D8D4D8E7F2B9EEF.tmp' to '../../../../../Unreal Games/ScrumLordRacing/Saved/Autosaves/Game/Data/AIPath_Auto1.uasset'
[2017.10.23-16.22.01:553][316]LogSavePackage: Display: Finished SavePackage ../../../../../Unreal Games/ScrumLordRacing/Saved/Autosaves/Game/Data/AIPath_Auto1.uasset
[2017.10.23-16.22.01:553][316]LogFileHelpers: Auto-saving content packages took 0.373
