Log file open, 10/11/17 00:07:25
LogInit:Display: Running engine for game: ScrumLordRacing
LogPlatformFile: Not using cached read wrapper
LogInit:Display: RandInit(-1156272162) SRandInit(-1156272162).
LogTaskGraph: Started task graph with 5 named threads and 8 total threads with 1 sets of task threads.
LogStats: Stats thread started at 0.086052
LogInit: Using libcurl 7.47.1
LogInit:  - built for x86_64-pc-win32
LogInit:  - supports SSL with OpenSSL/1.0.2g
LogInit:  - supports HTTP deflate (compression) using libz 1.2.8
LogInit:  - other features:
LogInit:      CURL_VERSION_SSL
LogInit:      CURL_VERSION_LIBZ
LogInit:      CURL_VERSION_IPV6
LogInit:      CURL_VERSION_ASYNCHDNS
LogInit:      CURL_VERSION_LARGEFILE
LogInit:      CURL_VERSION_IDN
LogInit:  CurlRequestOptions (configurable via config and command line):
LogInit:  - bVerifyPeer = false  - Libcurl will NOT verify peer certificate
LogInit:  - bUseHttpProxy = false  - Libcurl will NOT use HTTP proxy
LogInit:  - bDontReuseConnections = false  - Libcurl will reuse connections
LogInit:  - CertBundlePath = nullptr  - Libcurl will use whatever was configured at build time.
LogInit: Build: ++UE4+Release-4.16-CL-3561208
LogInit: Engine Version: 4.16.3-3561208+++UE4+Release-4.16
LogInit: Compatible Engine Version: 4.16.0-3452394+++UE4+Release-4.16
LogInit: Net CL: 3452394
LogDevObjectVersion: Number of dev versions registered: 16
LogDevObjectVersion:   Dev-Blueprints (B0D832E4-1F89-4F0D-ACCF-7EB736FD4AA2): 9
LogDevObjectVersion:   Dev-Build (E1C64328-A22C-4D53-A36C-8E866417BD8C): 0
LogDevObjectVersion:   Dev-Core (375EC13C-06E4-48FB-B500-84F0262A717E): 2
LogDevObjectVersion:   Dev-Editor (E4B068ED-F494-42E9-A231-DA0B2E46BB41): 17
LogDevObjectVersion:   Dev-Framework (CFFC743F-43B0-4480-9391-14DF171D2073): 23
LogDevObjectVersion:   Dev-Mobile (B02B49B5-BB20-44E9-A304-32B752E40360): 0
LogDevObjectVersion:   Dev-Networking (A4E4105C-59A1-49B5-A7C5-40C4547EDFEE): 0
LogDevObjectVersion:   Dev-Online (39C831C9-5AE6-47DC-9A44-9C173E1C8E7C): 0
LogDevObjectVersion:   Dev-Physics (78F01B33-EBEA-4F98-B9B4-84EACCB95AA2): 0
LogDevObjectVersion:   Dev-Platform (6631380F-2D4D-43E0-8009-CF276956A95A): 0
LogDevObjectVersion:   Dev-Rendering (12F88B9F-8875-4AFC-A67C-D90C383ABD29): 15
LogDevObjectVersion:   Dev-Sequencer (7B5AE74C-D270-4C10-A958-57980B212A5A): 4
LogDevObjectVersion:   Dev-VR (D7296918-1DD6-4BDD-9DE2-64A83CC13884): 0
LogDevObjectVersion:   Dev-LoadTimes (C2A15278-BFE7-4AFE-6C17-90FF531DF755): 1
LogDevObjectVersion:   Private-Geometry (6EACA3D4-40EC-4CC1-B786-8BED09428FC5): 1
LogDevObjectVersion:   Dev-AnimPhys (29E575DD-E0A3-4627-9D10-D276232CDCEA): 3
LogInit: Compiled (64-bit): Jul 28 2017 11:49:47
LogInit: Compiled with Visual C++: 19.00.24215.01
LogInit: Build Configuration: Development
LogInit: Branch Name: ++UE4+Release-4.16
LogInit: Command line:  
LogInit: Base directory: C:/Program Files/Epic Games/UE_4.16/Engine/Binaries/Win64/
LogInit: Installed Engine Build: 1
LogInit: Presizing for max 8388607 objects, including 0 objects not considered by GC, pre-allocating 0 bytes for permanent pool.
LogInit: Object subsystem initialized
[2017.10.11-04.07.25:908][  0]LogInit: Selected Device Profile: [Windows]
[2017.10.11-04.07.25:908][  0]LogInit: Applying CVar settings loaded from the selected device profile: [Windows]
[2017.10.11-04.07.25:918][  0]LogInit: Computer: ALEX
[2017.10.11-04.07.25:918][  0]LogInit: User: galla000
[2017.10.11-04.07.25:918][  0]LogInit: CPU Page size=4096, Cores=4
[2017.10.11-04.07.25:918][  0]LogInit: High frequency timer resolution =2.825497 MHz
[2017.10.11-04.07.25:919][  0]LogMemory: Memory total: Physical=31.9GB (32GB approx)
[2017.10.11-04.07.25:919][  0]LogMemory: Platform Memory Stats for Windows
[2017.10.11-04.07.25:919][  0]LogMemory: Process Physical Memory: 269.82 MB used, 269.82 MB peak
[2017.10.11-04.07.25:919][  0]LogMemory: Process Virtual Memory: 260.67 MB used, 260.67 MB peak
[2017.10.11-04.07.25:919][  0]LogMemory: Physical Memory: 5962.10 MB used,  26686.93 MB free, 32649.02 MB total
[2017.10.11-04.07.25:919][  0]LogMemory: Virtual Memory: 621.52 MB used,  26686.93 MB free, 134217728.00 MB total
[2017.10.11-04.07.25:973][  0]LogInit: Using OS detected language (en-US).
[2017.10.11-04.07.25:973][  0]LogInit: Using OS detected locale (en-US).
[2017.10.11-04.07.25:975][  0]LogTextLocalizationManager: No specific localization for 'en-US' exists, so the 'en' localization will be used.
[2017.10.11-04.07.26:775][  0]LogD3D11RHI: D3D11 adapters:
[2017.10.11-04.07.26:785][  0]LogD3D11RHI:    0. 'Intel(R) HD Graphics 4600' (Feature Level 11_0)
[2017.10.11-04.07.26:785][  0]LogD3D11RHI:       4054/0/16324 MB DedicatedVideo/DedicatedSystem/SharedSystem, Outputs:1, VendorId:0x8086
[2017.10.11-04.07.26:786][  0]LogD3D11RHI:    1. 'Microsoft Basic Render Driver' (Feature Level 11_0)
[2017.10.11-04.07.26:786][  0]LogD3D11RHI:       0/0/256 MB DedicatedVideo/DedicatedSystem/SharedSystem, Outputs:0, VendorId:0x1414
[2017.10.11-04.07.26:786][  0]LogD3D11RHI: Chosen D3D11 Adapter: 0
[2017.10.11-04.07.26:790][  0]LogD3D11RHI: Creating new Direct3DDevice
[2017.10.11-04.07.26:790][  0]LogD3D11RHI:     GPU DeviceId: 0x416 (for the marketing name, search the web for "GPU Device Id")
[2017.10.11-04.07.26:790][  0]LogWindows: EnumDisplayDevices:
[2017.10.11-04.07.26:791][  0]LogWindows:    0. 'Intel(R) HD Graphics 4600' (P:1 D:1)
[2017.10.11-04.07.26:791][  0]LogWindows:    1. 'Intel(R) HD Graphics 4600' (P:0 D:0)
[2017.10.11-04.07.26:791][  0]LogWindows:    2. 'Intel(R) HD Graphics 4600' (P:0 D:0)
[2017.10.11-04.07.26:791][  0]LogWindows:    3. 'Intel(R) HD Graphics 4600' (P:0 D:0)
[2017.10.11-04.07.26:791][  0]LogWindows: DebugString: FoundDriverCount:4 
[2017.10.11-04.07.26:791][  0]LogD3D11RHI:     Adapter Name: Intel(R) HD Graphics 4600
[2017.10.11-04.07.26:791][  0]LogD3D11RHI:   Driver Version: 10.18.10.3304 (internal:10.18.10.3304, unified:10.18.10.3304)
[2017.10.11-04.07.26:791][  0]LogD3D11RHI:      Driver Date: 9-9-2013
[2017.10.11-04.07.26:791][  0]LogRHI: Texture pool is 1361 MB (70% of 1945 MB)
[2017.10.11-04.07.26:801][  0]LogD3D11RHI: Async texture creation enabled
[2017.10.11-04.07.26:810][  0]LogD3D11RHI: GPU Timing Frequency: 12.500000 (Debug: 2 1)
[2017.10.11-04.07.26:811][  0]LogShaderCompilers: Guid format shader working directory is 19 characters bigger than the processId version (D:/Unreal Games/ScrumLordRacing/Intermediate/Shaders/WorkingDirectory/8632/).
[2017.10.11-04.07.26:811][  0]LogShaderCompilers: Cleaned the shader compiler working directory 'C:/Users/galla_000/AppData/Local/Temp/UnrealShaderWorkingDir/E6CF97E845D7BD36BE18788F1C89A92C/'.
[2017.10.11-04.07.26:811][  0]LogShaderCompilers:Display: Using Local Shader Compiler.
[2017.10.11-04.07.27:704][  0]LogTemp:Display: Loaded TP AllDesktopTargetPlatform
[2017.10.11-04.07.27:742][  0]LogTemp:Display: Loaded TP MacClientTargetPlatform
[2017.10.11-04.07.27:779][  0]LogTemp:Display: Loaded TP MacNoEditorTargetPlatform
[2017.10.11-04.07.27:818][  0]LogTemp:Display: Loaded TP MacServerTargetPlatform
[2017.10.11-04.07.27:856][  0]LogTemp:Display: Loaded TP MacTargetPlatform
[2017.10.11-04.07.27:895][  0]LogTemp:Display: Loaded TP WindowsClientTargetPlatform
[2017.10.11-04.07.27:935][  0]LogTemp:Display: Loaded TP WindowsNoEditorTargetPlatform
[2017.10.11-04.07.27:976][  0]LogTemp:Display: Loaded TP WindowsServerTargetPlatform
[2017.10.11-04.07.28:010][  0]LogTemp:Display: Loaded TP WindowsTargetPlatform
[2017.10.11-04.07.28:050][  0]LogTemp:Display: Loaded TP AndroidTargetPlatform
[2017.10.11-04.07.28:087][  0]LogTemp:Display: Loaded TP Android_ASTCTargetPlatform
[2017.10.11-04.07.28:125][  0]LogTemp:Display: Loaded TP Android_ATCTargetPlatform
[2017.10.11-04.07.28:163][  0]LogTemp:Display: Loaded TP Android_DXTTargetPlatform
[2017.10.11-04.07.28:202][  0]LogTemp:Display: Loaded TP Android_ETC1TargetPlatform
[2017.10.11-04.07.28:240][  0]LogTemp:Display: Loaded TP Android_ETC2TargetPlatform
[2017.10.11-04.07.28:317][  0]LogTemp:Display: Loaded TP Android_MultiTargetPlatform
[2017.10.11-04.07.28:317][  0]LogTemp:Display: Loaded TP Android_PVRTCTargetPlatform
[2017.10.11-04.07.28:348][  0]LogTemp:Display: Loaded TP HTML5TargetPlatform
[2017.10.11-04.07.28:423][  0]LogTemp:Display: Loaded TP IOSTargetPlatform
[2017.10.11-04.07.28:447][  0]LogTemp:Display: Loaded TP TVOSTargetPlatform
[2017.10.11-04.07.28:485][  0]LogTemp:Display: Loaded TP LinuxClientTargetPlatform
[2017.10.11-04.07.28:523][  0]LogTemp:Display: Loaded TP LinuxNoEditorTargetPlatform
[2017.10.11-04.07.28:560][  0]LogTemp:Display: Loaded TP LinuxServerTargetPlatform
[2017.10.11-04.07.28:599][  0]LogTemp:Display: Loaded TP LinuxTargetPlatform
[2017.10.11-04.07.28:599][  0]LogTargetPlatformManager:Display: Building Assets For Windows
[2017.10.11-04.07.28:966][  0]LogDerivedDataCache:Display: Max Cache Size: 512 MB
[2017.10.11-04.07.29:066][  0]LogDerivedDataCache: Loaded boot cache 0.10s 90MB C:/Users/galla_000/AppData/Local/UnrealEngine/4.16/DerivedDataCache/Boot.ddc.
[2017.10.11-04.07.29:067][  0]LogDerivedDataCache:Display: Loaded Boot cache: C:/Users/galla_000/AppData/Local/UnrealEngine/4.16/DerivedDataCache/Boot.ddc
[2017.10.11-04.07.29:067][  0]LogDerivedDataCache: FDerivedDataBackendGraph:  Pak pak cache file D:/Unreal Games/ScrumLordRacing/DerivedDataCache/DDC.ddp not found, will not use a pak cache.
[2017.10.11-04.07.29:067][  0]LogDerivedDataCache: Unable to find inner node Pak for hierarchical cache Hierarchy.
[2017.10.11-04.07.29:067][  0]LogDerivedDataCache: FDerivedDataBackendGraph:  CompressedPak pak cache file D:/Unreal Games/ScrumLordRacing/DerivedDataCache/Compressed.ddp not found, will not use a pak cache.
[2017.10.11-04.07.29:067][  0]LogDerivedDataCache: Unable to find inner node CompressedPak for hierarchical cache Hierarchy.
[2017.10.11-04.07.29:082][  0]LogDerivedDataCache:Display: Pak cache opened for reading ../../../Engine/DerivedDataCache/Compressed.ddp.
[2017.10.11-04.07.29:094][  0]LogDerivedDataCache: Using Local data cache path C:/Users/galla_000/AppData/Local/UnrealEngine/Common/DerivedDataCache: Writable
[2017.10.11-04.07.29:104][  0]LogMaterial: Verifying Global Shaders for PCD3D_SM5
[2017.10.11-04.07.29:104][  0]LogSlate: Using Freetype 2.6.0
[2017.10.11-04.07.29:105][  0]LogSlate: SlateFontCache - WITH_FREETYPE: 1, WITH_HARFBUZZ: 1
[2017.10.11-04.07.29:105][  0]LogSlate: SlateFontCache - WITH_FREETYPE: 1, WITH_HARFBUZZ: 1
[2017.10.11-04.07.29:386][  0]LogInit: Selected Device Profile: [Windows]
[2017.10.11-04.07.29:497][  0]LogContentStreaming: Texture pool size is 0.00 MB
[2017.10.11-04.07.29:685][  0]LogMeshUtilities: Using QuadricMeshReduction for automatic static mesh reduction
[2017.10.11-04.07.29:717][  0]LogSimplygon: Simplygon DLL not present - disabling.
[2017.10.11-04.07.29:750][  0]LogMeshUtilities: Using SimplygonSwarm for distributed automatic mesh merging
[2017.10.11-04.07.29:750][  0]LogMeshUtilities: No automatic skeletal mesh reduction module available
[2017.10.11-04.07.29:750][  0]LogMeshUtilities: No automatic mesh merging module available
[2017.10.11-04.07.30:307][  0]LogNetVersion: ScrumLordRacing , NetCL: 3452394, EngineNetVer: 2, GameNetVer: 0 (Checksum: 1756322102)
[2017.10.11-04.07.30:363][  0]LogAssetRegistry: FAssetRegistry took 0.0252 seconds to start up
[2017.10.11-04.07.30:403][  0]LogPackageLocalizationCache: Processed 4 localized package path(s) for 2 prioritized culture(s) in 0.024330 seconds
[2017.10.11-04.07.30:408][  0]LogUObjectArray: 34194 objects as part of root set at end of initial load.
[2017.10.11-04.07.30:408][  0]LogUObjectAllocator: 7260424 out of 0 bytes used by permanent object pool.
[2017.10.11-04.07.30:408][  0]LogUObjectArray: CloseDisregardForGC: 0/0 objects in disregard for GC pool
[2017.10.11-04.07.30:455][  0]LogInit: WinSock: version 1.1 (2.2), MaxSocks=32767, MaxUdp=65467
[2017.10.11-04.07.32:273][  0]LogTcpMessaging: Initializing TcpMessaging bridge
[2017.10.11-04.07.32:304][  0]LogUdpMessaging: Initializing bridge on interface 0.0.0.0:0 to multicast group 230.0.0.1:6666.
[2017.10.11-04.07.32:699][  0]LogMaterial: Uniform references updated for custom material expression Custom.
[2017.10.11-04.07.32:989][  0]SourceControl: Info Source control is disabled
[2017.10.11-04.07.32:989][  0]SourceControl: Info Source control is disabled
[2017.10.11-04.07.33:022][  0]SourceControl: Info Source control is disabled
[2017.10.11-04.07.33:053][  0]SourceControl: Info Source control is disabled
[2017.10.11-04.07.33:556][  0]LogAndroidPermission: UAndroidPermissionCallbackProxy::GetInstance
[2017.10.11-04.07.33:975][  0]LogEngine: Initializing Engine...
[2017.10.11-04.07.33:976][  0]LogHMD: Failed to initialize OpenVR with code 110
[2017.10.11-04.07.34:202][  0]LogStats: UGameplayTagsManager::ConstructGameplayTagTree: Construct from data asset -  0.000 s
[2017.10.11-04.07.34:202][  0]LogStats: UGameplayTagsManager::ConstructGameplayTagTree: GameplayTagTreeChangedEvent.Broadcast -  0.000 s
[2017.10.11-04.07.34:417][  0]LogAIModule: Creating AISystem for world Untitled
[2017.10.11-04.07.34:424][  0]LogInit: XAudio2 using 'Speakers (Realtek High Definition Audio)' : 2 channels at 48 kHz using 32 bits per sample (channel mask 0x3)
[2017.10.11-04.07.34:442][  0]LogInit: FAudioDevice initialized.
[2017.10.11-04.07.34:489][  0]LogDerivedDataCache: Saved boot cache 0.05s 90MB C:/Users/galla_000/AppData/Local/UnrealEngine/4.16/DerivedDataCache/Boot.ddc.
[2017.10.11-04.07.34:497][  0]LogInit: Texture streaming: Enabled
[2017.10.11-04.07.34:570][  0]LogEngineSessionManager: EngineSessionManager initialized
[2017.10.11-04.07.34:570][  0]LogEngineSessionManager: EngineSessionManager sent abnormal shutdown report. Type=AbnormalShutdown, SessionId={EFC1AE16-4A04-91DE-D724-E090BA2B59E8}
[2017.10.11-04.07.34:570][  0]LogEngineSessionManager: EngineSessionManager sent abnormal shutdown report. Type=AbnormalShutdown, SessionId={C8AF24F6-40B7-926D-41E7-91905F584B0F}
[2017.10.11-04.07.34:570][  0]LogEngineSessionManager: EngineSessionManager sent abnormal shutdown report. Type=AbnormalShutdown, SessionId={A275BD93-4D5D-A913-A2E5-58ADFAA3F6A8}
[2017.10.11-04.07.34:727][  0]LogInit: Transaction tracking system initialized
[2017.10.11-04.07.34:956][  0]BlueprintLog: New page: Editor Load
[2017.10.11-04.07.35:628][  0]LocalizationService: Info Localization service is disabled
[2017.10.11-04.07.36:118][  0]LogConsoleResponse:Display: 
[2017.10.11-04.07.36:244][  0]LogCook:Display: Max memory allowance for cook 16384mb min free memory 0mb
[2017.10.11-04.07.36:244][  0]LogCook:Display: Mobile HDR setting 1
[2017.10.11-04.07.36:646][  0]LogFileCache: Scanning file cache for directory 'D:/Unreal Games/ScrumLordRacing/Content/' took 0.01s
[2017.10.11-04.07.36:966][  0]SourceControl: Info Source control is disabled
[2017.10.11-04.07.36:966][  0]Cmd: MAP LOAD FILE="D:/Unreal Games/ScrumLordRacing/Content/Maps/MainMenu/MainMenu.umap" TEMPLATE=0 SHOWPROGRESS=1 FEATURELEVEL=3
[2017.10.11-04.07.36:966][  0]LightingResults: New page: Lighting Build
[2017.10.11-04.07.36:996][  0]MapCheck: New page: Map Check
[2017.10.11-04.07.36:996][  0]LightingResults: New page: Lighting Build
[2017.10.11-04.07.37:272][  0]LogAIModule: Creating AISystem for world MainMenu
[2017.10.11-04.07.37:273][  0]LogEditorServer: Finished looking for orphan Actors (0.000 secs)
[2017.10.11-04.07.37:285][  0]Cmd: MAP CHECKDEP NOCLEARLOG
[2017.10.11-04.07.37:321][  0]MapCheck: Info Map check complete: 0 Error(s), 0 Warning(s), took 35.908ms to complete.
[2017.10.11-04.07.37:321][  0]LogFileHelpers: Loading map 'MainMenu' took 0.354
[2017.10.11-04.07.37:438][  0]LogCollectionManager: Loaded 0 collections in 0.001073 seconds
[2017.10.11-04.07.37:502][  0]LogFileCache: Scanning file cache for directory 'D:/Unreal Games/ScrumLordRacing/Saved/Collections/' took 0.01s
[2017.10.11-04.07.37:502][  0]LogFileCache: Scanning file cache for directory 'D:/Unreal Games/ScrumLordRacing/Content/Developers/galla000/Collections/' took 0.01s
[2017.10.11-04.07.37:502][  0]LogFileCache: Scanning file cache for directory 'D:/Unreal Games/ScrumLordRacing/Content/Collections/' took 0.01s
[2017.10.11-04.07.37:502][  0]LogCollectionManager: Rebuilt the GUID cache for 0 collections in 0.000001 seconds
[2017.10.11-04.07.37:510][  0]LogContentBrowser: Native class hierarchy populated in 0.0080 seconds. Added 2331 classes and 494 folders.
[2017.10.11-04.07.37:558][  0]LogContentBrowser: Native class hierarchy updated for 'WidgetCarousel' in 0.0005 seconds. Added 0 classes and 0 folders.
[2017.10.11-04.07.37:585][  0]LogContentBrowser: Native class hierarchy updated for 'AddContentDialog' in 0.0004 seconds. Added 0 classes and 0 folders.
[2017.10.11-04.07.37:617][  0]LogContentBrowser: Native class hierarchy updated for 'SceneOutliner' in 0.0005 seconds. Added 1 classes and 2 folders.
[2017.10.11-04.07.37:686][  0]LogCrashTracker: Crashtracker disabled due to settings.
[2017.10.11-04.07.37:689][  0]LogSlate: Took 0.000127 seconds to synchronously load lazily loaded font '../../../Engine/Content/Slate/Fonts/Roboto-Regular.ttf' (155K)
[2017.10.11-04.07.37:691][  0]LogSlate: Took 0.000103 seconds to synchronously load lazily loaded font '../../../Engine/Content/Slate/Fonts/Roboto-Bold.ttf' (160K)
[2017.10.11-04.07.37:695][  0]LogSlate: Took 0.000182 seconds to synchronously load lazily loaded font '../../../Engine/Content/Editor/Slate/Fonts/FontAwesome.ttf' (139K)
[2017.10.11-04.07.37:777][  0]LogRenderer: Reallocating scene render targets to support 1208x576 NumSamples 1 (Frame:1).
[2017.10.11-04.07.38:171][  0]LogUObjectGlobals:Warning: Failed to find object 'Class None.'
[2017.10.11-04.07.38:227][  0]LogContentBrowser: Native class hierarchy updated for 'HierarchicalLODOutliner' in 0.0006 seconds. Added 1 classes and 2 folders.
[2017.10.11-04.07.38:227][  0]LogLoad: (Engine Initialization) Total time: 13.50 seconds
[2017.10.11-04.07.38:227][  0]LogLoad: (Engine Initialization) Total Blueprint compile time: 0.10 seconds
[2017.10.11-04.07.38:227][  0]LogExternalProfiler: No external profilers were discovered.  External profiling features will not be available.
[2017.10.11-04.07.38:244][  0]LogOcInput: OculusInput pre-init called
[2017.10.11-04.07.38:245][  0]LogRawInputWindows:Warning: Found device 0 devices
[2017.10.11-04.07.38:245][  0]LogRawInputWindows:Warning: Found device 0 devices
[2017.10.11-04.07.38:245][  0]LogRawInputWindows:Warning: Device was registered succesfully but not connected (Usage:4 UsagePage:1
[2017.10.11-04.07.38:245][  0]LogRawInputWindows:Warning: Found device 1 devices
[2017.10.11-04.07.38:245][  0]LogRawInputWindows:Warning: Device was registered succesfully but not connected (Usage:5 UsagePage:1
[2017.10.11-04.07.38:245][  0]LogHMD: Starting GearVRController plugin
[2017.10.11-04.07.38:261][  0]LogAssetRegistry: Asset discovery search completed in 7.9198 seconds
[2017.10.11-04.07.38:263][  0]LogCollectionManager: Rebuilt the object cache for 0 collections in 0.000001 seconds (found 0 objects)
[2017.10.11-04.07.38:263][  0]LogCollectionManager: Fixed up redirectors for 0 collections in 0.000021 seconds (updated 0 objects)
[2017.10.11-04.07.38:265][  0]LogContentStreaming: Texture pool size now 800 MB
[2017.10.11-04.07.38:305][  0]LogSlate: Took 0.000115 seconds to synchronously load lazily loaded font '../../../Engine/Content/Slate/Fonts/Roboto-Light.ttf' (159K)
[2017.10.11-04.07.42:468][127]LogSlate: Took 0.000143 seconds to synchronously load lazily loaded font '../../../Engine/Content/Slate/Fonts/Roboto-Light.ttf' (159K)
[2017.10.11-04.07.42:829][127]LogAIModule: Creating AISystem for world TrackOne
[2017.10.11-04.07.42:880][127]Cmd: MAP LOAD FILE="D:/Unreal Games/ScrumLordRacing/Content/Maps/TrackOne/TrackOne.umap" TEMPLATE=0 SHOWPROGRESS=1 FEATURELEVEL=3
[2017.10.11-04.07.42:880][127]LightingResults: New page: Lighting Build
[2017.10.11-04.07.42:880][127]LoadErrors: New page: Loading map: TrackOne.umap
[2017.10.11-04.07.42:881][127]MapCheck: New page: Map Check
[2017.10.11-04.07.42:881][127]LightingResults: New page: Lighting Build
[2017.10.11-04.07.42:939][127]LogEditorServer: Finished looking for orphan Actors (0.000 secs)
[2017.10.11-04.07.42:968][127]Cmd: MAP CHECKDEP NOCLEARLOG
[2017.10.11-04.07.43:008][127]MapCheck: Info Map check complete: 0 Error(s), 0 Warning(s), took 39.771ms to complete.
[2017.10.11-04.07.43:008][127]LogFileHelpers: Loading map 'TrackOne' took 0.129
[2017.10.11-04.08.12:224][822]LogWindowsTextInputMethodSystem:Display: IME system now deactivated.
[2017.10.11-04.08.12:400][823]Cmd: QUIT_EDITOR
[2017.10.11-04.08.12:427][823]LogExit: Preparing to exit.
[2017.10.11-04.08.13:487][823]LogExit: Editor shut down
[2017.10.11-04.08.13:489][823]LogExit: Transaction tracking system shut down
[2017.10.11-04.08.13:555][823]LogObj: Freed 0b from 0 cluster array pools.
[2017.10.11-04.08.13:555][823]LogExit: Object subsystem successfully closed.
[2017.10.11-04.08.13:573][823]LogD3D11RHI: Shutdown
[2017.10.11-04.08.13:573][823]LogD3D11RHI: CleanupD3DDevice
[2017.10.11-04.08.13:663][823]LogD3D11RHI: ~FD3D11DynamicRHI
[2017.10.11-04.08.13:673][823]LogModuleManager: Shutting down and abandoning module HierarchicalLODOutliner (526)
[2017.10.11-04.08.13:673][823]LogModuleManager: Shutting down and abandoning module CrashTracker (524)
[2017.10.11-04.08.13:673][823]LogModuleManager: Shutting down and abandoning module SceneOutliner (522)
[2017.10.11-04.08.13:673][823]LogModuleManager: Shutting down and abandoning module AddContentDialog (520)
[2017.10.11-04.08.13:673][823]LogDirectoryWatcher: A directory notification for 'C:/Program Files/Epic Games/UE_4.16/FeaturePacks/' was aborted.
[2017.10.11-04.08.13:674][823]LogModuleManager: Shutting down and abandoning module WidgetCarousel (519)
[2017.10.11-04.08.13:674][823]LogModuleManager: Shutting down and abandoning module EditorWidgets (516)
[2017.10.11-04.08.13:674][823]LogModuleManager: Shutting down and abandoning module CollectionManager (514)
[2017.10.11-04.08.13:674][823]LogDirectoryWatcher: A directory notification for 'D:/Unreal Games/ScrumLordRacing/Content/Collections/' was aborted.
[2017.10.11-04.08.13:674][823]LogDirectoryWatcher: A directory notification for 'D:/Unreal Games/ScrumLordRacing/Content/Developers/galla000/Collections/' was aborted.
[2017.10.11-04.08.13:674][823]LogDirectoryWatcher: A directory notification for 'D:/Unreal Games/ScrumLordRacing/Saved/Collections/' was aborted.
[2017.10.11-04.08.13:674][823]LogModuleManager: Shutting down and abandoning module StatsViewer (512)
[2017.10.11-04.08.13:674][823]LogModuleManager: Shutting down and abandoning module FoliageEdit (510)
[2017.10.11-04.08.13:674][823]LogModuleManager: Shutting down and abandoning module LandscapeEditor (508)
[2017.10.11-04.08.13:674][823]LogModuleManager: Shutting down and abandoning module MeshPaintMode (506)
[2017.10.11-04.08.13:674][823]LogModuleManager: Shutting down and abandoning module SceneDepthPickerMode (504)
[2017.10.11-04.08.13:674][823]LogModuleManager: Shutting down and abandoning module ActorPickerMode (502)
[2017.10.11-04.08.13:674][823]LogModuleManager: Shutting down and abandoning module GeometryMode (500)
[2017.10.11-04.08.13:674][823]LogModuleManager: Shutting down and abandoning module TextureAlignMode (498)
[2017.10.11-04.08.13:674][823]LogModuleManager: Shutting down and abandoning module BspMode (496)
[2017.10.11-04.08.13:674][823]LogModuleManager: Shutting down and abandoning module HardwareSurvey (494)
[2017.10.11-04.08.13:674][823]LogModuleManager: Shutting down and abandoning module SequenceRecorderSections (492)
[2017.10.11-04.08.13:674][823]LogModuleManager: Shutting down and abandoning module AutomationWorker (490)
[2017.10.11-04.08.13:674][823]LogModuleManager: Shutting down and abandoning module MatineeToLevelSequence (488)
[2017.10.11-04.08.13:674][823]LogModuleManager: Shutting down and abandoning module LevelSequenceEditor (486)
[2017.10.11-04.08.13:674][823]LogModuleManager: Shutting down and abandoning module PlacementMode (485)
[2017.10.11-04.08.13:674][823]LogModuleManager: Shutting down and abandoning module WmfMediaFactory (482)
[2017.10.11-04.08.13:674][823]LogModuleManager: Shutting down and abandoning module WmfMediaEditor (480)
[2017.10.11-04.08.13:674][823]LogModuleManager: Shutting down and abandoning module AvfMediaFactory (478)
[2017.10.11-04.08.13:674][823]LogModuleManager: Shutting down and abandoning module AvfMediaEditor (476)
[2017.10.11-04.08.13:674][823]LogModuleManager: Shutting down and abandoning module AndroidMediaFactory (474)
[2017.10.11-04.08.13:674][823]LogModuleManager: Shutting down and abandoning module Media (473)
[2017.10.11-04.08.13:674][823]LogModuleManager: Shutting down and abandoning module AndroidMediaEditor (470)
[2017.10.11-04.08.13:674][823]LogModuleManager: Shutting down and abandoning module CharacterAI (468)
[2017.10.11-04.08.13:674][823]LogModuleManager: Shutting down and abandoning module AudioCapture (466)
[2017.10.11-04.08.13:674][823]LogModuleManager: Shutting down and abandoning module SequenceRecorder (465)
[2017.10.11-04.08.13:674][823]LogModuleManager: Shutting down and abandoning module SmartSnapping (462)
[2017.10.11-04.08.13:674][823]LogModuleManager: Shutting down and abandoning module SessionServices (460)
[2017.10.11-04.08.13:674][823]LogModuleManager: Shutting down and abandoning module ViewportSnapping (458)
[2017.10.11-04.08.13:674][823]LogModuleManager: Shutting down and abandoning module ViewportInteraction (456)
[2017.10.11-04.08.13:674][823]LogModuleManager: Shutting down and abandoning module ClothPainter (454)
[2017.10.11-04.08.13:674][823]LogModuleManager: Shutting down and abandoning module LogVisualizer (452)
[2017.10.11-04.08.13:674][823]LogModuleManager: Shutting down and abandoning module IntroTutorials (450)
[2017.10.11-04.08.13:674][823]LogModuleManager: Shutting down and abandoning module GameProjectGeneration (449)
[2017.10.11-04.08.13:674][823]LogModuleManager: Shutting down and abandoning module EditorLiveStreaming (446)
[2017.10.11-04.08.13:674][823]LogModuleManager: Shutting down and abandoning module IOSPlatformEditor (444)
[2017.10.11-04.08.13:674][823]LogModuleManager: Shutting down and abandoning module HTML5PlatformEditor (442)
[2017.10.11-04.08.13:674][823]LogModuleManager: Shutting down and abandoning module AndroidPlatformEditor (440)
[2017.10.11-04.08.13:674][823]LogModuleManager: Shutting down and abandoning module AndroidDeviceDetection (439)
[2017.10.11-04.08.13:880][823]LogModuleManager: Shutting down and abandoning module IOSRuntimeSettings (436)
[2017.10.11-04.08.13:880][823]LogModuleManager: Shutting down and abandoning module AndroidRuntimeSettings (434)
[2017.10.11-04.08.13:880][823]LogModuleManager: Shutting down and abandoning module InputBindingEditor (432)
[2017.10.11-04.08.13:880][823]LogModuleManager: Shutting down and abandoning module MergeActors (430)
[2017.10.11-04.08.13:880][823]LogModuleManager: Shutting down and abandoning module SizeMap (428)
[2017.10.11-04.08.13:880][823]LogModuleManager: Shutting down and abandoning module TreeMap (426)
[2017.10.11-04.08.13:880][823]LogModuleManager: Shutting down and abandoning module ReferenceViewer (424)
[2017.10.11-04.08.13:880][823]LogModuleManager: Shutting down and abandoning module LocalizationDashboard (422)
[2017.10.11-04.08.13:880][823]LogModuleManager: Shutting down and abandoning module LocalizationService (421)
[2017.10.11-04.08.13:880][823]LogModuleManager: Shutting down and abandoning module HardwareTargeting (418)
[2017.10.11-04.08.13:880][823]LogModuleManager: Shutting down and abandoning module DeviceProfileEditor (416)
[2017.10.11-04.08.13:880][823]LogModuleManager: Shutting down and abandoning module UndoHistory (414)
[2017.10.11-04.08.13:880][823]LogModuleManager: Shutting down and abandoning module UserFeedback (412)
[2017.10.11-04.08.13:880][823]LogModuleManager: Shutting down and abandoning module XmlParser (410)
[2017.10.11-04.08.13:880][823]LogModuleManager: Shutting down and abandoning module Blutility (408)
[2017.10.11-04.08.13:880][823]LogModuleManager: Shutting down and abandoning module ProjectSettingsViewer (406)
[2017.10.11-04.08.13:880][823]LogModuleManager: Shutting down and abandoning module ProjectTargetPlatformEditor (405)
[2017.10.11-04.08.13:881][823]LogModuleManager: Shutting down and abandoning module EditorSettingsViewer (402)
[2017.10.11-04.08.13:881][823]LogModuleManager: Shutting down and abandoning module SettingsEditor (400)
[2017.10.11-04.08.13:881][823]LogModuleManager: Shutting down and abandoning module ProjectLauncher (398)
[2017.10.11-04.08.13:881][823]LogModuleManager: Shutting down and abandoning module SessionFrontend (396)
[2017.10.11-04.08.13:881][823]LogModuleManager: Shutting down and abandoning module ProfilerClient (394)
[2017.10.11-04.08.13:881][823]LogModuleManager: Shutting down and abandoning module DeviceManager (392)
[2017.10.11-04.08.13:881][823]LogModuleManager: Shutting down and abandoning module TargetDeviceServices (391)
[2017.10.11-04.08.13:922][823]LogModuleManager: Shutting down and abandoning module AutomationController (388)
[2017.10.11-04.08.13:922][823]LogModuleManager: Shutting down and abandoning module AutomationWindow (386)
[2017.10.11-04.08.13:922][823]LogModuleManager: Shutting down and abandoning module Layers (384)
[2017.10.11-04.08.13:922][823]LogModuleManager: Shutting down and abandoning module ComponentVisualizers (382)
[2017.10.11-04.08.13:922][823]LogModuleManager: Shutting down and abandoning module DetailCustomizations (380)
[2017.10.11-04.08.13:922][823]LogModuleManager: Shutting down and abandoning module PackagesDialog (378)
[2017.10.11-04.08.13:922][823]LogModuleManager: Shutting down and abandoning module Persona (376)
[2017.10.11-04.08.13:922][823]LogModuleManager: Shutting down and abandoning module AdvancedPreviewScene (375)
[2017.10.11-04.08.13:922][823]LogModuleManager: Shutting down and abandoning module AnimGraph (373)
[2017.10.11-04.08.13:922][823]LogModuleManager: Shutting down and abandoning module Kismet (370)
[2017.10.11-04.08.13:923][823]LogModuleManager: Shutting down and abandoning module ClassViewer (368)
[2017.10.11-04.08.13:923][823]LogModuleManager: Shutting down and abandoning module Toolbox (366)
[2017.10.11-04.08.13:923][823]LogModuleManager: Shutting down and abandoning module ModuleUI (364)
[2017.10.11-04.08.13:923][823]LogModuleManager: Shutting down and abandoning module MovieSceneTools (362)
[2017.10.11-04.08.13:923][823]LogModuleManager: Shutting down and abandoning module OutputLog (360)
[2017.10.11-04.08.13:923][823]LogModuleManager: Shutting down and abandoning module GammaUI (358)
[2017.10.11-04.08.13:923][823]LogModuleManager: Shutting down and abandoning module Documentation (356)
[2017.10.11-04.08.13:923][823]LogModuleManager: Shutting down and abandoning module MovieSceneTracks (354)
[2017.10.11-04.08.13:923][823]LogModuleManager: Shutting down and abandoning module MovieScene (352)
[2017.10.11-04.08.13:923][823]LogModuleManager: Shutting down and abandoning module Niagara (350)
[2017.10.11-04.08.13:923][823]LogModuleManager: Shutting down and abandoning module NiagaraEditor (349)
[2017.10.11-04.08.13:923][823]LogModuleManager: Shutting down and abandoning module StreamingPauseRendering (346)
[2017.10.11-04.08.13:923][823]LogModuleManager: Shutting down and abandoning module AnalyticsET (344)
[2017.10.11-04.08.13:923][823]LogModuleManager: Shutting down and abandoning module PortalServices (342)
[2017.10.11-04.08.13:923][823]LogModuleManager: Shutting down and abandoning module PortalRpc (340)
[2017.10.11-04.08.13:923][823]LogModuleManager: Shutting down and abandoning module MessagingRpc (338)
[2017.10.11-04.08.13:923][823]LogModuleManager: Shutting down and abandoning module AIModule (336)
[2017.10.11-04.08.13:923][823]LogModuleManager: Shutting down and abandoning module GameplayDebugger (335)
[2017.10.11-04.08.13:923][823]LogModuleManager: Shutting down and abandoning module AITestSuite (333)
[2017.10.11-04.08.13:923][823]LogModuleManager: Shutting down and abandoning module ProfilerService (330)
[2017.10.11-04.08.14:012][823]LogModuleManager: Shutting down and abandoning module TaskGraph (328)
[2017.10.11-04.08.14:012][823]LogModuleManager: Shutting down and abandoning module SteamVRController (326)
[2017.10.11-04.08.14:012][823]LogModuleManager: Shutting down and abandoning module SteamVR (324)
[2017.10.11-04.08.14:012][823]LogModuleManager: Shutting down and abandoning module ProceduralMeshComponentEditor (322)
[2017.10.11-04.08.14:012][823]LogModuleManager: Shutting down and abandoning module ProceduralMeshComponent (320)
[2017.10.11-04.08.14:012][823]LogModuleManager: Shutting down and abandoning module OculusLibrary (318)
[2017.10.11-04.08.14:012][823]LogModuleManager: Shutting down and abandoning module OculusInput (316)
[2017.10.11-04.08.14:012][823]LogModuleManager: Shutting down and abandoning module MobilePatchingUtils (314)
[2017.10.11-04.08.14:012][823]LogModuleManager: Shutting down and abandoning module CustomMeshComponent (312)
[2017.10.11-04.08.14:012][823]LogModuleManager: Shutting down and abandoning module CableComponent (310)
[2017.10.11-04.08.14:012][823]LogModuleManager: Shutting down and abandoning module ArchVisCharacter (308)
[2017.10.11-04.08.14:012][823]LogModuleManager: Shutting down and abandoning module AndroidPermission (306)
[2017.10.11-04.08.14:012][823]LogModuleManager: Shutting down and abandoning module MediaPlayerEditor (302)
[2017.10.11-04.08.14:012][823]LogModuleManager: Shutting down and abandoning module RawInput (300)
[2017.10.11-04.08.14:013][823]LogModuleManager: Shutting down and abandoning module HTML5Networking (298)
[2017.10.11-04.08.14:013][823]LogModuleManager: Shutting down and abandoning module AlembicImporter (296)
[2017.10.11-04.08.14:013][823]LogModuleManager: Shutting down and abandoning module AlembicLibrary (295)
[2017.10.11-04.08.14:013][823]LogModuleManager: Shutting down and abandoning module GeometryCache (294)
[2017.10.11-04.08.14:013][823]LogModuleManager: Shutting down and abandoning module GeometryCacheEd (293)
[2017.10.11-04.08.14:013][823]LogModuleManager: Shutting down and abandoning module SuperSearchEditor (288)
[2017.10.11-04.08.14:013][823]LogModuleManager: Shutting down and abandoning module SuperSearch (287)
[2017.10.11-04.08.14:013][823]LogModuleManager: Shutting down and abandoning module SpeedTreeImporter (284)
[2017.10.11-04.08.14:013][823]LogModuleManager: Shutting down and abandoning module PluginBrowser (282)
[2017.10.11-04.08.14:013][823]LogModuleManager: Shutting down and abandoning module MobileLauncherProfileWizard (280)
[2017.10.11-04.08.14:013][823]LogModuleManager: Shutting down and abandoning module VisualStudioSourceCodeAccess (278)
[2017.10.11-04.08.14:013][823]LogModuleManager: Shutting down and abandoning module DesktopPlatform (277)
[2017.10.11-04.08.14:013][823]LogModuleManager: Shutting down and abandoning module UObjectPlugin (274)
[2017.10.11-04.08.14:013][823]LogModuleManager: Shutting down and abandoning module SubversionSourceControl (272)
[2017.10.11-04.08.14:013][823]LogModuleManager: Shutting down and abandoning module PerforceSourceControl (270)
[2017.10.11-04.08.14:013][823]LogModuleManager: Shutting down and abandoning module GitSourceControl (268)
[2017.10.11-04.08.14:013][823]LogModuleManager: Shutting down and abandoning module SourceControl (267)
[2017.10.11-04.08.14:013][823]LogModuleManager: Shutting down and abandoning module LightPropagationVolumeEditor (264)
[2017.10.11-04.08.14:013][823]LogModuleManager: Shutting down and abandoning module PaperTiledImporter (262)
[2017.10.11-04.08.14:013][823]LogModuleManager: Shutting down and abandoning module PaperSpriteSheetImporter (260)
[2017.10.11-04.08.14:013][823]LogModuleManager: Shutting down and abandoning module Paper2DEditor (258)
[2017.10.11-04.08.14:013][823]LogModuleManager: Shutting down and abandoning module MeshPaint (257)
[2017.10.11-04.08.14:013][823]LogModuleManager: Shutting down and abandoning module LevelEditor (255)
[2017.10.11-04.08.14:014][823]LogModuleManager: Shutting down and abandoning module PixelInspectorModule (254)
[2017.10.11-04.08.14:014][823]LogModuleManager: Shutting down and abandoning module MainFrame (252)
[2017.10.11-04.08.14:014][823]LogModuleManager: Shutting down and abandoning module HotReload (251)
[2017.10.11-04.08.14:015][823]LogModuleManager: Shutting down and abandoning module PhysXVehiclesEditor (246)
[2017.10.11-04.08.14:015][823]LogModuleManager: Shutting down and abandoning module PhysXVehicles (244)
[2017.10.11-04.08.14:015][823]LogModuleManager: Shutting down and abandoning module LocationServicesBPLibrary (242)
[2017.10.11-04.08.14:015][823]LogModuleManager: Shutting down and abandoning module ImmediatePhysicsEditor (240)
[2017.10.11-04.08.14:015][823]LogModuleManager: Shutting down and abandoning module ImmediatePhysics (238)
[2017.10.11-04.08.14:015][823]LogModuleManager: Shutting down and abandoning module UdpMessaging (236)
[2017.10.11-04.08.14:116][823]LogModuleManager: Shutting down and abandoning module TcpMessaging (234)
[2017.10.11-04.08.14:296][823]LogModuleManager: Shutting down and abandoning module GameplayTagsEditor (232)
[2017.10.11-04.08.14:296][823]LogModuleManager: Shutting down and abandoning module FacialAnimationEditor (230)
[2017.10.11-04.08.14:296][823]LogModuleManager: Shutting down and abandoning module FacialAnimation (228)
[2017.10.11-04.08.14:296][823]LogModuleManager: Shutting down and abandoning module AssetManagerEditor (226)
[2017.10.11-04.08.14:296][823]LogModuleManager: Shutting down and abandoning module GraphEditor (225)
[2017.10.11-04.08.14:296][823]LogModuleManager: Shutting down and abandoning module ContentBrowser (223)
[2017.10.11-04.08.14:297][823]LogModuleManager: Shutting down and abandoning module LightPropagationVolumeRuntime (220)
[2017.10.11-04.08.14:297][823]LogModuleManager: Shutting down and abandoning module Paper2D (218)
[2017.10.11-04.08.14:297][823]LogModuleManager: Shutting down and abandoning module WindowsMoviePlayer (216)
[2017.10.11-04.08.14:297][823]LogModuleManager: Shutting down and abandoning module WmfMedia (214)
[2017.10.11-04.08.14:297][823]LogModuleManager: Shutting down and abandoning module ClothingSystemEditor (212)
[2017.10.11-04.08.14:297][823]LogModuleManager: Shutting down and abandoning module ClothingSystemRuntime (210)
[2017.10.11-04.08.14:297][823]LogModuleManager: Shutting down and abandoning module MediaAssets (208)
[2017.10.11-04.08.14:297][823]LogModuleManager: Shutting down and abandoning module GameLiveStreaming (206)
[2017.10.11-04.08.14:297][823]LogModuleManager: Shutting down and abandoning module VREditor (204)
[2017.10.11-04.08.14:297][823]LogModuleManager: Shutting down and abandoning module StringTableEditor (202)
[2017.10.11-04.08.14:297][823]LogModuleManager: Shutting down and abandoning module GameplayTasksEditor (200)
[2017.10.11-04.08.14:297][823]LogModuleManager: Shutting down and abandoning module BehaviorTreeEditor (198)
[2017.10.11-04.08.14:297][823]LogModuleManager: Shutting down and abandoning module FunctionalTesting (196)
[2017.10.11-04.08.14:297][823]LogModuleManager: Shutting down and abandoning module CollisionAnalyzer (194)
[2017.10.11-04.08.14:297][823]LogModuleManager: Shutting down and abandoning module UMG (192)
[2017.10.11-04.08.14:297][823]LogModuleManager: Shutting down and abandoning module UMGEditor (191)
[2017.10.11-04.08.14:298][823]LogModuleManager: Shutting down and abandoning module Sequencer (190)
[2017.10.11-04.08.14:298][823]LogModuleManager: Shutting down and abandoning module AssetTools (188)
[2017.10.11-04.08.14:298][823]LogModuleManager: Shutting down and abandoning module MessageLog (187)
[2017.10.11-04.08.14:298][823]LogModuleManager: Shutting down and abandoning module WorkspaceMenuStructure (186)
[2017.10.11-04.08.14:298][823]LogModuleManager: Shutting down and abandoning module SlateReflector (180)
[2017.10.11-04.08.14:298][823]LogModuleManager: Shutting down and abandoning module Slate (178)
[2017.10.11-04.08.14:298][823]LogModuleManager: Shutting down and abandoning module EditorStyle (176)
[2017.10.11-04.08.14:300][823]LogModuleManager: Shutting down and abandoning module SourceCodeAccess (174)
[2017.10.11-04.08.14:300][823]LogModuleManager: Shutting down and abandoning module HeadMountedDisplay (172)
[2017.10.11-04.08.14:300][823]LogModuleManager: Shutting down and abandoning module XAudio2 (170)
[2017.10.11-04.08.14:300][823]LogModuleManager: Shutting down and abandoning module Networking (168)
[2017.10.11-04.08.14:300][823]LogModuleManager: Shutting down and abandoning module Core (164)
[2017.10.11-04.08.14:300][823]LogModuleManager: Shutting down and abandoning module AssetRegistry (162)
[2017.10.11-04.08.14:426][823]LogDirectoryWatcher: A directory notification for '../../../Engine/Content/' was aborted.
[2017.10.11-04.08.14:426][823]LogDirectoryWatcher: A directory notification for 'D:/Unreal Games/ScrumLordRacing/Content/' was aborted.
[2017.10.11-04.08.14:426][823]LogDirectoryWatcher: A directory notification for '../../../Engine/Plugins/2D/Paper2D/Content/' was aborted.
[2017.10.11-04.08.14:426][823]LogDirectoryWatcher: A directory notification for '../../../Engine/Plugins/Runtime/GearVR/Content/' was aborted.
[2017.10.11-04.08.14:428][823]LogModuleManager: Shutting down and abandoning module DirectoryWatcher (161)
[2017.10.11-04.08.14:428][823]LogModuleManager: Shutting down and abandoning module KismetCompiler (158)
[2017.10.11-04.08.14:428][823]LogModuleManager: Shutting down and abandoning module LevelSequence (156)
[2017.10.11-04.08.14:428][823]LogModuleManager: Shutting down and abandoning module PhysXFormats (154)
[2017.10.11-04.08.14:428][823]LogModuleManager: Shutting down and abandoning module MeshUtilities (152)
[2017.10.11-04.08.14:428][823]LogModuleManager: Shutting down and abandoning module SimplygonSwarm (151)
[2017.10.11-04.08.14:428][823]LogModuleManager: Shutting down and abandoning module SimplygonMeshReduction (149)
[2017.10.11-04.08.14:428][823]LogModuleManager: Shutting down and abandoning module QuadricMeshReduction (147)
[2017.10.11-04.08.14:428][823]LogModuleManager: Shutting down and abandoning module DerivedDataCache (144)
[2017.10.11-04.08.14:632][823]LogDerivedDataCache: Shutdown
[2017.10.11-04.08.14:632][823]LogModuleManager: Shutting down and abandoning module TargetPlatform (142)
[2017.10.11-04.08.14:632][823]LogModuleManager: Shutting down and abandoning module VulkanShaderFormat (141)
[2017.10.11-04.08.14:632][823]LogModuleManager: Shutting down and abandoning module ShaderFormatVectorVM (139)
[2017.10.11-04.08.14:632][823]LogModuleManager: Shutting down and abandoning module ShaderFormatOpenGL (137)
[2017.10.11-04.08.14:632][823]LogModuleManager: Shutting down and abandoning module ShaderFormatD3D (135)
[2017.10.11-04.08.14:632][823]LogModuleManager: Shutting down and abandoning module MetalShaderFormat (133)
[2017.10.11-04.08.14:632][823]LogModuleManager: Shutting down and abandoning module TextureFormatUncompressed (131)
[2017.10.11-04.08.14:632][823]LogModuleManager: Shutting down and abandoning module TextureFormatPVR (129)
[2017.10.11-04.08.14:632][823]LogModuleManager: Shutting down and abandoning module TextureFormatDXT (127)
[2017.10.11-04.08.14:632][823]LogModuleManager: Shutting down and abandoning module TextureFormatIntelISPCTexComp (125)
[2017.10.11-04.08.14:632][823]LogModuleManager: Shutting down and abandoning module TextureFormatASTC (123)
[2017.10.11-04.08.14:632][823]LogModuleManager: Shutting down and abandoning module ImageWrapper (122)
[2017.10.11-04.08.14:632][823]LogModuleManager: Shutting down and abandoning module TextureFormatAndroid (119)
[2017.10.11-04.08.14:632][823]LogModuleManager: Shutting down and abandoning module AudioFormatOpus (117)
[2017.10.11-04.08.14:632][823]LogModuleManager: Shutting down and abandoning module AudioFormatOgg (115)
[2017.10.11-04.08.14:632][823]LogModuleManager: Shutting down and abandoning module AudioFormatADPCM (113)
[2017.10.11-04.08.14:632][823]LogModuleManager: Shutting down and abandoning module LinuxTargetPlatform (111)
[2017.10.11-04.08.14:632][823]LogModuleManager: Shutting down and abandoning module LinuxServerTargetPlatform (109)
[2017.10.11-04.08.14:632][823]LogModuleManager: Shutting down and abandoning module LinuxNoEditorTargetPlatform (107)
[2017.10.11-04.08.14:632][823]LogModuleManager: Shutting down and abandoning module LinuxClientTargetPlatform (105)
[2017.10.11-04.08.14:632][823]LogModuleManager: Shutting down and abandoning module TVOSTargetPlatform (103)
[2017.10.11-04.08.14:632][823]LogModuleManager: Shutting down and abandoning module Messaging (101)
[2017.10.11-04.08.14:632][823]LogModuleManager: Shutting down and abandoning module IOSTargetPlatform (99)
[2017.10.11-04.08.14:632][823]LogModuleManager: Shutting down and abandoning module HTML5TargetPlatform (97)
[2017.10.11-04.08.14:632][823]LogModuleManager: Shutting down and abandoning module Android_PVRTCTargetPlatform (95)
[2017.10.11-04.08.14:632][823]LogModuleManager: Shutting down and abandoning module Android_MultiTargetPlatform (93)
[2017.10.11-04.08.14:632][823]LogModuleManager: Shutting down and abandoning module Android_ETC2TargetPlatform (91)
[2017.10.11-04.08.14:632][823]LogModuleManager: Shutting down and abandoning module Android_ETC1TargetPlatform (89)
[2017.10.11-04.08.14:632][823]LogModuleManager: Shutting down and abandoning module Android_DXTTargetPlatform (87)
[2017.10.11-04.08.14:632][823]LogModuleManager: Shutting down and abandoning module Android_ATCTargetPlatform (85)
[2017.10.11-04.08.14:632][823]LogModuleManager: Shutting down and abandoning module Android_ASTCTargetPlatform (83)
[2017.10.11-04.08.14:632][823]LogModuleManager: Shutting down and abandoning module AndroidTargetPlatform (81)
[2017.10.11-04.08.14:632][823]LogModuleManager: Shutting down and abandoning module WindowsTargetPlatform (79)
[2017.10.11-04.08.14:632][823]LogModuleManager: Shutting down and abandoning module WindowsServerTargetPlatform (77)
[2017.10.11-04.08.14:632][823]LogModuleManager: Shutting down and abandoning module WindowsNoEditorTargetPlatform (75)
[2017.10.11-04.08.14:632][823]LogModuleManager: Shutting down and abandoning module WindowsClientTargetPlatform (73)
[2017.10.11-04.08.14:632][823]LogModuleManager: Shutting down and abandoning module MacTargetPlatform (71)
[2017.10.11-04.08.14:632][823]LogModuleManager: Shutting down and abandoning module MacServerTargetPlatform (69)
[2017.10.11-04.08.14:632][823]LogModuleManager: Shutting down and abandoning module MacNoEditorTargetPlatform (67)
[2017.10.11-04.08.14:632][823]LogModuleManager: Shutting down and abandoning module MacClientTargetPlatform (65)
[2017.10.11-04.08.14:632][823]LogModuleManager: Shutting down and abandoning module AllDesktopTargetPlatform (63)
[2017.10.11-04.08.14:632][823]LogModuleManager: Shutting down and abandoning module InputCore (60)
[2017.10.11-04.08.14:632][823]LogModuleManager: Shutting down and abandoning module Settings (58)
[2017.10.11-04.08.14:632][823]LogModuleManager: Shutting down and abandoning module OculusRift (56)
[2017.10.11-04.08.14:632][823]LogModuleManager: Shutting down and abandoning module GearVRController (54)
[2017.10.11-04.08.14:632][823]LogModuleManager: Shutting down and abandoning module GearVR (52)
[2017.10.11-04.08.14:632][823]LogModuleManager: Shutting down and abandoning module ExampleDeviceProfileSelector (50)
[2017.10.11-04.08.14:632][823]LogModuleManager: Shutting down and abandoning module OnlineBlueprintSupport (48)
[2017.10.11-04.08.14:632][823]LogModuleManager: Shutting down and abandoning module OnlineSubsystem (44)
[2017.10.11-04.08.14:633][823]LogOnline:Display: Unloading online subsystem: NULL
[2017.10.11-04.08.14:633][823]LogModuleManager: Shutting down and abandoning module XMPP (43)
[2017.10.11-04.08.14:633][823]LogModuleManager: Shutting down and abandoning module HTTP (41)
[2017.10.11-04.08.14:633][823]LogHttp:Display: Http module shutting down, but needs to wait on 1 outstanding Http requests:
[2017.10.11-04.08.14:633][823]LogHttp:Display: 	verb=[POST] url=[https://datarouter.ol.epicgames.com/datarouter/api/v1/public/data?SessionID=%7B9D64DB9D-47ED-F41C-9210-3CBE3425CEF3%7D&AppID=UEEditor.Rocket.Release&AppVersion=4.16.3-3561208%2B%2B%2BUE4%2BRelease-4.16&UserID=665dec2a4cb07e4a71250ab9266ceb62%7Ce8b3675815f34300b2475ff9b011f0bc%7C4e8dcd73-f07b-479f-a7d5-ed78ed029b66&AppEnvironment=datacollector-binary&UploadType=eteventstream] status=Processing
[2017.10.11-04.08.14:660][823]LogModuleManager: Shutting down and abandoning module SSL (40)
[2017.10.11-04.08.14:662][823]LogModuleManager: Shutting down and abandoning module HTTPChunkInstaller (36)
[2017.10.11-04.08.14:662][823]LogModuleManager: Shutting down and abandoning module AnimationModifiers (34)
[2017.10.11-04.08.14:662][823]LogModuleManager: Shutting down and abandoning module PropertyEditor (33)
[2017.10.11-04.08.14:662][823]LogModuleManager: Shutting down and abandoning module AudioEditor (30)
[2017.10.11-04.08.14:662][823]LogModuleManager: Shutting down and abandoning module TextureCompressor (28)
[2017.10.11-04.08.14:662][823]LogModuleManager: Shutting down and abandoning module ShaderCore (26)
[2017.10.11-04.08.14:662][823]LogModuleManager: Shutting down and abandoning module Landscape (24)
[2017.10.11-04.08.14:662][823]LogModuleManager: Shutting down and abandoning module SlateRHIRenderer (22)
[2017.10.11-04.08.14:662][823]LogModuleManager: Shutting down and abandoning module OpenGLDrv (20)
[2017.10.11-04.08.14:662][823]LogModuleManager: Shutting down and abandoning module D3D11RHI (18)
[2017.10.11-04.08.14:662][823]LogModuleManager: Shutting down and abandoning module AnimGraphRuntime (16)
[2017.10.11-04.08.14:662][823]LogModuleManager: Shutting down and abandoning module Renderer (14)
[2017.10.11-04.08.14:662][823]LogModuleManager: Shutting down and abandoning module Engine (12)
[2017.10.11-04.08.14:662][823]LogModuleManager: Shutting down and abandoning module CoreUObject (10)
[2017.10.11-04.08.14:662][823]LogModuleManager: Shutting down and abandoning module NetworkFile (8)
[2017.10.11-04.08.14:662][823]LogModuleManager: Shutting down and abandoning module StreamingFile (6)
[2017.10.11-04.08.14:662][823]LogModuleManager: Shutting down and abandoning module SandboxFile (4)
[2017.10.11-04.08.14:662][823]LogModuleManager: Shutting down and abandoning module PakFile (2)
[2017.10.11-04.08.14:664][823]LogExit: Exiting.
[2017.10.11-04.08.14:675][823]Log file closed, 10/11/17 00:08:14
