Log file open, 10/13/17 18:47:39
LogInit:Display: Running engine for game: ScrumLordRacing
LogPlatformFile: Not using cached read wrapper
LogInit:Display: RandInit(1365554568) SRandInit(1365554568).
LogTaskGraph: Started task graph with 5 named threads and 8 total threads with 1 sets of task threads.
LogStats: Stats thread started at 0.111087
LogInit: Using libcurl 7.47.1
LogInit:  - built for x86_64-pc-win32
LogInit:  - supports SSL with OpenSSL/1.0.2g
LogInit:  - supports HTTP deflate (compression) using libz 1.2.8
LogInit:  - other features:
LogInit:      CURL_VERSION_SSL
LogInit:      CURL_VERSION_LIBZ
LogInit:      CURL_VERSION_IPV6
LogInit:      CURL_VERSION_ASYNCHDNS
LogInit:      CURL_VERSION_LARGEFILE
LogInit:      CURL_VERSION_IDN
LogInit:  CurlRequestOptions (configurable via config and command line):
LogInit:  - bVerifyPeer = false  - Libcurl will NOT verify peer certificate
LogInit:  - bUseHttpProxy = false  - Libcurl will NOT use HTTP proxy
LogInit:  - bDontReuseConnections = false  - Libcurl will reuse connections
LogInit:  - CertBundlePath = nullptr  - Libcurl will use whatever was configured at build time.
LogInit: Build: ++UE4+Release-4.16-CL-3561208
LogInit: Engine Version: 4.16.3-3561208+++UE4+Release-4.16
LogInit: Compatible Engine Version: 4.16.0-3452394+++UE4+Release-4.16
LogInit: Net CL: 3452394
LogDevObjectVersion: Number of dev versions registered: 16
LogDevObjectVersion:   Dev-Blueprints (B0D832E4-1F89-4F0D-ACCF-7EB736FD4AA2): 9
LogDevObjectVersion:   Dev-Build (E1C64328-A22C-4D53-A36C-8E866417BD8C): 0
LogDevObjectVersion:   Dev-Core (375EC13C-06E4-48FB-B500-84F0262A717E): 2
LogDevObjectVersion:   Dev-Editor (E4B068ED-F494-42E9-A231-DA0B2E46BB41): 17
LogDevObjectVersion:   Dev-Framework (CFFC743F-43B0-4480-9391-14DF171D2073): 23
LogDevObjectVersion:   Dev-Mobile (B02B49B5-BB20-44E9-A304-32B752E40360): 0
LogDevObjectVersion:   Dev-Networking (A4E4105C-59A1-49B5-A7C5-40C4547EDFEE): 0
LogDevObjectVersion:   Dev-Online (39C831C9-5AE6-47DC-9A44-9C173E1C8E7C): 0
LogDevObjectVersion:   Dev-Physics (78F01B33-EBEA-4F98-B9B4-84EACCB95AA2): 0
LogDevObjectVersion:   Dev-Platform (6631380F-2D4D-43E0-8009-CF276956A95A): 0
LogDevObjectVersion:   Dev-Rendering (12F88B9F-8875-4AFC-A67C-D90C383ABD29): 15
LogDevObjectVersion:   Dev-Sequencer (7B5AE74C-D270-4C10-A958-57980B212A5A): 4
LogDevObjectVersion:   Dev-VR (D7296918-1DD6-4BDD-9DE2-64A83CC13884): 0
LogDevObjectVersion:   Dev-LoadTimes (C2A15278-BFE7-4AFE-6C17-90FF531DF755): 1
LogDevObjectVersion:   Private-Geometry (6EACA3D4-40EC-4CC1-B786-8BED09428FC5): 1
LogDevObjectVersion:   Dev-AnimPhys (29E575DD-E0A3-4627-9D10-D276232CDCEA): 3
LogInit: Compiled (64-bit): Jul 28 2017 11:49:47
LogInit: Compiled with Visual C++: 19.00.24215.01
LogInit: Build Configuration: Development
LogInit: Branch Name: ++UE4+Release-4.16
LogInit: Command line:  /Temp/Autosaves/Game/Maps/TrackOne/UEDPCTrackOne -game -PIEVIACONSOLE -ResX=1280 -ResY=720  -Multiprocess -messaging -SessionName="Play in Standalone Game" -windowed 
LogInit: Base directory: C:/Program Files/Epic Games/UE_4.16/Engine/Binaries/Win64/
LogInit: Installed Engine Build: 1
LogInit: Presizing for max 8388607 objects, including 0 objects not considered by GC, pre-allocating 0 bytes for permanent pool.
LogInit: Object subsystem initialized
[2017.10.13-22.47.39:671][  0]LogInit: Selected Device Profile: [Windows]
[2017.10.13-22.47.39:671][  0]LogInit: Applying CVar settings loaded from the selected device profile: [Windows]
[2017.10.13-22.47.39:675][  0]LogInit: Computer: ALEX
[2017.10.13-22.47.39:675][  0]LogInit: User: galla000
[2017.10.13-22.47.39:675][  0]LogInit: CPU Page size=4096, Cores=4
[2017.10.13-22.47.39:675][  0]LogInit: High frequency timer resolution =2.825496 MHz
[2017.10.13-22.47.39:675][  0]LogMemory: Memory total: Physical=31.9GB (32GB approx)
[2017.10.13-22.47.39:675][  0]LogMemory: Platform Memory Stats for Windows
[2017.10.13-22.47.39:675][  0]LogMemory: Process Physical Memory: 270.97 MB used, 270.97 MB peak
[2017.10.13-22.47.39:675][  0]LogMemory: Process Virtual Memory: 260.64 MB used, 260.64 MB peak
[2017.10.13-22.47.39:675][  0]LogMemory: Physical Memory: 5807.91 MB used,  26841.11 MB free, 32649.02 MB total
[2017.10.13-22.47.39:675][  0]LogMemory: Virtual Memory: 617.64 MB used,  26841.11 MB free, 134217728.00 MB total
[2017.10.13-22.47.39:747][  0]LogInit: Using OS detected language (en-US).
[2017.10.13-22.47.39:747][  0]LogInit: Using OS detected locale (en-US).
[2017.10.13-22.47.39:750][  0]LogTextLocalizationManager: No specific localization for 'en-US' exists, so the 'en' localization will be used.
[2017.10.13-22.47.40:656][  0]LogD3D11RHI: D3D11 adapters:
[2017.10.13-22.47.40:718][  0]LogD3D11RHI:    0. 'Intel(R) HD Graphics 4600' (Feature Level 11_0)
[2017.10.13-22.47.40:718][  0]LogD3D11RHI:       4054/0/16324 MB DedicatedVideo/DedicatedSystem/SharedSystem, Outputs:1, VendorId:0x8086
[2017.10.13-22.47.40:719][  0]LogD3D11RHI:    1. 'Microsoft Basic Render Driver' (Feature Level 11_0)
[2017.10.13-22.47.40:719][  0]LogD3D11RHI:       0/0/256 MB DedicatedVideo/DedicatedSystem/SharedSystem, Outputs:0, VendorId:0x1414
[2017.10.13-22.47.40:719][  0]LogD3D11RHI: Chosen D3D11 Adapter: 0
[2017.10.13-22.47.40:724][  0]LogD3D11RHI: Creating new Direct3DDevice
[2017.10.13-22.47.40:724][  0]LogD3D11RHI:     GPU DeviceId: 0x416 (for the marketing name, search the web for "GPU Device Id")
[2017.10.13-22.47.40:724][  0]LogWindows: EnumDisplayDevices:
[2017.10.13-22.47.40:724][  0]LogWindows:    0. 'Intel(R) HD Graphics 4600' (P:1 D:1)
[2017.10.13-22.47.40:724][  0]LogWindows:    1. 'Intel(R) HD Graphics 4600' (P:0 D:0)
[2017.10.13-22.47.40:724][  0]LogWindows:    2. 'Intel(R) HD Graphics 4600' (P:0 D:0)
[2017.10.13-22.47.40:724][  0]LogWindows:    3. 'Intel(R) HD Graphics 4600' (P:0 D:0)
[2017.10.13-22.47.40:724][  0]LogWindows: DebugString: FoundDriverCount:4 
[2017.10.13-22.47.40:725][  0]LogD3D11RHI:     Adapter Name: Intel(R) HD Graphics 4600
[2017.10.13-22.47.40:725][  0]LogD3D11RHI:   Driver Version: 10.18.10.3304 (internal:10.18.10.3304, unified:10.18.10.3304)
[2017.10.13-22.47.40:725][  0]LogD3D11RHI:      Driver Date: 9-9-2013
[2017.10.13-22.47.40:725][  0]LogRHI: Texture pool is 1361 MB (70% of 1945 MB)
[2017.10.13-22.47.40:735][  0]LogD3D11RHI: Async texture creation enabled
[2017.10.13-22.47.40:753][  0]LogD3D11RHI: GPU Timing Frequency: 12.500000 (Debug: 2 2)
[2017.10.13-22.47.40:753][  0]LogShaderCompilers: Guid format shader working directory is 19 characters bigger than the processId version (D:/Unreal Games/ScrumLordRacing/Intermediate/Shaders/WorkingDirectory/1072/).
[2017.10.13-22.47.40:753][  0]LogShaderCompilers: Cleaned the shader compiler working directory 'C:/Users/galla_000/AppData/Local/Temp/UnrealShaderWorkingDir/DEDB509C46B161B1A2C4BBAC3ADD4BDC/'.
[2017.10.13-22.47.40:753][  0]LogShaderCompilers:Display: Using Local Shader Compiler.
[2017.10.13-22.47.41:650][  0]LogTemp:Display: Loaded TP WindowsClientTargetPlatform
[2017.10.13-22.47.41:687][  0]LogTemp:Display: Loaded TP WindowsNoEditorTargetPlatform
[2017.10.13-22.47.41:724][  0]LogTemp:Display: Loaded TP WindowsServerTargetPlatform
[2017.10.13-22.47.41:756][  0]LogTemp:Display: Loaded TP WindowsTargetPlatform
[2017.10.13-22.47.41:756][  0]LogTargetPlatformManager:Display: Building Assets For Windows
[2017.10.13-22.47.42:113][  0]LogDerivedDataCache:Display: Max Cache Size: 512 MB
[2017.10.13-22.47.42:189][  0]LogDerivedDataCache: Loaded boot cache 0.08s 90MB C:/Users/galla_000/AppData/Local/UnrealEngine/4.16/DerivedDataCache/Boot.ddc.
[2017.10.13-22.47.42:189][  0]LogDerivedDataCache:Display: Loaded Boot cache: C:/Users/galla_000/AppData/Local/UnrealEngine/4.16/DerivedDataCache/Boot.ddc
[2017.10.13-22.47.42:189][  0]LogDerivedDataCache: FDerivedDataBackendGraph:  Pak pak cache file D:/Unreal Games/ScrumLordRacing/DerivedDataCache/DDC.ddp not found, will not use a pak cache.
[2017.10.13-22.47.42:189][  0]LogDerivedDataCache: Unable to find inner node Pak for hierarchical cache Hierarchy.
[2017.10.13-22.47.42:189][  0]LogDerivedDataCache: FDerivedDataBackendGraph:  CompressedPak pak cache file D:/Unreal Games/ScrumLordRacing/DerivedDataCache/Compressed.ddp not found, will not use a pak cache.
[2017.10.13-22.47.42:189][  0]LogDerivedDataCache: Unable to find inner node CompressedPak for hierarchical cache Hierarchy.
[2017.10.13-22.47.42:205][  0]LogDerivedDataCache:Display: Pak cache opened for reading ../../../Engine/DerivedDataCache/Compressed.ddp.
[2017.10.13-22.47.42:217][  0]LogDerivedDataCache: Using Local data cache path C:/Users/galla_000/AppData/Local/UnrealEngine/Common/DerivedDataCache: Writable
[2017.10.13-22.47.42:226][  0]LogMaterial: Verifying Global Shaders for PCD3D_SM5
[2017.10.13-22.47.42:226][  0]LogSlate: Using Freetype 2.6.0
[2017.10.13-22.47.42:227][  0]LogSlate: SlateFontCache - WITH_FREETYPE: 1, WITH_HARFBUZZ: 1
[2017.10.13-22.47.42:227][  0]LogSlate: SlateFontCache - WITH_FREETYPE: 1, WITH_HARFBUZZ: 1
[2017.10.13-22.47.42:436][  0]LogAssetRegistry: FAssetRegistry took 0.0039 seconds to start up
[2017.10.13-22.47.42:441][  0]LogPackageLocalizationCache: Processed 4 localized package path(s) for 2 prioritized culture(s) in 0.005720 seconds
[2017.10.13-22.47.42:509][  0]LogInit: Selected Device Profile: [Windows]
[2017.10.13-22.47.42:611][  0]LogContentStreaming: Texture pool size is 1000.00 MB
[2017.10.13-22.47.42:766][  0]LogMeshUtilities: Using QuadricMeshReduction for automatic static mesh reduction
[2017.10.13-22.47.42:798][  0]LogSimplygon: Simplygon DLL not present - disabling.
[2017.10.13-22.47.42:832][  0]LogMeshUtilities: Using SimplygonSwarm for distributed automatic mesh merging
[2017.10.13-22.47.42:832][  0]LogMeshUtilities: No automatic skeletal mesh reduction module available
[2017.10.13-22.47.42:832][  0]LogMeshUtilities: No automatic mesh merging module available
[2017.10.13-22.47.43:295][  0]LogNetVersion: ScrumLordRacing , NetCL: 3452394, EngineNetVer: 2, GameNetVer: 0 (Checksum: 1756322102)
[2017.10.13-22.47.43:352][  0]LogInit: WinSock: version 1.1 (2.2), MaxSocks=32767, MaxUdp=65467
[2017.10.13-22.47.44:141][  0]LogMoviePlayer: Initializing movie player
[2017.10.13-22.47.44:402][  0]LogCollectionManager: Loaded 0 collections in 0.001109 seconds
[2017.10.13-22.47.44:451][  0]LogFileCache: Scanning file cache for directory 'D:/Unreal Games/ScrumLordRacing/Saved/Collections/' took 0.01s
[2017.10.13-22.47.44:451][  0]LogFileCache: Scanning file cache for directory 'D:/Unreal Games/ScrumLordRacing/Content/Developers/galla000/Collections/' took 0.01s
[2017.10.13-22.47.44:451][  0]LogFileCache: Scanning file cache for directory 'D:/Unreal Games/ScrumLordRacing/Content/Collections/' took 0.01s
[2017.10.13-22.47.44:451][  0]LogCollectionManager: Rebuilt the object cache for 0 collections in 0.000001 seconds (found 0 objects)
[2017.10.13-22.47.44:451][  0]LogCollectionManager: Fixed up redirectors for 0 collections in 0.000029 seconds (updated 0 objects)
[2017.10.13-22.47.44:567][  0]LogTcpMessaging: Initializing TcpMessaging bridge
[2017.10.13-22.47.44:599][  0]LogUdpMessaging: Initializing bridge on interface 0.0.0.0:0 to multicast group 230.0.0.1:6666.
[2017.10.13-22.47.44:892][  0]SourceControl: Info Source control is disabled
[2017.10.13-22.47.44:892][  0]SourceControl: Info Source control is disabled
[2017.10.13-22.47.44:929][  0]SourceControl: Info Source control is disabled
[2017.10.13-22.47.45:146][  0]LogAndroidPermission: UAndroidPermissionCallbackProxy::GetInstance
[2017.10.13-22.47.45:446][  0]LogUObjectArray: 37251 objects as part of root set at end of initial load.
[2017.10.13-22.47.45:446][  0]LogUObjectAllocator: 8404632 out of 0 bytes used by permanent object pool.
[2017.10.13-22.47.45:446][  0]LogUObjectArray: CloseDisregardForGC: 0/0 objects in disregard for GC pool
[2017.10.13-22.47.45:531][  0]LogEngine: Initializing Engine...
[2017.10.13-22.47.45:531][  0]LogHMD: Failed to initialize OpenVR with code 110
[2017.10.13-22.47.45:692][  0]LogStats: UGameplayTagsManager::ConstructGameplayTagTree: Construct from data asset -  0.000 s
[2017.10.13-22.47.45:692][  0]LogStats: UGameplayTagsManager::ConstructGameplayTagTree: GameplayTagTreeChangedEvent.Broadcast -  0.000 s
[2017.10.13-22.47.45:705][  0]LogInit: XAudio2 using 'Speakers (Realtek High Definition Audio)' : 2 channels at 48 kHz using 32 bits per sample (channel mask 0x3)
[2017.10.13-22.47.45:850][  0]LogInit: FAudioDevice initialized.
[2017.10.13-22.47.45:869][  0]LogInit: Texture streaming: Enabled
[2017.10.13-22.47.45:885][  0]LogMaterial: Uniform references updated for custom material expression Custom.
[2017.10.13-22.47.46:094][  0]LogSlateStyle:Warning: Unable to find Slate Widget Style 'NormalText'. Using FTextBlockStyle defaults instead.
[2017.10.13-22.47.46:094][  0]LogSlateStyle:Warning: Unable to find Slate Widget Style 'SpinBox'. Using FSpinBoxStyle defaults instead.
[2017.10.13-22.47.46:257][  0]LogInit:Display: Game Engine Initialized.
[2017.10.13-22.47.46:372][  0]LogInit:Display: Starting Game.
[2017.10.13-22.47.46:372][  0]LogNet: Browse: /Temp/Autosaves/Game/Maps/TrackOne/UEDPCTrackOne?Name=Player
[2017.10.13-22.47.46:372][  0]LogLoad: LoadMap: /Temp/Autosaves/Game/Maps/TrackOne/UEDPCTrackOne?Name=Player
[2017.10.13-22.47.46:391][  0]LogMemory: Platform Memory Stats for Windows
[2017.10.13-22.47.46:392][  0]LogMemory: Process Physical Memory: 679.89 MB used, 869.99 MB peak
[2017.10.13-22.47.46:392][  0]LogMemory: Process Virtual Memory: 653.09 MB used, 813.96 MB peak
[2017.10.13-22.47.46:392][  0]LogMemory: Physical Memory: 6250.64 MB used,  26398.39 MB free, 32649.02 MB total
[2017.10.13-22.47.46:392][  0]LogMemory: Virtual Memory: 1229.45 MB used,  26398.39 MB free, 134217728.00 MB total
[2017.10.13-22.47.46:392][  0]LogMemory: 
[2017.10.13-22.47.46:392][  0]Allocator Stats for TBB: (not implemented)
[2017.10.13-22.47.46:895][  0]LogAIModule: Creating AISystem for world TrackOne
[2017.10.13-22.47.46:899][  0]LogLoad: Game class is 'VehicleAdvGameMode_C'
[2017.10.13-22.47.46:913][  0]PIE:Warning: Warning Attempting to move a fully simulated skeletal mesh VehicleMesh. Please use the Teleport flag
[2017.10.13-22.47.46:915][  0]PIE:Warning: Warning Attempting to move a fully simulated skeletal mesh VehicleMesh. Please use the Teleport flag
[2017.10.13-22.47.46:916][  0]LogWorld: Bringing World /Temp/Autosaves/Game/Maps/TrackOne/UEDPCTrackOne.TrackOne up for play (max tick rate 0) at 2017.10.13-18.47.46
[2017.10.13-22.47.46:918][  0]LogWorld: Bringing up level for play took: 0.014045
[2017.10.13-22.47.46:920][  0]LogLoad: Took 0.547250 seconds to LoadMap(/Temp/Autosaves/Game/Maps/TrackOne/UEDPCTrackOne)
[2017.10.13-22.47.47:253][  0]LogRenderer: Reallocating scene render targets to support 1280x720 NumSamples 1 (Frame:1).
[2017.10.13-22.47.47:253][  0]LogLoad: (Engine Initialization) Total time: 9.10 seconds
[2017.10.13-22.47.47:253][  0]LogLoad: (Engine Initialization) Total Blueprint compile time: 0.15 seconds
[2017.10.13-22.47.47:253][  0]LogExternalProfiler: No external profilers were discovered.  External profiling features will not be available.
[2017.10.13-22.47.47:270][  0]LogOcInput: OculusInput pre-init called
[2017.10.13-22.47.47:270][  0]LogRawInputWindows:Warning: Found device 0 devices
[2017.10.13-22.47.47:270][  0]LogRawInputWindows:Warning: Found device 0 devices
[2017.10.13-22.47.47:270][  0]LogRawInputWindows:Warning: Device was registered succesfully but not connected (Usage:4 UsagePage:1
[2017.10.13-22.47.47:270][  0]LogRawInputWindows:Warning: Found device 1 devices
[2017.10.13-22.47.47:270][  0]LogRawInputWindows: VenderID:e6f ProductID:401
[2017.10.13-22.47.47:270][  0]LogRawInputWindows: Device was registered succesfully and is connected (Usage:5 UsagePage:1
[2017.10.13-22.47.47:270][  0]LogHMD: Starting GearVRController plugin
[2017.10.13-22.48.05:388][383]Set new viewmode: Wireframe
[2017.10.13-22.48.08:138][467]Set new viewmode: Wireframe
[2017.10.13-22.48.09:617][523]PIE:Warning: Warning Invalid Simulate Options: Body (Barrel_82.Destructible 1M_Cube_2_DM) is set to simulate physics but Collision Enabled is incompatible
[2017.10.13-22.48.11:513][609]LogWindowsTextInputMethodSystem:Display: IME system now deactivated.
[2017.10.13-22.48.11:516][609]LogWindowsTextInputMethodSystem:Display: IME system now deactivated.
[2017.10.13-22.48.11:516][609]LogEngine: All Windows Closed
[2017.10.13-22.48.11:516][609]LogWindows: FPlatformMisc::RequestExit(0)
[2017.10.13-22.48.11:547][610]LogExit: Preparing to exit.
[2017.10.13-22.48.11:547][610]LogMoviePlayer: Shutting down movie player
[2017.10.13-22.48.12:743][610]LogExit: Game engine shut down
[2017.10.13-22.48.12:801][610]LogObj: Freed 0b from 0 cluster array pools.
[2017.10.13-22.48.12:801][610]LogExit: Object subsystem successfully closed.
[2017.10.13-22.48.12:821][610]LogD3D11RHI: Shutdown
[2017.10.13-22.48.12:821][610]LogD3D11RHI: CleanupD3DDevice
