Log file open, 10/07/17 18:16:18
LogInit:Display: Running engine for game: ScrumLordRacing
LogPlatformFile: Not using cached read wrapper
LogInit:Display: RandInit(1559931669) SRandInit(1559931669).
LogTaskGraph: Started task graph with 5 named threads and 8 total threads with 1 sets of task threads.
LogStats: Stats thread started at 0.084937
LogInit: Using libcurl 7.47.1
LogInit:  - built for x86_64-pc-win32
LogInit:  - supports SSL with OpenSSL/1.0.2g
LogInit:  - supports HTTP deflate (compression) using libz 1.2.8
LogInit:  - other features:
LogInit:      CURL_VERSION_SSL
LogInit:      CURL_VERSION_LIBZ
LogInit:      CURL_VERSION_IPV6
LogInit:      CURL_VERSION_ASYNCHDNS
LogInit:      CURL_VERSION_LARGEFILE
LogInit:      CURL_VERSION_IDN
LogInit:  CurlRequestOptions (configurable via config and command line):
LogInit:  - bVerifyPeer = false  - Libcurl will NOT verify peer certificate
LogInit:  - bUseHttpProxy = false  - Libcurl will NOT use HTTP proxy
LogInit:  - bDontReuseConnections = false  - Libcurl will reuse connections
LogInit:  - CertBundlePath = nullptr  - Libcurl will use whatever was configured at build time.
LogInit: Build: ++UE4+Release-4.16-CL-3561208
LogInit: Engine Version: 4.16.3-3561208+++UE4+Release-4.16
LogInit: Compatible Engine Version: 4.16.0-3452394+++UE4+Release-4.16
LogInit: Net CL: 3452394
LogDevObjectVersion: Number of dev versions registered: 16
LogDevObjectVersion:   Dev-Blueprints (B0D832E4-1F89-4F0D-ACCF-7EB736FD4AA2): 9
LogDevObjectVersion:   Dev-Build (E1C64328-A22C-4D53-A36C-8E866417BD8C): 0
LogDevObjectVersion:   Dev-Core (375EC13C-06E4-48FB-B500-84F0262A717E): 2
LogDevObjectVersion:   Dev-Editor (E4B068ED-F494-42E9-A231-DA0B2E46BB41): 17
LogDevObjectVersion:   Dev-Framework (CFFC743F-43B0-4480-9391-14DF171D2073): 23
LogDevObjectVersion:   Dev-Mobile (B02B49B5-BB20-44E9-A304-32B752E40360): 0
LogDevObjectVersion:   Dev-Networking (A4E4105C-59A1-49B5-A7C5-40C4547EDFEE): 0
LogDevObjectVersion:   Dev-Online (39C831C9-5AE6-47DC-9A44-9C173E1C8E7C): 0
LogDevObjectVersion:   Dev-Physics (78F01B33-EBEA-4F98-B9B4-84EACCB95AA2): 0
LogDevObjectVersion:   Dev-Platform (6631380F-2D4D-43E0-8009-CF276956A95A): 0
LogDevObjectVersion:   Dev-Rendering (12F88B9F-8875-4AFC-A67C-D90C383ABD29): 15
LogDevObjectVersion:   Dev-Sequencer (7B5AE74C-D270-4C10-A958-57980B212A5A): 4
LogDevObjectVersion:   Dev-VR (D7296918-1DD6-4BDD-9DE2-64A83CC13884): 0
LogDevObjectVersion:   Dev-LoadTimes (C2A15278-BFE7-4AFE-6C17-90FF531DF755): 1
LogDevObjectVersion:   Private-Geometry (6EACA3D4-40EC-4CC1-B786-8BED09428FC5): 1
LogDevObjectVersion:   Dev-AnimPhys (29E575DD-E0A3-4627-9D10-D276232CDCEA): 3
LogInit: Compiled (64-bit): Jul 28 2017 11:49:47
LogInit: Compiled with Visual C++: 19.00.24215.01
LogInit: Build Configuration: Development
LogInit: Branch Name: ++UE4+Release-4.16
LogInit: Command line:  
LogInit: Base directory: C:/Program Files/Epic Games/UE_4.16/Engine/Binaries/Win64/
LogInit: Installed Engine Build: 1
LogInit: Presizing for max 8388607 objects, including 0 objects not considered by GC, pre-allocating 0 bytes for permanent pool.
LogInit: Object subsystem initialized
[2017.10.07-22.16.18:485][  0]LogInit: Selected Device Profile: [Windows]
[2017.10.07-22.16.18:485][  0]LogInit: Applying CVar settings loaded from the selected device profile: [Windows]
[2017.10.07-22.16.18:494][  0]LogInit: Computer: ALEX
[2017.10.07-22.16.18:494][  0]LogInit: User: galla000
[2017.10.07-22.16.18:494][  0]LogInit: CPU Page size=4096, Cores=4
[2017.10.07-22.16.18:494][  0]LogInit: High frequency timer resolution =2.825505 MHz
[2017.10.07-22.16.18:495][  0]LogMemory: Memory total: Physical=31.9GB (32GB approx)
[2017.10.07-22.16.18:495][  0]LogMemory: Platform Memory Stats for Windows
[2017.10.07-22.16.18:495][  0]LogMemory: Process Physical Memory: 271.59 MB used, 271.59 MB peak
[2017.10.07-22.16.18:495][  0]LogMemory: Process Virtual Memory: 260.68 MB used, 260.68 MB peak
[2017.10.07-22.16.18:495][  0]LogMemory: Physical Memory: 4046.83 MB used,  28602.19 MB free, 32649.02 MB total
[2017.10.07-22.16.18:495][  0]LogMemory: Virtual Memory: 621.52 MB used,  28602.19 MB free, 134217728.00 MB total
[2017.10.07-22.16.18:553][  0]LogInit: Using OS detected language (en-US).
[2017.10.07-22.16.18:553][  0]LogInit: Using OS detected locale (en-US).
[2017.10.07-22.16.18:555][  0]LogTextLocalizationManager: No specific localization for 'en-US' exists, so the 'en' localization will be used.
[2017.10.07-22.16.19:367][  0]LogD3D11RHI: D3D11 adapters:
[2017.10.07-22.16.19:378][  0]LogD3D11RHI:    0. 'Intel(R) HD Graphics 4600' (Feature Level 11_0)
[2017.10.07-22.16.19:378][  0]LogD3D11RHI:       4054/0/16324 MB DedicatedVideo/DedicatedSystem/SharedSystem, Outputs:1, VendorId:0x8086
[2017.10.07-22.16.19:379][  0]LogD3D11RHI:    1. 'Microsoft Basic Render Driver' (Feature Level 11_0)
[2017.10.07-22.16.19:379][  0]LogD3D11RHI:       0/0/256 MB DedicatedVideo/DedicatedSystem/SharedSystem, Outputs:0, VendorId:0x1414
[2017.10.07-22.16.19:379][  0]LogD3D11RHI: Chosen D3D11 Adapter: 0
[2017.10.07-22.16.19:384][  0]LogD3D11RHI: Creating new Direct3DDevice
[2017.10.07-22.16.19:384][  0]LogD3D11RHI:     GPU DeviceId: 0x416 (for the marketing name, search the web for "GPU Device Id")
[2017.10.07-22.16.19:384][  0]LogWindows: EnumDisplayDevices:
[2017.10.07-22.16.19:384][  0]LogWindows:    0. 'Intel(R) HD Graphics 4600' (P:1 D:1)
[2017.10.07-22.16.19:384][  0]LogWindows:    1. 'Intel(R) HD Graphics 4600' (P:0 D:0)
[2017.10.07-22.16.19:384][  0]LogWindows:    2. 'Intel(R) HD Graphics 4600' (P:0 D:0)
[2017.10.07-22.16.19:384][  0]LogWindows:    3. 'Intel(R) HD Graphics 4600' (P:0 D:0)
[2017.10.07-22.16.19:384][  0]LogWindows: DebugString: FoundDriverCount:4 
[2017.10.07-22.16.19:384][  0]LogD3D11RHI:     Adapter Name: Intel(R) HD Graphics 4600
[2017.10.07-22.16.19:384][  0]LogD3D11RHI:   Driver Version: 10.18.10.3304 (internal:10.18.10.3304, unified:10.18.10.3304)
[2017.10.07-22.16.19:384][  0]LogD3D11RHI:      Driver Date: 9-9-2013
[2017.10.07-22.16.19:384][  0]LogRHI: Texture pool is 1361 MB (70% of 1945 MB)
[2017.10.07-22.16.19:393][  0]LogD3D11RHI: Async texture creation enabled
[2017.10.07-22.16.19:402][  0]LogD3D11RHI: GPU Timing Frequency: 12.500000 (Debug: 2 1)
[2017.10.07-22.16.19:402][  0]LogShaderCompilers: Guid format shader working directory is 19 characters bigger than the processId version (D:/Unreal Games/ScrumLordRacing/Intermediate/Shaders/WorkingDirectory/5004/).
[2017.10.07-22.16.19:402][  0]LogShaderCompilers: Cleaned the shader compiler working directory 'C:/Users/galla_000/AppData/Local/Temp/UnrealShaderWorkingDir/38AE813141595CBA9BAED486B40765B7/'.
[2017.10.07-22.16.19:402][  0]LogShaderCompilers:Display: Using Local Shader Compiler.
[2017.10.07-22.16.20:289][  0]LogTemp:Display: Loaded TP AllDesktopTargetPlatform
[2017.10.07-22.16.20:327][  0]LogTemp:Display: Loaded TP MacClientTargetPlatform
[2017.10.07-22.16.20:366][  0]LogTemp:Display: Loaded TP MacNoEditorTargetPlatform
[2017.10.07-22.16.20:404][  0]LogTemp:Display: Loaded TP MacServerTargetPlatform
[2017.10.07-22.16.20:442][  0]LogTemp:Display: Loaded TP MacTargetPlatform
[2017.10.07-22.16.20:481][  0]LogTemp:Display: Loaded TP WindowsClientTargetPlatform
[2017.10.07-22.16.20:520][  0]LogTemp:Display: Loaded TP WindowsNoEditorTargetPlatform
[2017.10.07-22.16.20:560][  0]LogTemp:Display: Loaded TP WindowsServerTargetPlatform
[2017.10.07-22.16.20:594][  0]LogTemp:Display: Loaded TP WindowsTargetPlatform
[2017.10.07-22.16.20:634][  0]LogTemp:Display: Loaded TP AndroidTargetPlatform
[2017.10.07-22.16.20:674][  0]LogTemp:Display: Loaded TP Android_ASTCTargetPlatform
[2017.10.07-22.16.20:713][  0]LogTemp:Display: Loaded TP Android_ATCTargetPlatform
[2017.10.07-22.16.20:754][  0]LogTemp:Display: Loaded TP Android_DXTTargetPlatform
[2017.10.07-22.16.20:793][  0]LogTemp:Display: Loaded TP Android_ETC1TargetPlatform
[2017.10.07-22.16.20:834][  0]LogTemp:Display: Loaded TP Android_ETC2TargetPlatform
[2017.10.07-22.16.20:915][  0]LogTemp:Display: Loaded TP Android_MultiTargetPlatform
[2017.10.07-22.16.20:915][  0]LogTemp:Display: Loaded TP Android_PVRTCTargetPlatform
[2017.10.07-22.16.20:946][  0]LogTemp:Display: Loaded TP HTML5TargetPlatform
[2017.10.07-22.16.21:027][  0]LogTemp:Display: Loaded TP IOSTargetPlatform
[2017.10.07-22.16.21:053][  0]LogTemp:Display: Loaded TP TVOSTargetPlatform
[2017.10.07-22.16.21:094][  0]LogTemp:Display: Loaded TP LinuxClientTargetPlatform
[2017.10.07-22.16.21:134][  0]LogTemp:Display: Loaded TP LinuxNoEditorTargetPlatform
[2017.10.07-22.16.21:176][  0]LogTemp:Display: Loaded TP LinuxServerTargetPlatform
[2017.10.07-22.16.21:215][  0]LogTemp:Display: Loaded TP LinuxTargetPlatform
[2017.10.07-22.16.21:215][  0]LogTargetPlatformManager:Display: Building Assets For Windows
[2017.10.07-22.16.21:610][  0]LogDerivedDataCache:Display: Max Cache Size: 512 MB
[2017.10.07-22.16.21:716][  0]LogDerivedDataCache: Loaded boot cache 0.11s 90MB C:/Users/galla_000/AppData/Local/UnrealEngine/4.16/DerivedDataCache/Boot.ddc.
[2017.10.07-22.16.21:716][  0]LogDerivedDataCache:Display: Loaded Boot cache: C:/Users/galla_000/AppData/Local/UnrealEngine/4.16/DerivedDataCache/Boot.ddc
[2017.10.07-22.16.21:717][  0]LogDerivedDataCache: FDerivedDataBackendGraph:  Pak pak cache file D:/Unreal Games/ScrumLordRacing/DerivedDataCache/DDC.ddp not found, will not use a pak cache.
[2017.10.07-22.16.21:717][  0]LogDerivedDataCache: Unable to find inner node Pak for hierarchical cache Hierarchy.
[2017.10.07-22.16.21:717][  0]LogDerivedDataCache: FDerivedDataBackendGraph:  CompressedPak pak cache file D:/Unreal Games/ScrumLordRacing/DerivedDataCache/Compressed.ddp not found, will not use a pak cache.
[2017.10.07-22.16.21:717][  0]LogDerivedDataCache: Unable to find inner node CompressedPak for hierarchical cache Hierarchy.
[2017.10.07-22.16.21:733][  0]LogDerivedDataCache:Display: Pak cache opened for reading ../../../Engine/DerivedDataCache/Compressed.ddp.
[2017.10.07-22.16.21:745][  0]LogDerivedDataCache: Using Local data cache path C:/Users/galla_000/AppData/Local/UnrealEngine/Common/DerivedDataCache: Writable
[2017.10.07-22.16.21:754][  0]LogMaterial: Verifying Global Shaders for PCD3D_SM5
[2017.10.07-22.16.21:754][  0]LogSlate: Using Freetype 2.6.0
[2017.10.07-22.16.21:754][  0]LogSlate: SlateFontCache - WITH_FREETYPE: 1, WITH_HARFBUZZ: 1
[2017.10.07-22.16.21:754][  0]LogSlate: SlateFontCache - WITH_FREETYPE: 1, WITH_HARFBUZZ: 1
[2017.10.07-22.16.22:042][  0]LogInit: Selected Device Profile: [Windows]
[2017.10.07-22.16.22:135][  0]LogContentStreaming: Texture pool size is 0.00 MB
[2017.10.07-22.16.22:295][  0]LogMeshUtilities: Using QuadricMeshReduction for automatic static mesh reduction
[2017.10.07-22.16.22:329][  0]LogSimplygon: Simplygon DLL not present - disabling.
[2017.10.07-22.16.22:365][  0]LogMeshUtilities: Using SimplygonSwarm for distributed automatic mesh merging
[2017.10.07-22.16.22:365][  0]LogMeshUtilities: No automatic skeletal mesh reduction module available
[2017.10.07-22.16.22:365][  0]LogMeshUtilities: No automatic mesh merging module available
[2017.10.07-22.16.22:940][  0]LogNetVersion: ScrumLordRacing , NetCL: 3452394, EngineNetVer: 2, GameNetVer: 0 (Checksum: 1756322102)
[2017.10.07-22.16.22:997][  0]LogAssetRegistry: FAssetRegistry took 0.0256 seconds to start up
[2017.10.07-22.16.23:043][  0]LogPackageLocalizationCache: Processed 4 localized package path(s) for 2 prioritized culture(s) in 0.028179 seconds
[2017.10.07-22.16.23:048][  0]LogUObjectArray: 34194 objects as part of root set at end of initial load.
[2017.10.07-22.16.23:048][  0]LogUObjectAllocator: 7260424 out of 0 bytes used by permanent object pool.
[2017.10.07-22.16.23:048][  0]LogUObjectArray: CloseDisregardForGC: 0/0 objects in disregard for GC pool
[2017.10.07-22.16.23:096][  0]LogInit: WinSock: version 1.1 (2.2), MaxSocks=32767, MaxUdp=65467
[2017.10.07-22.16.24:964][  0]LogTcpMessaging: Initializing TcpMessaging bridge
[2017.10.07-22.16.24:998][  0]LogUdpMessaging: Initializing bridge on interface 0.0.0.0:0 to multicast group 230.0.0.1:6666.
[2017.10.07-22.16.25:401][  0]LogMaterial: Uniform references updated for custom material expression Custom.
[2017.10.07-22.16.25:709][  0]SourceControl: Info Source control is disabled
[2017.10.07-22.16.25:710][  0]SourceControl: Info Source control is disabled
[2017.10.07-22.16.25:745][  0]SourceControl: Info Source control is disabled
[2017.10.07-22.16.25:778][  0]SourceControl: Info Source control is disabled
[2017.10.07-22.16.26:314][  0]LogAndroidPermission: UAndroidPermissionCallbackProxy::GetInstance
[2017.10.07-22.16.26:759][  0]LogEngine: Initializing Engine...
[2017.10.07-22.16.26:760][  0]LogHMD: Failed to initialize OpenVR with code 110
[2017.10.07-22.16.27:139][  0]LogStats: UGameplayTagsManager::ConstructGameplayTagTree: Construct from data asset -  0.000 s
[2017.10.07-22.16.27:139][  0]LogStats: UGameplayTagsManager::ConstructGameplayTagTree: GameplayTagTreeChangedEvent.Broadcast -  0.000 s
[2017.10.07-22.16.27:238][  0]LogAIModule: Creating AISystem for world Untitled
[2017.10.07-22.16.27:243][  0]LogInit: XAudio2 using 'Speakers (Realtek High Definition Audio)' : 2 channels at 48 kHz using 32 bits per sample (channel mask 0x3)
[2017.10.07-22.16.27:306][  0]LogInit: FAudioDevice initialized.
[2017.10.07-22.16.27:346][  0]LogDerivedDataCache: Saved boot cache 0.04s 90MB C:/Users/galla_000/AppData/Local/UnrealEngine/4.16/DerivedDataCache/Boot.ddc.
[2017.10.07-22.16.27:354][  0]LogInit: Texture streaming: Enabled
[2017.10.07-22.16.27:431][  0]LogEngineSessionManager: EngineSessionManager initialized
[2017.10.07-22.16.27:431][  0]LogEngineSessionManager: EngineSessionManager sent abnormal shutdown report. Type=AbnormalShutdown, SessionId={7AAC62CD-4A41-3D4E-2F04-47B7C57204F4}
[2017.10.07-22.16.27:431][  0]LogEngineSessionManager: EngineSessionManager sent abnormal shutdown report. Type=AbnormalShutdown, SessionId={C9EAAE9E-4F1D-C156-9321-EC816217431F}
[2017.10.07-22.16.27:595][  0]LogInit: Transaction tracking system initialized
[2017.10.07-22.16.27:839][  0]BlueprintLog: New page: Editor Load
[2017.10.07-22.16.28:548][  0]LocalizationService: Info Localization service is disabled
[2017.10.07-22.16.29:065][  0]LogConsoleResponse:Display: 
[2017.10.07-22.16.29:189][  0]LogCook:Display: Max memory allowance for cook 16384mb min free memory 0mb
[2017.10.07-22.16.29:189][  0]LogCook:Display: Mobile HDR setting 1
[2017.10.07-22.16.29:390][  0]LogFileCache: Scanning file cache for directory 'D:/Unreal Games/ScrumLordRacing/Content/' took 0.01s
[2017.10.07-22.16.29:958][  0]SourceControl: Info Source control is disabled
[2017.10.07-22.16.29:958][  0]Cmd: MAP LOAD FILE="D:/Unreal Games/ScrumLordRacing/Content/Maps/MainMenu/MainMenu.umap" TEMPLATE=0 SHOWPROGRESS=1 FEATURELEVEL=3
[2017.10.07-22.16.29:959][  0]LightingResults: New page: Lighting Build
[2017.10.07-22.16.29:990][  0]MapCheck: New page: Map Check
[2017.10.07-22.16.29:990][  0]LightingResults: New page: Lighting Build
[2017.10.07-22.16.30:271][  0]LogAIModule: Creating AISystem for world MainMenu
[2017.10.07-22.16.30:272][  0]LogEditorServer: Finished looking for orphan Actors (0.000 secs)
[2017.10.07-22.16.30:283][  0]Cmd: MAP CHECKDEP NOCLEARLOG
[2017.10.07-22.16.30:320][  0]MapCheck: Info Map check complete: 0 Error(s), 0 Warning(s), took 36.579ms to complete.
[2017.10.07-22.16.30:320][  0]LogFileHelpers: Loading map 'MainMenu' took 0.361
[2017.10.07-22.16.30:429][  0]LogCollectionManager: Loaded 0 collections in 0.001603 seconds
[2017.10.07-22.16.30:498][  0]LogFileCache: Scanning file cache for directory 'D:/Unreal Games/ScrumLordRacing/Saved/Collections/' took 0.01s
[2017.10.07-22.16.30:498][  0]LogFileCache: Scanning file cache for directory 'D:/Unreal Games/ScrumLordRacing/Content/Developers/galla000/Collections/' took 0.01s
[2017.10.07-22.16.30:498][  0]LogFileCache: Scanning file cache for directory 'D:/Unreal Games/ScrumLordRacing/Content/Collections/' took 0.01s
[2017.10.07-22.16.30:498][  0]LogCollectionManager: Rebuilt the GUID cache for 0 collections in 0.000001 seconds
[2017.10.07-22.16.30:505][  0]LogContentBrowser: Native class hierarchy populated in 0.0075 seconds. Added 2331 classes and 494 folders.
[2017.10.07-22.16.30:555][  0]LogContentBrowser: Native class hierarchy updated for 'WidgetCarousel' in 0.0005 seconds. Added 0 classes and 0 folders.
[2017.10.07-22.16.30:584][  0]LogContentBrowser: Native class hierarchy updated for 'AddContentDialog' in 0.0005 seconds. Added 0 classes and 0 folders.
[2017.10.07-22.16.30:618][  0]LogContentBrowser: Native class hierarchy updated for 'SceneOutliner' in 0.0007 seconds. Added 1 classes and 2 folders.
[2017.10.07-22.16.30:685][  0]LogCrashTracker: Crashtracker disabled due to settings.
[2017.10.07-22.16.30:689][  0]LogSlate: Took 0.000144 seconds to synchronously load lazily loaded font '../../../Engine/Content/Slate/Fonts/Roboto-Regular.ttf' (155K)
[2017.10.07-22.16.30:691][  0]LogSlate: Took 0.000108 seconds to synchronously load lazily loaded font '../../../Engine/Content/Slate/Fonts/Roboto-Bold.ttf' (160K)
[2017.10.07-22.16.30:697][  0]LogSlate: Took 0.000859 seconds to synchronously load lazily loaded font '../../../Engine/Content/Editor/Slate/Fonts/FontAwesome.ttf' (139K)
[2017.10.07-22.16.30:780][  0]LogRenderer: Reallocating scene render targets to support 1208x576 NumSamples 1 (Frame:1).
[2017.10.07-22.16.31:213][  0]LogUObjectGlobals:Warning: Failed to find object 'Class None.'
[2017.10.07-22.16.31:268][  0]LogContentBrowser: Native class hierarchy updated for 'HierarchicalLODOutliner' in 0.0005 seconds. Added 1 classes and 2 folders.
[2017.10.07-22.16.31:269][  0]LogLoad: (Engine Initialization) Total time: 13.97 seconds
[2017.10.07-22.16.31:269][  0]LogLoad: (Engine Initialization) Total Blueprint compile time: 0.10 seconds
[2017.10.07-22.16.31:269][  0]LogExternalProfiler: No external profilers were discovered.  External profiling features will not be available.
[2017.10.07-22.16.31:286][  0]LogOcInput: OculusInput pre-init called
[2017.10.07-22.16.31:287][  0]LogRawInputWindows:Warning: Found device 0 devices
[2017.10.07-22.16.31:287][  0]LogRawInputWindows:Warning: Found device 0 devices
[2017.10.07-22.16.31:287][  0]LogRawInputWindows:Warning: Device was registered succesfully but not connected (Usage:4 UsagePage:1
[2017.10.07-22.16.31:287][  0]LogRawInputWindows:Warning: Found device 1 devices
[2017.10.07-22.16.31:287][  0]LogRawInputWindows:Warning: Device was registered succesfully but not connected (Usage:5 UsagePage:1
[2017.10.07-22.16.31:287][  0]LogHMD: Starting GearVRController plugin
[2017.10.07-22.16.31:301][  0]LogAssetRegistry: Asset discovery search completed in 8.3261 seconds
[2017.10.07-22.16.31:302][  0]LogCollectionManager: Rebuilt the object cache for 0 collections in 0.000001 seconds (found 0 objects)
[2017.10.07-22.16.31:302][  0]LogCollectionManager: Fixed up redirectors for 0 collections in 0.000019 seconds (updated 0 objects)
[2017.10.07-22.16.31:305][  0]LogContentStreaming: Texture pool size now 800 MB
[2017.10.07-22.16.31:342][  0]LogSlate: Took 0.000109 seconds to synchronously load lazily loaded font '../../../Engine/Content/Slate/Fonts/Roboto-Light.ttf' (159K)
[2017.10.07-22.18.06:845][102]LogSlate: Took 0.000256 seconds to synchronously load lazily loaded font '../../../Engine/Content/Slate/Fonts/Roboto-Light.ttf' (159K)
[2017.10.07-22.18.07:228][102]LogContentBrowser: Native class hierarchy updated for 'BlueprintGraph' in 0.0008 seconds. Added 112 classes and 0 folders.
[2017.10.07-22.18.07:760][102]LogSlate: Took 0.000117 seconds to synchronously load lazily loaded font '../../../Engine/Content/Slate/Fonts/Roboto-Light.ttf' (159K)
[2017.10.07-22.18.07:761][102]LogSlate: Took 0.000111 seconds to synchronously load lazily loaded font '../../../Engine/Content/Editor/Slate/Fonts/Roboto-BoldCondensed.ttf' (158K)
[2017.10.07-22.18.10:903][180]LogSlate: Took 0.000762 seconds to synchronously load lazily loaded font '../../../Engine/Content/Editor/Slate/Fonts/Roboto-Italic.ttf' (157K)
[2017.10.07-22.18.30:996][812]BlueprintLog: New page: Compile MapSelectWidget
[2017.10.07-22.18.31:115][812]BlueprintEditorCompileResults: Info Fast Template Successfully Created.
[2017.10.07-22.18.31:704][828]Cmd: OBJ SAVEPACKAGE PACKAGE="/Game/Maps/MapSelectMenu/MapSelectWidget" FILE="D:/Unreal Games/ScrumLordRacing/Content/Maps/MapSelectMenu/MapSelectWidget.uasset" SILENT=true
[2017.10.07-22.18.31:742][828]LogSavePackage: Save=30.13ms
[2017.10.07-22.18.31:742][828]LogSavePackage: Moving 'D:/Unreal Games/ScrumLordRacing/Saved/MapSelectWidget8B7AB5904BA50656AE6690AD9601EDF7.tmp' to 'D:/Unreal Games/ScrumLordRacing/Content/Maps/MapSelectMenu/MapSelectWidget.uasset'
[2017.10.07-22.18.31:745][828]LogSavePackage:Display: Finished SavePackage D:/Unreal Games/ScrumLordRacing/Content/Maps/MapSelectMenu/MapSelectWidget.uasset
[2017.10.07-22.18.36:474][970]Cmd: MAP LOAD FILE="D:/Unreal Games/ScrumLordRacing/Content/Maps/MainMenu/MainMenu.umap" TEMPLATE=0 SHOWPROGRESS=1 FEATURELEVEL=3
[2017.10.07-22.18.36:474][970]LightingResults: New page: Lighting Build
[2017.10.07-22.18.36:475][970]LoadErrors: New page: Loading map: MainMenu.umap
[2017.10.07-22.18.36:475][970]MapCheck: New page: Map Check
[2017.10.07-22.18.36:475][970]LightingResults: New page: Lighting Build
[2017.10.07-22.18.36:502][970]LogAIModule: Creating AISystem for world MainMenu
[2017.10.07-22.18.36:560][970]LogEditorServer: Finished looking for orphan Actors (0.000 secs)
[2017.10.07-22.18.36:597][970]Cmd: MAP CHECKDEP NOCLEARLOG
[2017.10.07-22.18.36:638][970]MapCheck: Info Map check complete: 0 Error(s), 0 Warning(s), took 41.07ms to complete.
[2017.10.07-22.18.36:638][970]LogFileHelpers: Loading map 'MainMenu' took 0.165
[2017.10.07-22.18.37:545][999]LogTemp: Repeting last play command: Selected Viewport
[2017.10.07-22.18.37:590][999]LogBlueprintUserMessages: Early PlayInEditor Detection: Level '/Game/Maps/MainMenu/MainMenu.MainMenu:PersistentLevel' has LevelScriptBlueprint '/Game/Maps/MainMenu/MainMenu.MainMenu:PersistentLevel.MainMenu' with GeneratedClass '/Game/Maps/MainMenu/MainMenu.MainMenu_C' with ClassGeneratedBy '/Game/Maps/MainMenu/MainMenu.MainMenu:PersistentLevel.MainMenu'
[2017.10.07-22.18.37:590][999]LogPlayLevel: PlayLevel: No blueprints needed recompiling
[2017.10.07-22.18.37:590][999]PIE: New page: PIE session: MainMenu (Oct 7, 2017, 2:18:37 PM)
[2017.10.07-22.18.37:590][999]LogPlayLevel: Creating play world package: /Game/Maps/MainMenu/UEDPIE_0_MainMenu
[2017.10.07-22.18.37:591][999]LogPlayLevel: PIE: StaticDuplicateObject took: (0.000718s)
[2017.10.07-22.18.37:591][999]LogAIModule: Creating AISystem for world MainMenu
[2017.10.07-22.18.37:591][999]LogPlayLevel: PIE: World Init took: (0.000448s)
[2017.10.07-22.18.37:591][999]LogPlayLevel: PIE: Created PIE world by copying editor world from /Game/Maps/MainMenu/MainMenu.MainMenu to /Game/Maps/MainMenu/UEDPIE_0_MainMenu.MainMenu (0.001306s)
[2017.10.07-22.18.37:605][999]LogInit: XAudio2 using 'Speakers (Realtek High Definition Audio)' : 2 channels at 48 kHz using 32 bits per sample (channel mask 0x3)
[2017.10.07-22.18.37:612][999]LogInit: FAudioDevice initialized.
[2017.10.07-22.18.37:652][999]LogLoad: Game class is 'VehicleAdvGameMode_C'
[2017.10.07-22.18.37:658][999]LogWorld: Bringing World /Game/Maps/MainMenu/UEDPIE_0_MainMenu.MainMenu up for play (max tick rate 60) at 2017.10.07-18.18.37
[2017.10.07-22.18.37:658][999]LogWorld: Bringing up level for play took: 0.000953
[2017.10.07-22.18.37:693][999]LogContentBrowser: Native class hierarchy updated for 'MovieSceneCapture' in 0.0005 seconds. Added 11 classes and 0 folders.
[2017.10.07-22.18.37:695][999]PIE: Info Play in editor start time for /Game/Maps/MainMenu/UEDPIE_0_MainMenu -0.476
[2017.10.07-22.18.37:695][999]LogBlueprintUserMessages: Late PlayInEditor Detection: Level '/Game/Maps/MainMenu/MainMenu.MainMenu:PersistentLevel' has LevelScriptBlueprint '/Game/Maps/MainMenu/MainMenu.MainMenu:PersistentLevel.MainMenu' with GeneratedClass '/Game/Maps/MainMenu/MainMenu.MainMenu_C' with ClassGeneratedBy '/Game/Maps/MainMenu/MainMenu.MainMenu:PersistentLevel.MainMenu'
[2017.10.07-22.18.39:727][ 79]LogNet: Browse: /Game/Maps/MapSelectMenu/MapSelect
[2017.10.07-22.18.39:748][ 79]LogLoad: LoadMap: /Game/Maps/MapSelectMenu/MapSelect
[2017.10.07-22.18.39:766][ 79]Cmd: MEM
[2017.10.07-22.18.39:781][ 79]LogMemory: Platform Memory Stats for Windows
[2017.10.07-22.18.39:781][ 79]LogMemory: Process Physical Memory: 1106.45 MB used, 1123.25 MB peak
[2017.10.07-22.18.39:781][ 79]LogMemory: Process Virtual Memory: 1023.91 MB used, 1028.45 MB peak
[2017.10.07-22.18.39:781][ 79]LogMemory: Physical Memory: 5308.61 MB used,  27340.41 MB free, 32649.02 MB total
[2017.10.07-22.18.39:781][ 79]LogMemory: Virtual Memory: 1885.36 MB used,  27340.41 MB free, 134217728.00 MB total
[2017.10.07-22.18.39:781][ 79]LogMemory: 
[2017.10.07-22.18.39:781][ 79]Allocator Stats for TBB: (not implemented)
[2017.10.07-22.18.40:308][ 79]LogAIModule: Creating AISystem for world MapSelect
[2017.10.07-22.18.40:308][ 79]LogLoad: Game class is 'VehicleAdvGameMode_C'
[2017.10.07-22.18.40:313][ 79]LogWorld: Bringing World /Game/Maps/MapSelectMenu/UEDPIE_0_MapSelect.MapSelect up for play (max tick rate 60) at 2017.10.07-18.18.40
[2017.10.07-22.18.40:313][ 79]LogWorld: Bringing up level for play took: 0.000774
[2017.10.07-22.18.40:314][ 79]LogGameMode: FindPlayerStart: PATHS NOT DEFINED or NO PLAYERSTART with positive rating
[2017.10.07-22.18.40:315][ 79]LogLoad: Took 0.566336 seconds to LoadMap(/Game/Maps/MapSelectMenu/MapSelect)
[2017.10.07-22.18.41:454][125]LogNet: Browse: /Game/VehicleAdvBP/Maps/VehicleAdvExampleMap
[2017.10.07-22.18.41:479][125]LogLoad: LoadMap: /Game/VehicleAdvBP/Maps/VehicleAdvExampleMap
[2017.10.07-22.18.41:499][125]Cmd: MEM
[2017.10.07-22.18.41:511][125]LogMemory: Platform Memory Stats for Windows
[2017.10.07-22.18.41:512][125]LogMemory: Process Physical Memory: 1207.25 MB used, 1254.11 MB peak
[2017.10.07-22.18.41:512][125]LogMemory: Process Virtual Memory: 1126.44 MB used, 1138.14 MB peak
[2017.10.07-22.18.41:512][125]LogMemory: Physical Memory: 5365.77 MB used,  27283.26 MB free, 32649.02 MB total
[2017.10.07-22.18.41:512][125]LogMemory: Virtual Memory: 1987.48 MB used,  27283.26 MB free, 134217728.00 MB total
[2017.10.07-22.18.41:512][125]LogMemory: 
[2017.10.07-22.18.41:512][125]Allocator Stats for TBB: (not implemented)
[2017.10.07-22.18.42:278][125]LogAIModule: Creating AISystem for world VehicleAdvExampleMap
[2017.10.07-22.18.42:278][125]LogLoad: Game class is 'VehicleAdvGameMode_C'
[2017.10.07-22.18.42:305][125]PIE:Warning: Warning Attempting to move a fully simulated skeletal mesh VehicleMesh. Please use the Teleport flag
[2017.10.07-22.18.42:306][125]LogWorld: Bringing World /Game/VehicleAdvBP/Maps/UEDPIE_0_VehicleAdvExampleMap.VehicleAdvExampleMap up for play (max tick rate 60) at 2017.10.07-18.18.42
[2017.10.07-22.18.42:307][125]LogWorld: Bringing up level for play took: 0.023949
[2017.10.07-22.18.42:308][125]LogLoad: Took 0.829029 seconds to LoadMap(/Game/VehicleAdvBP/Maps/VehicleAdvExampleMap)
[2017.10.07-22.18.47:478][257]PIE:Warning: Warning Invalid Simulate Options: Body (1M_Cube_2_DM_BP_229.Destructible 1M_Cube_2_DM) is set to simulate physics but Collision Enabled is incompatible
[2017.10.07-22.18.48:617][288]LogBlueprintUserMessages: Early EndPlayMap Detection: Level '/Game/Maps/MainMenu/MainMenu.MainMenu:PersistentLevel' has LevelScriptBlueprint '/Game/Maps/MainMenu/MainMenu.MainMenu:PersistentLevel.MainMenu' with GeneratedClass '/Game/Maps/MainMenu/MainMenu.MainMenu_C' with ClassGeneratedBy '/Game/Maps/MainMenu/MainMenu.MainMenu:PersistentLevel.MainMenu'
[2017.10.07-22.18.48:689][288]LogBlueprintUserMessages: Late EndPlayMap Detection: Level '/Game/Maps/MainMenu/MainMenu.MainMenu:PersistentLevel' has LevelScriptBlueprint '/Game/Maps/MainMenu/MainMenu.MainMenu:PersistentLevel.MainMenu' with GeneratedClass '/Game/Maps/MainMenu/MainMenu.MainMenu_C' with ClassGeneratedBy '/Game/Maps/MainMenu/MainMenu.MainMenu:PersistentLevel.MainMenu'
[2017.10.07-22.18.55:370][469]LogTemp: Repeting last play command: Selected Viewport
[2017.10.07-22.18.55:389][469]LogBlueprintUserMessages: Early PlayInEditor Detection: Level '/Game/Maps/MainMenu/MainMenu.MainMenu:PersistentLevel' has LevelScriptBlueprint '/Game/Maps/MainMenu/MainMenu.MainMenu:PersistentLevel.MainMenu' with GeneratedClass '/Game/Maps/MainMenu/MainMenu.MainMenu_C' with ClassGeneratedBy '/Game/Maps/MainMenu/MainMenu.MainMenu:PersistentLevel.MainMenu'
[2017.10.07-22.18.55:389][469]LogPlayLevel: PlayLevel: No blueprints needed recompiling
[2017.10.07-22.18.55:389][469]PIE: New page: PIE session: MainMenu (Oct 7, 2017, 2:18:55 PM)
[2017.10.07-22.18.55:389][469]LogPlayLevel: Creating play world package: /Game/Maps/MainMenu/UEDPIE_0_MainMenu
[2017.10.07-22.18.55:390][469]LogPlayLevel: PIE: StaticDuplicateObject took: (0.000874s)
[2017.10.07-22.18.55:391][469]LogAIModule: Creating AISystem for world MainMenu
[2017.10.07-22.18.55:391][469]LogPlayLevel: PIE: World Init took: (0.000552s)
[2017.10.07-22.18.55:391][469]LogPlayLevel: PIE: Created PIE world by copying editor world from /Game/Maps/MainMenu/MainMenu.MainMenu to /Game/Maps/MainMenu/UEDPIE_0_MainMenu.MainMenu (0.001583s)
[2017.10.07-22.18.55:409][469]LogInit: XAudio2 using 'Speakers (Realtek High Definition Audio)' : 2 channels at 48 kHz using 32 bits per sample (channel mask 0x3)
[2017.10.07-22.18.55:419][469]LogInit: FAudioDevice initialized.
[2017.10.07-22.18.55:451][469]LogLoad: Game class is 'VehicleAdvGameMode_C'
[2017.10.07-22.18.55:458][469]LogWorld: Bringing World /Game/Maps/MainMenu/UEDPIE_0_MainMenu.MainMenu up for play (max tick rate 60) at 2017.10.07-18.18.55
[2017.10.07-22.18.55:458][469]LogWorld: Bringing up level for play took: 0.001611
[2017.10.07-22.18.55:460][469]PIE: Info Play in editor start time for /Game/Maps/MainMenu/UEDPIE_0_MainMenu -0.71
[2017.10.07-22.18.55:461][469]LogBlueprintUserMessages: Late PlayInEditor Detection: Level '/Game/Maps/MainMenu/MainMenu.MainMenu:PersistentLevel' has LevelScriptBlueprint '/Game/Maps/MainMenu/MainMenu.MainMenu:PersistentLevel.MainMenu' with GeneratedClass '/Game/Maps/MainMenu/MainMenu.MainMenu_C' with ClassGeneratedBy '/Game/Maps/MainMenu/MainMenu.MainMenu:PersistentLevel.MainMenu'
[2017.10.07-22.18.58:288][580]LogNet: Browse: /Game/Maps/MapSelectMenu/MapSelect
[2017.10.07-22.18.58:310][580]LogLoad: LoadMap: /Game/Maps/MapSelectMenu/MapSelect
[2017.10.07-22.18.58:328][580]Cmd: MEM
[2017.10.07-22.18.58:341][580]LogMemory: Platform Memory Stats for Windows
[2017.10.07-22.18.58:341][580]LogMemory: Process Physical Memory: 1498.93 MB used, 1515.08 MB peak
[2017.10.07-22.18.58:341][580]LogMemory: Process Virtual Memory: 1461.12 MB used, 1474.07 MB peak
[2017.10.07-22.18.58:341][580]LogMemory: Physical Memory: 5710.48 MB used,  26938.54 MB free, 32649.02 MB total
[2017.10.07-22.18.58:341][580]LogMemory: Virtual Memory: 2328.93 MB used,  26938.54 MB free, 134217728.00 MB total
[2017.10.07-22.18.58:341][580]LogMemory: 
[2017.10.07-22.18.58:341][580]Allocator Stats for TBB: (not implemented)
[2017.10.07-22.18.58:355][580]LogAIModule: Creating AISystem for world MapSelect
[2017.10.07-22.18.58:355][580]LogLoad: Game class is 'VehicleAdvGameMode_C'
[2017.10.07-22.18.58:362][580]LogWorld: Bringing World /Game/Maps/MapSelectMenu/UEDPIE_0_MapSelect.MapSelect up for play (max tick rate 60) at 2017.10.07-18.18.58
[2017.10.07-22.18.58:362][580]LogWorld: Bringing up level for play took: 0.000888
[2017.10.07-22.18.58:362][580]LogGameMode: FindPlayerStart: PATHS NOT DEFINED or NO PLAYERSTART with positive rating
[2017.10.07-22.18.58:364][580]LogLoad: Took 0.053484 seconds to LoadMap(/Game/Maps/MapSelectMenu/MapSelect)
[2017.10.07-22.18.59:523][627]LogNet: Browse: /Game/VehicleAdvBP/Maps/VehicleAdvExampleMap
[2017.10.07-22.18.59:549][627]LogLoad: LoadMap: /Game/VehicleAdvBP/Maps/VehicleAdvExampleMap
[2017.10.07-22.18.59:567][627]Cmd: MEM
[2017.10.07-22.18.59:581][627]LogMemory: Platform Memory Stats for Windows
[2017.10.07-22.18.59:581][627]LogMemory: Process Physical Memory: 1495.89 MB used, 1515.08 MB peak
[2017.10.07-22.18.59:581][627]LogMemory: Process Virtual Memory: 1461.11 MB used, 1474.07 MB peak
[2017.10.07-22.18.59:581][627]LogMemory: Physical Memory: 5707.35 MB used,  26941.68 MB free, 32649.02 MB total
[2017.10.07-22.18.59:581][627]LogMemory: Virtual Memory: 2328.80 MB used,  26941.68 MB free, 134217728.00 MB total
[2017.10.07-22.18.59:581][627]LogMemory: 
[2017.10.07-22.18.59:581][627]Allocator Stats for TBB: (not implemented)
[2017.10.07-22.18.59:803][627]LogAIModule: Creating AISystem for world VehicleAdvExampleMap
[2017.10.07-22.18.59:804][627]LogLoad: Game class is 'VehicleAdvGameMode_C'
[2017.10.07-22.18.59:818][627]PIE:Warning: Warning Attempting to move a fully simulated skeletal mesh VehicleMesh. Please use the Teleport flag
[2017.10.07-22.18.59:819][627]LogWorld: Bringing World /Game/VehicleAdvBP/Maps/UEDPIE_0_VehicleAdvExampleMap.VehicleAdvExampleMap up for play (max tick rate 60) at 2017.10.07-18.18.59
[2017.10.07-22.18.59:819][627]LogWorld: Bringing up level for play took: 0.011588
[2017.10.07-22.18.59:820][627]LogLoad: Took 0.271260 seconds to LoadMap(/Game/VehicleAdvBP/Maps/VehicleAdvExampleMap)
[2017.10.07-22.19.05:061][764]PIE:Warning: Warning Invalid Simulate Options: Body (1M_Cube_2_DM_BP_229.Destructible 1M_Cube_2_DM) is set to simulate physics but Collision Enabled is incompatible
[2017.10.07-22.19.55:647][234]LogBlueprintUserMessages: [VehicleBlueprint_C_1] Reset
[2017.10.07-22.19.56:230][251]LogBlueprintUserMessages: [VehicleBlueprint_C_1] Reset
[2017.10.07-22.19.57:523][289]LogBlueprintUserMessages: [VehicleBlueprint_C_1] Reset
[2017.10.07-22.20.12:516][715]LogBlueprintUserMessages: [VehicleBlueprint_C_1] Reset
[2017.10.07-22.20.13:230][736]LogBlueprintUserMessages: [VehicleBlueprint_C_1] Reset
[2017.10.07-22.20.14:386][770]LogBlueprintUserMessages: [VehicleBlueprint_C_1] Reset
[2017.10.07-22.20.15:057][790]LogBlueprintUserMessages: [VehicleBlueprint_C_1] Reset
[2017.10.07-22.20.15:629][807]LogBlueprintUserMessages: [VehicleBlueprint_C_1] Reset
[2017.10.07-22.20.17:117][851]LogBlueprintUserMessages: [VehicleBlueprint_C_1] Reset
[2017.10.07-22.20.18:056][879]LogBlueprintUserMessages: [VehicleBlueprint_C_1] Reset
[2017.10.07-22.20.18:836][902]LogBlueprintUserMessages: [VehicleBlueprint_C_1] Reset
[2017.10.07-22.20.19:208][913]LogBlueprintUserMessages: [VehicleBlueprint_C_1] Reset
[2017.10.07-22.20.19:411][919]LogBlueprintUserMessages: [VehicleBlueprint_C_1] Reset
[2017.10.07-22.20.19:614][925]LogBlueprintUserMessages: [VehicleBlueprint_C_1] Reset
[2017.10.07-22.20.19:785][930]LogBlueprintUserMessages: [VehicleBlueprint_C_1] Reset
[2017.10.07-22.20.23:772][ 48]LogBlueprintUserMessages: [VehicleBlueprint_C_1] Reset
[2017.10.07-22.20.24:276][ 63]LogBlueprintUserMessages: [VehicleBlueprint_C_1] Reset
[2017.10.07-22.20.25:287][ 93]LogBlueprintUserMessages: [VehicleBlueprint_C_1] Reset
[2017.10.07-22.20.25:456][ 98]LogBlueprintUserMessages: [VehicleBlueprint_C_1] Reset
[2017.10.07-22.20.25:592][102]LogBlueprintUserMessages: [VehicleBlueprint_C_1] Reset
[2017.10.07-22.20.26:673][134]LogBlueprintUserMessages: [VehicleBlueprint_C_1] Reset
[2017.10.07-22.20.26:945][142]LogBlueprintUserMessages: [VehicleBlueprint_C_1] Reset
[2017.10.07-22.20.27:110][147]LogBlueprintUserMessages: [VehicleBlueprint_C_1] Reset
[2017.10.07-22.20.27:280][152]LogBlueprintUserMessages: [VehicleBlueprint_C_1] Reset
[2017.10.07-22.20.27:413][156]LogBlueprintUserMessages: [VehicleBlueprint_C_1] Reset
[2017.10.07-22.20.28:752][196]LogBlueprintUserMessages: Early EndPlayMap Detection: Level '/Game/Maps/MainMenu/MainMenu.MainMenu:PersistentLevel' has LevelScriptBlueprint '/Game/Maps/MainMenu/MainMenu.MainMenu:PersistentLevel.MainMenu' with GeneratedClass '/Game/Maps/MainMenu/MainMenu.MainMenu_C' with ClassGeneratedBy '/Game/Maps/MainMenu/MainMenu.MainMenu:PersistentLevel.MainMenu'
[2017.10.07-22.20.28:816][196]LogBlueprintUserMessages: Late EndPlayMap Detection: Level '/Game/Maps/MainMenu/MainMenu.MainMenu:PersistentLevel' has LevelScriptBlueprint '/Game/Maps/MainMenu/MainMenu.MainMenu:PersistentLevel.MainMenu' with GeneratedClass '/Game/Maps/MainMenu/MainMenu.MainMenu_C' with ClassGeneratedBy '/Game/Maps/MainMenu/MainMenu.MainMenu:PersistentLevel.MainMenu'
[2017.10.07-22.20.41:202][529]LogWindowsTextInputMethodSystem:Display: IME system now deactivated.
[2017.10.07-22.20.41:372][530]Cmd: QUIT_EDITOR
[2017.10.07-22.20.42:178][530]LogExit: Preparing to exit.
[2017.10.07-22.20.43:273][530]LogExit: Editor shut down
[2017.10.07-22.20.43:276][530]LogExit: Transaction tracking system shut down
[2017.10.07-22.20.43:389][530]LogObj: Freed 0b from 0 cluster array pools.
[2017.10.07-22.20.43:389][530]LogExit: Object subsystem successfully closed.
[2017.10.07-22.20.43:415][530]LogD3D11RHI: Shutdown
[2017.10.07-22.20.43:415][530]LogD3D11RHI: CleanupD3DDevice
[2017.10.07-22.20.43:489][530]LogD3D11RHI: ~FD3D11DynamicRHI
[2017.10.07-22.20.43:499][530]LogModuleManager: Shutting down and abandoning module MovieSceneCapture (534)
[2017.10.07-22.20.43:499][530]LogModuleManager: Shutting down and abandoning module SequencerWidgets (532)
[2017.10.07-22.20.43:499][530]LogModuleManager: Shutting down and abandoning module BlueprintGraph (530)
[2017.10.07-22.20.43:499][530]LogModuleManager: Shutting down and abandoning module BlueprintProfiler (528)
[2017.10.07-22.20.43:499][530]LogModuleManager: Shutting down and abandoning module HierarchicalLODOutliner (526)
[2017.10.07-22.20.43:499][530]LogModuleManager: Shutting down and abandoning module CrashTracker (524)
[2017.10.07-22.20.43:499][530]LogModuleManager: Shutting down and abandoning module SceneOutliner (522)
[2017.10.07-22.20.43:499][530]LogModuleManager: Shutting down and abandoning module AddContentDialog (520)
[2017.10.07-22.20.43:499][530]LogDirectoryWatcher: A directory notification for 'C:/Program Files/Epic Games/UE_4.16/FeaturePacks/' was aborted.
[2017.10.07-22.20.43:500][530]LogModuleManager: Shutting down and abandoning module WidgetCarousel (519)
[2017.10.07-22.20.43:500][530]LogModuleManager: Shutting down and abandoning module EditorWidgets (516)
[2017.10.07-22.20.43:500][530]LogModuleManager: Shutting down and abandoning module CollectionManager (514)
[2017.10.07-22.20.43:500][530]LogDirectoryWatcher: A directory notification for 'D:/Unreal Games/ScrumLordRacing/Content/Collections/' was aborted.
[2017.10.07-22.20.43:500][530]LogDirectoryWatcher: A directory notification for 'D:/Unreal Games/ScrumLordRacing/Content/Developers/galla000/Collections/' was aborted.
[2017.10.07-22.20.43:500][530]LogDirectoryWatcher: A directory notification for 'D:/Unreal Games/ScrumLordRacing/Saved/Collections/' was aborted.
[2017.10.07-22.20.43:500][530]LogModuleManager: Shutting down and abandoning module StatsViewer (512)
[2017.10.07-22.20.43:500][530]LogModuleManager: Shutting down and abandoning module FoliageEdit (510)
[2017.10.07-22.20.43:500][530]LogModuleManager: Shutting down and abandoning module LandscapeEditor (508)
[2017.10.07-22.20.43:500][530]LogModuleManager: Shutting down and abandoning module MeshPaintMode (506)
[2017.10.07-22.20.43:500][530]LogModuleManager: Shutting down and abandoning module SceneDepthPickerMode (504)
[2017.10.07-22.20.43:500][530]LogModuleManager: Shutting down and abandoning module ActorPickerMode (502)
[2017.10.07-22.20.43:500][530]LogModuleManager: Shutting down and abandoning module GeometryMode (500)
[2017.10.07-22.20.43:500][530]LogModuleManager: Shutting down and abandoning module TextureAlignMode (498)
[2017.10.07-22.20.43:500][530]LogModuleManager: Shutting down and abandoning module BspMode (496)
[2017.10.07-22.20.43:500][530]LogModuleManager: Shutting down and abandoning module HardwareSurvey (494)
[2017.10.07-22.20.43:500][530]LogModuleManager: Shutting down and abandoning module SequenceRecorderSections (492)
[2017.10.07-22.20.43:500][530]LogModuleManager: Shutting down and abandoning module AutomationWorker (490)
[2017.10.07-22.20.43:500][530]LogModuleManager: Shutting down and abandoning module MatineeToLevelSequence (488)
[2017.10.07-22.20.43:500][530]LogModuleManager: Shutting down and abandoning module LevelSequenceEditor (486)
[2017.10.07-22.20.43:500][530]LogModuleManager: Shutting down and abandoning module PlacementMode (485)
[2017.10.07-22.20.43:500][530]LogModuleManager: Shutting down and abandoning module WmfMediaFactory (482)
[2017.10.07-22.20.43:500][530]LogModuleManager: Shutting down and abandoning module WmfMediaEditor (480)
[2017.10.07-22.20.43:500][530]LogModuleManager: Shutting down and abandoning module AvfMediaFactory (478)
[2017.10.07-22.20.43:500][530]LogModuleManager: Shutting down and abandoning module AvfMediaEditor (476)
[2017.10.07-22.20.43:500][530]LogModuleManager: Shutting down and abandoning module AndroidMediaFactory (474)
[2017.10.07-22.20.43:500][530]LogModuleManager: Shutting down and abandoning module Media (473)
[2017.10.07-22.20.43:500][530]LogModuleManager: Shutting down and abandoning module AndroidMediaEditor (470)
[2017.10.07-22.20.43:500][530]LogModuleManager: Shutting down and abandoning module CharacterAI (468)
[2017.10.07-22.20.43:500][530]LogModuleManager: Shutting down and abandoning module AudioCapture (466)
[2017.10.07-22.20.43:500][530]LogModuleManager: Shutting down and abandoning module SequenceRecorder (465)
[2017.10.07-22.20.43:500][530]LogModuleManager: Shutting down and abandoning module SmartSnapping (462)
[2017.10.07-22.20.43:500][530]LogModuleManager: Shutting down and abandoning module SessionServices (460)
[2017.10.07-22.20.43:500][530]LogModuleManager: Shutting down and abandoning module ViewportSnapping (458)
[2017.10.07-22.20.43:500][530]LogModuleManager: Shutting down and abandoning module ViewportInteraction (456)
[2017.10.07-22.20.43:500][530]LogModuleManager: Shutting down and abandoning module ClothPainter (454)
[2017.10.07-22.20.43:500][530]LogModuleManager: Shutting down and abandoning module LogVisualizer (452)
[2017.10.07-22.20.43:501][530]LogModuleManager: Shutting down and abandoning module IntroTutorials (450)
[2017.10.07-22.20.43:501][530]LogModuleManager: Shutting down and abandoning module GameProjectGeneration (449)
[2017.10.07-22.20.43:501][530]LogModuleManager: Shutting down and abandoning module EditorLiveStreaming (446)
[2017.10.07-22.20.43:501][530]LogModuleManager: Shutting down and abandoning module IOSPlatformEditor (444)
[2017.10.07-22.20.43:501][530]LogModuleManager: Shutting down and abandoning module HTML5PlatformEditor (442)
[2017.10.07-22.20.43:501][530]LogModuleManager: Shutting down and abandoning module AndroidPlatformEditor (440)
[2017.10.07-22.20.43:501][530]LogModuleManager: Shutting down and abandoning module AndroidDeviceDetection (439)
[2017.10.07-22.20.43:941][530]LogModuleManager: Shutting down and abandoning module IOSRuntimeSettings (436)
[2017.10.07-22.20.43:941][530]LogModuleManager: Shutting down and abandoning module AndroidRuntimeSettings (434)
[2017.10.07-22.20.43:941][530]LogModuleManager: Shutting down and abandoning module InputBindingEditor (432)
[2017.10.07-22.20.43:941][530]LogModuleManager: Shutting down and abandoning module MergeActors (430)
[2017.10.07-22.20.43:941][530]LogModuleManager: Shutting down and abandoning module SizeMap (428)
[2017.10.07-22.20.43:941][530]LogModuleManager: Shutting down and abandoning module TreeMap (426)
[2017.10.07-22.20.43:941][530]LogModuleManager: Shutting down and abandoning module ReferenceViewer (424)
[2017.10.07-22.20.43:941][530]LogModuleManager: Shutting down and abandoning module LocalizationDashboard (422)
[2017.10.07-22.20.43:941][530]LogModuleManager: Shutting down and abandoning module LocalizationService (421)
[2017.10.07-22.20.43:941][530]LogModuleManager: Shutting down and abandoning module HardwareTargeting (418)
[2017.10.07-22.20.43:941][530]LogModuleManager: Shutting down and abandoning module DeviceProfileEditor (416)
[2017.10.07-22.20.43:941][530]LogModuleManager: Shutting down and abandoning module UndoHistory (414)
[2017.10.07-22.20.43:941][530]LogModuleManager: Shutting down and abandoning module UserFeedback (412)
[2017.10.07-22.20.43:941][530]LogModuleManager: Shutting down and abandoning module XmlParser (410)
[2017.10.07-22.20.43:941][530]LogModuleManager: Shutting down and abandoning module Blutility (408)
[2017.10.07-22.20.43:941][530]LogModuleManager: Shutting down and abandoning module ProjectSettingsViewer (406)
[2017.10.07-22.20.43:941][530]LogModuleManager: Shutting down and abandoning module ProjectTargetPlatformEditor (405)
[2017.10.07-22.20.43:941][530]LogModuleManager: Shutting down and abandoning module EditorSettingsViewer (402)
[2017.10.07-22.20.43:941][530]LogModuleManager: Shutting down and abandoning module SettingsEditor (400)
[2017.10.07-22.20.43:941][530]LogModuleManager: Shutting down and abandoning module ProjectLauncher (398)
[2017.10.07-22.20.43:942][530]LogModuleManager: Shutting down and abandoning module SessionFrontend (396)
[2017.10.07-22.20.43:942][530]LogModuleManager: Shutting down and abandoning module ProfilerClient (394)
[2017.10.07-22.20.43:942][530]LogModuleManager: Shutting down and abandoning module DeviceManager (392)
[2017.10.07-22.20.43:942][530]LogModuleManager: Shutting down and abandoning module TargetDeviceServices (391)
[2017.10.07-22.20.43:984][530]LogModuleManager: Shutting down and abandoning module AutomationController (388)
[2017.10.07-22.20.43:984][530]LogModuleManager: Shutting down and abandoning module AutomationWindow (386)
[2017.10.07-22.20.43:984][530]LogModuleManager: Shutting down and abandoning module Layers (384)
[2017.10.07-22.20.43:984][530]LogModuleManager: Shutting down and abandoning module ComponentVisualizers (382)
[2017.10.07-22.20.43:984][530]LogModuleManager: Shutting down and abandoning module DetailCustomizations (380)
[2017.10.07-22.20.43:984][530]LogModuleManager: Shutting down and abandoning module PackagesDialog (378)
[2017.10.07-22.20.43:984][530]LogModuleManager: Shutting down and abandoning module Persona (376)
[2017.10.07-22.20.43:984][530]LogModuleManager: Shutting down and abandoning module AdvancedPreviewScene (375)
[2017.10.07-22.20.43:984][530]LogModuleManager: Shutting down and abandoning module AnimGraph (373)
[2017.10.07-22.20.43:984][530]LogModuleManager: Shutting down and abandoning module Kismet (370)
[2017.10.07-22.20.43:989][530]LogModuleManager: Shutting down and abandoning module ClassViewer (368)
[2017.10.07-22.20.43:989][530]LogModuleManager: Shutting down and abandoning module Toolbox (366)
[2017.10.07-22.20.43:989][530]LogModuleManager: Shutting down and abandoning module ModuleUI (364)
[2017.10.07-22.20.43:989][530]LogModuleManager: Shutting down and abandoning module MovieSceneTools (362)
[2017.10.07-22.20.43:989][530]LogModuleManager: Shutting down and abandoning module OutputLog (360)
[2017.10.07-22.20.43:989][530]LogModuleManager: Shutting down and abandoning module GammaUI (358)
[2017.10.07-22.20.43:989][530]LogModuleManager: Shutting down and abandoning module Documentation (356)
[2017.10.07-22.20.43:989][530]LogModuleManager: Shutting down and abandoning module MovieSceneTracks (354)
[2017.10.07-22.20.43:989][530]LogModuleManager: Shutting down and abandoning module MovieScene (352)
[2017.10.07-22.20.43:989][530]LogModuleManager: Shutting down and abandoning module Niagara (350)
[2017.10.07-22.20.43:989][530]LogModuleManager: Shutting down and abandoning module NiagaraEditor (349)
[2017.10.07-22.20.43:989][530]LogModuleManager: Shutting down and abandoning module StreamingPauseRendering (346)
[2017.10.07-22.20.43:989][530]LogModuleManager: Shutting down and abandoning module AnalyticsET (344)
[2017.10.07-22.20.43:989][530]LogModuleManager: Shutting down and abandoning module PortalServices (342)
[2017.10.07-22.20.43:989][530]LogModuleManager: Shutting down and abandoning module PortalRpc (340)
[2017.10.07-22.20.43:989][530]LogModuleManager: Shutting down and abandoning module MessagingRpc (338)
[2017.10.07-22.20.43:989][530]LogModuleManager: Shutting down and abandoning module AIModule (336)
[2017.10.07-22.20.43:990][530]LogModuleManager: Shutting down and abandoning module GameplayDebugger (335)
[2017.10.07-22.20.43:990][530]LogModuleManager: Shutting down and abandoning module AITestSuite (333)
[2017.10.07-22.20.43:990][530]LogModuleManager: Shutting down and abandoning module ProfilerService (330)
[2017.10.07-22.20.44:163][530]LogModuleManager: Shutting down and abandoning module TaskGraph (328)
[2017.10.07-22.20.44:163][530]LogModuleManager: Shutting down and abandoning module SteamVRController (326)
[2017.10.07-22.20.44:163][530]LogModuleManager: Shutting down and abandoning module SteamVR (324)
[2017.10.07-22.20.44:163][530]LogModuleManager: Shutting down and abandoning module ProceduralMeshComponentEditor (322)
[2017.10.07-22.20.44:163][530]LogModuleManager: Shutting down and abandoning module ProceduralMeshComponent (320)
[2017.10.07-22.20.44:163][530]LogModuleManager: Shutting down and abandoning module OculusLibrary (318)
[2017.10.07-22.20.44:163][530]LogModuleManager: Shutting down and abandoning module OculusInput (316)
[2017.10.07-22.20.44:163][530]LogModuleManager: Shutting down and abandoning module MobilePatchingUtils (314)
[2017.10.07-22.20.44:163][530]LogModuleManager: Shutting down and abandoning module CustomMeshComponent (312)
[2017.10.07-22.20.44:163][530]LogModuleManager: Shutting down and abandoning module CableComponent (310)
[2017.10.07-22.20.44:163][530]LogModuleManager: Shutting down and abandoning module ArchVisCharacter (308)
[2017.10.07-22.20.44:163][530]LogModuleManager: Shutting down and abandoning module AndroidPermission (306)
[2017.10.07-22.20.44:163][530]LogModuleManager: Shutting down and abandoning module MediaPlayerEditor (302)
[2017.10.07-22.20.44:163][530]LogModuleManager: Shutting down and abandoning module RawInput (300)
[2017.10.07-22.20.44:163][530]LogModuleManager: Shutting down and abandoning module HTML5Networking (298)
[2017.10.07-22.20.44:163][530]LogModuleManager: Shutting down and abandoning module AlembicImporter (296)
[2017.10.07-22.20.44:163][530]LogModuleManager: Shutting down and abandoning module AlembicLibrary (295)
[2017.10.07-22.20.44:163][530]LogModuleManager: Shutting down and abandoning module GeometryCache (294)
[2017.10.07-22.20.44:163][530]LogModuleManager: Shutting down and abandoning module GeometryCacheEd (293)
[2017.10.07-22.20.44:163][530]LogModuleManager: Shutting down and abandoning module SuperSearchEditor (288)
[2017.10.07-22.20.44:163][530]LogModuleManager: Shutting down and abandoning module SuperSearch (287)
[2017.10.07-22.20.44:163][530]LogModuleManager: Shutting down and abandoning module SpeedTreeImporter (284)
[2017.10.07-22.20.44:163][530]LogModuleManager: Shutting down and abandoning module PluginBrowser (282)
[2017.10.07-22.20.44:163][530]LogModuleManager: Shutting down and abandoning module MobileLauncherProfileWizard (280)
[2017.10.07-22.20.44:163][530]LogModuleManager: Shutting down and abandoning module VisualStudioSourceCodeAccess (278)
[2017.10.07-22.20.44:163][530]LogModuleManager: Shutting down and abandoning module DesktopPlatform (277)
[2017.10.07-22.20.44:164][530]LogModuleManager: Shutting down and abandoning module UObjectPlugin (274)
[2017.10.07-22.20.44:164][530]LogModuleManager: Shutting down and abandoning module SubversionSourceControl (272)
[2017.10.07-22.20.44:164][530]LogModuleManager: Shutting down and abandoning module PerforceSourceControl (270)
[2017.10.07-22.20.44:164][530]LogModuleManager: Shutting down and abandoning module GitSourceControl (268)
[2017.10.07-22.20.44:164][530]LogModuleManager: Shutting down and abandoning module SourceControl (267)
[2017.10.07-22.20.44:164][530]LogModuleManager: Shutting down and abandoning module LightPropagationVolumeEditor (264)
[2017.10.07-22.20.44:164][530]LogModuleManager: Shutting down and abandoning module PaperTiledImporter (262)
[2017.10.07-22.20.44:164][530]LogModuleManager: Shutting down and abandoning module PaperSpriteSheetImporter (260)
[2017.10.07-22.20.44:164][530]LogModuleManager: Shutting down and abandoning module Paper2DEditor (258)
[2017.10.07-22.20.44:164][530]LogModuleManager: Shutting down and abandoning module MeshPaint (257)
[2017.10.07-22.20.44:164][530]LogModuleManager: Shutting down and abandoning module LevelEditor (255)
[2017.10.07-22.20.44:164][530]LogModuleManager: Shutting down and abandoning module PixelInspectorModule (254)
[2017.10.07-22.20.44:164][530]LogModuleManager: Shutting down and abandoning module MainFrame (252)
[2017.10.07-22.20.44:164][530]LogModuleManager: Shutting down and abandoning module HotReload (251)
[2017.10.07-22.20.44:165][530]LogModuleManager: Shutting down and abandoning module PhysXVehiclesEditor (246)
[2017.10.07-22.20.44:165][530]LogModuleManager: Shutting down and abandoning module PhysXVehicles (244)
[2017.10.07-22.20.44:165][530]LogModuleManager: Shutting down and abandoning module LocationServicesBPLibrary (242)
[2017.10.07-22.20.44:165][530]LogModuleManager: Shutting down and abandoning module ImmediatePhysicsEditor (240)
[2017.10.07-22.20.44:165][530]LogModuleManager: Shutting down and abandoning module ImmediatePhysics (238)
[2017.10.07-22.20.44:165][530]LogModuleManager: Shutting down and abandoning module UdpMessaging (236)
[2017.10.07-22.20.44:265][530]LogModuleManager: Shutting down and abandoning module TcpMessaging (234)
[2017.10.07-22.20.44:366][530]LogModuleManager: Shutting down and abandoning module GameplayTagsEditor (232)
[2017.10.07-22.20.44:366][530]LogModuleManager: Shutting down and abandoning module FacialAnimationEditor (230)
[2017.10.07-22.20.44:366][530]LogModuleManager: Shutting down and abandoning module FacialAnimation (228)
[2017.10.07-22.20.44:366][530]LogModuleManager: Shutting down and abandoning module AssetManagerEditor (226)
[2017.10.07-22.20.44:366][530]LogModuleManager: Shutting down and abandoning module GraphEditor (225)
[2017.10.07-22.20.44:366][530]LogModuleManager: Shutting down and abandoning module ContentBrowser (223)
[2017.10.07-22.20.44:366][530]LogModuleManager: Shutting down and abandoning module LightPropagationVolumeRuntime (220)
[2017.10.07-22.20.44:366][530]LogModuleManager: Shutting down and abandoning module Paper2D (218)
[2017.10.07-22.20.44:366][530]LogModuleManager: Shutting down and abandoning module WindowsMoviePlayer (216)
[2017.10.07-22.20.44:367][530]LogModuleManager: Shutting down and abandoning module WmfMedia (214)
[2017.10.07-22.20.44:367][530]LogModuleManager: Shutting down and abandoning module ClothingSystemEditor (212)
[2017.10.07-22.20.44:367][530]LogModuleManager: Shutting down and abandoning module ClothingSystemRuntime (210)
[2017.10.07-22.20.44:367][530]LogModuleManager: Shutting down and abandoning module MediaAssets (208)
[2017.10.07-22.20.44:367][530]LogModuleManager: Shutting down and abandoning module GameLiveStreaming (206)
[2017.10.07-22.20.44:367][530]LogModuleManager: Shutting down and abandoning module VREditor (204)
[2017.10.07-22.20.44:367][530]LogModuleManager: Shutting down and abandoning module StringTableEditor (202)
[2017.10.07-22.20.44:367][530]LogModuleManager: Shutting down and abandoning module GameplayTasksEditor (200)
[2017.10.07-22.20.44:367][530]LogModuleManager: Shutting down and abandoning module BehaviorTreeEditor (198)
[2017.10.07-22.20.44:367][530]LogModuleManager: Shutting down and abandoning module FunctionalTesting (196)
[2017.10.07-22.20.44:367][530]LogModuleManager: Shutting down and abandoning module CollisionAnalyzer (194)
[2017.10.07-22.20.44:367][530]LogModuleManager: Shutting down and abandoning module UMG (192)
[2017.10.07-22.20.44:367][530]LogModuleManager: Shutting down and abandoning module UMGEditor (191)
[2017.10.07-22.20.44:367][530]LogModuleManager: Shutting down and abandoning module Sequencer (190)
[2017.10.07-22.20.44:367][530]LogModuleManager: Shutting down and abandoning module AssetTools (188)
[2017.10.07-22.20.44:367][530]LogModuleManager: Shutting down and abandoning module MessageLog (187)
[2017.10.07-22.20.44:367][530]LogModuleManager: Shutting down and abandoning module WorkspaceMenuStructure (186)
[2017.10.07-22.20.44:367][530]LogModuleManager: Shutting down and abandoning module SlateReflector (180)
[2017.10.07-22.20.44:367][530]LogModuleManager: Shutting down and abandoning module Slate (178)
[2017.10.07-22.20.44:367][530]LogModuleManager: Shutting down and abandoning module EditorStyle (176)
[2017.10.07-22.20.44:369][530]LogModuleManager: Shutting down and abandoning module SourceCodeAccess (174)
[2017.10.07-22.20.44:369][530]LogModuleManager: Shutting down and abandoning module HeadMountedDisplay (172)
[2017.10.07-22.20.44:369][530]LogModuleManager: Shutting down and abandoning module XAudio2 (170)
[2017.10.07-22.20.44:369][530]LogModuleManager: Shutting down and abandoning module Networking (168)
[2017.10.07-22.20.44:369][530]LogModuleManager: Shutting down and abandoning module Core (164)
[2017.10.07-22.20.44:369][530]LogModuleManager: Shutting down and abandoning module AssetRegistry (162)
[2017.10.07-22.20.44:532][530]LogDirectoryWatcher: A directory notification for '../../../Engine/Content/' was aborted.
[2017.10.07-22.20.44:532][530]LogDirectoryWatcher: A directory notification for 'D:/Unreal Games/ScrumLordRacing/Content/' was aborted.
[2017.10.07-22.20.44:532][530]LogDirectoryWatcher: A directory notification for '../../../Engine/Plugins/2D/Paper2D/Content/' was aborted.
[2017.10.07-22.20.44:532][530]LogDirectoryWatcher: A directory notification for '../../../Engine/Plugins/Runtime/GearVR/Content/' was aborted.
[2017.10.07-22.20.44:534][530]LogModuleManager: Shutting down and abandoning module DirectoryWatcher (161)
[2017.10.07-22.20.44:535][530]LogModuleManager: Shutting down and abandoning module KismetCompiler (158)
[2017.10.07-22.20.44:535][530]LogModuleManager: Shutting down and abandoning module LevelSequence (156)
[2017.10.07-22.20.44:535][530]LogModuleManager: Shutting down and abandoning module PhysXFormats (154)
[2017.10.07-22.20.44:535][530]LogModuleManager: Shutting down and abandoning module MeshUtilities (152)
[2017.10.07-22.20.44:535][530]LogModuleManager: Shutting down and abandoning module SimplygonSwarm (151)
[2017.10.07-22.20.44:535][530]LogModuleManager: Shutting down and abandoning module SimplygonMeshReduction (149)
[2017.10.07-22.20.44:535][530]LogModuleManager: Shutting down and abandoning module QuadricMeshReduction (147)
[2017.10.07-22.20.44:535][530]LogModuleManager: Shutting down and abandoning module DerivedDataCache (144)
[2017.10.07-22.20.44:598][530]LogDerivedDataCache: Shutdown
[2017.10.07-22.20.44:598][530]LogModuleManager: Shutting down and abandoning module TargetPlatform (142)
[2017.10.07-22.20.44:598][530]LogModuleManager: Shutting down and abandoning module VulkanShaderFormat (141)
[2017.10.07-22.20.44:598][530]LogModuleManager: Shutting down and abandoning module ShaderFormatVectorVM (139)
[2017.10.07-22.20.44:598][530]LogModuleManager: Shutting down and abandoning module ShaderFormatOpenGL (137)
[2017.10.07-22.20.44:598][530]LogModuleManager: Shutting down and abandoning module ShaderFormatD3D (135)
[2017.10.07-22.20.44:598][530]LogModuleManager: Shutting down and abandoning module MetalShaderFormat (133)
[2017.10.07-22.20.44:598][530]LogModuleManager: Shutting down and abandoning module TextureFormatUncompressed (131)
[2017.10.07-22.20.44:598][530]LogModuleManager: Shutting down and abandoning module TextureFormatPVR (129)
[2017.10.07-22.20.44:598][530]LogModuleManager: Shutting down and abandoning module TextureFormatDXT (127)
[2017.10.07-22.20.44:598][530]LogModuleManager: Shutting down and abandoning module TextureFormatIntelISPCTexComp (125)
[2017.10.07-22.20.44:598][530]LogModuleManager: Shutting down and abandoning module TextureFormatASTC (123)
[2017.10.07-22.20.44:598][530]LogModuleManager: Shutting down and abandoning module ImageWrapper (122)
[2017.10.07-22.20.44:598][530]LogModuleManager: Shutting down and abandoning module TextureFormatAndroid (119)
[2017.10.07-22.20.44:598][530]LogModuleManager: Shutting down and abandoning module AudioFormatOpus (117)
[2017.10.07-22.20.44:598][530]LogModuleManager: Shutting down and abandoning module AudioFormatOgg (115)
[2017.10.07-22.20.44:598][530]LogModuleManager: Shutting down and abandoning module AudioFormatADPCM (113)
[2017.10.07-22.20.44:598][530]LogModuleManager: Shutting down and abandoning module LinuxTargetPlatform (111)
[2017.10.07-22.20.44:598][530]LogModuleManager: Shutting down and abandoning module LinuxServerTargetPlatform (109)
[2017.10.07-22.20.44:598][530]LogModuleManager: Shutting down and abandoning module LinuxNoEditorTargetPlatform (107)
[2017.10.07-22.20.44:598][530]LogModuleManager: Shutting down and abandoning module LinuxClientTargetPlatform (105)
[2017.10.07-22.20.44:598][530]LogModuleManager: Shutting down and abandoning module TVOSTargetPlatform (103)
[2017.10.07-22.20.44:598][530]LogModuleManager: Shutting down and abandoning module Messaging (101)
[2017.10.07-22.20.44:598][530]LogModuleManager: Shutting down and abandoning module IOSTargetPlatform (99)
[2017.10.07-22.20.44:598][530]LogModuleManager: Shutting down and abandoning module HTML5TargetPlatform (97)
[2017.10.07-22.20.44:598][530]LogModuleManager: Shutting down and abandoning module Android_PVRTCTargetPlatform (95)
[2017.10.07-22.20.44:598][530]LogModuleManager: Shutting down and abandoning module Android_MultiTargetPlatform (93)
[2017.10.07-22.20.44:598][530]LogModuleManager: Shutting down and abandoning module Android_ETC2TargetPlatform (91)
[2017.10.07-22.20.44:598][530]LogModuleManager: Shutting down and abandoning module Android_ETC1TargetPlatform (89)
[2017.10.07-22.20.44:598][530]LogModuleManager: Shutting down and abandoning module Android_DXTTargetPlatform (87)
[2017.10.07-22.20.44:598][530]LogModuleManager: Shutting down and abandoning module Android_ATCTargetPlatform (85)
[2017.10.07-22.20.44:598][530]LogModuleManager: Shutting down and abandoning module Android_ASTCTargetPlatform (83)
[2017.10.07-22.20.44:598][530]LogModuleManager: Shutting down and abandoning module AndroidTargetPlatform (81)
[2017.10.07-22.20.44:598][530]LogModuleManager: Shutting down and abandoning module WindowsTargetPlatform (79)
[2017.10.07-22.20.44:598][530]LogModuleManager: Shutting down and abandoning module WindowsServerTargetPlatform (77)
[2017.10.07-22.20.44:598][530]LogModuleManager: Shutting down and abandoning module WindowsNoEditorTargetPlatform (75)
[2017.10.07-22.20.44:598][530]LogModuleManager: Shutting down and abandoning module WindowsClientTargetPlatform (73)
[2017.10.07-22.20.44:598][530]LogModuleManager: Shutting down and abandoning module MacTargetPlatform (71)
[2017.10.07-22.20.44:598][530]LogModuleManager: Shutting down and abandoning module MacServerTargetPlatform (69)
[2017.10.07-22.20.44:598][530]LogModuleManager: Shutting down and abandoning module MacNoEditorTargetPlatform (67)
[2017.10.07-22.20.44:598][530]LogModuleManager: Shutting down and abandoning module MacClientTargetPlatform (65)
[2017.10.07-22.20.44:598][530]LogModuleManager: Shutting down and abandoning module AllDesktopTargetPlatform (63)
[2017.10.07-22.20.44:598][530]LogModuleManager: Shutting down and abandoning module InputCore (60)
[2017.10.07-22.20.44:599][530]LogModuleManager: Shutting down and abandoning module Settings (58)
[2017.10.07-22.20.44:599][530]LogModuleManager: Shutting down and abandoning module OculusRift (56)
[2017.10.07-22.20.44:599][530]LogModuleManager: Shutting down and abandoning module GearVRController (54)
[2017.10.07-22.20.44:599][530]LogModuleManager: Shutting down and abandoning module GearVR (52)
[2017.10.07-22.20.44:599][530]LogModuleManager: Shutting down and abandoning module ExampleDeviceProfileSelector (50)
[2017.10.07-22.20.44:599][530]LogModuleManager: Shutting down and abandoning module OnlineBlueprintSupport (48)
[2017.10.07-22.20.44:599][530]LogModuleManager: Shutting down and abandoning module OnlineSubsystem (44)
[2017.10.07-22.20.44:599][530]LogOnline:Display: Unloading online subsystem: NULL
[2017.10.07-22.20.44:599][530]LogModuleManager: Shutting down and abandoning module XMPP (43)
[2017.10.07-22.20.44:599][530]LogModuleManager: Shutting down and abandoning module HTTP (41)
[2017.10.07-22.20.44:599][530]LogHttp:Display: Http module shutting down, but needs to wait on 1 outstanding Http requests:
[2017.10.07-22.20.44:599][530]LogHttp:Display: 	verb=[POST] url=[https://datarouter.ol.epicgames.com/datarouter/api/v1/public/data?SessionID=%7B0D6AF0FA-438E-389A-6E61-BE9B81F8D1E6%7D&AppID=UEEditor.Rocket.Release&AppVersion=4.16.3-3561208%2B%2B%2BUE4%2BRelease-4.16&UserID=665dec2a4cb07e4a71250ab9266ceb62%7Ce8b3675815f34300b2475ff9b011f0bc%7C4e8dcd73-f07b-479f-a7d5-ed78ed029b66&AppEnvironment=datacollector-binary&UploadType=eteventstream] status=Processing
[2017.10.07-22.20.44:631][530]LogModuleManager: Shutting down and abandoning module SSL (40)
[2017.10.07-22.20.44:632][530]LogModuleManager: Shutting down and abandoning module HTTPChunkInstaller (36)
[2017.10.07-22.20.44:632][530]LogModuleManager: Shutting down and abandoning module AnimationModifiers (34)
[2017.10.07-22.20.44:632][530]LogModuleManager: Shutting down and abandoning module PropertyEditor (33)
[2017.10.07-22.20.44:632][530]LogModuleManager: Shutting down and abandoning module AudioEditor (30)
[2017.10.07-22.20.44:632][530]LogModuleManager: Shutting down and abandoning module TextureCompressor (28)
[2017.10.07-22.20.44:632][530]LogModuleManager: Shutting down and abandoning module ShaderCore (26)
[2017.10.07-22.20.44:632][530]LogModuleManager: Shutting down and abandoning module Landscape (24)
[2017.10.07-22.20.44:632][530]LogModuleManager: Shutting down and abandoning module SlateRHIRenderer (22)
[2017.10.07-22.20.44:633][530]LogModuleManager: Shutting down and abandoning module OpenGLDrv (20)
[2017.10.07-22.20.44:633][530]LogModuleManager: Shutting down and abandoning module D3D11RHI (18)
[2017.10.07-22.20.44:633][530]LogModuleManager: Shutting down and abandoning module AnimGraphRuntime (16)
[2017.10.07-22.20.44:633][530]LogModuleManager: Shutting down and abandoning module Renderer (14)
[2017.10.07-22.20.44:633][530]LogModuleManager: Shutting down and abandoning module Engine (12)
[2017.10.07-22.20.44:633][530]LogModuleManager: Shutting down and abandoning module CoreUObject (10)
[2017.10.07-22.20.44:633][530]LogModuleManager: Shutting down and abandoning module NetworkFile (8)
[2017.10.07-22.20.44:633][530]LogModuleManager: Shutting down and abandoning module StreamingFile (6)
[2017.10.07-22.20.44:633][530]LogModuleManager: Shutting down and abandoning module SandboxFile (4)
[2017.10.07-22.20.44:633][530]LogModuleManager: Shutting down and abandoning module PakFile (2)
[2017.10.07-22.20.44:634][530]LogExit: Exiting.
[2017.10.07-22.20.44:644][530]Log file closed, 10/07/17 18:20:44
