Log file open, 11/10/17 12:40:14
LogWindows: Failed to load 'aqProf.dll' (GetLastError=126)
LogWindows: File 'aqProf.dll' does not exist
LogWindows: Failed to load 'VSPerf140.dll' (GetLastError=126)
LogWindows: File 'VSPerf140.dll' does not exist
LogWindows: Failed to load 'VtuneApi.dll' (GetLastError=126)
LogWindows: File 'VtuneApi.dll' does not exist
LogWindows: Failed to load 'VtuneApi32e.dll' (GetLastError=126)
LogWindows: File 'VtuneApi32e.dll' does not exist
LogInit: Display: Running engine for game: ScrumLordRacing
LogPlatformFile: Not using cached read wrapper
LogInit: Display: RandInit(1843216325) SRandInit(1843216325).
LogTaskGraph: Started task graph with 5 named threads and 14 total threads with 3 sets of task threads.
LogStats: Stats thread started at 4.466892
LogD3D11RHI: Aftermath initialized
LogPluginManager: Mounting plugin Paper2D
LogPluginManager: Mounting plugin LightPropagationVolume
LogPluginManager: Mounting plugin CodeLiteSourceCodeAccess
LogPluginManager: Mounting plugin GitSourceControl
LogPluginManager: Mounting plugin KDevelopSourceCodeAccess
LogPluginManager: Mounting plugin NullSourceCodeAccess
LogPluginManager: Mounting plugin PerforceSourceControl
LogPluginManager: Mounting plugin SubversionSourceControl
LogPluginManager: Mounting plugin UObjectPlugin
LogPluginManager: Mounting plugin VisualStudioSourceCodeAccess
LogPluginManager: Mounting plugin XCodeSourceCodeAccess
LogPluginManager: Mounting plugin AssetManagerEditor
LogPluginManager: Mounting plugin AudioCapture
LogPluginManager: Mounting plugin FacialAnimation
LogPluginManager: Mounting plugin GameplayTagsEditor
LogPluginManager: Mounting plugin MobileLauncherProfileWizard
LogPluginManager: Mounting plugin PluginBrowser
LogPluginManager: Mounting plugin SpeedTreeImporter
LogPluginManager: Mounting plugin AlembicImporter
LogPluginManager: Mounting plugin CharacterAI
LogPluginManager: Mounting plugin HTML5Networking
LogPluginManager: Mounting plugin RawInput
LogPluginManager: Mounting plugin AndroidMedia
LogPluginManager: Mounting plugin AvfMedia
LogPluginManager: Mounting plugin MediaPlayerEditor
LogPluginManager: Mounting plugin WmfMedia
LogPluginManager: Mounting plugin TcpMessaging
LogPluginManager: Mounting plugin UdpMessaging
LogPluginManager: Mounting plugin LevelSequenceEditor
LogPluginManager: Mounting plugin MatineeToLevelSequence
LogPluginManager: Mounting plugin OnlineSubsystemGooglePlay
LogPluginManager: Mounting plugin OnlineSubsystemIOS
LogPluginManager: Mounting plugin OnlineSubsystem
LogPluginManager: Mounting plugin OnlineSubsystemNull
LogPluginManager: Mounting plugin OnlineSubsystemUtils
LogPluginManager: Mounting plugin AndroidDeviceProfileSelector
LogPluginManager: Mounting plugin AndroidMoviePlayer
LogPluginManager: Mounting plugin AndroidPermission
LogPluginManager: Mounting plugin AppleMoviePlayer
LogPluginManager: Mounting plugin ArchVisCharacter
LogPluginManager: Mounting plugin CableComponent
LogPluginManager: Mounting plugin CustomMeshComponent
LogPluginManager: Mounting plugin ExampleDeviceProfileSelector
LogPluginManager: Mounting plugin GoogleCloudMessaging
LogPluginManager: Mounting plugin ImmediatePhysics
LogPluginManager: Mounting plugin IOSDeviceProfileSelector
LogPluginManager: Mounting plugin LinuxDeviceProfileSelector
LogPluginManager: Mounting plugin LocationServicesBPLibrary
LogPluginManager: Mounting plugin MobilePatchingUtils
LogPluginManager: Mounting plugin OculusVR
LogPluginManager: Mounting plugin PhysXVehicles
LogPluginManager: Mounting plugin ProceduralMeshComponent
LogPluginManager: Mounting plugin RuntimePhysXCooking
LogPluginManager: Mounting plugin SteamVR
LogPluginManager: Mounting plugin WindowsMoviePlayer
LogInit: Using libcurl 7.47.1
LogInit:  - built for x86_64-pc-win32
LogInit:  - supports SSL with OpenSSL/1.0.2g
LogInit:  - supports HTTP deflate (compression) using libz 1.2.8
LogInit:  - other features:
LogInit:      CURL_VERSION_SSL
LogInit:      CURL_VERSION_LIBZ
LogInit:      CURL_VERSION_IPV6
LogInit:      CURL_VERSION_ASYNCHDNS
LogInit:      CURL_VERSION_LARGEFILE
LogInit:      CURL_VERSION_IDN
LogInit:  CurlRequestOptions (configurable via config and command line):
LogInit:  - bVerifyPeer = false  - Libcurl will NOT verify peer certificate
LogInit:  - bUseHttpProxy = false  - Libcurl will NOT use HTTP proxy
LogInit:  - bDontReuseConnections = false  - Libcurl will reuse connections
LogInit:  - CertBundlePath = nullptr  - Libcurl will use whatever was configured at build time.
LogInit: Build: ++UE4+Release-4.17-CL-3658906
LogInit: Engine Version: 4.17.2-3658906+++UE4+Release-4.17
LogInit: Compatible Engine Version: 4.17.0-3573198+++UE4+Release-4.17
LogInit: Net CL: 3573198
LogDevObjectVersion: Number of dev versions registered: 16
LogDevObjectVersion:   Dev-Blueprints (B0D832E4-1F89-4F0D-ACCF-7EB736FD4AA2): 10
LogDevObjectVersion:   Dev-Build (E1C64328-A22C-4D53-A36C-8E866417BD8C): 0
LogDevObjectVersion:   Dev-Core (375EC13C-06E4-48FB-B500-84F0262A717E): 2
LogDevObjectVersion:   Dev-Editor (E4B068ED-F494-42E9-A231-DA0B2E46BB41): 20
LogDevObjectVersion:   Dev-Framework (CFFC743F-43B0-4480-9391-14DF171D2073): 28
LogDevObjectVersion:   Dev-Mobile (B02B49B5-BB20-44E9-A304-32B752E40360): 0
LogDevObjectVersion:   Dev-Networking (A4E4105C-59A1-49B5-A7C5-40C4547EDFEE): 0
LogDevObjectVersion:   Dev-Online (39C831C9-5AE6-47DC-9A44-9C173E1C8E7C): 0
LogDevObjectVersion:   Dev-Physics (78F01B33-EBEA-4F98-B9B4-84EACCB95AA2): 0
LogDevObjectVersion:   Dev-Platform (6631380F-2D4D-43E0-8009-CF276956A95A): 0
LogDevObjectVersion:   Dev-Rendering (12F88B9F-8875-4AFC-A67C-D90C383ABD29): 19
LogDevObjectVersion:   Dev-Sequencer (7B5AE74C-D270-4C10-A958-57980B212A5A): 4
LogDevObjectVersion:   Dev-VR (D7296918-1DD6-4BDD-9DE2-64A83CC13884): 0
LogDevObjectVersion:   Dev-LoadTimes (C2A15278-BFE7-4AFE-6C17-90FF531DF755): 1
LogDevObjectVersion:   Private-Geometry (6EACA3D4-40EC-4CC1-B786-8BED09428FC5): 1
LogDevObjectVersion:   Dev-AnimPhys (29E575DD-E0A3-4627-9D10-D276232CDCEA): 7
LogInit: Compiled (64-bit): Sep 22 2017 13:47:16
LogInit: Compiled with Visual C++: 19.00.24215.01
LogInit: Build Configuration: Development
LogInit: Branch Name: ++UE4+Release-4.17
LogInit: Command line:  
LogInit: Base directory: D:/Unreal Engine 4_17/UE_4.17/Engine/Binaries/Win64/
LogInit: Installed Engine Build: 1
LogInit: Presizing for max 8388607 objects, including 0 objects not considered by GC, pre-allocating 0 bytes for permanent pool.
LogInit: Object subsystem initialized
[2017.11.10-17.40.16:784][  0]LogInit: Selected Device Profile: [Windows]
[2017.11.10-17.40.16:784][  0]LogInit: Applying CVar settings loaded from the selected device profile: [Windows]
[2017.11.10-17.40.16:882][  0]LogInit: Computer: ALEX
[2017.11.10-17.40.16:882][  0]LogInit: User: galla000
[2017.11.10-17.40.16:882][  0]LogInit: CPU Page size=4096, Cores=4
[2017.11.10-17.40.16:882][  0]LogInit: High frequency timer resolution =2.825506 MHz
[2017.11.10-17.40.16:882][  0]LogMemory: Memory total: Physical=31.9GB (32GB approx)
[2017.11.10-17.40.16:882][  0]LogMemory: Platform Memory Stats for Windows
[2017.11.10-17.40.16:882][  0]LogMemory: Process Physical Memory: 276.98 MB used, 276.98 MB peak
[2017.11.10-17.40.16:882][  0]LogMemory: Process Virtual Memory: 282.10 MB used, 282.10 MB peak
[2017.11.10-17.40.16:882][  0]LogMemory: Physical Memory: 3462.47 MB used,  29186.55 MB free, 32649.02 MB total
[2017.11.10-17.40.16:882][  0]LogMemory: Virtual Memory: 660.15 MB used,  29186.55 MB free, 134217728.00 MB total
[2017.11.10-17.40.17:889][  0]LogInit: Using OS detected language (en-US).
[2017.11.10-17.40.17:889][  0]LogInit: Using OS detected locale (en-US).
[2017.11.10-17.40.18:072][  0]LogTextLocalizationManager: No specific localization for 'en-US' exists, so the 'en' localization will be used.
[2017.11.10-17.40.22:230][  0]LogD3D11RHI: D3D11 adapters:
[2017.11.10-17.40.22:242][  0]LogD3D11RHI:    0. 'Intel(R) HD Graphics 4600' (Feature Level 11_0)
[2017.11.10-17.40.22:242][  0]LogD3D11RHI:       4054/0/16324 MB DedicatedVideo/DedicatedSystem/SharedSystem, Outputs:1, VendorId:0x8086
[2017.11.10-17.40.22:243][  0]LogD3D11RHI:    1. 'Microsoft Basic Render Driver' (Feature Level 11_0)
[2017.11.10-17.40.22:243][  0]LogD3D11RHI:       0/0/256 MB DedicatedVideo/DedicatedSystem/SharedSystem, Outputs:0, VendorId:0x1414
[2017.11.10-17.40.22:243][  0]LogD3D11RHI: Chosen D3D11 Adapter: 0
[2017.11.10-17.40.22:247][  0]LogD3D11RHI: Creating new Direct3DDevice
[2017.11.10-17.40.22:247][  0]LogD3D11RHI:     GPU DeviceId: 0x416 (for the marketing name, search the web for "GPU Device Id")
[2017.11.10-17.40.22:247][  0]LogWindows: EnumDisplayDevices:
[2017.11.10-17.40.22:247][  0]LogWindows:    0. 'Intel(R) HD Graphics 4600' (P:1 D:1)
[2017.11.10-17.40.22:247][  0]LogWindows:    1. 'Intel(R) HD Graphics 4600' (P:0 D:0)
[2017.11.10-17.40.22:247][  0]LogWindows:    2. 'Intel(R) HD Graphics 4600' (P:0 D:0)
[2017.11.10-17.40.22:247][  0]LogWindows:    3. 'Intel(R) HD Graphics 4600' (P:0 D:0)
[2017.11.10-17.40.22:247][  0]LogWindows: DebugString: FoundDriverCount:4 
[2017.11.10-17.40.22:247][  0]LogD3D11RHI:     Adapter Name: Intel(R) HD Graphics 4600
[2017.11.10-17.40.22:247][  0]LogD3D11RHI:   Driver Version: 10.18.10.3304 (internal:10.18.10.3304, unified:10.18.10.3304)
[2017.11.10-17.40.22:247][  0]LogD3D11RHI:      Driver Date: 9-9-2013
[2017.11.10-17.40.22:247][  0]LogRHI: Texture pool is 1361 MB (70% of 1945 MB)
[2017.11.10-17.40.22:256][  0]LogD3D11RHI: Async texture creation enabled
[2017.11.10-17.40.22:671][  0]LogD3D11RHI: GPU Timing Frequency: 12.500000 (Debug: 2 2)
[2017.11.10-17.40.22:802][  0]LogShaderCompilers: Guid format shader working directory is 7 characters bigger than the processId version (../../../../../Unreal Games/ScrumLordRacing/Intermediate/Shaders/WorkingDirectory/4116/).
[2017.11.10-17.40.22:802][  0]LogShaderCompilers: Cleaned the shader compiler working directory 'C:/Users/galla_000/AppData/Local/Temp/UnrealShaderWorkingDir/6C8EFB4947A9211342D660A6A846A3FD/'.
[2017.11.10-17.40.22:825][  0]LogShaderCompilers: Display: Using Local Shader Compiler.
[2017.11.10-17.40.26:285][  0]LogTemp: Display: Loaded TP AllDesktopTargetPlatform
[2017.11.10-17.40.26:313][  0]LogTemp: Display: Loaded TP MacClientTargetPlatform
[2017.11.10-17.40.26:341][  0]LogTemp: Display: Loaded TP MacNoEditorTargetPlatform
[2017.11.10-17.40.26:368][  0]LogTemp: Display: Loaded TP MacServerTargetPlatform
[2017.11.10-17.40.26:430][  0]LogTemp: Display: Loaded TP MacTargetPlatform
[2017.11.10-17.40.26:458][  0]LogTemp: Display: Loaded TP WindowsClientTargetPlatform
[2017.11.10-17.40.26:486][  0]LogTemp: Display: Loaded TP WindowsNoEditorTargetPlatform
[2017.11.10-17.40.26:513][  0]LogTemp: Display: Loaded TP WindowsServerTargetPlatform
[2017.11.10-17.40.26:535][  0]LogTemp: Display: Loaded TP WindowsTargetPlatform
[2017.11.10-17.40.26:588][  0]LogTemp: Display: Loaded TP AndroidTargetPlatform
[2017.11.10-17.40.26:615][  0]LogTemp: Display: Loaded TP Android_ASTCTargetPlatform
[2017.11.10-17.40.26:641][  0]LogTemp: Display: Loaded TP Android_ATCTargetPlatform
[2017.11.10-17.40.26:668][  0]LogTemp: Display: Loaded TP Android_DXTTargetPlatform
[2017.11.10-17.40.26:695][  0]LogTemp: Display: Loaded TP Android_ETC1TargetPlatform
[2017.11.10-17.40.26:723][  0]LogTemp: Display: Loaded TP Android_ETC2TargetPlatform
[2017.11.10-17.40.26:775][  0]LogTemp: Display: Loaded TP Android_MultiTargetPlatform
[2017.11.10-17.40.26:776][  0]LogTemp: Display: Loaded TP Android_PVRTCTargetPlatform
[2017.11.10-17.40.26:793][  0]LogTemp: Display: Loaded TP HTML5TargetPlatform
[2017.11.10-17.40.26:931][  0]LogTemp: Display: Loaded TP IOSTargetPlatform
[2017.11.10-17.40.26:958][  0]LogTemp: Display: Loaded TP TVOSTargetPlatform
[2017.11.10-17.40.26:985][  0]LogTemp: Display: Loaded TP LinuxClientTargetPlatform
[2017.11.10-17.40.27:011][  0]LogTemp: Display: Loaded TP LinuxNoEditorTargetPlatform
[2017.11.10-17.40.27:038][  0]LogTemp: Display: Loaded TP LinuxServerTargetPlatform
[2017.11.10-17.40.27:078][  0]LogTemp: Display: Loaded TP LinuxTargetPlatform
[2017.11.10-17.40.27:078][  0]LogTargetPlatformManager: Display: Building Assets For Windows
[2017.11.10-17.40.28:355][  0]LogDerivedDataCache: Display: Max Cache Size: 512 MB
[2017.11.10-17.40.28:675][  0]LogDerivedDataCache: Loaded boot cache 0.32s 93MB C:/Users/galla_000/AppData/Local/UnrealEngine/4.17/DerivedDataCache/Boot.ddc.
[2017.11.10-17.40.28:675][  0]LogDerivedDataCache: Display: Loaded Boot cache: C:/Users/galla_000/AppData/Local/UnrealEngine/4.17/DerivedDataCache/Boot.ddc
[2017.11.10-17.40.28:675][  0]LogDerivedDataCache: FDerivedDataBackendGraph:  Pak pak cache file ../../../../../Unreal Games/ScrumLordRacing/DerivedDataCache/DDC.ddp not found, will not use a pak cache.
[2017.11.10-17.40.28:675][  0]LogDerivedDataCache: Unable to find inner node Pak for hierarchical cache Hierarchy.
[2017.11.10-17.40.28:675][  0]LogDerivedDataCache: FDerivedDataBackendGraph:  CompressedPak pak cache file ../../../../../Unreal Games/ScrumLordRacing/DerivedDataCache/Compressed.ddp not found, will not use a pak cache.
[2017.11.10-17.40.28:675][  0]LogDerivedDataCache: Unable to find inner node CompressedPak for hierarchical cache Hierarchy.
[2017.11.10-17.40.28:818][  0]LogDerivedDataCache: Display: Pak cache opened for reading ../../../Engine/DerivedDataCache/Compressed.ddp.
[2017.11.10-17.40.28:831][  0]LogDerivedDataCache: Using Local data cache path C:/Users/galla_000/AppData/Local/UnrealEngine/Common/DerivedDataCache: Writable
[2017.11.10-17.40.28:887][  0]LogMaterial: Verifying Global Shaders for PCD3D_SM5
[2017.11.10-17.40.28:955][  0]LogSlate: Using Freetype 2.6.0
[2017.11.10-17.40.29:145][  0]LogSlate: SlateFontCache - WITH_FREETYPE: 1, WITH_HARFBUZZ: 1
[2017.11.10-17.40.29:147][  0]LogSlate: SlateFontCache - WITH_FREETYPE: 1, WITH_HARFBUZZ: 1
[2017.11.10-17.40.37:819][  0]LogAssetRegistry: FAssetRegistry took 0.0652 seconds to start up
[2017.11.10-17.40.40:614][  0]LogInit: Selected Device Profile: [Windows]
[2017.11.10-17.40.43:582][  0]LogSimplygon: Simplygon DLL not present - disabling.
[2017.11.10-17.40.43:641][  0]LogMeshReduction: Using SimplygonSwarm for distributed automatic mesh merging
[2017.11.10-17.40.43:656][  0]LogMeshReduction: Using QuadricMeshReduction for automatic static mesh reduction
[2017.11.10-17.40.43:677][  0]LogMeshReduction: No automatic skeletal mesh reduction module available
[2017.11.10-17.40.43:677][  0]LogMeshReduction: No automatic mesh merging module available
[2017.11.10-17.40.43:677][  0]LogMeshMerging: No automatic mesh merging module available
[2017.11.10-17.40.43:867][  0]LogContentStreaming: Texture pool size is 0.00 MB
[2017.11.10-17.40.47:548][  0]LogNetVersion: ScrumLordRacing , NetCL: 3573198, EngineNetVer: 2, GameNetVer: 0 (Checksum: 2466738751)
[2017.11.10-17.40.49:275][  0]LogPackageLocalizationCache: Processed 5 localized package path(s) for 2 prioritized culture(s) in 0.159088 seconds
[2017.11.10-17.40.49:292][  0]LogUObjectArray: 35825 objects as part of root set at end of initial load.
[2017.11.10-17.40.49:292][  0]LogUObjectAllocator: 7529104 out of 0 bytes used by permanent object pool.
[2017.11.10-17.40.49:292][  0]LogUObjectArray: CloseDisregardForGC: 0/0 objects in disregard for GC pool
[2017.11.10-17.40.49:367][  0]LogInit: WinSock: version 1.1 (2.2), MaxSocks=32767, MaxUdp=65467
[2017.11.10-17.41.09:034][  0]LogTcpMessaging: Initializing TcpMessaging bridge
[2017.11.10-17.41.09:088][  0]LogUdpMessaging: Initializing bridge on interface 0.0.0.0:0 to multicast group 230.0.0.1:6666.
[2017.11.10-17.41.10:438][  0]LogMaterial: Uniform references updated for custom material expression Custom.
[2017.11.10-17.41.11:211][  0]SourceControl: Source control is disabled
[2017.11.10-17.41.11:211][  0]SourceControl: Source control is disabled
[2017.11.10-17.41.11:279][  0]SourceControl: Source control is disabled
[2017.11.10-17.41.11:312][  0]SourceControl: Source control is disabled
[2017.11.10-17.41.12:121][  0]LogAndroidPermission: UAndroidPermissionCallbackProxy::GetInstance
[2017.11.10-17.41.12:254][  0]LogOcInput: OculusInput pre-init called
[2017.11.10-17.41.12:898][  0]LogEngine: Initializing Engine...
[2017.11.10-17.41.12:931][  0]LogHMD: Failed to initialize OpenVR with code 110
[2017.11.10-17.41.13:905][  0]LogStats: UGameplayTagsManager::ConstructGameplayTagTree: Construct from data asset -  0.000 s
[2017.11.10-17.41.13:905][  0]LogStats: UGameplayTagsManager::ConstructGameplayTagTree: GameplayTagTreeChangedEvent.Broadcast -  0.000 s
[2017.11.10-17.41.14:279][  0]LogAIModule: Creating AISystem for world Untitled
[2017.11.10-17.41.14:396][  0]LogInit: XAudio2 using 'Speakers (Realtek High Definition Audio)' : 2 channels at 48 kHz using 32 bits per sample (channel mask 0x3)
[2017.11.10-17.41.14:659][  0]LogInit: FAudioDevice initialized.
[2017.11.10-17.41.14:742][  0]LogDerivedDataCache: Saved boot cache 0.08s 93MB C:/Users/galla_000/AppData/Local/UnrealEngine/4.17/DerivedDataCache/Boot.ddc.
[2017.11.10-17.41.14:755][  0]LogInit: Texture streaming: Enabled
[2017.11.10-17.41.14:995][  0]LogEngineSessionManager: EngineSessionManager initialized
[2017.11.10-17.41.15:559][  0]LogInit: Transaction tracking system initialized
[2017.11.10-17.41.16:099][  0]BlueprintLog: New page: Editor Load
[2017.11.10-17.41.17:690][  0]LocalizationService: Localization service is disabled
[2017.11.10-17.41.18:415][  0]LogLinker: Warning: Can't find file '/Game/PuzzleBP/Tutorial/Part1-Overview'
[2017.11.10-17.41.18:415][  0]LogLinker: Warning: Can't find file '/Game/PuzzleBP/Tutorial/Part1-Overview'
[2017.11.10-17.41.18:415][  0]LogUObjectGlobals: Warning: Failed to find object 'Class /Game/PuzzleBP/Tutorial/Part1-Overview.Part1-Overview_C'
[2017.11.10-17.41.18:415][  0]LogLinker: Warning: Can't find file '/Game/PuzzleBP/Tutorial/Part2-BlockBlueprint'
[2017.11.10-17.41.18:415][  0]LogLinker: Warning: Can't find file '/Game/PuzzleBP/Tutorial/Part2-BlockBlueprint'
[2017.11.10-17.41.18:415][  0]LogUObjectGlobals: Warning: Failed to find object 'Class /Game/PuzzleBP/Tutorial/Part2-BlockBlueprint.Part2-BlockBlueprint_C'
[2017.11.10-17.41.18:697][  0]LogConsoleResponse: Display: 
[2017.11.10-17.41.22:817][  0]LogCook: Display: Max memory allowance for cook 16384mb min free memory 0mb
[2017.11.10-17.41.22:817][  0]LogCook: Display: Mobile HDR setting 1
[2017.11.10-17.41.22:948][  0]LogFileCache: Scanning file cache for directory 'D:/Unreal Games/ScrumLordRacing/Content/' took 0.35s
[2017.11.10-17.41.22:948][  0]LogGameplayTags: Display: UGameplayTagsManager::DoneAddingNativeTags. DelegateIsBound: 0
[2017.11.10-17.41.24:769][  0]SourceControl: Source control is disabled
[2017.11.10-17.41.24:835][  0]Cmd: MAP LOAD FILE="../../../../../Unreal Games/ScrumLordRacing/Content/Maps/MainMenu/MainMenu.umap" TEMPLATE=0 SHOWPROGRESS=1 FEATURELEVEL=3
[2017.11.10-17.41.24:879][  0]LightingResults: New page: Lighting Build
[2017.11.10-17.41.25:024][  0]MapCheck: New page: Map Check
[2017.11.10-17.41.25:024][  0]LightingResults: New page: Lighting Build
[2017.11.10-17.41.27:181][  0]LogAIModule: Creating AISystem for world MainMenu
[2017.11.10-17.41.27:328][  0]LogEditorServer: Finished looking for orphan Actors (0.000 secs)
[2017.11.10-17.41.27:456][  0]Cmd: MAP CHECKDEP NOCLEARLOG
[2017.11.10-17.41.27:486][  0]MapCheck: Map check complete: 0 Error(s), 0 Warning(s), took 30.107ms to complete.
[2017.11.10-17.41.27:486][  0]LogFileHelpers: Loading map 'MainMenu' took 2.674
[2017.11.10-17.41.29:195][  0]LogCollectionManager: Loaded 0 collections in 0.000715 seconds
[2017.11.10-17.41.29:377][  0]LogFileCache: Scanning file cache for directory 'D:/Unreal Games/ScrumLordRacing/Saved/Collections/' took 0.01s
[2017.11.10-17.41.29:377][  0]LogFileCache: Scanning file cache for directory 'D:/Unreal Games/ScrumLordRacing/Content/Developers/galla000/Collections/' took 0.01s
[2017.11.10-17.41.29:377][  0]LogFileCache: Scanning file cache for directory 'D:/Unreal Games/ScrumLordRacing/Content/Collections/' took 0.01s
[2017.11.10-17.41.29:377][  0]LogCollectionManager: Rebuilt the GUID cache for 0 collections in 0.000000 seconds
[2017.11.10-17.41.29:387][  0]LogContentBrowser: Native class hierarchy populated in 0.0076 seconds. Added 2388 classes and 503 folders.
[2017.11.10-17.41.29:460][  0]LogContentBrowser: Native class hierarchy updated for 'WidgetCarousel' in 0.0008 seconds. Added 0 classes and 0 folders.
[2017.11.10-17.41.30:392][  0]LogContentBrowser: Native class hierarchy updated for 'AddContentDialog' in 0.0005 seconds. Added 0 classes and 0 folders.
[2017.11.10-17.41.30:546][  0]LogContentBrowser: Native class hierarchy updated for 'SceneOutliner' in 0.0006 seconds. Added 1 classes and 2 folders.
[2017.11.10-17.41.32:111][  0]LogContentBrowser: Native class hierarchy updated for 'HierarchicalLODOutliner' in 0.0007 seconds. Added 1 classes and 2 folders.
[2017.11.10-17.41.32:111][  0]LogLoad: (Engine Initialization) Total time: 90.45 seconds
[2017.11.10-17.41.32:111][  0]LogLoad: (Engine Initialization) Total Blueprint compile time: 0.00 seconds
[2017.11.10-17.41.32:111][  0]LogExternalProfiler: No external profilers were discovered.  External profiling features will not be available.
[2017.11.10-17.41.32:120][  0]LogRawInputWindows: Warning: Found device 0 devices
[2017.11.10-17.41.32:121][  0]LogRawInputWindows: Warning: Found device 0 devices
[2017.11.10-17.41.32:121][  0]LogRawInputWindows: Warning: Device was registered succesfully but not connected (Usage:4 UsagePage:1
[2017.11.10-17.41.32:121][  0]LogRawInputWindows: Warning: Found device 1 devices
[2017.11.10-17.41.32:121][  0]LogRawInputWindows: Warning: Device was registered succesfully but not connected (Usage:5 UsagePage:1
[2017.11.10-17.41.32:226][  0]LogContentStreaming: Texture pool size now 800 MB
[2017.11.10-17.41.32:283][  0]LogSlate: Took 0.012402 seconds to synchronously load lazily loaded font '../../../Engine/Content/Slate/Fonts/Roboto-Regular.ttf' (155K)
[2017.11.10-17.41.32:302][  0]LogSlate: Took 0.017215 seconds to synchronously load lazily loaded font '../../../Engine/Content/Slate/Fonts/Roboto-Bold.ttf' (160K)
[2017.11.10-17.41.32:346][  0]LogSlate: Took 0.010724 seconds to synchronously load lazily loaded font '../../../Engine/Content/Editor/Slate/Fonts/FontAwesome.ttf' (139K)
[2017.11.10-17.41.32:945][  0]LogRenderer: Reallocating scene render targets to support 1084x612 Format 9 NumSamples 1 (Frame:1).
[2017.11.10-17.41.32:945][  0]LogSlate: Took 0.028400 seconds to synchronously load lazily loaded font '../../../Engine/Content/Slate/Fonts/Roboto-Light.ttf' (159K)
[2017.11.10-17.41.34:041][  1]LogAssetRegistry: Asset discovery search completed in 56.2451 seconds
[2017.11.10-17.41.34:043][  1]LogCollectionManager: Rebuilt the object cache for 0 collections in 0.000000 seconds (found 0 objects)
[2017.11.10-17.41.34:043][  1]LogCollectionManager: Fixed up redirectors for 0 collections in 0.000029 seconds (updated 0 objects)
[2017.11.10-17.41.34:415][  2]LogSlate: Took 0.000234 seconds to synchronously load lazily loaded font '../../../Engine/Content/Slate/Fonts/Roboto-Light.ttf' (159K)
[2017.11.10-17.41.37:102][149]LogRenderer: Reallocating scene render targets to support 1336x648 Format 9 NumSamples 1 (Frame:65).
[2017.11.10-17.41.38:884][190]LogLinker: Warning: Can't resolve asset name
[2017.11.10-17.41.38:990][190]LogSlate: Took 0.000147 seconds to synchronously load lazily loaded font '../../../Engine/Content/Slate/Fonts/Roboto-Light.ttf' (159K)
[2017.11.10-17.41.39:848][190]LogContentBrowser: Native class hierarchy updated for 'BlueprintGraph' in 0.0008 seconds. Added 113 classes and 0 folders.
[2017.11.10-17.41.42:048][190]LogSlate: Took 0.018511 seconds to synchronously load lazily loaded font '../../../Engine/Content/Editor/Slate/Fonts/Roboto-BoldCondensed.ttf' (158K)
[2017.11.10-17.41.44:767][249]LogSlate: Took 0.013193 seconds to synchronously load lazily loaded font '../../../Engine/Content/Editor/Slate/Fonts/Roboto-Italic.ttf' (157K)
[2017.11.10-17.41.57:919][587]LogSlate: Took 0.000137 seconds to synchronously load lazily loaded font '../../../Engine/Content/Slate/Fonts/Roboto-Regular.ttf' (155K)
[2017.11.10-17.41.59:671][587]LogAIModule: Creating AISystem for world TrackOne
[2017.11.10-17.41.59:712][587]LogMaterial: Warning: Material /Game/StarterContent/Materials/M_Wood_Floor_Walnut_Worn.M_Wood_Floor_Walnut_Worn needed to have new flag set bUsedWithSplineMeshes !
[2017.11.10-17.41.59:716][587]LogMaterial: Missing cached shader map for material M_Wood_Floor_Walnut_Worn, compiling. 
[2017.11.10-17.41.59:815][587]MapCheck: Warning: M_Wood_Floor_Walnut_Worn Material /Game/StarterContent/Materials/M_Wood_Floor_Walnut_Worn.M_Wood_Floor_Walnut_Worn was missing the usage flag bUsedWithSplineMeshes. If the material asset is not re-saved, it may not render correctly when run outside the editor. Fix
[2017.11.10-17.42.00:112][587]Cmd: MAP LOAD FILE="../../../../../Unreal Games/ScrumLordRacing/Content/Maps/TrackOne/TrackOne.umap" TEMPLATE=0 SHOWPROGRESS=1 FEATURELEVEL=3
[2017.11.10-17.42.00:113][587]LightingResults: New page: Lighting Build
[2017.11.10-17.42.00:113][587]LoadErrors: New page: Loading map: TrackOne.umap
[2017.11.10-17.42.00:113][587]MapCheck: New page: Map Check
[2017.11.10-17.42.00:114][587]LightingResults: New page: Lighting Build
[2017.11.10-17.42.00:332][587]LogEditorServer: Finished looking for orphan Actors (0.000 secs)
[2017.11.10-17.42.00:414][587]Cmd: MAP CHECKDEP NOCLEARLOG
[2017.11.10-17.42.00:462][587]MapCheck: Map check complete: 0 Error(s), 0 Warning(s), took 47.187ms to complete.
[2017.11.10-17.42.00:462][587]LogFileHelpers: Loading map 'TrackOne' took 0.349
[2017.11.10-17.42.03:664][635]LogTemp: Repeating last play command: Selected Viewport
[2017.11.10-17.42.04:143][635]LogBlueprintUserMessages: Early PlayInEditor Detection: Level '/Game/Maps/TrackOne/TrackOne.TrackOne:PersistentLevel' has LevelScriptBlueprint '/Game/Maps/TrackOne/TrackOne.TrackOne:PersistentLevel.TrackOne' with GeneratedClass '/Game/Maps/TrackOne/TrackOne.TrackOne_C' with ClassGeneratedBy '/Game/Maps/TrackOne/TrackOne.TrackOne:PersistentLevel.TrackOne'
[2017.11.10-17.42.04:143][635]LogPlayLevel: PlayLevel: No blueprints needed recompiling
[2017.11.10-17.42.04:172][635]PIE: New page: PIE session: TrackOne (Nov 10, 2017, 7:42:04 AM)
[2017.11.10-17.42.04:172][635]LogPlayLevel: Creating play world package: /Game/Maps/TrackOne/UEDPIE_0_TrackOne
[2017.11.10-17.42.04:222][635]LogPlayLevel: PIE: StaticDuplicateObject took: (0.049712s)
[2017.11.10-17.42.04:222][635]LogAIModule: Creating AISystem for world TrackOne
[2017.11.10-17.42.04:223][635]LogPlayLevel: PIE: World Init took: (0.000894s)
[2017.11.10-17.42.04:223][635]LogPlayLevel: PIE: Created PIE world by copying editor world from /Game/Maps/TrackOne/TrackOne.TrackOne to /Game/Maps/TrackOne/UEDPIE_0_TrackOne.TrackOne (0.051027s)
[2017.11.10-17.42.04:251][635]LogInit: XAudio2 using 'Speakers (Realtek High Definition Audio)' : 2 channels at 48 kHz using 32 bits per sample (channel mask 0x3)
[2017.11.10-17.42.04:262][635]LogInit: FAudioDevice initialized.
[2017.11.10-17.42.04:348][635]LogLoad: Game class is 'VehicleAdvGameMode_C'
[2017.11.10-17.42.04:438][635]LogWorld: Bringing World /Game/Maps/TrackOne/UEDPIE_0_TrackOne.TrackOne up for play (max tick rate 0) at 2017.11.10-12.42.04
[2017.11.10-17.42.04:446][635]LogWorld: Bringing up level for play took: 0.094851
[2017.11.10-17.42.04:513][635]LogContentBrowser: Native class hierarchy updated for 'MovieSceneCapture' in 0.0008 seconds. Added 11 classes and 0 folders.
[2017.11.10-17.42.04:551][635]PIE: Play in editor start time for /Game/Maps/TrackOne/UEDPIE_0_TrackOne 1.053
[2017.11.10-17.42.04:551][635]LogBlueprintUserMessages: Late PlayInEditor Detection: Level '/Game/Maps/TrackOne/TrackOne.TrackOne:PersistentLevel' has LevelScriptBlueprint '/Game/Maps/TrackOne/TrackOne.TrackOne:PersistentLevel.TrackOne' with GeneratedClass '/Game/Maps/TrackOne/TrackOne.TrackOne_C' with ClassGeneratedBy '/Game/Maps/TrackOne/TrackOne.TrackOne:PersistentLevel.TrackOne'
[2017.11.10-17.42.15:965][872]LogBlueprintUserMessages: Early EndPlayMap Detection: Level '/Game/Maps/TrackOne/TrackOne.TrackOne:PersistentLevel' has LevelScriptBlueprint '/Game/Maps/TrackOne/TrackOne.TrackOne:PersistentLevel.TrackOne' with GeneratedClass '/Game/Maps/TrackOne/TrackOne.TrackOne_C' with ClassGeneratedBy '/Game/Maps/TrackOne/TrackOne.TrackOne:PersistentLevel.TrackOne'
[2017.11.10-17.42.16:073][872]LogBlueprintUserMessages: Late EndPlayMap Detection: Level '/Game/Maps/TrackOne/TrackOne.TrackOne:PersistentLevel' has LevelScriptBlueprint '/Game/Maps/TrackOne/TrackOne.TrackOne:PersistentLevel.TrackOne' with GeneratedClass '/Game/Maps/TrackOne/TrackOne.TrackOne_C' with ClassGeneratedBy '/Game/Maps/TrackOne/TrackOne.TrackOne:PersistentLevel.TrackOne'
[2017.11.10-17.45.58:417][909]BlueprintLog: New page: Compile VehicleBlueprint
[2017.11.10-17.45.59:083][909]Cmd: OBJ SAVEPACKAGE PACKAGE="/Game/VehicleAdvBP/Blueprints/VehicleBlueprint" FILE="../../../../../Unreal Games/ScrumLordRacing/Content/VehicleAdvBP/Blueprints/VehicleBlueprint.uasset" SILENT=true
[2017.11.10-17.46.00:017][909]LogSavePackage: Save=229.01ms
[2017.11.10-17.46.00:017][909]LogSavePackage: Moving '../../../../../Unreal Games/ScrumLordRacing/Saved/VehicleBlueprintF9B39EA74023E522F7BB0CA537E8C0FB.tmp' to '../../../../../Unreal Games/ScrumLordRacing/Content/VehicleAdvBP/Blueprints/VehicleBlueprint.uasset'
[2017.11.10-17.46.00:028][909]LogSavePackage: Display: Finished SavePackage ../../../../../Unreal Games/ScrumLordRacing/Content/VehicleAdvBP/Blueprints/VehicleBlueprint.uasset
[2017.11.10-17.46.05:168][  8]LogTemp: Repeating last play command: Selected Viewport
[2017.11.10-17.46.05:222][  8]LogBlueprintUserMessages: Early PlayInEditor Detection: Level '/Game/Maps/TrackOne/TrackOne.TrackOne:PersistentLevel' has LevelScriptBlueprint '/Game/Maps/TrackOne/TrackOne.TrackOne:PersistentLevel.TrackOne' with GeneratedClass '/Game/Maps/TrackOne/TrackOne.TrackOne_C' with ClassGeneratedBy '/Game/Maps/TrackOne/TrackOne.TrackOne:PersistentLevel.TrackOne'
[2017.11.10-17.46.05:222][  8]LogPlayLevel: PlayLevel: No blueprints needed recompiling
[2017.11.10-17.46.05:222][  8]PIE: New page: PIE session: TrackOne (Nov 10, 2017, 7:46:05 AM)
[2017.11.10-17.46.05:223][  8]LogPlayLevel: Creating play world package: /Game/Maps/TrackOne/UEDPIE_0_TrackOne
[2017.11.10-17.46.05:242][  8]LogPlayLevel: PIE: StaticDuplicateObject took: (0.019507s)
[2017.11.10-17.46.05:243][  8]LogAIModule: Creating AISystem for world TrackOne
[2017.11.10-17.46.05:243][  8]LogPlayLevel: PIE: World Init took: (0.001144s)
[2017.11.10-17.46.05:244][  8]LogPlayLevel: PIE: Created PIE world by copying editor world from /Game/Maps/TrackOne/TrackOne.TrackOne to /Game/Maps/TrackOne/UEDPIE_0_TrackOne.TrackOne (0.020967s)
[2017.11.10-17.46.05:274][  8]LogInit: XAudio2 using 'Speakers (Realtek High Definition Audio)' : 2 channels at 48 kHz using 32 bits per sample (channel mask 0x3)
[2017.11.10-17.46.05:284][  8]LogInit: FAudioDevice initialized.
[2017.11.10-17.46.05:315][  8]LogLoad: Game class is 'VehicleAdvGameMode_C'
[2017.11.10-17.46.05:323][  8]LogWorld: Bringing World /Game/Maps/TrackOne/UEDPIE_0_TrackOne.TrackOne up for play (max tick rate 0) at 2017.11.10-12.46.05
[2017.11.10-17.46.05:323][  8]LogWorld: Bringing up level for play took: 0.004692
[2017.11.10-17.46.05:325][  8]PIE: Play in editor start time for /Game/Maps/TrackOne/UEDPIE_0_TrackOne -0.172
[2017.11.10-17.46.05:326][  8]LogBlueprintUserMessages: Late PlayInEditor Detection: Level '/Game/Maps/TrackOne/TrackOne.TrackOne:PersistentLevel' has LevelScriptBlueprint '/Game/Maps/TrackOne/TrackOne.TrackOne:PersistentLevel.TrackOne' with GeneratedClass '/Game/Maps/TrackOne/TrackOne.TrackOne_C' with ClassGeneratedBy '/Game/Maps/TrackOne/TrackOne.TrackOne:PersistentLevel.TrackOne'
[2017.11.10-17.46.16:056][241]LogBlueprintUserMessages: Early EndPlayMap Detection: Level '/Game/Maps/TrackOne/TrackOne.TrackOne:PersistentLevel' has LevelScriptBlueprint '/Game/Maps/TrackOne/TrackOne.TrackOne:PersistentLevel.TrackOne' with GeneratedClass '/Game/Maps/TrackOne/TrackOne.TrackOne_C' with ClassGeneratedBy '/Game/Maps/TrackOne/TrackOne.TrackOne:PersistentLevel.TrackOne'
[2017.11.10-17.46.16:148][241]LogBlueprintUserMessages: Late EndPlayMap Detection: Level '/Game/Maps/TrackOne/TrackOne.TrackOne:PersistentLevel' has LevelScriptBlueprint '/Game/Maps/TrackOne/TrackOne.TrackOne:PersistentLevel.TrackOne' with GeneratedClass '/Game/Maps/TrackOne/TrackOne.TrackOne_C' with ClassGeneratedBy '/Game/Maps/TrackOne/TrackOne.TrackOne:PersistentLevel.TrackOne'
[2017.11.10-17.47.05:256][932]BlueprintLog: New page: Compile TrackOne
[2017.11.10-17.47.06:149][942]Cmd: OBJ SAVEPACKAGE PACKAGE="/Game/Maps/TrackOne/TrackOne" FILE="../../../../../Unreal Games/ScrumLordRacing/Content/Maps/TrackOne/TrackOne.umap" SILENT=true AUTOSAVING=false KEEPDIRTY=false
[2017.11.10-17.47.06:401][942]LogSavePackage: Save=220.75ms
[2017.11.10-17.47.06:401][942]LogSavePackage: Moving '../../../../../Unreal Games/ScrumLordRacing/Saved/TrackOneEA21FBAB4B29A7013025A5A94167D0F7.tmp' to '../../../../../Unreal Games/ScrumLordRacing/Content/Maps/TrackOne/TrackOne.umap'
[2017.11.10-17.47.06:402][942]LogSavePackage: Display: Finished SavePackage ../../../../../Unreal Games/ScrumLordRacing/Content/Maps/TrackOne/TrackOne.umap
[2017.11.10-17.47.06:439][942]LogFileHelpers: Saving map 'TrackOne' took 0.334
[2017.11.10-17.47.08:462][974]LogTemp: Repeating last play command: Selected Viewport
[2017.11.10-17.47.08:499][974]LogBlueprintUserMessages: Early PlayInEditor Detection: Level '/Game/Maps/TrackOne/TrackOne.TrackOne:PersistentLevel' has LevelScriptBlueprint '/Game/Maps/TrackOne/TrackOne.TrackOne:PersistentLevel.TrackOne' with GeneratedClass '/Game/Maps/TrackOne/TrackOne.TrackOne_C' with ClassGeneratedBy '/Game/Maps/TrackOne/TrackOne.TrackOne:PersistentLevel.TrackOne'
[2017.11.10-17.47.08:499][974]LogPlayLevel: PlayLevel: No blueprints needed recompiling
[2017.11.10-17.47.08:499][974]PIE: New page: PIE session: TrackOne (Nov 10, 2017, 7:47:08 AM)
[2017.11.10-17.47.08:500][974]LogPlayLevel: Creating play world package: /Game/Maps/TrackOne/UEDPIE_0_TrackOne
[2017.11.10-17.47.08:516][974]LogPlayLevel: PIE: StaticDuplicateObject took: (0.016571s)
[2017.11.10-17.47.08:517][974]LogAIModule: Creating AISystem for world TrackOne
[2017.11.10-17.47.08:517][974]LogPlayLevel: PIE: World Init took: (0.001118s)
[2017.11.10-17.47.08:517][974]LogPlayLevel: PIE: Created PIE world by copying editor world from /Game/Maps/TrackOne/TrackOne.TrackOne to /Game/Maps/TrackOne/UEDPIE_0_TrackOne.TrackOne (0.017981s)
[2017.11.10-17.47.08:548][974]LogInit: XAudio2 using 'Speakers (Realtek High Definition Audio)' : 2 channels at 48 kHz using 32 bits per sample (channel mask 0x3)
[2017.11.10-17.47.08:559][974]LogInit: FAudioDevice initialized.
[2017.11.10-17.47.08:597][974]LogLoad: Game class is 'VehicleAdvGameMode_C'
[2017.11.10-17.47.08:605][974]LogWorld: Bringing World /Game/Maps/TrackOne/UEDPIE_0_TrackOne.TrackOne up for play (max tick rate 0) at 2017.11.10-12.47.08
[2017.11.10-17.47.08:605][974]LogWorld: Bringing up level for play took: 0.004846
[2017.11.10-17.47.08:607][974]PIE: Play in editor start time for /Game/Maps/TrackOne/UEDPIE_0_TrackOne 1.109
[2017.11.10-17.47.08:607][974]LogBlueprintUserMessages: Late PlayInEditor Detection: Level '/Game/Maps/TrackOne/TrackOne.TrackOne:PersistentLevel' has LevelScriptBlueprint '/Game/Maps/TrackOne/TrackOne.TrackOne:PersistentLevel.TrackOne' with GeneratedClass '/Game/Maps/TrackOne/TrackOne.TrackOne_C' with ClassGeneratedBy '/Game/Maps/TrackOne/TrackOne.TrackOne:PersistentLevel.TrackOne'
[2017.11.10-17.47.19:636][242]LogBlueprintUserMessages: Early EndPlayMap Detection: Level '/Game/Maps/TrackOne/TrackOne.TrackOne:PersistentLevel' has LevelScriptBlueprint '/Game/Maps/TrackOne/TrackOne.TrackOne:PersistentLevel.TrackOne' with GeneratedClass '/Game/Maps/TrackOne/TrackOne.TrackOne_C' with ClassGeneratedBy '/Game/Maps/TrackOne/TrackOne.TrackOne:PersistentLevel.TrackOne'
[2017.11.10-17.47.19:729][242]LogBlueprintUserMessages: Late EndPlayMap Detection: Level '/Game/Maps/TrackOne/TrackOne.TrackOne:PersistentLevel' has LevelScriptBlueprint '/Game/Maps/TrackOne/TrackOne.TrackOne:PersistentLevel.TrackOne' with GeneratedClass '/Game/Maps/TrackOne/TrackOne.TrackOne_C' with ClassGeneratedBy '/Game/Maps/TrackOne/TrackOne.TrackOne:PersistentLevel.TrackOne'
[2017.11.10-17.47.37:173][485]BlueprintLog: New page: Compile TrackOne
[2017.11.10-17.47.37:994][494]Cmd: OBJ SAVEPACKAGE PACKAGE="/Game/Maps/TrackOne/TrackOne" FILE="../../../../../Unreal Games/ScrumLordRacing/Content/Maps/TrackOne/TrackOne.umap" SILENT=true AUTOSAVING=false KEEPDIRTY=false
[2017.11.10-17.47.38:238][494]LogSavePackage: Save=217.66ms
[2017.11.10-17.47.38:238][494]LogSavePackage: Moving '../../../../../Unreal Games/ScrumLordRacing/Saved/TrackOne66EE74BB46031012DC90A88C2A6E096F.tmp' to '../../../../../Unreal Games/ScrumLordRacing/Content/Maps/TrackOne/TrackOne.umap'
[2017.11.10-17.47.38:240][494]LogSavePackage: Display: Finished SavePackage ../../../../../Unreal Games/ScrumLordRacing/Content/Maps/TrackOne/TrackOne.umap
[2017.11.10-17.47.38:277][494]LogFileHelpers: Saving map 'TrackOne' took 0.321
[2017.11.10-17.47.52:370][698]LogTemp: Repeating last play command: Selected Viewport
[2017.11.10-17.47.52:406][698]LogBlueprintUserMessages: Early PlayInEditor Detection: Level '/Game/Maps/TrackOne/TrackOne.TrackOne:PersistentLevel' has LevelScriptBlueprint '/Game/Maps/TrackOne/TrackOne.TrackOne:PersistentLevel.TrackOne' with GeneratedClass '/Game/Maps/TrackOne/TrackOne.TrackOne_C' with ClassGeneratedBy '/Game/Maps/TrackOne/TrackOne.TrackOne:PersistentLevel.TrackOne'
[2017.11.10-17.47.52:406][698]LogPlayLevel: PlayLevel: No blueprints needed recompiling
[2017.11.10-17.47.52:406][698]PIE: New page: PIE session: TrackOne (Nov 10, 2017, 7:47:52 AM)
[2017.11.10-17.47.52:406][698]LogPlayLevel: Creating play world package: /Game/Maps/TrackOne/UEDPIE_0_TrackOne
[2017.11.10-17.47.52:423][698]LogPlayLevel: PIE: StaticDuplicateObject took: (0.016277s)
[2017.11.10-17.47.52:423][698]LogAIModule: Creating AISystem for world TrackOne
[2017.11.10-17.47.52:423][698]LogPlayLevel: PIE: World Init took: (0.000603s)
[2017.11.10-17.47.52:424][698]LogPlayLevel: PIE: Created PIE world by copying editor world from /Game/Maps/TrackOne/TrackOne.TrackOne to /Game/Maps/TrackOne/UEDPIE_0_TrackOne.TrackOne (0.017164s)
[2017.11.10-17.47.52:456][698]LogInit: XAudio2 using 'Speakers (Realtek High Definition Audio)' : 2 channels at 48 kHz using 32 bits per sample (channel mask 0x3)
[2017.11.10-17.47.52:466][698]LogInit: FAudioDevice initialized.
[2017.11.10-17.47.52:499][698]LogLoad: Game class is 'VehicleAdvGameMode_C'
[2017.11.10-17.47.52:506][698]LogWorld: Bringing World /Game/Maps/TrackOne/UEDPIE_0_TrackOne.TrackOne up for play (max tick rate 0) at 2017.11.10-12.47.52
[2017.11.10-17.47.52:507][698]LogWorld: Bringing up level for play took: 0.004896
[2017.11.10-17.47.52:509][698]PIE: Play in editor start time for /Game/Maps/TrackOne/UEDPIE_0_TrackOne 1.011
[2017.11.10-17.47.52:509][698]LogBlueprintUserMessages: Late PlayInEditor Detection: Level '/Game/Maps/TrackOne/TrackOne.TrackOne:PersistentLevel' has LevelScriptBlueprint '/Game/Maps/TrackOne/TrackOne.TrackOne:PersistentLevel.TrackOne' with GeneratedClass '/Game/Maps/TrackOne/TrackOne.TrackOne_C' with ClassGeneratedBy '/Game/Maps/TrackOne/TrackOne.TrackOne:PersistentLevel.TrackOne'
[2017.11.10-17.48.05:575][999]LogBlueprintUserMessages: Early EndPlayMap Detection: Level '/Game/Maps/TrackOne/TrackOne.TrackOne:PersistentLevel' has LevelScriptBlueprint '/Game/Maps/TrackOne/TrackOne.TrackOne:PersistentLevel.TrackOne' with GeneratedClass '/Game/Maps/TrackOne/TrackOne.TrackOne_C' with ClassGeneratedBy '/Game/Maps/TrackOne/TrackOne.TrackOne:PersistentLevel.TrackOne'
[2017.11.10-17.48.05:697][999]LogBlueprintUserMessages: Late EndPlayMap Detection: Level '/Game/Maps/TrackOne/TrackOne.TrackOne:PersistentLevel' has LevelScriptBlueprint '/Game/Maps/TrackOne/TrackOne.TrackOne:PersistentLevel.TrackOne' with GeneratedClass '/Game/Maps/TrackOne/TrackOne.TrackOne_C' with ClassGeneratedBy '/Game/Maps/TrackOne/TrackOne.TrackOne:PersistentLevel.TrackOne'
[2017.11.10-17.48.08:925][ 51]LogEditorViewport: Clicking on Actor (LMB): TrackGenerator_C (TrackGenerator)
[2017.11.10-17.48.20:462][187]LogRenderer: Reallocating scene render targets to support 1336x924 Format 9 NumSamples 1 (Frame:1).
[2017.11.10-17.48.31:484][267]LogMaterial: Warning: Material /Game/Geometry/Clear.Clear needed to have new flag set bUsedWithSplineMeshes !
[2017.11.10-17.48.31:487][267]LogMaterial: Missing cached shader map for material Clear, compiling. 
[2017.11.10-17.48.34:217][287]Cmd: OBJ SAVEPACKAGE PACKAGE="/Game/Geometry/Meshes/postbarrierPT2" FILE="../../../../../Unreal Games/ScrumLordRacing/Content/Geometry/Meshes/postbarrierPT2.uasset" SILENT=true
[2017.11.10-17.48.34:258][287]LogSavePackage: Save=20.22ms
[2017.11.10-17.48.34:258][287]LogSavePackage: Moving '../../../../../Unreal Games/ScrumLordRacing/Saved/postbarrierPT2109C140647BB492E77F451B01990DEBE.tmp' to '../../../../../Unreal Games/ScrumLordRacing/Content/Geometry/Meshes/postbarrierPT2.uasset'
[2017.11.10-17.48.34:320][287]LogSavePackage: Display: Finished SavePackage ../../../../../Unreal Games/ScrumLordRacing/Content/Geometry/Meshes/postbarrierPT2.uasset
[2017.11.10-17.48.39:585][352]LogTemp: Repeating last play command: Selected Viewport
[2017.11.10-17.48.39:622][352]LogBlueprintUserMessages: Early PlayInEditor Detection: Level '/Game/Maps/TrackOne/TrackOne.TrackOne:PersistentLevel' has LevelScriptBlueprint '/Game/Maps/TrackOne/TrackOne.TrackOne:PersistentLevel.TrackOne' with GeneratedClass '/Game/Maps/TrackOne/TrackOne.TrackOne_C' with ClassGeneratedBy '/Game/Maps/TrackOne/TrackOne.TrackOne:PersistentLevel.TrackOne'
[2017.11.10-17.48.39:623][352]LogPlayLevel: PlayLevel: No blueprints needed recompiling
[2017.11.10-17.48.39:623][352]PIE: New page: PIE session: TrackOne (Nov 10, 2017, 7:48:39 AM)
[2017.11.10-17.48.39:623][352]LogPlayLevel: Creating play world package: /Game/Maps/TrackOne/UEDPIE_0_TrackOne
[2017.11.10-17.48.39:645][352]LogPlayLevel: PIE: StaticDuplicateObject took: (0.020672s)
[2017.11.10-17.48.39:645][352]LogAIModule: Creating AISystem for world TrackOne
[2017.11.10-17.48.39:646][352]LogPlayLevel: PIE: World Init took: (0.000686s)
[2017.11.10-17.48.39:646][352]LogPlayLevel: PIE: Created PIE world by copying editor world from /Game/Maps/TrackOne/TrackOne.TrackOne to /Game/Maps/TrackOne/UEDPIE_0_TrackOne.TrackOne (0.021611s)
[2017.11.10-17.48.39:732][352]LogInit: XAudio2 using 'Speakers (Realtek High Definition Audio)' : 2 channels at 48 kHz using 32 bits per sample (channel mask 0x3)
[2017.11.10-17.48.39:739][352]LogInit: FAudioDevice initialized.
[2017.11.10-17.48.39:770][352]LogLoad: Game class is 'VehicleAdvGameMode_C'
[2017.11.10-17.48.39:784][352]LogWorld: Bringing World /Game/Maps/TrackOne/UEDPIE_0_TrackOne.TrackOne up for play (max tick rate 0) at 2017.11.10-12.48.39
[2017.11.10-17.48.39:785][352]LogWorld: Bringing up level for play took: 0.011474
[2017.11.10-17.48.39:786][352]PIE: Play in editor start time for /Game/Maps/TrackOne/UEDPIE_0_TrackOne 0.288
[2017.11.10-17.48.39:786][352]LogBlueprintUserMessages: Late PlayInEditor Detection: Level '/Game/Maps/TrackOne/TrackOne.TrackOne:PersistentLevel' has LevelScriptBlueprint '/Game/Maps/TrackOne/TrackOne.TrackOne:PersistentLevel.TrackOne' with GeneratedClass '/Game/Maps/TrackOne/TrackOne.TrackOne_C' with ClassGeneratedBy '/Game/Maps/TrackOne/TrackOne.TrackOne:PersistentLevel.TrackOne'
[2017.11.10-17.48.43:344][423]LogBlueprintUserMessages: Early EndPlayMap Detection: Level '/Game/Maps/TrackOne/TrackOne.TrackOne:PersistentLevel' has LevelScriptBlueprint '/Game/Maps/TrackOne/TrackOne.TrackOne:PersistentLevel.TrackOne' with GeneratedClass '/Game/Maps/TrackOne/TrackOne.TrackOne_C' with ClassGeneratedBy '/Game/Maps/TrackOne/TrackOne.TrackOne:PersistentLevel.TrackOne'
[2017.11.10-17.48.43:462][423]LogBlueprintUserMessages: Late EndPlayMap Detection: Level '/Game/Maps/TrackOne/TrackOne.TrackOne:PersistentLevel' has LevelScriptBlueprint '/Game/Maps/TrackOne/TrackOne.TrackOne:PersistentLevel.TrackOne' with GeneratedClass '/Game/Maps/TrackOne/TrackOne.TrackOne_C' with ClassGeneratedBy '/Game/Maps/TrackOne/TrackOne.TrackOne:PersistentLevel.TrackOne'
[2017.11.10-17.48.49:743][488]LogAIModule: Creating AISystem for world MapSelect
[2017.11.10-17.48.51:264][488]Cmd: OBJ SAVEPACKAGE PACKAGE="/Game/Geometry/Clear" FILE="../../../../../Unreal Games/ScrumLordRacing/Content/Geometry/Clear.uasset" SILENT=true
[2017.11.10-17.48.51:287][488]LogSavePackage: Save=12.16ms
[2017.11.10-17.48.51:288][488]LogSavePackage: Moving '../../../../../Unreal Games/ScrumLordRacing/Saved/Clear8E4FDD894D14025FC0F95AB5CC43ACB8.tmp' to '../../../../../Unreal Games/ScrumLordRacing/Content/Geometry/Clear.uasset'
[2017.11.10-17.48.51:289][488]LogSavePackage: Display: Finished SavePackage ../../../../../Unreal Games/ScrumLordRacing/Content/Geometry/Clear.uasset
[2017.11.10-17.48.51:290][488]Cmd: MAP LOAD FILE="../../../../../Unreal Games/ScrumLordRacing/Content/Maps/MapSelectMenu/MapSelect.umap" TEMPLATE=0 SHOWPROGRESS=1 FEATURELEVEL=3
[2017.11.10-17.48.51:291][488]LightingResults: New page: Lighting Build
[2017.11.10-17.48.51:291][488]LoadErrors: New page: Loading map: MapSelect.umap
[2017.11.10-17.48.51:333][488]MapCheck: New page: Map Check
[2017.11.10-17.48.51:333][488]LightingResults: New page: Lighting Build
[2017.11.10-17.48.51:413][488]LogEditorServer: Finished looking for orphan Actors (0.000 secs)
[2017.11.10-17.48.51:467][488]Cmd: MAP CHECKDEP NOCLEARLOG
[2017.11.10-17.48.51:508][488]MapCheck: Map check complete: 0 Error(s), 0 Warning(s), took 41.147ms to complete.
[2017.11.10-17.48.51:509][488]LogFileHelpers: Loading map 'MapSelect' took 0.219
[2017.11.10-17.48.52:423][515]LogTemp: Repeating last play command: Selected Viewport
[2017.11.10-17.48.52:470][515]LogBlueprintUserMessages: Early PlayInEditor Detection: Level '/Game/Maps/MapSelectMenu/MapSelect.MapSelect:PersistentLevel' has LevelScriptBlueprint '/Game/Maps/MapSelectMenu/MapSelect.MapSelect:PersistentLevel.MapSelect' with GeneratedClass '/Game/Maps/MapSelectMenu/MapSelect.MapSelect_C' with ClassGeneratedBy '/Game/Maps/MapSelectMenu/MapSelect.MapSelect:PersistentLevel.MapSelect'
[2017.11.10-17.48.52:471][515]LogPlayLevel: PlayLevel: No blueprints needed recompiling
[2017.11.10-17.48.52:471][515]PIE: New page: PIE session: MapSelect (Nov 10, 2017, 7:48:52 AM)
[2017.11.10-17.48.52:471][515]LogPlayLevel: Creating play world package: /Game/Maps/MapSelectMenu/UEDPIE_0_MapSelect
[2017.11.10-17.48.52:473][515]LogPlayLevel: PIE: StaticDuplicateObject took: (0.002005s)
[2017.11.10-17.48.52:474][515]LogAIModule: Creating AISystem for world MapSelect
[2017.11.10-17.48.52:474][515]LogPlayLevel: PIE: World Init took: (0.000718s)
[2017.11.10-17.48.52:474][515]LogPlayLevel: PIE: Created PIE world by copying editor world from /Game/Maps/MapSelectMenu/MapSelect.MapSelect to /Game/Maps/MapSelectMenu/UEDPIE_0_MapSelect.MapSelect (0.003019s)
[2017.11.10-17.48.52:500][515]LogInit: XAudio2 using 'Speakers (Realtek High Definition Audio)' : 2 channels at 48 kHz using 32 bits per sample (channel mask 0x3)
[2017.11.10-17.48.52:507][515]LogInit: FAudioDevice initialized.
[2017.11.10-17.48.52:541][515]LogLoad: Game class is 'VehicleAdvGameMode_C'
[2017.11.10-17.48.52:544][515]LogWorld: Bringing World /Game/Maps/MapSelectMenu/UEDPIE_0_MapSelect.MapSelect up for play (max tick rate 0) at 2017.11.10-12.48.52
[2017.11.10-17.48.52:545][515]LogWorld: Bringing up level for play took: 0.000890
[2017.11.10-17.48.52:546][515]PIE: Play in editor start time for /Game/Maps/MapSelectMenu/UEDPIE_0_MapSelect 1.048
[2017.11.10-17.48.52:547][515]LogBlueprintUserMessages: Late PlayInEditor Detection: Level '/Game/Maps/MapSelectMenu/MapSelect.MapSelect:PersistentLevel' has LevelScriptBlueprint '/Game/Maps/MapSelectMenu/MapSelect.MapSelect:PersistentLevel.MapSelect' with GeneratedClass '/Game/Maps/MapSelectMenu/MapSelect.MapSelect_C' with ClassGeneratedBy '/Game/Maps/MapSelectMenu/MapSelect.MapSelect:PersistentLevel.MapSelect'
[2017.11.10-17.48.53:891][566]LogNet: Browse: /Game/Maps/TrackOne/TrackOne
[2017.11.10-17.48.53:914][566]LogLoad: LoadMap: /Game/Maps/TrackOne/TrackOne
[2017.11.10-17.48.53:942][566]Cmd: MEM
[2017.11.10-17.48.54:029][566]LogMemory: Platform Memory Stats for Windows
[2017.11.10-17.48.54:029][566]LogMemory: Process Physical Memory: 1626.20 MB used, 1654.33 MB peak
[2017.11.10-17.48.54:029][566]LogMemory: Process Virtual Memory: 1551.58 MB used, 1587.25 MB peak
[2017.11.10-17.48.54:029][566]LogMemory: Physical Memory: 6392.50 MB used,  26256.52 MB free, 32649.02 MB total
[2017.11.10-17.48.54:029][566]LogMemory: Virtual Memory: 2435.33 MB used,  26256.52 MB free, 134217728.00 MB total
[2017.11.10-17.48.54:029][566]LogMemory: 
[2017.11.10-17.48.54:029][566]Allocator Stats for TBB: (not implemented)
[2017.11.10-17.48.56:033][566]LogAIModule: Creating AISystem for world TrackOne
[2017.11.10-17.48.56:033][566]LogLoad: Game class is 'VehicleAdvGameMode_C'
[2017.11.10-17.48.56:071][566]PIE: Warning: Attempting to move a fully simulated skeletal mesh VehicleMesh. Please use the Teleport flag
[2017.11.10-17.48.56:072][566]LogWorld: Bringing World /Game/Maps/TrackOne/UEDPIE_0_TrackOne.TrackOne up for play (max tick rate 0) at 2017.11.10-12.48.56
[2017.11.10-17.48.56:073][566]LogWorld: Bringing up level for play took: 0.037650
[2017.11.10-17.48.56:073][566]LogGameMode: FindPlayerStart: PATHS NOT DEFINED or NO PLAYERSTART with positive rating
[2017.11.10-17.48.56:074][566]LogLoad: Took 2.159552 seconds to LoadMap(/Game/Maps/TrackOne/TrackOne)
[2017.11.10-17.49.19:114][ 46]LogBlueprintUserMessages: Early EndPlayMap Detection: Level '/Game/Maps/MapSelectMenu/MapSelect.MapSelect:PersistentLevel' has LevelScriptBlueprint '/Game/Maps/MapSelectMenu/MapSelect.MapSelect:PersistentLevel.MapSelect' with GeneratedClass '/Game/Maps/MapSelectMenu/MapSelect.MapSelect_C' with ClassGeneratedBy '/Game/Maps/MapSelectMenu/MapSelect.MapSelect:PersistentLevel.MapSelect'
[2017.11.10-17.49.19:205][ 46]LogBlueprintUserMessages: Late EndPlayMap Detection: Level '/Game/Maps/MapSelectMenu/MapSelect.MapSelect:PersistentLevel' has LevelScriptBlueprint '/Game/Maps/MapSelectMenu/MapSelect.MapSelect:PersistentLevel.MapSelect' with GeneratedClass '/Game/Maps/MapSelectMenu/MapSelect.MapSelect_C' with ClassGeneratedBy '/Game/Maps/MapSelectMenu/MapSelect.MapSelect:PersistentLevel.MapSelect'
[2017.11.10-17.49.23:275][153]LogAIModule: Creating AISystem for world TrackOne
[2017.11.10-17.49.23:312][153]Cmd: MAP LOAD FILE="../../../../../Unreal Games/ScrumLordRacing/Content/Maps/TrackOne/TrackOne.umap" TEMPLATE=0 SHOWPROGRESS=1 FEATURELEVEL=3
[2017.11.10-17.49.23:312][153]LightingResults: New page: Lighting Build
[2017.11.10-17.49.23:313][153]LoadErrors: New page: Loading map: TrackOne.umap
[2017.11.10-17.49.23:313][153]MapCheck: New page: Map Check
[2017.11.10-17.49.23:313][153]LightingResults: New page: Lighting Build
[2017.11.10-17.49.23:481][153]LogEditorServer: Finished looking for orphan Actors (0.000 secs)
[2017.11.10-17.49.23:541][153]Cmd: MAP CHECKDEP NOCLEARLOG
[2017.11.10-17.49.23:583][153]MapCheck: Map check complete: 0 Error(s), 0 Warning(s), took 41.711ms to complete.
[2017.11.10-17.49.23:583][153]LogFileHelpers: Loading map 'TrackOne' took 0.273
[2017.11.10-17.49.35:744][337]LogEditorViewport: Clicking on Actor (LMB): TrackGenerator_C (TrackGenerator)
[2017.11.10-17.51.24:226][854]Cmd: OBJ SAVEPACKAGE PACKAGE="/Game/Maps/TrackOne/TrackOne" FILE="../../../../../Unreal Games/ScrumLordRacing/Content/Maps/TrackOne/TrackOne.umap" SILENT=true AUTOSAVING=false KEEPDIRTY=false
[2017.11.10-17.51.24:894][854]LogSavePackage: Save=637.24ms
[2017.11.10-17.51.24:894][854]LogSavePackage: Moving '../../../../../Unreal Games/ScrumLordRacing/Saved/TrackOneCCCC0E83497827969820689EA75DAE43.tmp' to '../../../../../Unreal Games/ScrumLordRacing/Content/Maps/TrackOne/TrackOne.umap'
[2017.11.10-17.51.24:896][854]LogSavePackage: Display: Finished SavePackage ../../../../../Unreal Games/ScrumLordRacing/Content/Maps/TrackOne/TrackOne.umap
[2017.11.10-17.51.26:168][874]LogTemp: Repeating last play command: Selected Viewport
[2017.11.10-17.51.26:217][874]LogBlueprintUserMessages: Early PlayInEditor Detection: Level '/Game/Maps/TrackOne/TrackOne.TrackOne:PersistentLevel' has LevelScriptBlueprint '/Game/Maps/TrackOne/TrackOne.TrackOne:PersistentLevel.TrackOne' with GeneratedClass '/Game/Maps/TrackOne/TrackOne.TrackOne_C' with ClassGeneratedBy '/Game/Maps/TrackOne/TrackOne.TrackOne:PersistentLevel.TrackOne'
[2017.11.10-17.51.26:217][874]LogPlayLevel: PlayLevel: No blueprints needed recompiling
[2017.11.10-17.51.26:218][874]PIE: New page: PIE session: TrackOne (Nov 10, 2017, 7:51:26 AM)
[2017.11.10-17.51.26:218][874]LogPlayLevel: Creating play world package: /Game/Maps/TrackOne/UEDPIE_0_TrackOne
[2017.11.10-17.51.26:247][874]LogPlayLevel: PIE: StaticDuplicateObject took: (0.029459s)
[2017.11.10-17.51.26:248][874]LogAIModule: Creating AISystem for world TrackOne
[2017.11.10-17.51.26:249][874]LogPlayLevel: PIE: World Init took: (0.001527s)
[2017.11.10-17.51.26:249][874]LogPlayLevel: PIE: Created PIE world by copying editor world from /Game/Maps/TrackOne/TrackOne.TrackOne to /Game/Maps/TrackOne/UEDPIE_0_TrackOne.TrackOne (0.031361s)
[2017.11.10-17.51.26:295][874]LogInit: XAudio2 using 'Speakers (Realtek High Definition Audio)' : 2 channels at 48 kHz using 32 bits per sample (channel mask 0x3)
[2017.11.10-17.51.26:306][874]LogInit: FAudioDevice initialized.
[2017.11.10-17.51.26:338][874]LogLoad: Game class is 'VehicleAdvGameMode_C'
[2017.11.10-17.51.26:347][874]LogWorld: Bringing World /Game/Maps/TrackOne/UEDPIE_0_TrackOne.TrackOne up for play (max tick rate 0) at 2017.11.10-12.51.26
[2017.11.10-17.51.26:348][874]LogWorld: Bringing up level for play took: 0.005953
[2017.11.10-17.51.26:350][874]PIE: Play in editor start time for /Game/Maps/TrackOne/UEDPIE_0_TrackOne 0.852
[2017.11.10-17.51.26:350][874]LogBlueprintUserMessages: Late PlayInEditor Detection: Level '/Game/Maps/TrackOne/TrackOne.TrackOne:PersistentLevel' has LevelScriptBlueprint '/Game/Maps/TrackOne/TrackOne.TrackOne:PersistentLevel.TrackOne' with GeneratedClass '/Game/Maps/TrackOne/TrackOne.TrackOne_C' with ClassGeneratedBy '/Game/Maps/TrackOne/TrackOne.TrackOne:PersistentLevel.TrackOne'
[2017.11.10-17.51.27:985][905]LogBlueprintUserMessages: Early EndPlayMap Detection: Level '/Game/Maps/TrackOne/TrackOne.TrackOne:PersistentLevel' has LevelScriptBlueprint '/Game/Maps/TrackOne/TrackOne.TrackOne:PersistentLevel.TrackOne' with GeneratedClass '/Game/Maps/TrackOne/TrackOne.TrackOne_C' with ClassGeneratedBy '/Game/Maps/TrackOne/TrackOne.TrackOne:PersistentLevel.TrackOne'
[2017.11.10-17.51.28:099][905]LogBlueprintUserMessages: Late EndPlayMap Detection: Level '/Game/Maps/TrackOne/TrackOne.TrackOne:PersistentLevel' has LevelScriptBlueprint '/Game/Maps/TrackOne/TrackOne.TrackOne:PersistentLevel.TrackOne' with GeneratedClass '/Game/Maps/TrackOne/TrackOne.TrackOne_C' with ClassGeneratedBy '/Game/Maps/TrackOne/TrackOne.TrackOne:PersistentLevel.TrackOne'
[2017.11.10-17.51.30:379][935]LogAIModule: Creating AISystem for world MapSelect
[2017.11.10-17.51.30:412][935]Cmd: MAP LOAD FILE="../../../../../Unreal Games/ScrumLordRacing/Content/Maps/MapSelectMenu/MapSelect.umap" TEMPLATE=0 SHOWPROGRESS=1 FEATURELEVEL=3
[2017.11.10-17.51.30:412][935]LightingResults: New page: Lighting Build
[2017.11.10-17.51.30:413][935]LoadErrors: New page: Loading map: MapSelect.umap
[2017.11.10-17.51.30:415][935]MapCheck: New page: Map Check
[2017.11.10-17.51.30:415][935]LightingResults: New page: Lighting Build
[2017.11.10-17.51.30:534][935]LogEditorServer: Finished looking for orphan Actors (0.000 secs)
[2017.11.10-17.51.30:593][935]Cmd: MAP CHECKDEP NOCLEARLOG
[2017.11.10-17.51.30:639][935]MapCheck: Map check complete: 0 Error(s), 0 Warning(s), took 46.067ms to complete.
[2017.11.10-17.51.30:639][935]LogFileHelpers: Loading map 'MapSelect' took 0.229
[2017.11.10-17.51.31:404][958]LogTemp: Repeating last play command: Selected Viewport
[2017.11.10-17.51.31:443][958]LogBlueprintUserMessages: Early PlayInEditor Detection: Level '/Game/Maps/MapSelectMenu/MapSelect.MapSelect:PersistentLevel' has LevelScriptBlueprint '/Game/Maps/MapSelectMenu/MapSelect.MapSelect:PersistentLevel.MapSelect' with GeneratedClass '/Game/Maps/MapSelectMenu/MapSelect.MapSelect_C' with ClassGeneratedBy '/Game/Maps/MapSelectMenu/MapSelect.MapSelect:PersistentLevel.MapSelect'
[2017.11.10-17.51.31:443][958]LogPlayLevel: PlayLevel: No blueprints needed recompiling
[2017.11.10-17.51.31:443][958]PIE: New page: PIE session: MapSelect (Nov 10, 2017, 7:51:31 AM)
[2017.11.10-17.51.31:443][958]LogPlayLevel: Creating play world package: /Game/Maps/MapSelectMenu/UEDPIE_0_MapSelect
[2017.11.10-17.51.31:444][958]LogPlayLevel: PIE: StaticDuplicateObject took: (0.001379s)
[2017.11.10-17.51.31:445][958]LogAIModule: Creating AISystem for world MapSelect
[2017.11.10-17.51.31:445][958]LogPlayLevel: PIE: World Init took: (0.000699s)
[2017.11.10-17.51.31:445][958]LogPlayLevel: PIE: Created PIE world by copying editor world from /Game/Maps/MapSelectMenu/MapSelect.MapSelect to /Game/Maps/MapSelectMenu/UEDPIE_0_MapSelect.MapSelect (0.002345s)
[2017.11.10-17.51.31:477][958]LogInit: XAudio2 using 'Speakers (Realtek High Definition Audio)' : 2 channels at 48 kHz using 32 bits per sample (channel mask 0x3)
[2017.11.10-17.51.31:485][958]LogInit: FAudioDevice initialized.
[2017.11.10-17.51.31:520][958]LogLoad: Game class is 'VehicleAdvGameMode_C'
[2017.11.10-17.51.31:523][958]LogWorld: Bringing World /Game/Maps/MapSelectMenu/UEDPIE_0_MapSelect.MapSelect up for play (max tick rate 0) at 2017.11.10-12.51.31
[2017.11.10-17.51.31:523][958]LogWorld: Bringing up level for play took: 0.000914
[2017.11.10-17.51.31:525][958]PIE: Play in editor start time for /Game/Maps/MapSelectMenu/UEDPIE_0_MapSelect 0.027
[2017.11.10-17.51.31:525][958]LogBlueprintUserMessages: Late PlayInEditor Detection: Level '/Game/Maps/MapSelectMenu/MapSelect.MapSelect:PersistentLevel' has LevelScriptBlueprint '/Game/Maps/MapSelectMenu/MapSelect.MapSelect:PersistentLevel.MapSelect' with GeneratedClass '/Game/Maps/MapSelectMenu/MapSelect.MapSelect_C' with ClassGeneratedBy '/Game/Maps/MapSelectMenu/MapSelect.MapSelect:PersistentLevel.MapSelect'
[2017.11.10-17.51.46:041][533]LogNet: Browse: /Game/Maps/TrackOne/TrackOne
[2017.11.10-17.51.46:064][533]LogLoad: LoadMap: /Game/Maps/TrackOne/TrackOne
[2017.11.10-17.51.46:091][533]Cmd: MEM
[2017.11.10-17.51.46:110][533]LogMemory: Platform Memory Stats for Windows
[2017.11.10-17.51.46:110][533]LogMemory: Process Physical Memory: 1876.80 MB used, 1902.79 MB peak
[2017.11.10-17.51.46:110][533]LogMemory: Process Virtual Memory: 1841.15 MB used, 1862.99 MB peak
[2017.11.10-17.51.46:110][533]LogMemory: Physical Memory: 6622.21 MB used,  26026.81 MB free, 32649.02 MB total
[2017.11.10-17.51.46:110][533]LogMemory: Virtual Memory: 2724.88 MB used,  26026.81 MB free, 134217728.00 MB total
[2017.11.10-17.51.46:110][533]LogMemory: 
[2017.11.10-17.51.46:111][533]Allocator Stats for TBB: (not implemented)
[2017.11.10-17.51.46:209][533]LogAIModule: Creating AISystem for world TrackOne
[2017.11.10-17.51.46:210][533]LogLoad: Game class is 'VehicleAdvGameMode_C'
[2017.11.10-17.51.46:269][533]PIE: Warning: Attempting to move a fully simulated skeletal mesh VehicleMesh. Please use the Teleport flag
[2017.11.10-17.51.46:271][533]LogWorld: Bringing World /Game/Maps/TrackOne/UEDPIE_0_TrackOne.TrackOne up for play (max tick rate 0) at 2017.11.10-12.51.46
[2017.11.10-17.51.46:271][533]LogWorld: Bringing up level for play took: 0.058930
[2017.11.10-17.51.46:272][533]LogGameMode: FindPlayerStart: PATHS NOT DEFINED or NO PLAYERSTART with positive rating
[2017.11.10-17.51.46:273][533]LogLoad: Took 0.208956 seconds to LoadMap(/Game/Maps/TrackOne/TrackOne)
[2017.11.10-17.52.54:078][896]LogBlueprintUserMessages: Early EndPlayMap Detection: Level '/Game/Maps/MapSelectMenu/MapSelect.MapSelect:PersistentLevel' has LevelScriptBlueprint '/Game/Maps/MapSelectMenu/MapSelect.MapSelect:PersistentLevel.MapSelect' with GeneratedClass '/Game/Maps/MapSelectMenu/MapSelect.MapSelect_C' with ClassGeneratedBy '/Game/Maps/MapSelectMenu/MapSelect.MapSelect:PersistentLevel.MapSelect'
[2017.11.10-17.52.54:168][896]LogBlueprintUserMessages: Late EndPlayMap Detection: Level '/Game/Maps/MapSelectMenu/MapSelect.MapSelect:PersistentLevel' has LevelScriptBlueprint '/Game/Maps/MapSelectMenu/MapSelect.MapSelect:PersistentLevel.MapSelect' with GeneratedClass '/Game/Maps/MapSelectMenu/MapSelect.MapSelect_C' with ClassGeneratedBy '/Game/Maps/MapSelectMenu/MapSelect.MapSelect:PersistentLevel.MapSelect'
[2017.11.10-17.52.59:309][ 21]LogAIModule: Creating AISystem for world TrackOne
[2017.11.10-17.52.59:351][ 21]Cmd: MAP LOAD FILE="../../../../../Unreal Games/ScrumLordRacing/Content/Maps/TrackOne/TrackOne.umap" TEMPLATE=0 SHOWPROGRESS=1 FEATURELEVEL=3
[2017.11.10-17.52.59:351][ 21]LightingResults: New page: Lighting Build
[2017.11.10-17.52.59:351][ 21]LoadErrors: New page: Loading map: TrackOne.umap
[2017.11.10-17.52.59:352][ 21]MapCheck: New page: Map Check
[2017.11.10-17.52.59:352][ 21]LightingResults: New page: Lighting Build
[2017.11.10-17.52.59:565][ 21]LogEditorServer: Finished looking for orphan Actors (0.000 secs)
[2017.11.10-17.52.59:621][ 21]Cmd: MAP CHECKDEP NOCLEARLOG
[2017.11.10-17.52.59:662][ 21]MapCheck: Map check complete: 0 Error(s), 0 Warning(s), took 40.903ms to complete.
[2017.11.10-17.52.59:662][ 21]LogFileHelpers: Loading map 'TrackOne' took 0.313
[2017.11.10-17.55.07:055][698]BlueprintLog: New page: Compile VehicleBlueprint
[2017.11.10-17.55.08:183][706]Cmd: OBJ SAVEPACKAGE PACKAGE="/Game/VehicleAdvBP/Blueprints/VehicleBlueprint" FILE="../../../../../Unreal Games/ScrumLordRacing/Content/VehicleAdvBP/Blueprints/VehicleBlueprint.uasset" SILENT=true
[2017.11.10-17.55.08:725][706]LogSavePackage: Save=190.68ms
[2017.11.10-17.55.08:726][706]LogSavePackage: Moving '../../../../../Unreal Games/ScrumLordRacing/Saved/VehicleBlueprint0A4057CC43304E44495138AE859C83C8.tmp' to '../../../../../Unreal Games/ScrumLordRacing/Content/VehicleAdvBP/Blueprints/VehicleBlueprint.uasset'
[2017.11.10-17.55.08:728][706]LogSavePackage: Display: Finished SavePackage ../../../../../Unreal Games/ScrumLordRacing/Content/VehicleAdvBP/Blueprints/VehicleBlueprint.uasset
[2017.11.10-17.55.11:928][752]LogTemp: Repeating last play command: Selected Viewport
[2017.11.10-17.55.11:988][752]LogBlueprintUserMessages: Early PlayInEditor Detection: Level '/Game/Maps/TrackOne/TrackOne.TrackOne:PersistentLevel' has LevelScriptBlueprint '/Game/Maps/TrackOne/TrackOne.TrackOne:PersistentLevel.TrackOne' with GeneratedClass '/Game/Maps/TrackOne/TrackOne.TrackOne_C' with ClassGeneratedBy '/Game/Maps/TrackOne/TrackOne.TrackOne:PersistentLevel.TrackOne'
[2017.11.10-17.55.11:988][752]LogPlayLevel: PlayLevel: No blueprints needed recompiling
[2017.11.10-17.55.11:989][752]PIE: New page: PIE session: TrackOne (Nov 10, 2017, 7:55:11 AM)
[2017.11.10-17.55.11:989][752]LogPlayLevel: Creating play world package: /Game/Maps/TrackOne/UEDPIE_0_TrackOne
[2017.11.10-17.55.12:019][752]LogPlayLevel: PIE: StaticDuplicateObject took: (0.030490s)
[2017.11.10-17.55.12:020][752]LogAIModule: Creating AISystem for world TrackOne
[2017.11.10-17.55.12:020][752]LogPlayLevel: PIE: World Init took: (0.000736s)
[2017.11.10-17.55.12:020][752]LogPlayLevel: PIE: Created PIE world by copying editor world from /Game/Maps/TrackOne/TrackOne.TrackOne to /Game/Maps/TrackOne/UEDPIE_0_TrackOne.TrackOne (0.031506s)
[2017.11.10-17.55.12:051][752]LogInit: XAudio2 using 'Speakers (Realtek High Definition Audio)' : 2 channels at 48 kHz using 32 bits per sample (channel mask 0x3)
[2017.11.10-17.55.12:060][752]LogInit: FAudioDevice initialized.
[2017.11.10-17.55.12:094][752]LogLoad: Game class is 'VehicleAdvGameMode_C'
[2017.11.10-17.55.12:102][752]LogWorld: Bringing World /Game/Maps/TrackOne/UEDPIE_0_TrackOne.TrackOne up for play (max tick rate 0) at 2017.11.10-12.55.12
[2017.11.10-17.55.12:102][752]LogWorld: Bringing up level for play took: 0.005544
[2017.11.10-17.55.12:104][752]PIE: Play in editor start time for /Game/Maps/TrackOne/UEDPIE_0_TrackOne 0.606
[2017.11.10-17.55.12:104][752]LogBlueprintUserMessages: Late PlayInEditor Detection: Level '/Game/Maps/TrackOne/TrackOne.TrackOne:PersistentLevel' has LevelScriptBlueprint '/Game/Maps/TrackOne/TrackOne.TrackOne:PersistentLevel.TrackOne' with GeneratedClass '/Game/Maps/TrackOne/TrackOne.TrackOne_C' with ClassGeneratedBy '/Game/Maps/TrackOne/TrackOne.TrackOne:PersistentLevel.TrackOne'
[2017.11.10-17.55.28:148][121]LogBlueprintUserMessages: Early EndPlayMap Detection: Level '/Game/Maps/TrackOne/TrackOne.TrackOne:PersistentLevel' has LevelScriptBlueprint '/Game/Maps/TrackOne/TrackOne.TrackOne:PersistentLevel.TrackOne' with GeneratedClass '/Game/Maps/TrackOne/TrackOne.TrackOne_C' with ClassGeneratedBy '/Game/Maps/TrackOne/TrackOne.TrackOne:PersistentLevel.TrackOne'
[2017.11.10-17.55.28:250][121]LogBlueprintUserMessages: Late EndPlayMap Detection: Level '/Game/Maps/TrackOne/TrackOne.TrackOne:PersistentLevel' has LevelScriptBlueprint '/Game/Maps/TrackOne/TrackOne.TrackOne:PersistentLevel.TrackOne' with GeneratedClass '/Game/Maps/TrackOne/TrackOne.TrackOne_C' with ClassGeneratedBy '/Game/Maps/TrackOne/TrackOne.TrackOne:PersistentLevel.TrackOne'
[2017.11.10-17.55.29:291][136]Cmd: OBJ SAVEPACKAGE PACKAGE="/Game/Maps/TrackOne/TrackOne" FILE="../../../../../Unreal Games/ScrumLordRacing/Content/Maps/TrackOne/TrackOne.umap" SILENT=true AUTOSAVING=false KEEPDIRTY=false
[2017.11.10-17.55.29:594][136]LogSavePackage: Save=271.81ms
[2017.11.10-17.55.29:594][136]LogSavePackage: Moving '../../../../../Unreal Games/ScrumLordRacing/Saved/TrackOne481B70294A31261F41791EBC9A0E511D.tmp' to '../../../../../Unreal Games/ScrumLordRacing/Content/Maps/TrackOne/TrackOne.umap'
[2017.11.10-17.55.29:596][136]LogSavePackage: Display: Finished SavePackage ../../../../../Unreal Games/ScrumLordRacing/Content/Maps/TrackOne/TrackOne.umap
[2017.11.10-17.55.32:171][171]LogWindowsTextInputMethodSystem: Display: IME system now deactivated.
[2017.11.10-17.55.32:402][172]Cmd: QUIT_EDITOR
[2017.11.10-17.55.33:531][172]LogExit: Preparing to exit.
[2017.11.10-17.55.34:727][172]LogDirectoryWatcher: A directory notification for 'D:/Unreal Games/ScrumLordRacing/Content/' was aborted.
[2017.11.10-17.55.34:778][172]LogExit: Editor shut down
[2017.11.10-17.55.34:781][172]LogExit: Transaction tracking system shut down
[2017.11.10-17.55.34:964][172]LogDirectoryWatcher: A directory notification for '../../../Engine/Content/' was aborted.
[2017.11.10-17.55.34:964][172]LogDirectoryWatcher: A directory notification for '../../../../../Unreal Games/ScrumLordRacing/Content/' was aborted.
[2017.11.10-17.55.34:964][172]LogDirectoryWatcher: A directory notification for '../../../Engine/Plugins/2D/Paper2D/Content/' was aborted.
[2017.11.10-17.55.34:964][172]LogDirectoryWatcher: A directory notification for '../../../Engine/Plugins/Runtime/Oculus/OculusVR/Content/' was aborted.
[2017.11.10-17.55.34:964][172]LogDirectoryWatcher: A directory notification for '../../../Engine/Plugins/Runtime/Steam/SteamVR/Content/' was aborted.
[2017.11.10-17.55.35:436][172]LogExit: Object subsystem successfully closed.
[2017.11.10-17.55.35:478][172]LogD3D11RHI: Shutdown
[2017.11.10-17.55.35:478][172]LogD3D11RHI: CleanupD3DDevice
[2017.11.10-17.55.35:642][172]LogD3D11RHI: ~FD3D11DynamicRHI
[2017.11.10-17.55.35:824][172]LogModuleManager: Shutting down and abandoning module StaticMeshEditor (542)
[2017.11.10-17.55.35:824][172]LogModuleManager: Shutting down and abandoning module MovieSceneCapture (540)
[2017.11.10-17.55.35:824][172]LogModuleManager: Shutting down and abandoning module SequencerWidgets (538)
[2017.11.10-17.55.35:824][172]LogModuleManager: Shutting down and abandoning module BlueprintGraph (536)
[2017.11.10-17.55.35:824][172]LogModuleManager: Shutting down and abandoning module BlueprintProfiler (534)
[2017.11.10-17.55.35:846][172]LogModuleManager: Shutting down and abandoning module HierarchicalLODOutliner (532)
[2017.11.10-17.55.35:846][172]LogModuleManager: Shutting down and abandoning module SceneOutliner (530)
[2017.11.10-17.55.35:846][172]LogModuleManager: Shutting down and abandoning module AddContentDialog (528)
[2017.11.10-17.55.35:847][172]LogDirectoryWatcher: A directory notification for 'D:/Unreal Engine 4_17/UE_4.17/FeaturePacks/' was aborted.
[2017.11.10-17.55.35:847][172]LogModuleManager: Shutting down and abandoning module WidgetCarousel (527)
[2017.11.10-17.55.35:847][172]LogModuleManager: Shutting down and abandoning module EditorWidgets (524)
[2017.11.10-17.55.35:847][172]LogModuleManager: Shutting down and abandoning module CollectionManager (522)
[2017.11.10-17.55.35:847][172]LogDirectoryWatcher: A directory notification for 'D:/Unreal Games/ScrumLordRacing/Content/Collections/' was aborted.
[2017.11.10-17.55.35:847][172]LogDirectoryWatcher: A directory notification for 'D:/Unreal Games/ScrumLordRacing/Content/Developers/galla000/Collections/' was aborted.
[2017.11.10-17.55.35:847][172]LogDirectoryWatcher: A directory notification for 'D:/Unreal Games/ScrumLordRacing/Saved/Collections/' was aborted.
[2017.11.10-17.55.35:847][172]LogModuleManager: Shutting down and abandoning module StatsViewer (520)
[2017.11.10-17.55.35:847][172]LogModuleManager: Shutting down and abandoning module FoliageEdit (518)
[2017.11.10-17.55.35:847][172]LogModuleManager: Shutting down and abandoning module LandscapeEditor (516)
[2017.11.10-17.55.35:861][172]LogModuleManager: Shutting down and abandoning module MeshPaintMode (514)
[2017.11.10-17.55.35:861][172]LogModuleManager: Shutting down and abandoning module SceneDepthPickerMode (512)
[2017.11.10-17.55.35:861][172]LogModuleManager: Shutting down and abandoning module ActorPickerMode (510)
[2017.11.10-17.55.35:861][172]LogModuleManager: Shutting down and abandoning module GeometryMode (508)
[2017.11.10-17.55.35:861][172]LogModuleManager: Shutting down and abandoning module TextureAlignMode (506)
[2017.11.10-17.55.35:861][172]LogModuleManager: Shutting down and abandoning module BspMode (504)
[2017.11.10-17.55.35:861][172]LogModuleManager: Shutting down and abandoning module PIEPreviewDeviceProfileSelector (502)
[2017.11.10-17.55.35:861][172]LogModuleManager: Shutting down and abandoning module HardwareSurvey (500)
[2017.11.10-17.55.35:861][172]LogModuleManager: Shutting down and abandoning module SequenceRecorderSections (498)
[2017.11.10-17.55.35:861][172]LogModuleManager: Shutting down and abandoning module AutomationWorker (496)
[2017.11.10-17.55.35:861][172]LogModuleManager: Shutting down and abandoning module MatineeToLevelSequence (494)
[2017.11.10-17.55.35:861][172]LogModuleManager: Shutting down and abandoning module LevelSequenceEditor (492)
[2017.11.10-17.55.35:869][172]LogModuleManager: Shutting down and abandoning module PlacementMode (491)
[2017.11.10-17.55.35:869][172]LogModuleManager: Shutting down and abandoning module WmfMediaFactory (488)
[2017.11.10-17.55.35:869][172]LogModuleManager: Shutting down and abandoning module WmfMediaEditor (486)
[2017.11.10-17.55.35:869][172]LogModuleManager: Shutting down and abandoning module AvfMediaFactory (484)
[2017.11.10-17.55.35:869][172]LogModuleManager: Shutting down and abandoning module AvfMediaEditor (482)
[2017.11.10-17.55.35:869][172]LogModuleManager: Shutting down and abandoning module AndroidMediaFactory (480)
[2017.11.10-17.55.35:869][172]LogModuleManager: Shutting down and abandoning module Media (479)
[2017.11.10-17.55.35:869][172]LogModuleManager: Shutting down and abandoning module AndroidMediaEditor (476)
[2017.11.10-17.55.35:869][172]LogModuleManager: Shutting down and abandoning module CharacterAI (474)
[2017.11.10-17.55.35:869][172]LogModuleManager: Shutting down and abandoning module AudioCapture (472)
[2017.11.10-17.55.35:869][172]LogModuleManager: Shutting down and abandoning module SequenceRecorder (471)
[2017.11.10-17.55.35:869][172]LogModuleManager: Shutting down and abandoning module SmartSnapping (468)
[2017.11.10-17.55.35:869][172]LogModuleManager: Shutting down and abandoning module SessionServices (466)
[2017.11.10-17.55.35:869][172]LogModuleManager: Shutting down and abandoning module ViewportSnapping (464)
[2017.11.10-17.55.35:869][172]LogModuleManager: Shutting down and abandoning module ViewportInteraction (462)
[2017.11.10-17.55.35:869][172]LogModuleManager: Shutting down and abandoning module ClothPainter (460)
[2017.11.10-17.55.35:886][172]LogModuleManager: Shutting down and abandoning module LogVisualizer (458)
[2017.11.10-17.55.35:886][172]LogModuleManager: Shutting down and abandoning module IntroTutorials (456)
[2017.11.10-17.55.35:886][172]LogModuleManager: Shutting down and abandoning module GameProjectGeneration (455)
[2017.11.10-17.55.35:900][172]LogModuleManager: Shutting down and abandoning module IOSPlatformEditor (452)
[2017.11.10-17.55.35:900][172]LogModuleManager: Shutting down and abandoning module HTML5PlatformEditor (450)
[2017.11.10-17.55.35:900][172]LogModuleManager: Shutting down and abandoning module AndroidPlatformEditor (448)
[2017.11.10-17.55.35:900][172]LogModuleManager: Shutting down and abandoning module AndroidDeviceDetection (447)
[2017.11.10-17.55.36:641][172]LogModuleManager: Shutting down and abandoning module WindowsPlatformEditor (444)
[2017.11.10-17.55.36:641][172]LogModuleManager: Shutting down and abandoning module IOSRuntimeSettings (442)
[2017.11.10-17.55.36:641][172]LogModuleManager: Shutting down and abandoning module AndroidRuntimeSettings (440)
[2017.11.10-17.55.36:641][172]LogModuleManager: Shutting down and abandoning module InputBindingEditor (438)
[2017.11.10-17.55.36:641][172]LogModuleManager: Shutting down and abandoning module MergeActors (436)
[2017.11.10-17.55.36:686][172]LogModuleManager: Shutting down and abandoning module SizeMap (434)
[2017.11.10-17.55.36:686][172]LogModuleManager: Shutting down and abandoning module TreeMap (432)
[2017.11.10-17.55.36:686][172]LogModuleManager: Shutting down and abandoning module ReferenceViewer (430)
[2017.11.10-17.55.36:686][172]LogModuleManager: Shutting down and abandoning module LocalizationDashboard (428)
[2017.11.10-17.55.36:699][172]LogModuleManager: Shutting down and abandoning module LocalizationService (427)
[2017.11.10-17.55.36:699][172]LogModuleManager: Shutting down and abandoning module HardwareTargeting (424)
[2017.11.10-17.55.36:699][172]LogModuleManager: Shutting down and abandoning module DeviceProfileEditor (422)
[2017.11.10-17.55.36:699][172]LogModuleManager: Shutting down and abandoning module UndoHistory (420)
[2017.11.10-17.55.36:699][172]LogModuleManager: Shutting down and abandoning module XmlParser (418)
[2017.11.10-17.55.36:699][172]LogModuleManager: Shutting down and abandoning module Blutility (416)
[2017.11.10-17.55.36:699][172]LogModuleManager: Shutting down and abandoning module ProjectSettingsViewer (414)
[2017.11.10-17.55.36:699][172]LogModuleManager: Shutting down and abandoning module ProjectTargetPlatformEditor (413)
[2017.11.10-17.55.36:699][172]LogModuleManager: Shutting down and abandoning module EditorSettingsViewer (410)
[2017.11.10-17.55.36:699][172]LogModuleManager: Shutting down and abandoning module SettingsEditor (408)
[2017.11.10-17.55.36:707][172]LogModuleManager: Shutting down and abandoning module ProjectLauncher (406)
[2017.11.10-17.55.36:715][172]LogModuleManager: Shutting down and abandoning module SessionFrontend (404)
[2017.11.10-17.55.36:715][172]LogModuleManager: Shutting down and abandoning module ProfilerClient (402)
[2017.11.10-17.55.36:724][172]LogModuleManager: Shutting down and abandoning module DeviceManager (400)
[2017.11.10-17.55.36:724][172]LogModuleManager: Shutting down and abandoning module TargetDeviceServices (399)
[2017.11.10-17.55.36:765][172]LogModuleManager: Shutting down and abandoning module AutomationController (396)
[2017.11.10-17.55.36:765][172]LogModuleManager: Shutting down and abandoning module AutomationWindow (394)
[2017.11.10-17.55.36:806][172]LogModuleManager: Shutting down and abandoning module Layers (392)
[2017.11.10-17.55.36:850][172]LogModuleManager: Shutting down and abandoning module ComponentVisualizers (390)
[2017.11.10-17.55.36:850][172]LogModuleManager: Shutting down and abandoning module DetailCustomizations (388)
[2017.11.10-17.55.36:850][172]LogModuleManager: Shutting down and abandoning module PackagesDialog (386)
[2017.11.10-17.55.36:850][172]LogModuleManager: Shutting down and abandoning module Persona (384)
[2017.11.10-17.55.36:863][172]LogModuleManager: Shutting down and abandoning module AdvancedPreviewScene (383)
[2017.11.10-17.55.36:863][172]LogModuleManager: Shutting down and abandoning module AnimGraph (381)
[2017.11.10-17.55.36:863][172]LogModuleManager: Shutting down and abandoning module Kismet (378)
[2017.11.10-17.55.36:869][172]LogModuleManager: Shutting down and abandoning module ClassViewer (376)
[2017.11.10-17.55.36:869][172]LogModuleManager: Shutting down and abandoning module Toolbox (374)
[2017.11.10-17.55.36:869][172]LogModuleManager: Shutting down and abandoning module ModuleUI (372)
[2017.11.10-17.55.36:876][172]LogModuleManager: Shutting down and abandoning module MovieSceneTools (370)
[2017.11.10-17.55.36:886][172]LogModuleManager: Shutting down and abandoning module OutputLog (368)
[2017.11.10-17.55.36:886][172]LogModuleManager: Shutting down and abandoning module GammaUI (366)
[2017.11.10-17.55.36:886][172]LogModuleManager: Shutting down and abandoning module Documentation (364)
[2017.11.10-17.55.36:886][172]LogModuleManager: Shutting down and abandoning module MovieSceneTracks (362)
[2017.11.10-17.55.36:898][172]LogModuleManager: Shutting down and abandoning module MovieScene (360)
[2017.11.10-17.55.36:898][172]LogModuleManager: Shutting down and abandoning module Niagara (358)
[2017.11.10-17.55.36:898][172]LogModuleManager: Shutting down and abandoning module NiagaraEditor (357)
[2017.11.10-17.55.36:912][172]LogModuleManager: Shutting down and abandoning module StreamingPauseRendering (354)
[2017.11.10-17.55.36:912][172]LogModuleManager: Shutting down and abandoning module LauncherPlatform (352)
[2017.11.10-17.55.36:912][172]LogModuleManager: Shutting down and abandoning module AnalyticsET (350)
[2017.11.10-17.55.36:912][172]LogModuleManager: Shutting down and abandoning module PortalServices (348)
[2017.11.10-17.55.36:912][172]LogModuleManager: Shutting down and abandoning module PortalRpc (346)
[2017.11.10-17.55.36:912][172]LogModuleManager: Shutting down and abandoning module MessagingRpc (344)
[2017.11.10-17.55.36:912][172]LogModuleManager: Shutting down and abandoning module AIModule (342)
[2017.11.10-17.55.36:912][172]LogModuleManager: Shutting down and abandoning module GameplayDebugger (341)
[2017.11.10-17.55.36:912][172]LogModuleManager: Shutting down and abandoning module AITestSuite (339)
[2017.11.10-17.55.36:912][172]LogModuleManager: Shutting down and abandoning module ProfilerService (336)
[2017.11.10-17.55.36:970][172]LogModuleManager: Shutting down and abandoning module TaskGraph (334)
[2017.11.10-17.55.36:984][172]LogModuleManager: Shutting down and abandoning module SteamVRController (332)
[2017.11.10-17.55.36:984][172]LogModuleManager: Shutting down and abandoning module ProceduralMeshComponentEditor (330)
[2017.11.10-17.55.36:984][172]LogModuleManager: Shutting down and abandoning module ProceduralMeshComponent (328)
[2017.11.10-17.55.36:984][172]LogModuleManager: Shutting down and abandoning module OculusInput (326)
[2017.11.10-17.55.36:984][172]LogModuleManager: Shutting down and abandoning module MobilePatchingUtils (324)
[2017.11.10-17.55.36:984][172]LogModuleManager: Shutting down and abandoning module CustomMeshComponent (322)
[2017.11.10-17.55.36:984][172]LogModuleManager: Shutting down and abandoning module CableComponent (320)
[2017.11.10-17.55.36:984][172]LogModuleManager: Shutting down and abandoning module ArchVisCharacter (318)
[2017.11.10-17.55.36:984][172]LogModuleManager: Shutting down and abandoning module AndroidPermission (316)
[2017.11.10-17.55.36:984][172]LogModuleManager: Shutting down and abandoning module MediaPlayerEditor (312)
[2017.11.10-17.55.36:999][172]LogModuleManager: Shutting down and abandoning module RawInput (310)
[2017.11.10-17.55.36:999][172]LogModuleManager: Shutting down and abandoning module HTML5Networking (308)
[2017.11.10-17.55.36:999][172]LogModuleManager: Shutting down and abandoning module AlembicImporter (306)
[2017.11.10-17.55.37:007][172]LogModuleManager: Shutting down and abandoning module AlembicLibrary (305)
[2017.11.10-17.55.37:007][172]LogModuleManager: Shutting down and abandoning module GeometryCache (304)
[2017.11.10-17.55.37:007][172]LogModuleManager: Shutting down and abandoning module GeometryCacheEd (303)
[2017.11.10-17.55.37:007][172]LogModuleManager: Shutting down and abandoning module SpeedTreeImporter (298)
[2017.11.10-17.55.37:007][172]LogModuleManager: Shutting down and abandoning module PluginBrowser (296)
[2017.11.10-17.55.37:016][172]LogModuleManager: Shutting down and abandoning module MobileLauncherProfileWizard (294)
[2017.11.10-17.55.37:018][172]LogModuleManager: Shutting down and abandoning module VisualStudioSourceCodeAccess (292)
[2017.11.10-17.55.37:018][172]LogModuleManager: Shutting down and abandoning module DesktopPlatform (291)
[2017.11.10-17.55.37:018][172]LogModuleManager: Shutting down and abandoning module UObjectPlugin (288)
[2017.11.10-17.55.37:018][172]LogModuleManager: Shutting down and abandoning module SubversionSourceControl (286)
[2017.11.10-17.55.37:018][172]LogModuleManager: Shutting down and abandoning module PerforceSourceControl (284)
[2017.11.10-17.55.37:018][172]LogModuleManager: Shutting down and abandoning module GitSourceControl (282)
[2017.11.10-17.55.37:018][172]LogModuleManager: Shutting down and abandoning module SourceControl (281)
[2017.11.10-17.55.37:018][172]LogModuleManager: Shutting down and abandoning module LightPropagationVolumeEditor (278)
[2017.11.10-17.55.37:018][172]LogModuleManager: Shutting down and abandoning module PaperTiledImporter (276)
[2017.11.10-17.55.37:018][172]LogModuleManager: Shutting down and abandoning module PaperSpriteSheetImporter (274)
[2017.11.10-17.55.37:018][172]LogModuleManager: Shutting down and abandoning module Paper2DEditor (272)
[2017.11.10-17.55.37:018][172]LogModuleManager: Shutting down and abandoning module MeshPaint (271)
[2017.11.10-17.55.37:018][172]LogModuleManager: Shutting down and abandoning module LevelEditor (269)
[2017.11.10-17.55.37:019][172]LogModuleManager: Shutting down and abandoning module PixelInspectorModule (268)
[2017.11.10-17.55.37:019][172]LogModuleManager: Shutting down and abandoning module MainFrame (266)
[2017.11.10-17.55.37:019][172]LogModuleManager: Shutting down and abandoning module HotReload (265)
[2017.11.10-17.55.37:019][172]LogDirectoryWatcher: A directory notification for 'D:/Unreal Games/ScrumLordRacing/Binaries/Win64' was aborted.
[2017.11.10-17.55.37:019][172]LogModuleManager: Shutting down and abandoning module RuntimePhysXCooking (260)
[2017.11.10-17.55.37:019][172]LogModuleManager: Shutting down and abandoning module PhysXVehiclesEditor (258)
[2017.11.10-17.55.37:019][172]LogModuleManager: Shutting down and abandoning module PhysXVehicles (256)
[2017.11.10-17.55.37:019][172]LogModuleManager: Shutting down and abandoning module OculusEditor (254)
[2017.11.10-17.55.37:020][172]LogModuleManager: Shutting down and abandoning module LocationServicesBPLibrary (252)
[2017.11.10-17.55.37:020][172]LogModuleManager: Shutting down and abandoning module ImmediatePhysicsEditor (250)
[2017.11.10-17.55.37:020][172]LogModuleManager: Shutting down and abandoning module ImmediatePhysics (248)
[2017.11.10-17.55.37:020][172]LogModuleManager: Shutting down and abandoning module UdpMessaging (246)
[2017.11.10-17.55.37:120][172]LogModuleManager: Shutting down and abandoning module TcpMessaging (244)
[2017.11.10-17.55.37:221][172]LogModuleManager: Shutting down and abandoning module GameplayTagsEditor (242)
[2017.11.10-17.55.37:231][172]LogModuleManager: Shutting down and abandoning module FacialAnimationEditor (240)
[2017.11.10-17.55.37:231][172]LogModuleManager: Shutting down and abandoning module FacialAnimation (238)
[2017.11.10-17.55.37:231][172]LogModuleManager: Shutting down and abandoning module AssetManagerEditor (236)
[2017.11.10-17.55.37:231][172]LogModuleManager: Shutting down and abandoning module GraphEditor (235)
[2017.11.10-17.55.37:231][172]LogModuleManager: Shutting down and abandoning module ContentBrowser (233)
[2017.11.10-17.55.37:232][172]LogModuleManager: Shutting down and abandoning module LightPropagationVolumeRuntime (230)
[2017.11.10-17.55.37:232][172]LogModuleManager: Shutting down and abandoning module Paper2D (228)
[2017.11.10-17.55.37:232][172]LogModuleManager: Shutting down and abandoning module WindowsMoviePlayer (226)
[2017.11.10-17.55.37:232][172]LogModuleManager: Shutting down and abandoning module WmfMedia (224)
[2017.11.10-17.55.37:232][172]LogModuleManager: Shutting down and abandoning module PacketHandler (222)
[2017.11.10-17.55.37:232][172]LogModuleManager: Shutting down and abandoning module ClothingSystemEditor (220)
[2017.11.10-17.55.37:232][172]LogModuleManager: Shutting down and abandoning module ClothingSystemRuntime (218)
[2017.11.10-17.55.37:252][172]LogModuleManager: Shutting down and abandoning module Overlay (216)
[2017.11.10-17.55.37:252][172]LogModuleManager: Shutting down and abandoning module OverlayEditor (215)
[2017.11.10-17.55.37:252][172]LogModuleManager: Shutting down and abandoning module MediaAssets (212)
[2017.11.10-17.55.37:252][172]LogModuleManager: Shutting down and abandoning module VREditor (210)
[2017.11.10-17.55.37:268][172]LogModuleManager: Shutting down and abandoning module StringTableEditor (208)
[2017.11.10-17.55.37:281][172]LogModuleManager: Shutting down and abandoning module GameplayTasksEditor (206)
[2017.11.10-17.55.37:281][172]LogModuleManager: Shutting down and abandoning module BehaviorTreeEditor (204)
[2017.11.10-17.55.37:299][172]LogModuleManager: Shutting down and abandoning module FunctionalTesting (202)
[2017.11.10-17.55.37:299][172]LogModuleManager: Shutting down and abandoning module CollisionAnalyzer (200)
[2017.11.10-17.55.37:299][172]LogModuleManager: Shutting down and abandoning module WorkspaceMenuStructure (199)
[2017.11.10-17.55.37:299][172]LogModuleManager: Shutting down and abandoning module UMG (196)
[2017.11.10-17.55.37:299][172]LogModuleManager: Shutting down and abandoning module UMGEditor (195)
[2017.11.10-17.55.37:299][172]LogModuleManager: Shutting down and abandoning module Sequencer (194)
[2017.11.10-17.55.37:299][172]LogModuleManager: Shutting down and abandoning module MessageLog (191)
[2017.11.10-17.55.37:299][172]LogModuleManager: Shutting down and abandoning module SlateReflector (186)
[2017.11.10-17.55.37:331][172]LogModuleManager: Shutting down and abandoning module Slate (184)
[2017.11.10-17.55.37:331][172]LogModuleManager: Shutting down and abandoning module EditorStyle (182)
[2017.11.10-17.55.37:332][172]LogModuleManager: Shutting down and abandoning module MRMesh (180)
[2017.11.10-17.55.37:332][172]LogModuleManager: Shutting down and abandoning module SourceCodeAccess (178)
[2017.11.10-17.55.37:332][172]LogModuleManager: Shutting down and abandoning module HeadMountedDisplay (176)
[2017.11.10-17.55.37:332][172]LogModuleManager: Shutting down and abandoning module XAudio2 (174)
[2017.11.10-17.55.37:332][172]LogModuleManager: Shutting down and abandoning module Networking (172)
[2017.11.10-17.55.37:332][172]LogModuleManager: Shutting down and abandoning module Core (168)
[2017.11.10-17.55.37:332][172]LogModuleManager: Shutting down and abandoning module KismetCompiler (164)
[2017.11.10-17.55.37:332][172]LogModuleManager: Shutting down and abandoning module LevelSequence (162)
[2017.11.10-17.55.37:332][172]LogModuleManager: Shutting down and abandoning module MeshUtilities (160)
[2017.11.10-17.55.37:348][172]LogModuleManager: Shutting down and abandoning module MeshMergeUtilities (159)
[2017.11.10-17.55.37:360][172]LogModuleManager: Shutting down and abandoning module MeshReductionInterface (158)
[2017.11.10-17.55.37:360][172]LogModuleManager: Shutting down and abandoning module SimplygonSwarm (157)
[2017.11.10-17.55.37:378][172]LogModuleManager: Shutting down and abandoning module SimplygonMeshReduction (155)
[2017.11.10-17.55.37:378][172]LogModuleManager: Shutting down and abandoning module QuadricMeshReduction (153)
[2017.11.10-17.55.37:378][172]LogModuleManager: Shutting down and abandoning module MaterialBaking (149)
[2017.11.10-17.55.37:378][172]LogModuleManager: Shutting down and abandoning module DirectoryWatcher (146)
[2017.11.10-17.55.37:378][172]LogModuleManager: Shutting down and abandoning module DerivedDataCache (144)
[2017.11.10-17.55.37:382][172]LogDerivedDataCache: Shutdown
[2017.11.10-17.55.37:382][172]LogModuleManager: Shutting down and abandoning module TargetPlatform (142)
[2017.11.10-17.55.37:382][172]LogModuleManager: Shutting down and abandoning module VulkanShaderFormat (141)
[2017.11.10-17.55.37:382][172]LogModuleManager: Shutting down and abandoning module ShaderFormatVectorVM (139)
[2017.11.10-17.55.37:391][172]LogModuleManager: Shutting down and abandoning module ShaderFormatOpenGL (137)
[2017.11.10-17.55.37:402][172]LogModuleManager: Shutting down and abandoning module ShaderFormatD3D (135)
[2017.11.10-17.55.37:402][172]LogModuleManager: Shutting down and abandoning module MetalShaderFormat (133)
[2017.11.10-17.55.37:413][172]LogModuleManager: Shutting down and abandoning module TextureFormatUncompressed (131)
[2017.11.10-17.55.37:413][172]LogModuleManager: Shutting down and abandoning module TextureFormatPVR (129)
[2017.11.10-17.55.37:413][172]LogModuleManager: Shutting down and abandoning module TextureFormatDXT (127)
[2017.11.10-17.55.37:413][172]LogModuleManager: Shutting down and abandoning module TextureFormatIntelISPCTexComp (125)
[2017.11.10-17.55.37:413][172]LogModuleManager: Shutting down and abandoning module TextureFormatASTC (123)
[2017.11.10-17.55.37:413][172]LogModuleManager: Shutting down and abandoning module ImageWrapper (122)
[2017.11.10-17.55.37:413][172]LogModuleManager: Shutting down and abandoning module TextureFormatAndroid (119)
[2017.11.10-17.55.37:413][172]LogModuleManager: Shutting down and abandoning module AudioFormatOpus (117)
[2017.11.10-17.55.37:413][172]LogModuleManager: Shutting down and abandoning module AudioFormatOgg (115)
[2017.11.10-17.55.37:413][172]LogModuleManager: Shutting down and abandoning module AudioFormatADPCM (113)
[2017.11.10-17.55.37:414][172]LogModuleManager: Shutting down and abandoning module LinuxTargetPlatform (111)
[2017.11.10-17.55.37:414][172]LogModuleManager: Shutting down and abandoning module LinuxServerTargetPlatform (109)
[2017.11.10-17.55.37:414][172]LogModuleManager: Shutting down and abandoning module LinuxNoEditorTargetPlatform (107)
[2017.11.10-17.55.37:414][172]LogModuleManager: Shutting down and abandoning module LinuxClientTargetPlatform (105)
[2017.11.10-17.55.37:414][172]LogModuleManager: Shutting down and abandoning module TVOSTargetPlatform (103)
[2017.11.10-17.55.37:414][172]LogModuleManager: Shutting down and abandoning module Messaging (101)
[2017.11.10-17.55.37:414][172]LogModuleManager: Shutting down and abandoning module IOSTargetPlatform (99)
[2017.11.10-17.55.37:414][172]LogModuleManager: Shutting down and abandoning module HTML5TargetPlatform (97)
[2017.11.10-17.55.37:414][172]LogModuleManager: Shutting down and abandoning module Android_PVRTCTargetPlatform (95)
[2017.11.10-17.55.37:414][172]LogModuleManager: Shutting down and abandoning module Android_MultiTargetPlatform (93)
[2017.11.10-17.55.37:414][172]LogModuleManager: Shutting down and abandoning module Android_ETC2TargetPlatform (91)
[2017.11.10-17.55.37:414][172]LogModuleManager: Shutting down and abandoning module Android_ETC1TargetPlatform (89)
[2017.11.10-17.55.37:414][172]LogModuleManager: Shutting down and abandoning module Android_DXTTargetPlatform (87)
[2017.11.10-17.55.37:414][172]LogModuleManager: Shutting down and abandoning module Android_ATCTargetPlatform (85)
[2017.11.10-17.55.37:414][172]LogModuleManager: Shutting down and abandoning module Android_ASTCTargetPlatform (83)
[2017.11.10-17.55.37:414][172]LogModuleManager: Shutting down and abandoning module AndroidTargetPlatform (81)
[2017.11.10-17.55.37:414][172]LogModuleManager: Shutting down and abandoning module WindowsTargetPlatform (79)
[2017.11.10-17.55.37:414][172]LogModuleManager: Shutting down and abandoning module WindowsServerTargetPlatform (77)
[2017.11.10-17.55.37:414][172]LogModuleManager: Shutting down and abandoning module WindowsNoEditorTargetPlatform (75)
[2017.11.10-17.55.37:414][172]LogModuleManager: Shutting down and abandoning module WindowsClientTargetPlatform (73)
[2017.11.10-17.55.37:414][172]LogModuleManager: Shutting down and abandoning module MacTargetPlatform (71)
[2017.11.10-17.55.37:414][172]LogModuleManager: Shutting down and abandoning module MacServerTargetPlatform (69)
[2017.11.10-17.55.37:414][172]LogModuleManager: Shutting down and abandoning module MacNoEditorTargetPlatform (67)
[2017.11.10-17.55.37:414][172]LogModuleManager: Shutting down and abandoning module MacClientTargetPlatform (65)
[2017.11.10-17.55.37:414][172]LogModuleManager: Shutting down and abandoning module AllDesktopTargetPlatform (63)
[2017.11.10-17.55.37:414][172]LogModuleManager: Shutting down and abandoning module InputCore (60)
[2017.11.10-17.55.37:414][172]LogModuleManager: Shutting down and abandoning module Settings (58)
[2017.11.10-17.55.37:414][172]LogModuleManager: Shutting down and abandoning module PhysXCooking (56)
[2017.11.10-17.55.37:414][172]LogModuleManager: Shutting down and abandoning module SteamVR (54)
[2017.11.10-17.55.37:414][172]LogModuleManager: Shutting down and abandoning module OculusHMD (52)
[2017.11.10-17.55.37:414][172]LogModuleManager: Shutting down and abandoning module ExampleDeviceProfileSelector (50)
[2017.11.10-17.55.37:414][172]LogModuleManager: Shutting down and abandoning module OnlineBlueprintSupport (48)
[2017.11.10-17.55.37:414][172]LogModuleManager: Shutting down and abandoning module OnlineSubsystem (44)
[2017.11.10-17.55.37:414][172]LogOnline: Display: Unloading online subsystem: NULL
[2017.11.10-17.55.37:434][172]LogModuleManager: Shutting down and abandoning module XMPP (43)
[2017.11.10-17.55.37:451][172]LogModuleManager: Shutting down and abandoning module HTTP (41)
[2017.11.10-17.55.37:451][172]LogHttp: Display: Http module shutting down, but needs to wait on 1 outstanding Http requests:
[2017.11.10-17.55.37:451][172]LogHttp: Display: 	verb=[POST] url=[https://datarouter.ol.epicgames.com/datarouter/api/v1/public/data?SessionID=%7B5110EA6E-4797-49B0-68E1-1091F60150D3%7D&AppID=UEEditor.Rocket.Release&AppVersion=4.17.2-3658906%2B%2B%2BUE4%2BRelease-4.17&UserID=665dec2a4cb07e4a71250ab9266ceb62%7Ce8b3675815f34300b2475ff9b011f0bc%7C4e8dcd73-f07b-479f-a7d5-ed78ed029b66&AppEnvironment=datacollector-binary&UploadType=eteventstream] status=Processing
[2017.11.10-17.55.37:475][172]LogModuleManager: Shutting down and abandoning module SSL (40)
[2017.11.10-17.55.37:476][172]LogModuleManager: Shutting down and abandoning module AnimationModifiers (36)
[2017.11.10-17.55.37:476][172]LogModuleManager: Shutting down and abandoning module PropertyEditor (35)
[2017.11.10-17.55.37:476][172]LogModuleManager: Shutting down and abandoning module AudioEditor (32)
[2017.11.10-17.55.37:486][172]LogModuleManager: Shutting down and abandoning module TextureCompressor (30)
[2017.11.10-17.55.37:487][172]LogModuleManager: Shutting down and abandoning module ShaderCore (28)
[2017.11.10-17.55.37:487][172]LogModuleManager: Shutting down and abandoning module Landscape (26)
[2017.11.10-17.55.37:487][172]LogModuleManager: Shutting down and abandoning module SlateRHIRenderer (24)
[2017.11.10-17.55.37:494][172]LogModuleManager: Shutting down and abandoning module OpenGLDrv (22)
[2017.11.10-17.55.37:505][172]LogModuleManager: Shutting down and abandoning module D3D11RHI (20)
[2017.11.10-17.55.37:505][172]LogModuleManager: Shutting down and abandoning module AnimGraphRuntime (18)
[2017.11.10-17.55.37:505][172]LogModuleManager: Shutting down and abandoning module Renderer (16)
[2017.11.10-17.55.37:505][172]LogModuleManager: Shutting down and abandoning module Engine (14)
[2017.11.10-17.55.37:505][172]LogModuleManager: Shutting down and abandoning module CoreUObject (12)
[2017.11.10-17.55.37:505][172]LogModuleManager: Shutting down and abandoning module NetworkFile (10)
[2017.11.10-17.55.37:505][172]LogModuleManager: Shutting down and abandoning module CookedIterativeFile (8)
[2017.11.10-17.55.37:505][172]LogModuleManager: Shutting down and abandoning module StreamingFile (6)
[2017.11.10-17.55.37:505][172]LogModuleManager: Shutting down and abandoning module SandboxFile (4)
[2017.11.10-17.55.37:505][172]LogModuleManager: Shutting down and abandoning module PakFile (2)
[2017.11.10-17.55.37:508][172]LogExit: Exiting.
[2017.11.10-17.55.37:528][172]Log file closed, 11/10/17 12:55:37
