Log file open, 10/22/17 18:46:00
LogWindows: Failed to load 'aqProf.dll' (GetLastError=126)
LogWindows: File 'aqProf.dll' does not exist
LogWindows: Failed to load 'VSPerf140.dll' (GetLastError=126)
LogWindows: File 'VSPerf140.dll' does not exist
LogWindows: Failed to load 'VtuneApi.dll' (GetLastError=126)
LogWindows: File 'VtuneApi.dll' does not exist
LogWindows: Failed to load 'VtuneApi32e.dll' (GetLastError=126)
LogWindows: File 'VtuneApi32e.dll' does not exist
LogInit: Display: Running engine for game: ScrumLordRacing
LogPlatformFile: Not using cached read wrapper
LogInit: Display: RandInit(1082338221) SRandInit(1082338221).
LogTaskGraph: Started task graph with 5 named threads and 14 total threads with 3 sets of task threads.
LogStats: Stats thread started at 0.152635
LogD3D11RHI: Aftermath initialized
LogConfig: Warning: Failed to saved backup for config[Hardware]
LogPluginManager: Mounting plugin Paper2D
LogPluginManager: Mounting plugin LightPropagationVolume
LogPluginManager: Mounting plugin CodeLiteSourceCodeAccess
LogPluginManager: Mounting plugin GitSourceControl
LogPluginManager: Mounting plugin KDevelopSourceCodeAccess
LogPluginManager: Mounting plugin NullSourceCodeAccess
LogPluginManager: Mounting plugin PerforceSourceControl
LogPluginManager: Mounting plugin SubversionSourceControl
LogPluginManager: Mounting plugin UObjectPlugin
LogPluginManager: Mounting plugin VisualStudioSourceCodeAccess
LogPluginManager: Mounting plugin XCodeSourceCodeAccess
LogPluginManager: Mounting plugin AssetManagerEditor
LogPluginManager: Mounting plugin AudioCapture
LogPluginManager: Mounting plugin FacialAnimation
LogPluginManager: Mounting plugin GameplayTagsEditor
LogPluginManager: Mounting plugin MobileLauncherProfileWizard
LogPluginManager: Mounting plugin PluginBrowser
LogPluginManager: Mounting plugin SpeedTreeImporter
LogPluginManager: Mounting plugin AlembicImporter
LogPluginManager: Mounting plugin CharacterAI
LogPluginManager: Mounting plugin HTML5Networking
LogPluginManager: Mounting plugin RawInput
LogPluginManager: Mounting plugin AndroidMedia
LogPluginManager: Mounting plugin AvfMedia
LogPluginManager: Mounting plugin MediaPlayerEditor
LogPluginManager: Mounting plugin WmfMedia
LogPluginManager: Mounting plugin TcpMessaging
LogPluginManager: Mounting plugin UdpMessaging
LogPluginManager: Mounting plugin LevelSequenceEditor
LogPluginManager: Mounting plugin MatineeToLevelSequence
LogConfig: Warning: Failed to saved backup for config[MatineeToLevelSequence]
LogPluginManager: Mounting plugin OnlineSubsystemGooglePlay
LogPluginManager: Mounting plugin OnlineSubsystemIOS
LogPluginManager: Mounting plugin OnlineSubsystem
LogPluginManager: Mounting plugin OnlineSubsystemNull
LogPluginManager: Mounting plugin OnlineSubsystemUtils
LogPluginManager: Mounting plugin AndroidDeviceProfileSelector
LogConfig: Warning: Failed to saved backup for config[AndroidDeviceProfileSelector]
LogPluginManager: Mounting plugin AndroidMoviePlayer
LogConfig: Warning: Failed to saved backup for config[AndroidMoviePlayer]
LogPluginManager: Mounting plugin AndroidPermission
LogPluginManager: Mounting plugin AppleMoviePlayer
LogPluginManager: Mounting plugin ArchVisCharacter
LogPluginManager: Mounting plugin CableComponent
LogPluginManager: Mounting plugin CustomMeshComponent
LogConfig: Warning: Failed to saved backup for config[CustomMeshComponent]
LogPluginManager: Mounting plugin ExampleDeviceProfileSelector
LogConfig: Warning: Failed to saved backup for config[ExampleDeviceProfileSelector]
LogPluginManager: Mounting plugin GoogleCloudMessaging
LogPluginManager: Mounting plugin ImmediatePhysics
LogPluginManager: Mounting plugin IOSDeviceProfileSelector
LogPluginManager: Mounting plugin LinuxDeviceProfileSelector
LogPluginManager: Mounting plugin LocationServicesBPLibrary
LogPluginManager: Mounting plugin MobilePatchingUtils
LogPluginManager: Mounting plugin OculusVR
LogPluginManager: Mounting plugin PhysXVehicles
LogConfig: Warning: Failed to saved backup for config[PhysXVehicles]
LogPluginManager: Mounting plugin ProceduralMeshComponent
LogPluginManager: Mounting plugin RuntimePhysXCooking
LogPluginManager: Mounting plugin SteamVR
LogPluginManager: Mounting plugin WindowsMoviePlayer
LogInit: Using libcurl 7.47.1
LogInit:  - built for x86_64-pc-win32
LogInit:  - supports SSL with OpenSSL/1.0.2g
LogInit:  - supports HTTP deflate (compression) using libz 1.2.8
LogInit:  - other features:
LogInit:      CURL_VERSION_SSL
LogInit:      CURL_VERSION_LIBZ
LogInit:      CURL_VERSION_IPV6
LogInit:      CURL_VERSION_ASYNCHDNS
LogInit:      CURL_VERSION_LARGEFILE
LogInit:      CURL_VERSION_IDN
LogInit:  CurlRequestOptions (configurable via config and command line):
LogInit:  - bVerifyPeer = false  - Libcurl will NOT verify peer certificate
LogInit:  - bUseHttpProxy = false  - Libcurl will NOT use HTTP proxy
LogInit:  - bDontReuseConnections = false  - Libcurl will reuse connections
LogInit:  - CertBundlePath = nullptr  - Libcurl will use whatever was configured at build time.
LogInit: Build: ++UE4+Release-4.17-CL-3658906
LogInit: Engine Version: 4.17.2-3658906+++UE4+Release-4.17
LogInit: Compatible Engine Version: 4.17.0-3573198+++UE4+Release-4.17
LogInit: Net CL: 3573198
LogDevObjectVersion: Number of dev versions registered: 16
LogDevObjectVersion:   Dev-Blueprints (B0D832E4-1F89-4F0D-ACCF-7EB736FD4AA2): 10
LogDevObjectVersion:   Dev-Build (E1C64328-A22C-4D53-A36C-8E866417BD8C): 0
LogDevObjectVersion:   Dev-Core (375EC13C-06E4-48FB-B500-84F0262A717E): 2
LogDevObjectVersion:   Dev-Editor (E4B068ED-F494-42E9-A231-DA0B2E46BB41): 20
LogDevObjectVersion:   Dev-Framework (CFFC743F-43B0-4480-9391-14DF171D2073): 28
LogDevObjectVersion:   Dev-Mobile (B02B49B5-BB20-44E9-A304-32B752E40360): 0
LogDevObjectVersion:   Dev-Networking (A4E4105C-59A1-49B5-A7C5-40C4547EDFEE): 0
LogDevObjectVersion:   Dev-Online (39C831C9-5AE6-47DC-9A44-9C173E1C8E7C): 0
LogDevObjectVersion:   Dev-Physics (78F01B33-EBEA-4F98-B9B4-84EACCB95AA2): 0
LogDevObjectVersion:   Dev-Platform (6631380F-2D4D-43E0-8009-CF276956A95A): 0
LogDevObjectVersion:   Dev-Rendering (12F88B9F-8875-4AFC-A67C-D90C383ABD29): 19
LogDevObjectVersion:   Dev-Sequencer (7B5AE74C-D270-4C10-A958-57980B212A5A): 4
LogDevObjectVersion:   Dev-VR (D7296918-1DD6-4BDD-9DE2-64A83CC13884): 0
LogDevObjectVersion:   Dev-LoadTimes (C2A15278-BFE7-4AFE-6C17-90FF531DF755): 1
LogDevObjectVersion:   Private-Geometry (6EACA3D4-40EC-4CC1-B786-8BED09428FC5): 1
LogDevObjectVersion:   Dev-AnimPhys (29E575DD-E0A3-4627-9D10-D276232CDCEA): 7
LogInit: Compiled (64-bit): Sep 22 2017 13:47:16
LogInit: Compiled with Visual C++: 19.00.24215.01
LogInit: Build Configuration: Development
LogInit: Branch Name: ++UE4+Release-4.17
LogInit: Command line:  
LogInit: Base directory: D:/Unreal Engine 4_17/UE_4.17/Engine/Binaries/Win64/
LogInit: Installed Engine Build: 1
LogInit: Presizing for max 8388607 objects, including 0 objects not considered by GC, pre-allocating 0 bytes for permanent pool.
LogInit: Object subsystem initialized
[2017.10.22-22.46.04:651][  0]LogInit: Selected Device Profile: [Windows]
[2017.10.22-22.46.04:651][  0]LogInit: Applying CVar settings loaded from the selected device profile: [Windows]
[2017.10.22-22.46.04:676][  0]LogConfig: Warning: Failed to saved backup for config[DeviceProfiles]
[2017.10.22-22.46.04:739][  0]LogInit: Computer: ALEX
[2017.10.22-22.46.04:739][  0]LogInit: User: galla000
[2017.10.22-22.46.04:739][  0]LogInit: CPU Page size=4096, Cores=4
[2017.10.22-22.46.04:739][  0]LogInit: High frequency timer resolution =2.825502 MHz
[2017.10.22-22.46.04:739][  0]LogMemory: Memory total: Physical=31.9GB (32GB approx)
[2017.10.22-22.46.04:739][  0]LogMemory: Platform Memory Stats for Windows
[2017.10.22-22.46.04:739][  0]LogMemory: Process Physical Memory: 277.29 MB used, 277.29 MB peak
[2017.10.22-22.46.04:739][  0]LogMemory: Process Virtual Memory: 282.07 MB used, 282.07 MB peak
[2017.10.22-22.46.04:739][  0]LogMemory: Physical Memory: 3818.22 MB used,  28830.80 MB free, 32649.02 MB total
[2017.10.22-22.46.04:739][  0]LogMemory: Virtual Memory: 660.15 MB used,  28830.80 MB free, 134217728.00 MB total
[2017.10.22-22.46.05:856][  0]LogInit: Using OS detected language (en-US).
[2017.10.22-22.46.05:856][  0]LogInit: Using OS detected locale (en-US).
[2017.10.22-22.46.06:039][  0]LogTextLocalizationManager: No specific localization for 'en-US' exists, so the 'en' localization will be used.
[2017.10.22-22.46.10:706][  0]LogD3D11RHI: D3D11 adapters:
[2017.10.22-22.46.10:718][  0]LogD3D11RHI:    0. 'Intel(R) HD Graphics 4600' (Feature Level 11_0)
[2017.10.22-22.46.10:718][  0]LogD3D11RHI:       4054/0/16324 MB DedicatedVideo/DedicatedSystem/SharedSystem, Outputs:1, VendorId:0x8086
[2017.10.22-22.46.10:719][  0]LogD3D11RHI:    1. 'Microsoft Basic Render Driver' (Feature Level 11_0)
[2017.10.22-22.46.10:719][  0]LogD3D11RHI:       0/0/256 MB DedicatedVideo/DedicatedSystem/SharedSystem, Outputs:0, VendorId:0x1414
[2017.10.22-22.46.10:719][  0]LogD3D11RHI: Chosen D3D11 Adapter: 0
[2017.10.22-22.46.10:723][  0]LogD3D11RHI: Creating new Direct3DDevice
[2017.10.22-22.46.10:723][  0]LogD3D11RHI:     GPU DeviceId: 0x416 (for the marketing name, search the web for "GPU Device Id")
[2017.10.22-22.46.10:723][  0]LogWindows: EnumDisplayDevices:
[2017.10.22-22.46.10:723][  0]LogWindows:    0. 'Intel(R) HD Graphics 4600' (P:1 D:1)
[2017.10.22-22.46.10:723][  0]LogWindows:    1. 'Intel(R) HD Graphics 4600' (P:0 D:0)
[2017.10.22-22.46.10:724][  0]LogWindows:    2. 'Intel(R) HD Graphics 4600' (P:0 D:0)
[2017.10.22-22.46.10:724][  0]LogWindows:    3. 'Intel(R) HD Graphics 4600' (P:0 D:0)
[2017.10.22-22.46.10:724][  0]LogWindows: DebugString: FoundDriverCount:4 
[2017.10.22-22.46.10:724][  0]LogD3D11RHI:     Adapter Name: Intel(R) HD Graphics 4600
[2017.10.22-22.46.10:724][  0]LogD3D11RHI:   Driver Version: 10.18.10.3304 (internal:10.18.10.3304, unified:10.18.10.3304)
[2017.10.22-22.46.10:724][  0]LogD3D11RHI:      Driver Date: 9-9-2013
[2017.10.22-22.46.10:724][  0]LogRHI: Texture pool is 1361 MB (70% of 1945 MB)
[2017.10.22-22.46.10:733][  0]LogD3D11RHI: Async texture creation enabled
[2017.10.22-22.46.11:176][  0]LogD3D11RHI: GPU Timing Frequency: 12.500000 (Debug: 2 3)
[2017.10.22-22.46.11:311][  0]LogShaderCompilers: Guid format shader working directory is 7 characters bigger than the processId version (../../../../../Unreal Games/ScrumLordRacing/Intermediate/Shaders/WorkingDirectory/9136/).
[2017.10.22-22.46.11:311][  0]LogShaderCompilers: Cleaned the shader compiler working directory 'C:/Users/galla_000/AppData/Local/Temp/UnrealShaderWorkingDir/13FAD7C84AABFDD965D2F083506CEAA7/'.
[2017.10.22-22.46.11:334][  0]LogShaderCompilers: Display: Using Local Shader Compiler.
[2017.10.22-22.46.14:916][  0]LogTemp: Display: Loaded TP AllDesktopTargetPlatform
[2017.10.22-22.46.14:947][  0]LogTemp: Display: Loaded TP MacClientTargetPlatform
[2017.10.22-22.46.14:979][  0]LogTemp: Display: Loaded TP MacNoEditorTargetPlatform
[2017.10.22-22.46.15:010][  0]LogTemp: Display: Loaded TP MacServerTargetPlatform
[2017.10.22-22.46.15:061][  0]LogTemp: Display: Loaded TP MacTargetPlatform
[2017.10.22-22.46.15:093][  0]LogTemp: Display: Loaded TP WindowsClientTargetPlatform
[2017.10.22-22.46.15:125][  0]LogTemp: Display: Loaded TP WindowsNoEditorTargetPlatform
[2017.10.22-22.46.15:156][  0]LogTemp: Display: Loaded TP WindowsServerTargetPlatform
[2017.10.22-22.46.15:182][  0]LogTemp: Display: Loaded TP WindowsTargetPlatform
[2017.10.22-22.46.15:230][  0]LogTemp: Display: Loaded TP AndroidTargetPlatform
[2017.10.22-22.46.15:261][  0]LogTemp: Display: Loaded TP Android_ASTCTargetPlatform
[2017.10.22-22.46.15:292][  0]LogTemp: Display: Loaded TP Android_ATCTargetPlatform
[2017.10.22-22.46.15:324][  0]LogTemp: Display: Loaded TP Android_DXTTargetPlatform
[2017.10.22-22.46.15:355][  0]LogTemp: Display: Loaded TP Android_ETC1TargetPlatform
[2017.10.22-22.46.15:386][  0]LogTemp: Display: Loaded TP Android_ETC2TargetPlatform
[2017.10.22-22.46.15:449][  0]LogTemp: Display: Loaded TP Android_MultiTargetPlatform
[2017.10.22-22.46.15:449][  0]LogTemp: Display: Loaded TP Android_PVRTCTargetPlatform
[2017.10.22-22.46.15:471][  0]LogTemp: Display: Loaded TP HTML5TargetPlatform
[2017.10.22-22.46.15:632][  0]LogTemp: Display: Loaded TP IOSTargetPlatform
[2017.10.22-22.46.15:666][  0]LogTemp: Display: Loaded TP TVOSTargetPlatform
[2017.10.22-22.46.15:699][  0]LogTemp: Display: Loaded TP LinuxClientTargetPlatform
[2017.10.22-22.46.15:731][  0]LogTemp: Display: Loaded TP LinuxNoEditorTargetPlatform
[2017.10.22-22.46.15:763][  0]LogTemp: Display: Loaded TP LinuxServerTargetPlatform
[2017.10.22-22.46.15:808][  0]LogTemp: Display: Loaded TP LinuxTargetPlatform
[2017.10.22-22.46.15:808][  0]LogTargetPlatformManager: Display: Building Assets For Windows
[2017.10.22-22.46.17:118][  0]LogDerivedDataCache: Display: Max Cache Size: 512 MB
[2017.10.22-22.46.17:456][  0]LogDerivedDataCache: Loaded boot cache 0.33s 93MB C:/Users/galla_000/AppData/Local/UnrealEngine/4.17/DerivedDataCache/Boot.ddc.
[2017.10.22-22.46.17:456][  0]LogDerivedDataCache: Display: Loaded Boot cache: C:/Users/galla_000/AppData/Local/UnrealEngine/4.17/DerivedDataCache/Boot.ddc
[2017.10.22-22.46.17:456][  0]LogDerivedDataCache: FDerivedDataBackendGraph:  Pak pak cache file ../../../../../Unreal Games/ScrumLordRacing/DerivedDataCache/DDC.ddp not found, will not use a pak cache.
[2017.10.22-22.46.17:456][  0]LogDerivedDataCache: Unable to find inner node Pak for hierarchical cache Hierarchy.
[2017.10.22-22.46.17:456][  0]LogDerivedDataCache: FDerivedDataBackendGraph:  CompressedPak pak cache file ../../../../../Unreal Games/ScrumLordRacing/DerivedDataCache/Compressed.ddp not found, will not use a pak cache.
[2017.10.22-22.46.17:456][  0]LogDerivedDataCache: Unable to find inner node CompressedPak for hierarchical cache Hierarchy.
[2017.10.22-22.46.17:538][  0]LogDerivedDataCache: Display: Pak cache opened for reading ../../../Engine/DerivedDataCache/Compressed.ddp.
[2017.10.22-22.46.17:553][  0]LogDerivedDataCache: Using Local data cache path C:/Users/galla_000/AppData/Local/UnrealEngine/Common/DerivedDataCache: Writable
[2017.10.22-22.46.17:618][  0]LogMaterial: Verifying Global Shaders for PCD3D_SM5
[2017.10.22-22.46.17:685][  0]LogSlate: Using Freetype 2.6.0
[2017.10.22-22.46.17:831][  0]LogSlate: SlateFontCache - WITH_FREETYPE: 1, WITH_HARFBUZZ: 1
[2017.10.22-22.46.17:833][  0]LogSlate: SlateFontCache - WITH_FREETYPE: 1, WITH_HARFBUZZ: 1
[2017.10.22-22.46.26:429][  0]LogAssetRegistry: FAssetRegistry took 0.0658 seconds to start up
[2017.10.22-22.46.29:037][  0]LogInit: Selected Device Profile: [Windows]
[2017.10.22-22.46.34:997][  0]LogContentStreaming: Texture pool size is 0.00 MB
[2017.10.22-22.46.36:162][  0]LogSimplygon: Simplygon DLL not present - disabling.
[2017.10.22-22.46.36:257][  0]LogMeshReduction: Using SimplygonSwarm for distributed automatic mesh merging
[2017.10.22-22.46.36:327][  0]LogMeshReduction: Using QuadricMeshReduction for automatic static mesh reduction
[2017.10.22-22.46.36:361][  0]LogMeshReduction: No automatic skeletal mesh reduction module available
[2017.10.22-22.46.36:361][  0]LogMeshReduction: No automatic mesh merging module available
[2017.10.22-22.46.36:361][  0]LogMeshMerging: No automatic mesh merging module available
[2017.10.22-22.46.44:315][  0]LogNetVersion: ScrumLordRacing , NetCL: 3573198, EngineNetVer: 2, GameNetVer: 0 (Checksum: 2466738751)
[2017.10.22-22.46.49:155][  0]LogPackageLocalizationCache: Processed 5 localized package path(s) for 2 prioritized culture(s) in 0.106347 seconds
[2017.10.22-22.46.49:170][  0]LogUObjectArray: 35825 objects as part of root set at end of initial load.
[2017.10.22-22.46.49:170][  0]LogUObjectAllocator: 7529112 out of 0 bytes used by permanent object pool.
[2017.10.22-22.46.49:170][  0]LogUObjectArray: CloseDisregardForGC: 0/0 objects in disregard for GC pool
[2017.10.22-22.46.49:245][  0]LogInit: WinSock: version 1.1 (2.2), MaxSocks=32767, MaxUdp=65467
[2017.10.22-22.47.42:774][  0]LogTcpMessaging: Initializing TcpMessaging bridge
[2017.10.22-22.47.42:981][  0]LogUdpMessaging: Initializing bridge on interface 0.0.0.0:0 to multicast group 230.0.0.1:6666.
[2017.10.22-22.47.45:362][  0]LogMaterial: Uniform references updated for custom material expression Custom.
[2017.10.22-22.47.45:995][  0]SourceControl: Source control is disabled
[2017.10.22-22.47.45:995][  0]SourceControl: Source control is disabled
[2017.10.22-22.47.46:059][  0]SourceControl: Source control is disabled
[2017.10.22-22.47.46:093][  0]SourceControl: Source control is disabled
[2017.10.22-22.47.47:066][  0]LogAndroidPermission: UAndroidPermissionCallbackProxy::GetInstance
[2017.10.22-22.47.47:238][  0]LogOcInput: OculusInput pre-init called
[2017.10.22-22.47.47:822][  0]LogEngine: Initializing Engine...
[2017.10.22-22.47.47:854][  0]LogHMD: Failed to initialize OpenVR with code 110
[2017.10.22-22.47.48:172][  0]LogStats: UGameplayTagsManager::ConstructGameplayTagTree: Construct from data asset -  0.000 s
[2017.10.22-22.47.48:174][  0]LogStats: UGameplayTagsManager::ConstructGameplayTagTree: GameplayTagTreeChangedEvent.Broadcast -  0.000 s
[2017.10.22-22.47.48:561][  0]LogAIModule: Creating AISystem for world Untitled
[2017.10.22-22.47.48:684][  0]LogInit: XAudio2 using 'Speakers (Realtek High Definition Audio)' : 2 channels at 48 kHz using 32 bits per sample (channel mask 0x3)
[2017.10.22-22.47.48:733][  0]LogInit: FAudioDevice initialized.
[2017.10.22-22.47.48:827][  0]LogDerivedDataCache: Saved boot cache 0.09s 93MB C:/Users/galla_000/AppData/Local/UnrealEngine/4.17/DerivedDataCache/Boot.ddc.
[2017.10.22-22.47.48:844][  0]LogInit: Texture streaming: Enabled
[2017.10.22-22.47.48:933][  0]LogEngineSessionManager: EngineSessionManager initialized
[2017.10.22-22.47.49:486][  0]LogInit: Transaction tracking system initialized
[2017.10.22-22.47.50:127][  0]BlueprintLog: New page: Editor Load
[2017.10.22-22.47.51:871][  0]LogConfig: Warning: Failed to saved backup for config[LocalizationServiceSettings]
[2017.10.22-22.47.51:872][  0]LocalizationService: Localization service is disabled
[2017.10.22-22.47.52:575][  0]LogLinker: Warning: Can't find file '/Game/PuzzleBP/Tutorial/Part1-Overview'
[2017.10.22-22.47.52:575][  0]LogLinker: Warning: Can't find file '/Game/PuzzleBP/Tutorial/Part1-Overview'
[2017.10.22-22.47.52:575][  0]LogUObjectGlobals: Warning: Failed to find object 'Class /Game/PuzzleBP/Tutorial/Part1-Overview.Part1-Overview_C'
[2017.10.22-22.47.52:575][  0]LogLinker: Warning: Can't find file '/Game/PuzzleBP/Tutorial/Part2-BlockBlueprint'
[2017.10.22-22.47.52:575][  0]LogLinker: Warning: Can't find file '/Game/PuzzleBP/Tutorial/Part2-BlockBlueprint'
[2017.10.22-22.47.52:575][  0]LogUObjectGlobals: Warning: Failed to find object 'Class /Game/PuzzleBP/Tutorial/Part2-BlockBlueprint.Part2-BlockBlueprint_C'
[2017.10.22-22.47.52:846][  0]LogConsoleResponse: Display: 
[2017.10.22-22.47.55:428][  0]LogFileCache: Scanning file cache for directory 'D:/Unreal Games/ScrumLordRacing/Content/' took 0.01s
[2017.10.22-22.47.55:428][  0]LogCook: Display: Max memory allowance for cook 16384mb min free memory 0mb
[2017.10.22-22.47.55:428][  0]LogCook: Display: Mobile HDR setting 1
[2017.10.22-22.47.55:524][  0]LogGameplayTags: Display: UGameplayTagsManager::DoneAddingNativeTags. DelegateIsBound: 0
[2017.10.22-22.47.57:567][  0]SourceControl: Source control is disabled
[2017.10.22-22.47.57:634][  0]Cmd: MAP LOAD FILE="../../../../../Unreal Games/ScrumLordRacing/Content/Maps/MainMenu/MainMenu.umap" TEMPLATE=0 SHOWPROGRESS=1 FEATURELEVEL=3
[2017.10.22-22.47.57:655][  0]LightingResults: New page: Lighting Build
[2017.10.22-22.47.57:821][  0]MapCheck: New page: Map Check
[2017.10.22-22.47.57:821][  0]LightingResults: New page: Lighting Build
[2017.10.22-22.47.59:147][  0]LogMaterial: Missing cached shader map for material M_Ground_Grass, compiling. 
[2017.10.22-22.47.59:523][  0]LogMaterial: Missing cached shader map for material MasterSolidColor, compiling. 
[2017.10.22-22.47.59:969][  0]LogAIModule: Creating AISystem for world MainMenu
[2017.10.22-22.48.00:337][  0]LogEditorServer: Finished looking for orphan Actors (0.000 secs)
[2017.10.22-22.48.00:642][  0]Cmd: MAP CHECKDEP NOCLEARLOG
[2017.10.22-22.48.00:679][  0]MapCheck: Map check complete: 0 Error(s), 0 Warning(s), took 37.335ms to complete.
[2017.10.22-22.48.00:679][  0]LogFileHelpers: Loading map 'MainMenu' took 3.068
[2017.10.22-22.48.04:142][  0]LogCollectionManager: Loaded 0 collections in 0.001798 seconds
[2017.10.22-22.48.04:511][  0]LogFileCache: Scanning file cache for directory 'D:/Unreal Games/ScrumLordRacing/Saved/Collections/' took 0.01s
[2017.10.22-22.48.04:511][  0]LogFileCache: Scanning file cache for directory 'D:/Unreal Games/ScrumLordRacing/Content/Developers/galla000/Collections/' took 0.01s
[2017.10.22-22.48.04:511][  0]LogFileCache: Scanning file cache for directory 'D:/Unreal Games/ScrumLordRacing/Content/Collections/' took 0.01s
[2017.10.22-22.48.04:511][  0]LogCollectionManager: Rebuilt the GUID cache for 0 collections in 0.000000 seconds
[2017.10.22-22.48.04:533][  0]LogContentBrowser: Native class hierarchy populated in 0.0209 seconds. Added 2388 classes and 503 folders.
[2017.10.22-22.48.04:683][  0]LogContentBrowser: Native class hierarchy updated for 'WidgetCarousel' in 0.0126 seconds. Added 0 classes and 0 folders.
[2017.10.22-22.48.05:971][  0]LogContentBrowser: Native class hierarchy updated for 'AddContentDialog' in 0.0011 seconds. Added 0 classes and 0 folders.
[2017.10.22-22.48.06:089][  0]LogContentBrowser: Native class hierarchy updated for 'SceneOutliner' in 0.0013 seconds. Added 1 classes and 2 folders.
[2017.10.22-22.48.07:440][  0]LogSlate: Took 0.015908 seconds to synchronously load lazily loaded font '../../../Engine/Content/Slate/Fonts/Roboto-Regular.ttf' (155K)
[2017.10.22-22.48.07:471][  0]LogSlate: Took 0.014708 seconds to synchronously load lazily loaded font '../../../Engine/Content/Slate/Fonts/Roboto-Bold.ttf' (160K)
[2017.10.22-22.48.07:560][  0]LogSlate: Took 0.021429 seconds to synchronously load lazily loaded font '../../../Engine/Content/Editor/Slate/Fonts/FontAwesome.ttf' (139K)
[2017.10.22-22.48.08:037][  0]LogRenderer: Reallocating scene render targets to support 1208x576 Format 9 NumSamples 1 (Frame:1).
[2017.10.22-22.48.09:084][  0]LogContentBrowser: Native class hierarchy updated for 'HierarchicalLODOutliner' in 0.0010 seconds. Added 1 classes and 2 folders.
[2017.10.22-22.48.09:084][  0]LogLoad: (Engine Initialization) Total time: 129.22 seconds
[2017.10.22-22.48.09:084][  0]LogLoad: (Engine Initialization) Total Blueprint compile time: 0.00 seconds
[2017.10.22-22.48.09:084][  0]LogExternalProfiler: No external profilers were discovered.  External profiling features will not be available.
[2017.10.22-22.48.09:103][  0]LogRawInputWindows: Warning: Found device 0 devices
[2017.10.22-22.48.09:103][  0]LogRawInputWindows: Warning: Found device 0 devices
[2017.10.22-22.48.09:103][  0]LogRawInputWindows: Warning: Device was registered succesfully but not connected (Usage:4 UsagePage:1
[2017.10.22-22.48.09:103][  0]LogRawInputWindows: Warning: Found device 1 devices
[2017.10.22-22.48.09:103][  0]LogRawInputWindows: Warning: Device was registered succesfully but not connected (Usage:5 UsagePage:1
[2017.10.22-22.48.09:192][  0]LogContentStreaming: Texture pool size now 800 MB
[2017.10.22-22.48.09:368][  0]LogSlate: Took 0.021733 seconds to synchronously load lazily loaded font '../../../Engine/Content/Slate/Fonts/Roboto-Light.ttf' (159K)
[2017.10.22-22.48.09:798][  3]LogAssetRegistry: Asset discovery search completed in 103.3916 seconds
[2017.10.22-22.48.09:803][  3]LogCollectionManager: Rebuilt the object cache for 0 collections in 0.000002 seconds (found 0 objects)
[2017.10.22-22.48.09:803][  3]LogCollectionManager: Fixed up redirectors for 0 collections in 0.000180 seconds (updated 0 objects)
[2017.10.22-22.48.17:434][150]LogTemp: Repeating last play command: Selected Viewport
[2017.10.22-22.48.17:652][150]LogBlueprintUserMessages: Early PlayInEditor Detection: Level '/Game/Maps/MainMenu/MainMenu.MainMenu:PersistentLevel' has LevelScriptBlueprint '/Game/Maps/MainMenu/MainMenu.MainMenu:PersistentLevel.MainMenu' with GeneratedClass '/Game/Maps/MainMenu/MainMenu.MainMenu_C' with ClassGeneratedBy '/Game/Maps/MainMenu/MainMenu.MainMenu:PersistentLevel.MainMenu'
[2017.10.22-22.48.17:653][150]LogPlayLevel: PlayLevel: No blueprints needed recompiling
[2017.10.22-22.48.17:688][150]PIE: New page: PIE session: MainMenu (Oct 22, 2017, 2:48:17 PM)
[2017.10.22-22.48.17:688][150]LogPlayLevel: Creating play world package: /Game/Maps/MainMenu/UEDPIE_0_MainMenu
[2017.10.22-22.48.17:713][150]LogPlayLevel: PIE: StaticDuplicateObject took: (0.025303s)
[2017.10.22-22.48.17:714][150]LogAIModule: Creating AISystem for world MainMenu
[2017.10.22-22.48.17:714][150]LogPlayLevel: PIE: World Init took: (0.000889s)
[2017.10.22-22.48.17:714][150]LogPlayLevel: PIE: Created PIE world by copying editor world from /Game/Maps/MainMenu/MainMenu.MainMenu to /Game/Maps/MainMenu/UEDPIE_0_MainMenu.MainMenu (0.026513s)
[2017.10.22-22.48.17:741][150]LogInit: XAudio2 using 'Speakers (Realtek High Definition Audio)' : 2 channels at 48 kHz using 32 bits per sample (channel mask 0x3)
[2017.10.22-22.48.17:752][150]LogInit: FAudioDevice initialized.
[2017.10.22-22.48.17:852][150]LogLoad: Game class is 'VehicleAdvGameMode_C'
[2017.10.22-22.48.17:890][150]LogWorld: Bringing World /Game/Maps/MainMenu/UEDPIE_0_MainMenu.MainMenu up for play (max tick rate 60) at 2017.10.22-18.48.17
[2017.10.22-22.48.17:895][150]LogWorld: Bringing up level for play took: 0.006453
[2017.10.22-22.48.18:017][150]LogContentBrowser: Native class hierarchy updated for 'MovieSceneCapture' in 0.0011 seconds. Added 11 classes and 0 folders.
[2017.10.22-22.48.18:100][150]PIE: Play in editor start time for /Game/Maps/MainMenu/UEDPIE_0_MainMenu 1.252
[2017.10.22-22.48.18:100][150]LogBlueprintUserMessages: Late PlayInEditor Detection: Level '/Game/Maps/MainMenu/MainMenu.MainMenu:PersistentLevel' has LevelScriptBlueprint '/Game/Maps/MainMenu/MainMenu.MainMenu:PersistentLevel.MainMenu' with GeneratedClass '/Game/Maps/MainMenu/MainMenu.MainMenu_C' with ClassGeneratedBy '/Game/Maps/MainMenu/MainMenu.MainMenu:PersistentLevel.MainMenu'
[2017.10.22-22.48.21:509][263]LogNet: Browse: /Game/Maps/MapSelectMenu/MapSelect
[2017.10.22-22.48.21:510][263]LogLoad: LoadMap: /Game/Maps/MapSelectMenu/MapSelect
[2017.10.22-22.48.21:529][263]Cmd: MEM
[2017.10.22-22.48.21:585][263]LogMemory: Platform Memory Stats for Windows
[2017.10.22-22.48.21:586][263]LogMemory: Process Physical Memory: 1055.35 MB used, 1135.16 MB peak
[2017.10.22-22.48.21:586][263]LogMemory: Process Virtual Memory: 992.64 MB used, 1084.70 MB peak
[2017.10.22-22.48.21:586][263]LogMemory: Physical Memory: 6874.82 MB used,  25774.21 MB free, 32649.02 MB total
[2017.10.22-22.48.21:586][263]LogMemory: Virtual Memory: 1880.64 MB used,  25774.21 MB free, 134217728.00 MB total
[2017.10.22-22.48.21:586][263]LogMemory: 
[2017.10.22-22.48.21:586][263]Allocator Stats for TBB: (not implemented)
[2017.10.22-22.48.22:697][263]LogAIModule: Creating AISystem for world MapSelect
[2017.10.22-22.48.22:698][263]LogLoad: Game class is 'VehicleAdvGameMode_C'
[2017.10.22-22.48.22:714][263]LogWorld: Bringing World /Game/Maps/MapSelectMenu/UEDPIE_0_MapSelect.MapSelect up for play (max tick rate 60) at 2017.10.22-18.48.22
[2017.10.22-22.48.22:714][263]LogWorld: Bringing up level for play took: 0.000900
[2017.10.22-22.48.22:715][263]LogGameMode: FindPlayerStart: PATHS NOT DEFINED or NO PLAYERSTART with positive rating
[2017.10.22-22.48.22:731][263]LogLoad: Took 1.220888 seconds to LoadMap(/Game/Maps/MapSelectMenu/MapSelect)
[2017.10.22-22.48.23:946][311]LogNet: Browse: /Game/Maps/TrackOne/TrackOne
[2017.10.22-22.48.23:966][311]LogLoad: LoadMap: /Game/Maps/TrackOne/TrackOne
[2017.10.22-22.48.23:978][311]Cmd: MEM
[2017.10.22-22.48.23:989][311]LogMemory: Platform Memory Stats for Windows
[2017.10.22-22.48.23:989][311]LogMemory: Process Physical Memory: 1171.93 MB used, 1214.41 MB peak
[2017.10.22-22.48.23:989][311]LogMemory: Process Virtual Memory: 1108.02 MB used, 1119.35 MB peak
[2017.10.22-22.48.23:989][311]LogMemory: Physical Memory: 6947.64 MB used,  25701.38 MB free, 32649.02 MB total
[2017.10.22-22.48.23:989][311]LogMemory: Virtual Memory: 1996.27 MB used,  25701.38 MB free, 134217728.00 MB total
[2017.10.22-22.48.23:989][311]LogMemory: 
[2017.10.22-22.48.23:989][311]Allocator Stats for TBB: (not implemented)
[2017.10.22-22.48.25:016][311]LogMaterial: Missing cached shader map for material MasterGrid, compiling. 
[2017.10.22-22.48.25:093][311]LogMaterial: Missing cached shader map for material M_Metal_Rust, compiling. 
[2017.10.22-22.48.25:156][311]LogStaticMesh: Building static mesh Road...
[2017.10.22-22.48.25:157][311]LogStaticMesh: Built static mesh [0.00s] /Game/Geometry/Meshes/Road.Road
[2017.10.22-22.48.25:164][311]LogMaterial: Missing cached shader map for material Material, compiling. 
[2017.10.22-22.48.25:219][311]LogStaticMesh: Building static mesh Volcanoblend...
[2017.10.22-22.48.25:241][311]LogStaticMesh: Built static mesh [0.02s] /Game/Geometry/Meshes/Volcanoblend.Volcanoblend
[2017.10.22-22.48.25:328][311]LogMaterial: Missing cached shader map for material M_Metal_Burnished_Steel, compiling. 
[2017.10.22-22.48.25:414][311]LogMaterial: Missing cached shader map for material M_Ground_Gravel, compiling. 
[2017.10.22-22.48.25:509][311]LogMaterial: Missing cached shader map for material CubeMaterial, compiling. 
[2017.10.22-22.48.25:571][311]LogMaterial: Missing cached shader map for material M_CobbleStone_Pebble, compiling. 
[2017.10.22-22.48.25:879][311]LogMaterial: Missing cached shader map for material M_Wood_Pine, compiling. 
[2017.10.22-22.48.27:300][311]LogAIModule: Creating AISystem for world TrackOne
[2017.10.22-22.48.27:301][311]LogLoad: Game class is 'VehicleAdvGameMode_C'
[2017.10.22-22.48.27:580][311]PIE: Warning: Attempting to move a fully simulated skeletal mesh VehicleMesh. Please use the Teleport flag
[2017.10.22-22.48.27:581][311]PIE: Warning: Attempting to move a fully simulated skeletal mesh VehicleMesh. Please use the Teleport flag
[2017.10.22-22.48.27:583][311]LogWorld: Bringing World /Game/Maps/TrackOne/UEDPIE_0_TrackOne.TrackOne up for play (max tick rate 60) at 2017.10.22-18.48.27
[2017.10.22-22.48.27:596][311]LogWorld: Bringing up level for play took: 0.290581
[2017.10.22-22.48.27:597][311]LogGameMode: FindPlayerStart: PATHS NOT DEFINED or NO PLAYERSTART with positive rating
[2017.10.22-22.48.27:607][311]LogLoad: Took 3.640999 seconds to LoadMap(/Game/Maps/TrackOne/TrackOne)
[2017.10.22-22.48.35:197][484]PIE: Warning: Invalid Simulate Options: Body (Barrel_82.Destructible 1M_Cube_2_DM) is set to simulate physics but Collision Enabled is incompatible
[2017.10.22-22.48.53:284][928]PIE: Warning: Invalid Simulate Options: Body (Barrel_C_4.Destructible 1M_Cube_2_DM) is set to simulate physics but Collision Enabled is incompatible
[2017.10.22-22.48.59:063][ 71]LogBlueprintUserMessages: Early EndPlayMap Detection: Level '/Game/Maps/MainMenu/MainMenu.MainMenu:PersistentLevel' has LevelScriptBlueprint '/Game/Maps/MainMenu/MainMenu.MainMenu:PersistentLevel.MainMenu' with GeneratedClass '/Game/Maps/MainMenu/MainMenu.MainMenu_C' with ClassGeneratedBy '/Game/Maps/MainMenu/MainMenu.MainMenu:PersistentLevel.MainMenu'
[2017.10.22-22.48.59:155][ 71]LogBlueprintUserMessages: Late EndPlayMap Detection: Level '/Game/Maps/MainMenu/MainMenu.MainMenu:PersistentLevel' has LevelScriptBlueprint '/Game/Maps/MainMenu/MainMenu.MainMenu:PersistentLevel.MainMenu' with GeneratedClass '/Game/Maps/MainMenu/MainMenu.MainMenu_C' with ClassGeneratedBy '/Game/Maps/MainMenu/MainMenu.MainMenu:PersistentLevel.MainMenu'
[2017.10.22-22.49.11:224][396]LogTemp: Repeating last play command: Selected Viewport
[2017.10.22-22.49.11:244][396]LogBlueprintUserMessages: Early PlayInEditor Detection: Level '/Game/Maps/MainMenu/MainMenu.MainMenu:PersistentLevel' has LevelScriptBlueprint '/Game/Maps/MainMenu/MainMenu.MainMenu:PersistentLevel.MainMenu' with GeneratedClass '/Game/Maps/MainMenu/MainMenu.MainMenu_C' with ClassGeneratedBy '/Game/Maps/MainMenu/MainMenu.MainMenu:PersistentLevel.MainMenu'
[2017.10.22-22.49.11:244][396]LogPlayLevel: PlayLevel: No blueprints needed recompiling
[2017.10.22-22.49.11:244][396]PIE: New page: PIE session: MainMenu (Oct 22, 2017, 2:49:11 PM)
[2017.10.22-22.49.11:244][396]LogPlayLevel: Creating play world package: /Game/Maps/MainMenu/UEDPIE_0_MainMenu
[2017.10.22-22.49.11:245][396]LogPlayLevel: PIE: StaticDuplicateObject took: (0.000873s)
[2017.10.22-22.49.11:246][396]LogAIModule: Creating AISystem for world MainMenu
[2017.10.22-22.49.11:246][396]LogPlayLevel: PIE: World Init took: (0.000833s)
[2017.10.22-22.49.11:246][396]LogPlayLevel: PIE: Created PIE world by copying editor world from /Game/Maps/MainMenu/MainMenu.MainMenu to /Game/Maps/MainMenu/UEDPIE_0_MainMenu.MainMenu (0.001963s)
[2017.10.22-22.49.11:264][396]LogInit: XAudio2 using 'Speakers (Realtek High Definition Audio)' : 2 channels at 48 kHz using 32 bits per sample (channel mask 0x3)
[2017.10.22-22.49.11:275][396]LogInit: FAudioDevice initialized.
[2017.10.22-22.49.11:308][396]LogLoad: Game class is 'VehicleAdvGameMode_C'
[2017.10.22-22.49.11:311][396]LogWorld: Bringing World /Game/Maps/MainMenu/UEDPIE_0_MainMenu.MainMenu up for play (max tick rate 60) at 2017.10.22-18.49.11
[2017.10.22-22.49.11:311][396]LogWorld: Bringing up level for play took: 0.000671
[2017.10.22-22.49.11:313][396]PIE: Play in editor start time for /Game/Maps/MainMenu/UEDPIE_0_MainMenu 0.465
[2017.10.22-22.49.11:313][396]LogBlueprintUserMessages: Late PlayInEditor Detection: Level '/Game/Maps/MainMenu/MainMenu.MainMenu:PersistentLevel' has LevelScriptBlueprint '/Game/Maps/MainMenu/MainMenu.MainMenu:PersistentLevel.MainMenu' with GeneratedClass '/Game/Maps/MainMenu/MainMenu.MainMenu_C' with ClassGeneratedBy '/Game/Maps/MainMenu/MainMenu.MainMenu:PersistentLevel.MainMenu'
[2017.10.22-22.49.13:258][475]LogNet: Browse: /Game/Maps/MapSelectMenu/MapSelect
[2017.10.22-22.49.13:279][475]LogLoad: LoadMap: /Game/Maps/MapSelectMenu/MapSelect
[2017.10.22-22.49.13:292][475]Cmd: MEM
[2017.10.22-22.49.13:304][475]LogMemory: Platform Memory Stats for Windows
[2017.10.22-22.49.13:304][475]LogMemory: Process Physical Memory: 1435.59 MB used, 1458.87 MB peak
[2017.10.22-22.49.13:304][475]LogMemory: Process Virtual Memory: 1410.30 MB used, 1426.90 MB peak
[2017.10.22-22.49.13:304][475]LogMemory: Physical Memory: 7034.78 MB used,  25614.24 MB free, 32649.02 MB total
[2017.10.22-22.49.13:304][475]LogMemory: Virtual Memory: 2283.16 MB used,  25614.24 MB free, 134217728.00 MB total
[2017.10.22-22.49.13:304][475]LogMemory: 
[2017.10.22-22.49.13:304][475]Allocator Stats for TBB: (not implemented)
[2017.10.22-22.49.13:322][475]LogAIModule: Creating AISystem for world MapSelect
[2017.10.22-22.49.13:322][475]LogLoad: Game class is 'VehicleAdvGameMode_C'
[2017.10.22-22.49.13:325][475]LogWorld: Bringing World /Game/Maps/MapSelectMenu/UEDPIE_0_MapSelect.MapSelect up for play (max tick rate 60) at 2017.10.22-18.49.13
[2017.10.22-22.49.13:326][475]LogWorld: Bringing up level for play took: 0.001075
[2017.10.22-22.49.13:326][475]LogGameMode: FindPlayerStart: PATHS NOT DEFINED or NO PLAYERSTART with positive rating
[2017.10.22-22.49.13:328][475]LogLoad: Took 0.048589 seconds to LoadMap(/Game/Maps/MapSelectMenu/MapSelect)
[2017.10.22-22.49.14:304][514]LogNet: Browse: /Game/Maps/TrackOne/TrackOne
[2017.10.22-22.49.14:325][514]LogLoad: LoadMap: /Game/Maps/TrackOne/TrackOne
[2017.10.22-22.49.14:338][514]Cmd: MEM
[2017.10.22-22.49.14:349][514]LogMemory: Platform Memory Stats for Windows
[2017.10.22-22.49.14:349][514]LogMemory: Process Physical Memory: 1437.36 MB used, 1471.62 MB peak
[2017.10.22-22.49.14:349][514]LogMemory: Process Virtual Memory: 1409.04 MB used, 1426.90 MB peak
[2017.10.22-22.49.14:349][514]LogMemory: Physical Memory: 7042.71 MB used,  25606.32 MB free, 32649.02 MB total
[2017.10.22-22.49.14:349][514]LogMemory: Virtual Memory: 2282.16 MB used,  25606.32 MB free, 134217728.00 MB total
[2017.10.22-22.49.14:349][514]LogMemory: 
[2017.10.22-22.49.14:349][514]Allocator Stats for TBB: (not implemented)
[2017.10.22-22.49.14:555][514]LogAIModule: Creating AISystem for world TrackOne
[2017.10.22-22.49.14:555][514]LogLoad: Game class is 'VehicleAdvGameMode_C'
[2017.10.22-22.49.14:566][514]PIE: Warning: Attempting to move a fully simulated skeletal mesh VehicleMesh. Please use the Teleport flag
[2017.10.22-22.49.14:567][514]PIE: Warning: Attempting to move a fully simulated skeletal mesh VehicleMesh. Please use the Teleport flag
[2017.10.22-22.49.14:568][514]LogWorld: Bringing World /Game/Maps/TrackOne/UEDPIE_0_TrackOne.TrackOne up for play (max tick rate 60) at 2017.10.22-18.49.14
[2017.10.22-22.49.14:568][514]LogWorld: Bringing up level for play took: 0.010829
[2017.10.22-22.49.14:569][514]LogGameMode: FindPlayerStart: PATHS NOT DEFINED or NO PLAYERSTART with positive rating
[2017.10.22-22.49.14:569][514]LogLoad: Took 0.243921 seconds to LoadMap(/Game/Maps/TrackOne/TrackOne)
[2017.10.22-22.49.20:065][660]PIE: Warning: Invalid Simulate Options: Body (Barrel_82.Destructible 1M_Cube_2_DM) is set to simulate physics but Collision Enabled is incompatible
[2017.10.22-22.49.47:780][446]LogBlueprintUserMessages: Early EndPlayMap Detection: Level '/Game/Maps/MainMenu/MainMenu.MainMenu:PersistentLevel' has LevelScriptBlueprint '/Game/Maps/MainMenu/MainMenu.MainMenu:PersistentLevel.MainMenu' with GeneratedClass '/Game/Maps/MainMenu/MainMenu.MainMenu_C' with ClassGeneratedBy '/Game/Maps/MainMenu/MainMenu.MainMenu:PersistentLevel.MainMenu'
[2017.10.22-22.49.47:846][446]LogBlueprintUserMessages: Late EndPlayMap Detection: Level '/Game/Maps/MainMenu/MainMenu.MainMenu:PersistentLevel' has LevelScriptBlueprint '/Game/Maps/MainMenu/MainMenu.MainMenu:PersistentLevel.MainMenu' with GeneratedClass '/Game/Maps/MainMenu/MainMenu.MainMenu_C' with ClassGeneratedBy '/Game/Maps/MainMenu/MainMenu.MainMenu:PersistentLevel.MainMenu'
[2017.10.22-22.54.16:142][322]LogSlate: Took 0.000170 seconds to synchronously load lazily loaded font '../../../Engine/Content/Slate/Fonts/Roboto-Light.ttf' (159K)
[2017.10.22-22.54.16:743][322]LogContentBrowser: Native class hierarchy updated for 'BlueprintGraph' in 0.0010 seconds. Added 113 classes and 0 folders.
[2017.10.22-22.54.17:616][322]LogSlate: Took 0.000120 seconds to synchronously load lazily loaded font '../../../Engine/Content/Slate/Fonts/Roboto-Regular.ttf' (155K)
[2017.10.22-22.54.18:059][322]LogSlate: Took 0.017983 seconds to synchronously load lazily loaded font '../../../Engine/Content/Editor/Slate/Fonts/Roboto-BoldCondensed.ttf' (158K)
[2017.10.22-22.54.18:521][323]LogSlate: Took 0.023966 seconds to synchronously load lazily loaded font '../../../Engine/Content/Editor/Slate/Fonts/Roboto-Italic.ttf' (157K)
[2017.10.22-22.55.32:610][331]LogRenderer: Reallocating scene render targets to support 1240x712 Format 9 NumSamples 1 (Frame:1).
[2017.10.22-22.56.00:213][748]LogSlate: Took 0.000129 seconds to synchronously load lazily loaded font '../../../Engine/Content/Slate/Fonts/Roboto-Light.ttf' (159K)
[2017.10.22-22.58.19:786][ 10]BlueprintLog: New page: Compile MiniMap
[2017.10.22-22.58.20:745][ 20]Cmd: OBJ SAVEPACKAGE PACKAGE="/Game/VehicleAdvBP/Blueprints/MiniMap" FILE="../../../../../Unreal Games/ScrumLordRacing/Content/VehicleAdvBP/Blueprints/MiniMap.uasset" SILENT=true
[2017.10.22-22.58.20:773][ 20]LogSavePackage: Save=26.29ms
[2017.10.22-22.58.20:773][ 20]LogSavePackage: Moving '../../../../../Unreal Games/ScrumLordRacing/Saved/MiniMap0B23F6B44B0358887E860483AE757F29.tmp' to '../../../../../Unreal Games/ScrumLordRacing/Content/VehicleAdvBP/Blueprints/MiniMap.uasset'
[2017.10.22-22.58.20:819][ 20]LogSavePackage: Display: Finished SavePackage ../../../../../Unreal Games/ScrumLordRacing/Content/VehicleAdvBP/Blueprints/MiniMap.uasset
[2017.10.22-23.00.12:469][789]BlueprintLog: New page: Compile VehicleBlueprint
[2017.10.22-23.00.13:563][797]Cmd: OBJ SAVEPACKAGE PACKAGE="/Game/VehicleAdvBP/Blueprints/VehicleBlueprint" FILE="../../../../../Unreal Games/ScrumLordRacing/Content/VehicleAdvBP/Blueprints/VehicleBlueprint.uasset" SILENT=true
[2017.10.22-23.00.13:731][797]LogSavePackage: Save=158.40ms
[2017.10.22-23.00.13:731][797]LogSavePackage: Moving '../../../../../Unreal Games/ScrumLordRacing/Saved/VehicleBlueprintFBD9CC6E4220CDC6C1DDC8A9CC6583DF.tmp' to '../../../../../Unreal Games/ScrumLordRacing/Content/VehicleAdvBP/Blueprints/VehicleBlueprint.uasset'
[2017.10.22-23.00.13:732][797]LogSavePackage: Display: Finished SavePackage ../../../../../Unreal Games/ScrumLordRacing/Content/VehicleAdvBP/Blueprints/VehicleBlueprint.uasset
[2017.10.22-23.00.44:304][223]BlueprintLog: New page: Compile VehicleBlueprint
[2017.10.22-23.00.45:056][227]Cmd: OBJ SAVEPACKAGE PACKAGE="/Game/VehicleAdvBP/Blueprints/VehicleBlueprint" FILE="../../../../../Unreal Games/ScrumLordRacing/Content/VehicleAdvBP/Blueprints/VehicleBlueprint.uasset" SILENT=true
[2017.10.22-23.00.45:238][227]LogSavePackage: Save=176.90ms
[2017.10.22-23.00.45:238][227]LogSavePackage: Moving '../../../../../Unreal Games/ScrumLordRacing/Saved/VehicleBlueprintCEFEA22D4DC2741474322C8FEB29B61D.tmp' to '../../../../../Unreal Games/ScrumLordRacing/Content/VehicleAdvBP/Blueprints/VehicleBlueprint.uasset'
[2017.10.22-23.00.45:239][227]LogSavePackage: Display: Finished SavePackage ../../../../../Unreal Games/ScrumLordRacing/Content/VehicleAdvBP/Blueprints/VehicleBlueprint.uasset
[2017.10.22-23.01.47:154][ 76]LogFileHelpers: Editor autosave (incl. sublevels) for '/Game/Maps/MainMenu/MainMenu' took 0.024
[2017.10.22-23.01.47:156][ 76]OBJ SavePackage: Generating thumbnails for [1] asset(s) in package [/Game/VehicleAdvBP/Blueprints/VehicleBlueprint] ([1] browsable assets)...
[2017.10.22-23.01.47:192][ 76]OBJ SavePackage:     Rendered thumbnail for [Blueprint /Game/VehicleAdvBP/Blueprints/VehicleBlueprint.VehicleBlueprint]
[2017.10.22-23.01.47:192][ 76]OBJ SavePackage: Finished generating thumbnails for package [/Game/VehicleAdvBP/Blueprints/VehicleBlueprint]
[2017.10.22-23.01.47:366][ 76]LogSavePackage: Save=169.71ms
[2017.10.22-23.01.47:366][ 76]LogSavePackage: Moving '../../../../../Unreal Games/ScrumLordRacing/Saved/VehicleBlueprint_Auto179D0B569405EED2EEDE490A2203BDC3F.tmp' to '../../../../../Unreal Games/ScrumLordRacing/Saved/Autosaves/Game/VehicleAdvBP/Blueprints/VehicleBlueprint_Auto1.uasset'
[2017.10.22-23.01.47:366][ 76]LogSavePackage: Display: Finished SavePackage ../../../../../Unreal Games/ScrumLordRacing/Saved/Autosaves/Game/VehicleAdvBP/Blueprints/VehicleBlueprint_Auto1.uasset
[2017.10.22-23.01.47:366][ 76]LogFileHelpers: Auto-saving content packages took 0.211
[2017.10.22-23.02.37:079][843]Cmd: OBJ SAVEPACKAGE PACKAGE="/Game/Maps/MainMenu/MainMenu" FILE="../../../../../Unreal Games/ScrumLordRacing/Content/Maps/MainMenu/MainMenu.umap" SILENT=true AUTOSAVING=false KEEPDIRTY=false
[2017.10.22-23.02.37:131][843]LogSavePackage: Save=24.62ms
[2017.10.22-23.02.37:131][843]LogSavePackage: Moving '../../../../../Unreal Games/ScrumLordRacing/Saved/MainMenu96581F3A402C09031F1E608BCB683C3F.tmp' to '../../../../../Unreal Games/ScrumLordRacing/Content/Maps/MainMenu/MainMenu.umap'
[2017.10.22-23.02.37:131][843]LogSavePackage: Display: Finished SavePackage ../../../../../Unreal Games/ScrumLordRacing/Content/Maps/MainMenu/MainMenu.umap
[2017.10.22-23.02.37:160][843]Cmd: OBJ SAVEPACKAGE PACKAGE="/Game/Maps/MainMenu/MainMenu_BuiltData" FILE="../../../../../Unreal Games/ScrumLordRacing/Content/Maps/MainMenu/MainMenu_BuiltData.uasset" SILENT=true
[2017.10.22-23.02.37:171][843]LogSavePackage: Save=3.57ms
[2017.10.22-23.02.37:171][843]LogSavePackage: Moving '../../../../../Unreal Games/ScrumLordRacing/Saved/MainMenu_BuiltData5104DEE547D5D265A265CDA2A62BE77D.tmp' to '../../../../../Unreal Games/ScrumLordRacing/Content/Maps/MainMenu/MainMenu_BuiltData.uasset'
[2017.10.22-23.02.37:172][843]LogSavePackage: Display: Finished SavePackage ../../../../../Unreal Games/ScrumLordRacing/Content/Maps/MainMenu/MainMenu_BuiltData.uasset
[2017.10.22-23.02.39:986][922]Cmd: OBJ SAVEPACKAGE PACKAGE="/Game/VehicleAdvBP/Blueprints/VehicleBlueprint" FILE="../../../../../Unreal Games/ScrumLordRacing/Content/VehicleAdvBP/Blueprints/VehicleBlueprint.uasset" SILENT=true
[2017.10.22-23.02.40:148][922]LogSavePackage: Save=157.74ms
[2017.10.22-23.02.40:148][922]LogSavePackage: Moving '../../../../../Unreal Games/ScrumLordRacing/Saved/VehicleBlueprint97CE814449A57F71415FB2AE25FE6096.tmp' to '../../../../../Unreal Games/ScrumLordRacing/Content/VehicleAdvBP/Blueprints/VehicleBlueprint.uasset'
[2017.10.22-23.02.40:150][922]LogSavePackage: Display: Finished SavePackage ../../../../../Unreal Games/ScrumLordRacing/Content/VehicleAdvBP/Blueprints/VehicleBlueprint.uasset
[2017.10.22-23.02.40:172][922]Cmd: OBJ SAVEPACKAGE PACKAGE="/Game/VehicleAdvBP/Blueprints/MiniMapTex" FILE="../../../../../Unreal Games/ScrumLordRacing/Content/VehicleAdvBP/Blueprints/MiniMapTex.uasset" SILENT=true
[2017.10.22-23.02.40:179][922]LogSavePackage: Save=5.81ms
[2017.10.22-23.02.40:179][922]LogSavePackage: Moving '../../../../../Unreal Games/ScrumLordRacing/Saved/MiniMapTexBCA05DE54A60517E12A4C9A2EA8FAF1D.tmp' to '../../../../../Unreal Games/ScrumLordRacing/Content/VehicleAdvBP/Blueprints/MiniMapTex.uasset'
[2017.10.22-23.02.40:181][922]LogSavePackage: Display: Finished SavePackage ../../../../../Unreal Games/ScrumLordRacing/Content/VehicleAdvBP/Blueprints/MiniMapTex.uasset
[2017.10.22-23.03.40:487][691]BlueprintLog: New page: Compile VehicleBlueprint
[2017.10.22-23.03.41:368][696]Cmd: OBJ SAVEPACKAGE PACKAGE="/Game/VehicleAdvBP/Blueprints/VehicleBlueprint" FILE="../../../../../Unreal Games/ScrumLordRacing/Content/VehicleAdvBP/Blueprints/VehicleBlueprint.uasset" SILENT=true
[2017.10.22-23.03.41:532][696]LogSavePackage: Save=159.23ms
[2017.10.22-23.03.41:532][696]LogSavePackage: Moving '../../../../../Unreal Games/ScrumLordRacing/Saved/VehicleBlueprintF779B1B0489F3EDDD5DFBA81CB8B1B78.tmp' to '../../../../../Unreal Games/ScrumLordRacing/Content/VehicleAdvBP/Blueprints/VehicleBlueprint.uasset'
[2017.10.22-23.03.41:534][696]LogSavePackage: Display: Finished SavePackage ../../../../../Unreal Games/ScrumLordRacing/Content/VehicleAdvBP/Blueprints/VehicleBlueprint.uasset
[2017.10.22-23.03.57:820][119]LogContentBrowser: Native class hierarchy updated for 'MaterialEditor' in 0.0008 seconds. Added 1 classes and 0 folders.
[2017.10.22-23.03.57:841][119]LogMaterial: Missing cached shader map for material MiniMapMat, compiling. 
[2017.10.22-23.03.57:996][119]LogMaterial: Missing cached shader map for material MiniMapMat, compiling. 
[2017.10.22-23.03.59:491][142]MaterialEditorStats: Base pass shader: 78 instructions
[2017.10.22-23.03.59:491][142]MaterialEditorStats: Vertex shader: 29 instructions
[2017.10.22-23.03.59:491][142]MaterialEditorStats: Texture samplers: 1/16
[2017.10.22-23.04.08:763][307]LogMaterial: Missing cached shader map for material MiniMapMat, compiling. 
[2017.10.22-23.04.08:774][307]LogMaterial: Missing cached shader map for material MiniMapMat, compiling. 
[2017.10.22-23.04.09:204][315]MaterialEditorStats: Base pass shader without light map: 29 instructions
[2017.10.22-23.04.09:204][315]MaterialEditorStats: Vertex shader: 29 instructions
[2017.10.22-23.04.09:204][315]MaterialEditorStats: Texture samplers: 0/16
[2017.10.22-23.04.11:056][346]LogMaterial: Missing cached shader map for material MiniMapMat, compiling. 
[2017.10.22-23.04.11:076][346]LogMaterial: Missing cached shader map for material MiniMapMat, compiling. 
[2017.10.22-23.04.11:943][364]MaterialEditorStats: Default UI Pixel Shader: 15 instructions
[2017.10.22-23.04.11:943][364]MaterialEditorStats: Default UI Vertex Shader: 17 instructions
[2017.10.22-23.04.11:943][364]MaterialEditorStats: Instanced UI Vertex Shader: 17 instructions
[2017.10.22-23.04.11:943][364]MaterialEditorStats: Texture samplers: 1/16
[2017.10.22-23.04.47:779][162]LogMaterial: Missing cached shader map for material MiniMapMat, compiling. 
[2017.10.22-23.04.47:793][162]LogMaterial: Missing cached shader map for material FMatExpressionPreview MaterialExpressionTextureSample_0, compiling. 
[2017.10.22-23.04.47:829][162]LogMaterial: Missing cached shader map for material FMatExpressionPreview MaterialExpressionTextureSample_0, compiling. 
[2017.10.22-23.04.48:665][184]MaterialEditorStats: Default UI Pixel Shader: 15 instructions
[2017.10.22-23.04.48:665][184]MaterialEditorStats: Default UI Vertex Shader: 17 instructions
[2017.10.22-23.04.48:665][184]MaterialEditorStats: Instanced UI Vertex Shader: 17 instructions
[2017.10.22-23.04.48:665][184]MaterialEditorStats: Texture samplers: 1/16
