Log file open, 10/11/17 00:01:29
LogInit:Display: Running engine for game: ScrumLordRacing
LogPlatformFile: Not using cached read wrapper
LogInit:Display: RandInit(2131939846) SRandInit(2131939846).
LogTaskGraph: Started task graph with 5 named threads and 8 total threads with 1 sets of task threads.
LogStats: Stats thread started at 0.112108
LogInit: Using libcurl 7.47.1
LogInit:  - built for x86_64-pc-win32
LogInit:  - supports SSL with OpenSSL/1.0.2g
LogInit:  - supports HTTP deflate (compression) using libz 1.2.8
LogInit:  - other features:
LogInit:      CURL_VERSION_SSL
LogInit:      CURL_VERSION_LIBZ
LogInit:      CURL_VERSION_IPV6
LogInit:      CURL_VERSION_ASYNCHDNS
LogInit:      CURL_VERSION_LARGEFILE
LogInit:      CURL_VERSION_IDN
LogInit:  CurlRequestOptions (configurable via config and command line):
LogInit:  - bVerifyPeer = false  - Libcurl will NOT verify peer certificate
LogInit:  - bUseHttpProxy = false  - Libcurl will NOT use HTTP proxy
LogInit:  - bDontReuseConnections = false  - Libcurl will reuse connections
LogInit:  - CertBundlePath = nullptr  - Libcurl will use whatever was configured at build time.
LogInit: Build: ++UE4+Release-4.16-CL-3561208
LogInit: Engine Version: 4.16.3-3561208+++UE4+Release-4.16
LogInit: Compatible Engine Version: 4.16.0-3452394+++UE4+Release-4.16
LogInit: Net CL: 3452394
LogDevObjectVersion: Number of dev versions registered: 16
LogDevObjectVersion:   Dev-Blueprints (B0D832E4-1F89-4F0D-ACCF-7EB736FD4AA2): 9
LogDevObjectVersion:   Dev-Build (E1C64328-A22C-4D53-A36C-8E866417BD8C): 0
LogDevObjectVersion:   Dev-Core (375EC13C-06E4-48FB-B500-84F0262A717E): 2
LogDevObjectVersion:   Dev-Editor (E4B068ED-F494-42E9-A231-DA0B2E46BB41): 17
LogDevObjectVersion:   Dev-Framework (CFFC743F-43B0-4480-9391-14DF171D2073): 23
LogDevObjectVersion:   Dev-Mobile (B02B49B5-BB20-44E9-A304-32B752E40360): 0
LogDevObjectVersion:   Dev-Networking (A4E4105C-59A1-49B5-A7C5-40C4547EDFEE): 0
LogDevObjectVersion:   Dev-Online (39C831C9-5AE6-47DC-9A44-9C173E1C8E7C): 0
LogDevObjectVersion:   Dev-Physics (78F01B33-EBEA-4F98-B9B4-84EACCB95AA2): 0
LogDevObjectVersion:   Dev-Platform (6631380F-2D4D-43E0-8009-CF276956A95A): 0
LogDevObjectVersion:   Dev-Rendering (12F88B9F-8875-4AFC-A67C-D90C383ABD29): 15
LogDevObjectVersion:   Dev-Sequencer (7B5AE74C-D270-4C10-A958-57980B212A5A): 4
LogDevObjectVersion:   Dev-VR (D7296918-1DD6-4BDD-9DE2-64A83CC13884): 0
LogDevObjectVersion:   Dev-LoadTimes (C2A15278-BFE7-4AFE-6C17-90FF531DF755): 1
LogDevObjectVersion:   Private-Geometry (6EACA3D4-40EC-4CC1-B786-8BED09428FC5): 1
LogDevObjectVersion:   Dev-AnimPhys (29E575DD-E0A3-4627-9D10-D276232CDCEA): 3
LogInit: Compiled (64-bit): Jul 28 2017 11:49:47
LogInit: Compiled with Visual C++: 19.00.24215.01
LogInit: Build Configuration: Development
LogInit: Branch Name: ++UE4+Release-4.16
LogInit: Command line:  /Temp/Autosaves/Game/Maps/MainMenu/UEDPCMainMenu -game -PIEVIACONSOLE -ResX=1280 -ResY=720  -Multiprocess -messaging -SessionName="Play in Standalone Game" -windowed 
LogInit: Base directory: C:/Program Files/Epic Games/UE_4.16/Engine/Binaries/Win64/
LogInit: Installed Engine Build: 1
LogInit: Presizing for max 8388607 objects, including 0 objects not considered by GC, pre-allocating 0 bytes for permanent pool.
LogInit: Object subsystem initialized
[2017.10.11-04.01.30:083][  0]LogInit: Selected Device Profile: [Windows]
[2017.10.11-04.01.30:083][  0]LogInit: Applying CVar settings loaded from the selected device profile: [Windows]
[2017.10.11-04.01.30:089][  0]LogInit: Computer: ALEX
[2017.10.11-04.01.30:089][  0]LogInit: User: galla000
[2017.10.11-04.01.30:089][  0]LogInit: CPU Page size=4096, Cores=4
[2017.10.11-04.01.30:089][  0]LogInit: High frequency timer resolution =2.825497 MHz
[2017.10.11-04.01.30:089][  0]LogMemory: Memory total: Physical=31.9GB (32GB approx)
[2017.10.11-04.01.30:089][  0]LogMemory: Platform Memory Stats for Windows
[2017.10.11-04.01.30:089][  0]LogMemory: Process Physical Memory: 271.34 MB used, 271.34 MB peak
[2017.10.11-04.01.30:089][  0]LogMemory: Process Virtual Memory: 260.73 MB used, 260.73 MB peak
[2017.10.11-04.01.30:089][  0]LogMemory: Physical Memory: 8006.89 MB used,  24642.13 MB free, 32649.02 MB total
[2017.10.11-04.01.30:089][  0]LogMemory: Virtual Memory: 621.52 MB used,  24642.13 MB free, 134217728.00 MB total
[2017.10.11-04.01.30:171][  0]LogInit: Using OS detected language (en-US).
[2017.10.11-04.01.30:172][  0]LogInit: Using OS detected locale (en-US).
[2017.10.11-04.01.30:175][  0]LogTextLocalizationManager: No specific localization for 'en-US' exists, so the 'en' localization will be used.
[2017.10.11-04.01.31:079][  0]LogD3D11RHI: D3D11 adapters:
[2017.10.11-04.01.31:095][  0]LogD3D11RHI:    0. 'Intel(R) HD Graphics 4600' (Feature Level 11_0)
[2017.10.11-04.01.31:095][  0]LogD3D11RHI:       4054/0/16324 MB DedicatedVideo/DedicatedSystem/SharedSystem, Outputs:1, VendorId:0x8086
[2017.10.11-04.01.31:096][  0]LogD3D11RHI:    1. 'Microsoft Basic Render Driver' (Feature Level 11_0)
[2017.10.11-04.01.31:096][  0]LogD3D11RHI:       0/0/256 MB DedicatedVideo/DedicatedSystem/SharedSystem, Outputs:0, VendorId:0x1414
[2017.10.11-04.01.31:096][  0]LogD3D11RHI: Chosen D3D11 Adapter: 0
[2017.10.11-04.01.31:101][  0]LogD3D11RHI: Creating new Direct3DDevice
[2017.10.11-04.01.31:101][  0]LogD3D11RHI:     GPU DeviceId: 0x416 (for the marketing name, search the web for "GPU Device Id")
[2017.10.11-04.01.31:101][  0]LogWindows: EnumDisplayDevices:
[2017.10.11-04.01.31:101][  0]LogWindows:    0. 'Intel(R) HD Graphics 4600' (P:1 D:1)
[2017.10.11-04.01.31:101][  0]LogWindows:    1. 'Intel(R) HD Graphics 4600' (P:0 D:0)
[2017.10.11-04.01.31:101][  0]LogWindows:    2. 'Intel(R) HD Graphics 4600' (P:0 D:0)
[2017.10.11-04.01.31:101][  0]LogWindows:    3. 'Intel(R) HD Graphics 4600' (P:0 D:0)
[2017.10.11-04.01.31:101][  0]LogWindows: DebugString: FoundDriverCount:4 
[2017.10.11-04.01.31:101][  0]LogD3D11RHI:     Adapter Name: Intel(R) HD Graphics 4600
[2017.10.11-04.01.31:101][  0]LogD3D11RHI:   Driver Version: 10.18.10.3304 (internal:10.18.10.3304, unified:10.18.10.3304)
[2017.10.11-04.01.31:101][  0]LogD3D11RHI:      Driver Date: 9-9-2013
[2017.10.11-04.01.31:101][  0]LogRHI: Texture pool is 1361 MB (70% of 1945 MB)
[2017.10.11-04.01.31:111][  0]LogD3D11RHI: Async texture creation enabled
[2017.10.11-04.01.31:127][  0]LogD3D11RHI: GPU Timing Frequency: 12.500000 (Debug: 2 2)
[2017.10.11-04.01.31:128][  0]LogShaderCompilers: Guid format shader working directory is 19 characters bigger than the processId version (D:/Unreal Games/ScrumLordRacing/Intermediate/Shaders/WorkingDirectory/2268/).
[2017.10.11-04.01.31:128][  0]LogShaderCompilers: Cleaned the shader compiler working directory 'C:/Users/galla_000/AppData/Local/Temp/UnrealShaderWorkingDir/D0F831BF4023B22FAE03F592E83636E9/'.
[2017.10.11-04.01.31:128][  0]LogShaderCompilers:Display: Using Local Shader Compiler.
[2017.10.11-04.01.32:035][  0]LogTemp:Display: Loaded TP WindowsClientTargetPlatform
[2017.10.11-04.01.32:073][  0]LogTemp:Display: Loaded TP WindowsNoEditorTargetPlatform
[2017.10.11-04.01.32:110][  0]LogTemp:Display: Loaded TP WindowsServerTargetPlatform
[2017.10.11-04.01.32:142][  0]LogTemp:Display: Loaded TP WindowsTargetPlatform
[2017.10.11-04.01.32:142][  0]LogTargetPlatformManager:Display: Building Assets For Windows
[2017.10.11-04.01.32:505][  0]LogDerivedDataCache:Display: Max Cache Size: 512 MB
[2017.10.11-04.01.32:606][  0]LogDerivedDataCache: Loaded boot cache 0.10s 90MB C:/Users/galla_000/AppData/Local/UnrealEngine/4.16/DerivedDataCache/Boot.ddc.
[2017.10.11-04.01.32:606][  0]LogDerivedDataCache:Display: Loaded Boot cache: C:/Users/galla_000/AppData/Local/UnrealEngine/4.16/DerivedDataCache/Boot.ddc
[2017.10.11-04.01.32:606][  0]LogDerivedDataCache: FDerivedDataBackendGraph:  Pak pak cache file D:/Unreal Games/ScrumLordRacing/DerivedDataCache/DDC.ddp not found, will not use a pak cache.
[2017.10.11-04.01.32:606][  0]LogDerivedDataCache: Unable to find inner node Pak for hierarchical cache Hierarchy.
[2017.10.11-04.01.32:606][  0]LogDerivedDataCache: FDerivedDataBackendGraph:  CompressedPak pak cache file D:/Unreal Games/ScrumLordRacing/DerivedDataCache/Compressed.ddp not found, will not use a pak cache.
[2017.10.11-04.01.32:606][  0]LogDerivedDataCache: Unable to find inner node CompressedPak for hierarchical cache Hierarchy.
[2017.10.11-04.01.32:623][  0]LogDerivedDataCache:Display: Pak cache opened for reading ../../../Engine/DerivedDataCache/Compressed.ddp.
[2017.10.11-04.01.32:635][  0]LogDerivedDataCache: Using Local data cache path C:/Users/galla_000/AppData/Local/UnrealEngine/Common/DerivedDataCache: Writable
[2017.10.11-04.01.32:644][  0]LogMaterial: Verifying Global Shaders for PCD3D_SM5
[2017.10.11-04.01.32:644][  0]LogSlate: Using Freetype 2.6.0
[2017.10.11-04.01.32:644][  0]LogSlate: SlateFontCache - WITH_FREETYPE: 1, WITH_HARFBUZZ: 1
[2017.10.11-04.01.32:644][  0]LogSlate: SlateFontCache - WITH_FREETYPE: 1, WITH_HARFBUZZ: 1
[2017.10.11-04.01.32:856][  0]LogAssetRegistry: FAssetRegistry took 0.0040 seconds to start up
[2017.10.11-04.01.32:862][  0]LogPackageLocalizationCache: Processed 4 localized package path(s) for 2 prioritized culture(s) in 0.005892 seconds
[2017.10.11-04.01.32:928][  0]LogInit: Selected Device Profile: [Windows]
[2017.10.11-04.01.33:048][  0]LogContentStreaming: Texture pool size is 1000.00 MB
[2017.10.11-04.01.33:210][  0]LogMeshUtilities: Using QuadricMeshReduction for automatic static mesh reduction
[2017.10.11-04.01.33:242][  0]LogSimplygon: Simplygon DLL not present - disabling.
[2017.10.11-04.01.33:276][  0]LogMeshUtilities: Using SimplygonSwarm for distributed automatic mesh merging
[2017.10.11-04.01.33:276][  0]LogMeshUtilities: No automatic skeletal mesh reduction module available
[2017.10.11-04.01.33:276][  0]LogMeshUtilities: No automatic mesh merging module available
[2017.10.11-04.01.33:777][  0]LogNetVersion: ScrumLordRacing , NetCL: 3452394, EngineNetVer: 2, GameNetVer: 0 (Checksum: 1756322102)
[2017.10.11-04.01.33:838][  0]LogInit: WinSock: version 1.1 (2.2), MaxSocks=32767, MaxUdp=65467
[2017.10.11-04.01.34:633][  0]LogMoviePlayer: Initializing movie player
[2017.10.11-04.01.34:919][  0]LogCollectionManager: Loaded 0 collections in 0.001184 seconds
[2017.10.11-04.01.34:968][  0]LogFileCache: Scanning file cache for directory 'D:/Unreal Games/ScrumLordRacing/Saved/Collections/' took 0.01s
[2017.10.11-04.01.34:968][  0]LogFileCache: Scanning file cache for directory 'D:/Unreal Games/ScrumLordRacing/Content/Developers/galla000/Collections/' took 0.01s
[2017.10.11-04.01.34:968][  0]LogFileCache: Scanning file cache for directory 'D:/Unreal Games/ScrumLordRacing/Content/Collections/' took 0.01s
[2017.10.11-04.01.34:968][  0]LogCollectionManager: Rebuilt the object cache for 0 collections in 0.000001 seconds (found 0 objects)
[2017.10.11-04.01.34:968][  0]LogCollectionManager: Fixed up redirectors for 0 collections in 0.000037 seconds (updated 0 objects)
[2017.10.11-04.01.35:087][  0]LogTcpMessaging: Initializing TcpMessaging bridge
[2017.10.11-04.01.35:121][  0]LogUdpMessaging: Initializing bridge on interface 0.0.0.0:0 to multicast group 230.0.0.1:6666.
[2017.10.11-04.01.35:424][  0]SourceControl: Info Source control is disabled
[2017.10.11-04.01.35:424][  0]SourceControl: Info Source control is disabled
[2017.10.11-04.01.35:458][  0]SourceControl: Info Source control is disabled
[2017.10.11-04.01.35:679][  0]LogAndroidPermission: UAndroidPermissionCallbackProxy::GetInstance
[2017.10.11-04.01.35:988][  0]LogUObjectArray: 37251 objects as part of root set at end of initial load.
[2017.10.11-04.01.35:988][  0]LogUObjectAllocator: 8404640 out of 0 bytes used by permanent object pool.
[2017.10.11-04.01.35:988][  0]LogUObjectArray: CloseDisregardForGC: 0/0 objects in disregard for GC pool
[2017.10.11-04.01.36:082][  0]LogEngine: Initializing Engine...
[2017.10.11-04.01.36:082][  0]LogHMD: Failed to initialize OpenVR with code 110
[2017.10.11-04.01.36:267][  0]LogStats: UGameplayTagsManager::ConstructGameplayTagTree: Construct from data asset -  0.000 s
[2017.10.11-04.01.36:267][  0]LogStats: UGameplayTagsManager::ConstructGameplayTagTree: GameplayTagTreeChangedEvent.Broadcast -  0.000 s
[2017.10.11-04.01.36:276][  0]LogInit: XAudio2 using 'Speakers (Realtek High Definition Audio)' : 2 channels at 48 kHz using 32 bits per sample (channel mask 0x3)
[2017.10.11-04.01.36:413][  0]LogInit: FAudioDevice initialized.
[2017.10.11-04.01.36:438][  0]LogInit: Texture streaming: Enabled
[2017.10.11-04.01.36:453][  0]LogMaterial: Uniform references updated for custom material expression Custom.
[2017.10.11-04.01.36:666][  0]LogSlateStyle:Warning: Unable to find Slate Widget Style 'NormalText'. Using FTextBlockStyle defaults instead.
[2017.10.11-04.01.36:666][  0]LogSlateStyle:Warning: Unable to find Slate Widget Style 'SpinBox'. Using FSpinBoxStyle defaults instead.
[2017.10.11-04.01.36:826][  0]LogInit:Display: Game Engine Initialized.
[2017.10.11-04.01.36:939][  0]LogInit:Display: Starting Game.
[2017.10.11-04.01.36:940][  0]LogNet: Browse: /Temp/Autosaves/Game/Maps/MainMenu/UEDPCMainMenu?Name=Player
[2017.10.11-04.01.36:941][  0]LogLoad: LoadMap: /Temp/Autosaves/Game/Maps/MainMenu/UEDPCMainMenu?Name=Player
[2017.10.11-04.01.36:963][  0]LogMemory: Platform Memory Stats for Windows
[2017.10.11-04.01.36:963][  0]LogMemory: Process Physical Memory: 679.65 MB used, 873.41 MB peak
[2017.10.11-04.01.36:963][  0]LogMemory: Process Virtual Memory: 653.63 MB used, 826.99 MB peak
[2017.10.11-04.01.36:963][  0]LogMemory: Physical Memory: 8438.97 MB used,  24210.05 MB free, 32649.02 MB total
[2017.10.11-04.01.36:963][  0]LogMemory: Virtual Memory: 1241.50 MB used,  24210.05 MB free, 134217728.00 MB total
[2017.10.11-04.01.36:963][  0]LogMemory: 
[2017.10.11-04.01.36:963][  0]Allocator Stats for TBB: (not implemented)
[2017.10.11-04.01.37:275][  0]LogAIModule: Creating AISystem for world MainMenu
[2017.10.11-04.01.37:278][  0]LogLoad: Game class is 'VehicleAdvGameMode_C'
[2017.10.11-04.01.37:283][  0]LogWorld: Bringing World /Temp/Autosaves/Game/Maps/MainMenu/UEDPCMainMenu.MainMenu up for play (max tick rate 0) at 2017.10.11-00.01.37
[2017.10.11-04.01.37:283][  0]LogWorld: Bringing up level for play took: 0.000524
[2017.10.11-04.01.37:295][  0]LogLoad: Took 0.354309 seconds to LoadMap(/Temp/Autosaves/Game/Maps/MainMenu/UEDPCMainMenu)
[2017.10.11-04.01.37:599][  0]LogRenderer: Reallocating scene render targets to support 1280x720 NumSamples 1 (Frame:1).
[2017.10.11-04.01.37:599][  0]LogLoad: (Engine Initialization) Total time: 9.21 seconds
[2017.10.11-04.01.37:599][  0]LogLoad: (Engine Initialization) Total Blueprint compile time: 0.10 seconds
[2017.10.11-04.01.37:599][  0]LogExternalProfiler: No external profilers were discovered.  External profiling features will not be available.
[2017.10.11-04.01.37:645][  0]LogOcInput: OculusInput pre-init called
[2017.10.11-04.01.37:645][  0]LogRawInputWindows:Warning: Found device 0 devices
[2017.10.11-04.01.37:645][  0]LogRawInputWindows:Warning: Found device 0 devices
[2017.10.11-04.01.37:645][  0]LogRawInputWindows:Warning: Device was registered succesfully but not connected (Usage:4 UsagePage:1
[2017.10.11-04.01.37:645][  0]LogRawInputWindows:Warning: Found device 1 devices
[2017.10.11-04.01.37:645][  0]LogRawInputWindows:Warning: Device was registered succesfully but not connected (Usage:5 UsagePage:1
[2017.10.11-04.01.37:645][  0]LogHMD: Starting GearVRController plugin
[2017.10.11-04.01.41:576][ 99]LogRenderer: Reallocating scene render targets to support 1920x1020 NumSamples 1 (Frame:102).
[2017.10.11-04.01.44:087][140]LogPackageName: SearchForPackageOnDisk took   0.055s to resolve MapSelect.umap.
[2017.10.11-04.01.44:145][140]LogPackageName: SearchForPackageOnDisk took   0.056s to resolve MapSelect.umap.
[2017.10.11-04.01.44:145][140]LogNet: Browse: /Game/Maps/MapSelectMenu/MapSelect
[2017.10.11-04.01.44:145][140]LogLoad: LoadMap: /Game/Maps/MapSelectMenu/MapSelect
[2017.10.11-04.01.44:169][140]LogMemory: Platform Memory Stats for Windows
[2017.10.11-04.01.44:169][140]LogMemory: Process Physical Memory: 762.23 MB used, 873.41 MB peak
[2017.10.11-04.01.44:169][140]LogMemory: Process Virtual Memory: 739.90 MB used, 826.99 MB peak
[2017.10.11-04.01.44:169][140]LogMemory: Physical Memory: 8779.26 MB used,  23869.77 MB free, 32649.02 MB total
[2017.10.11-04.01.44:169][140]LogMemory: Virtual Memory: 1510.89 MB used,  23869.77 MB free, 134217728.00 MB total
[2017.10.11-04.01.44:169][140]LogMemory: 
[2017.10.11-04.01.44:169][140]Allocator Stats for TBB: (not implemented)
[2017.10.11-04.01.44:207][140]LogAIModule: Creating AISystem for world MapSelect
[2017.10.11-04.01.44:392][140]LogLoad: Game class is 'VehicleAdvGameMode_C'
[2017.10.11-04.01.44:398][140]LogWorld: Bringing World /Game/Maps/MapSelectMenu/MapSelect.MapSelect up for play (max tick rate 0) at 2017.10.11-00.01.44
[2017.10.11-04.01.44:398][140]LogWorld: Bringing up level for play took: 0.000566
[2017.10.11-04.01.44:399][140]LogGameMode: FindPlayerStart: PATHS NOT DEFINED or NO PLAYERSTART with positive rating
[2017.10.11-04.01.44:400][140]LogLoad: Took 0.253987 seconds to LoadMap(/Game/Maps/MapSelectMenu/MapSelect)
[2017.10.11-04.01.46:332][174]LogPackageName: SearchForPackageOnDisk took   0.058s to resolve TrackOne.umap.
[2017.10.11-04.01.46:394][174]LogPackageName: SearchForPackageOnDisk took   0.060s to resolve TrackOne.umap.
[2017.10.11-04.01.46:394][174]LogNet: Browse: /Game/Maps/TrackOne/TrackOne
[2017.10.11-04.01.46:394][174]LogLoad: LoadMap: /Game/Maps/TrackOne/TrackOne
[2017.10.11-04.01.46:417][174]LogMemory: Platform Memory Stats for Windows
[2017.10.11-04.01.46:417][174]LogMemory: Process Physical Memory: 778.30 MB used, 873.41 MB peak
[2017.10.11-04.01.46:417][174]LogMemory: Process Virtual Memory: 750.43 MB used, 826.99 MB peak
[2017.10.11-04.01.46:417][174]LogMemory: Physical Memory: 8809.90 MB used,  23839.12 MB free, 32649.02 MB total
[2017.10.11-04.01.46:417][174]LogMemory: Virtual Memory: 1518.45 MB used,  23839.12 MB free, 134217728.00 MB total
[2017.10.11-04.01.46:417][174]LogMemory: 
[2017.10.11-04.01.46:417][174]Allocator Stats for TBB: (not implemented)
[2017.10.11-04.01.46:846][174]LogAIModule: Creating AISystem for world TrackOne
[2017.10.11-04.01.46:850][174]LogLoad: Game class is 'VehicleAdvGameMode_C'
[2017.10.11-04.01.46:877][174]PIE:Warning: Warning Attempting to move a fully simulated skeletal mesh VehicleMesh. Please use the Teleport flag
[2017.10.11-04.01.46:878][174]LogWorld: Bringing World /Game/Maps/TrackOne/TrackOne.TrackOne up for play (max tick rate 0) at 2017.10.11-00.01.46
[2017.10.11-04.01.46:880][174]LogWorld: Bringing up level for play took: 0.025757
[2017.10.11-04.01.46:880][174]LogGameMode: FindPlayerStart: PATHS NOT DEFINED or NO PLAYERSTART with positive rating
[2017.10.11-04.01.46:884][174]LogLoad: Took 0.490393 seconds to LoadMap(/Game/Maps/TrackOne/TrackOne)
[2017.10.11-04.02.13:419][490]PIE:Warning: Warning Invalid Simulate Options: Body (Barrel_82.Destructible 1M_Cube_2_DM) is set to simulate physics but Collision Enabled is incompatible
[2017.10.11-04.02.18:813][554]LogWindowsTextInputMethodSystem:Display: IME system now deactivated.
[2017.10.11-04.02.18:816][554]LogWindowsTextInputMethodSystem:Display: IME system now deactivated.
[2017.10.11-04.02.18:818][554]LogEngine: All Windows Closed
[2017.10.11-04.02.18:818][554]LogWindows: FPlatformMisc::RequestExit(0)
[2017.10.11-04.02.19:108][555]LogExit: Preparing to exit.
[2017.10.11-04.02.19:108][555]LogMoviePlayer: Shutting down movie player
[2017.10.11-04.02.20:273][555]LogExit: Game engine shut down
[2017.10.11-04.02.20:320][555]LogObj: Freed 0b from 0 cluster array pools.
[2017.10.11-04.02.20:320][555]LogExit: Object subsystem successfully closed.
[2017.10.11-04.02.20:334][555]LogD3D11RHI: Shutdown
[2017.10.11-04.02.20:334][555]LogD3D11RHI: CleanupD3DDevice
[2017.10.11-04.02.20:422][555]LogD3D11RHI: ~FD3D11DynamicRHI
[2017.10.11-04.02.20:428][555]LogModuleManager: Shutting down and abandoning module SequenceRecorderSections (298)
[2017.10.11-04.02.20:428][555]LogModuleManager: Shutting down and abandoning module SequenceRecorder (296)
[2017.10.11-04.02.20:428][555]LogModuleManager: Shutting down and abandoning module AutomationController (294)
[2017.10.11-04.02.20:428][555]LogModuleManager: Shutting down and abandoning module AutomationWorker (292)
[2017.10.11-04.02.20:428][555]LogModuleManager: Shutting down and abandoning module AIModule (290)
[2017.10.11-04.02.20:428][555]LogModuleManager: Shutting down and abandoning module GameplayDebugger (289)
[2017.10.11-04.02.20:428][555]LogModuleManager: Shutting down and abandoning module AITestSuite (287)
[2017.10.11-04.02.20:428][555]LogModuleManager: Shutting down and abandoning module WmfMediaFactory (284)
[2017.10.11-04.02.20:428][555]LogModuleManager: Shutting down and abandoning module AvfMediaFactory (282)
[2017.10.11-04.02.20:428][555]LogModuleManager: Shutting down and abandoning module AndroidMediaFactory (280)
[2017.10.11-04.02.20:428][555]LogModuleManager: Shutting down and abandoning module Media (279)
[2017.10.11-04.02.20:428][555]LogModuleManager: Shutting down and abandoning module CharacterAI (276)
[2017.10.11-04.02.20:428][555]LogModuleManager: Shutting down and abandoning module SessionServices (274)
[2017.10.11-04.02.20:428][555]LogModuleManager: Shutting down and abandoning module MovieSceneCapture (272)
[2017.10.11-04.02.20:428][555]LogModuleManager: Shutting down and abandoning module MovieSceneTracks (270)
[2017.10.11-04.02.20:428][555]LogModuleManager: Shutting down and abandoning module MovieScene (268)
[2017.10.11-04.02.20:428][555]LogModuleManager: Shutting down and abandoning module GeometryCache (266)
[2017.10.11-04.02.20:428][555]LogModuleManager: Shutting down and abandoning module GeometryCacheEd (265)
[2017.10.11-04.02.20:428][555]LogModuleManager: Shutting down and abandoning module Niagara (262)
[2017.10.11-04.02.20:428][555]LogModuleManager: Shutting down and abandoning module NiagaraEditor (261)
[2017.10.11-04.02.20:428][555]LogModuleManager: Shutting down and abandoning module StreamingPauseRendering (258)
[2017.10.11-04.02.20:428][555]LogModuleManager: Shutting down and abandoning module PortalServices (256)
[2017.10.11-04.02.20:428][555]LogModuleManager: Shutting down and abandoning module PortalRpc (254)
[2017.10.11-04.02.20:429][555]LogModuleManager: Shutting down and abandoning module MessagingRpc (252)
[2017.10.11-04.02.20:429][555]LogModuleManager: Shutting down and abandoning module ProfilerService (250)
[2017.10.11-04.02.20:607][555]LogModuleManager: Shutting down and abandoning module TaskGraph (248)
[2017.10.11-04.02.20:607][555]LogModuleManager: Shutting down and abandoning module SteamVRController (246)
[2017.10.11-04.02.20:607][555]LogModuleManager: Shutting down and abandoning module SteamVR (244)
[2017.10.11-04.02.20:607][555]LogModuleManager: Shutting down and abandoning module ProceduralMeshComponent (242)
[2017.10.11-04.02.20:607][555]LogModuleManager: Shutting down and abandoning module OculusLibrary (240)
[2017.10.11-04.02.20:607][555]LogModuleManager: Shutting down and abandoning module OculusInput (238)
[2017.10.11-04.02.20:607][555]LogModuleManager: Shutting down and abandoning module MobilePatchingUtils (236)
[2017.10.11-04.02.20:607][555]LogModuleManager: Shutting down and abandoning module CustomMeshComponent (234)
[2017.10.11-04.02.20:607][555]LogModuleManager: Shutting down and abandoning module CableComponent (232)
[2017.10.11-04.02.20:607][555]LogModuleManager: Shutting down and abandoning module ArchVisCharacter (230)
[2017.10.11-04.02.20:607][555]LogModuleManager: Shutting down and abandoning module AndroidPermission (228)
[2017.10.11-04.02.20:607][555]LogModuleManager: Shutting down and abandoning module RawInput (224)
[2017.10.11-04.02.20:607][555]LogModuleManager: Shutting down and abandoning module HTML5Networking (222)
[2017.10.11-04.02.20:607][555]LogModuleManager: Shutting down and abandoning module VisualStudioSourceCodeAccess (220)
[2017.10.11-04.02.20:607][555]LogModuleManager: Shutting down and abandoning module DesktopPlatform (219)
[2017.10.11-04.02.20:607][555]LogModuleManager: Shutting down and abandoning module HotReload (217)
[2017.10.11-04.02.20:607][555]LogModuleManager: Shutting down and abandoning module UObjectPlugin (214)
[2017.10.11-04.02.20:607][555]LogModuleManager: Shutting down and abandoning module SubversionSourceControl (212)
[2017.10.11-04.02.20:607][555]LogModuleManager: Shutting down and abandoning module PerforceSourceControl (210)
[2017.10.11-04.02.20:607][555]LogModuleManager: Shutting down and abandoning module SourceControl (209)
[2017.10.11-04.02.20:607][555]LogModuleManager: Shutting down and abandoning module PhysXVehiclesEditor (206)
[2017.10.11-04.02.20:607][555]LogModuleManager: Shutting down and abandoning module PhysXVehicles (204)
[2017.10.11-04.02.20:607][555]LogModuleManager: Shutting down and abandoning module LocationServicesBPLibrary (202)
[2017.10.11-04.02.20:607][555]LogModuleManager: Shutting down and abandoning module ImmediatePhysicsEditor (200)
[2017.10.11-04.02.20:607][555]LogModuleManager: Shutting down and abandoning module ImmediatePhysics (198)
[2017.10.11-04.02.20:607][555]LogModuleManager: Shutting down and abandoning module UdpMessaging (196)
[2017.10.11-04.02.20:708][555]LogModuleManager: Shutting down and abandoning module TcpMessaging (194)
[2017.10.11-04.02.21:112][555]LogModuleManager: Shutting down and abandoning module GameplayTagsEditor (192)
[2017.10.11-04.02.21:112][555]LogModuleManager: Shutting down and abandoning module FacialAnimation (190)
[2017.10.11-04.02.21:112][555]LogModuleManager: Shutting down and abandoning module AssetManagerEditor (188)
[2017.10.11-04.02.21:112][555]LogModuleManager: Shutting down and abandoning module GraphEditor (187)
[2017.10.11-04.02.21:112][555]LogModuleManager: Shutting down and abandoning module ContentBrowser (185)
[2017.10.11-04.02.21:112][555]LogModuleManager: Shutting down and abandoning module CollectionManager (184)
[2017.10.11-04.02.21:112][555]LogDirectoryWatcher: A directory notification for 'D:/Unreal Games/ScrumLordRacing/Content/Collections/' was aborted.
[2017.10.11-04.02.21:112][555]LogDirectoryWatcher: A directory notification for 'D:/Unreal Games/ScrumLordRacing/Content/Developers/galla000/Collections/' was aborted.
[2017.10.11-04.02.21:112][555]LogDirectoryWatcher: A directory notification for 'D:/Unreal Games/ScrumLordRacing/Saved/Collections/' was aborted.
[2017.10.11-04.02.21:112][555]LogModuleManager: Shutting down and abandoning module DirectoryWatcher (183)
[2017.10.11-04.02.21:112][555]LogModuleManager: Shutting down and abandoning module LightPropagationVolumeRuntime (178)
[2017.10.11-04.02.21:112][555]LogModuleManager: Shutting down and abandoning module Paper2D (176)
[2017.10.11-04.02.21:112][555]LogModuleManager: Shutting down and abandoning module WindowsMoviePlayer (174)
[2017.10.11-04.02.21:112][555]LogModuleManager: Shutting down and abandoning module WmfMedia (172)
[2017.10.11-04.02.21:112][555]LogModuleManager: Shutting down and abandoning module ClothingSystemEditor (170)
[2017.10.11-04.02.21:112][555]LogModuleManager: Shutting down and abandoning module ClothingSystemRuntime (168)
[2017.10.11-04.02.21:112][555]LogModuleManager: Shutting down and abandoning module MediaAssets (166)
[2017.10.11-04.02.21:112][555]LogModuleManager: Shutting down and abandoning module GameLiveStreaming (164)
[2017.10.11-04.02.21:112][555]LogModuleManager: Shutting down and abandoning module VREditor (162)
[2017.10.11-04.02.21:112][555]LogModuleManager: Shutting down and abandoning module StringTableEditor (160)
[2017.10.11-04.02.21:112][555]LogModuleManager: Shutting down and abandoning module GameplayTasksEditor (158)
[2017.10.11-04.02.21:112][555]LogModuleManager: Shutting down and abandoning module BehaviorTreeEditor (156)
[2017.10.11-04.02.21:113][555]LogModuleManager: Shutting down and abandoning module FunctionalTesting (154)
[2017.10.11-04.02.21:113][555]LogModuleManager: Shutting down and abandoning module CollisionAnalyzer (152)
[2017.10.11-04.02.21:113][555]LogModuleManager: Shutting down and abandoning module UMG (150)
[2017.10.11-04.02.21:113][555]LogModuleManager: Shutting down and abandoning module UMGEditor (149)
[2017.10.11-04.02.21:113][555]LogModuleManager: Shutting down and abandoning module Sequencer (148)
[2017.10.11-04.02.21:113][555]LogModuleManager: Shutting down and abandoning module AssetTools (146)
[2017.10.11-04.02.21:113][555]LogModuleManager: Shutting down and abandoning module MessageLog (145)
[2017.10.11-04.02.21:113][555]LogModuleManager: Shutting down and abandoning module WorkspaceMenuStructure (144)
[2017.10.11-04.02.21:113][555]LogModuleManager: Shutting down and abandoning module SlateReflector (138)
[2017.10.11-04.02.21:113][555]LogModuleManager: Shutting down and abandoning module Slate (136)
[2017.10.11-04.02.21:113][555]LogModuleManager: Shutting down and abandoning module EditorStyle (134)
[2017.10.11-04.02.21:114][555]LogModuleManager: Shutting down and abandoning module Messaging (132)
[2017.10.11-04.02.21:114][555]LogModuleManager: Shutting down and abandoning module SourceCodeAccess (130)
[2017.10.11-04.02.21:114][555]LogModuleManager: Shutting down and abandoning module HeadMountedDisplay (128)
[2017.10.11-04.02.21:114][555]LogModuleManager: Shutting down and abandoning module XAudio2 (126)
[2017.10.11-04.02.21:114][555]LogModuleManager: Shutting down and abandoning module Networking (124)
[2017.10.11-04.02.21:114][555]LogModuleManager: Shutting down and abandoning module Core (120)
[2017.10.11-04.02.21:114][555]LogModuleManager: Shutting down and abandoning module KismetCompiler (118)
[2017.10.11-04.02.21:114][555]LogModuleManager: Shutting down and abandoning module LevelSequence (116)
[2017.10.11-04.02.21:114][555]LogModuleManager: Shutting down and abandoning module PhysXFormats (114)
[2017.10.11-04.02.21:114][555]LogModuleManager: Shutting down and abandoning module MeshUtilities (112)
[2017.10.11-04.02.21:115][555]LogModuleManager: Shutting down and abandoning module SimplygonSwarm (111)
[2017.10.11-04.02.21:115][555]LogModuleManager: Shutting down and abandoning module SimplygonMeshReduction (109)
[2017.10.11-04.02.21:115][555]LogModuleManager: Shutting down and abandoning module QuadricMeshReduction (107)
[2017.10.11-04.02.21:115][555]LogModuleManager: Shutting down and abandoning module AssetRegistry (104)
[2017.10.11-04.02.21:115][555]LogModuleManager: Shutting down and abandoning module DerivedDataCache (102)
[2017.10.11-04.02.21:187][555]LogDerivedDataCache: Shutdown
[2017.10.11-04.02.21:187][555]LogModuleManager: Shutting down and abandoning module TargetPlatform (100)
[2017.10.11-04.02.21:187][555]LogModuleManager: Shutting down and abandoning module VulkanShaderFormat (99)
[2017.10.11-04.02.21:187][555]LogModuleManager: Shutting down and abandoning module ShaderFormatVectorVM (97)
[2017.10.11-04.02.21:187][555]LogModuleManager: Shutting down and abandoning module ShaderFormatOpenGL (95)
[2017.10.11-04.02.21:187][555]LogModuleManager: Shutting down and abandoning module ShaderFormatD3D (93)
[2017.10.11-04.02.21:187][555]LogModuleManager: Shutting down and abandoning module MetalShaderFormat (91)
[2017.10.11-04.02.21:187][555]LogModuleManager: Shutting down and abandoning module TextureFormatUncompressed (89)
[2017.10.11-04.02.21:187][555]LogModuleManager: Shutting down and abandoning module TextureFormatPVR (87)
[2017.10.11-04.02.21:187][555]LogModuleManager: Shutting down and abandoning module TextureFormatDXT (85)
[2017.10.11-04.02.21:187][555]LogModuleManager: Shutting down and abandoning module TextureFormatIntelISPCTexComp (83)
[2017.10.11-04.02.21:187][555]LogModuleManager: Shutting down and abandoning module TextureFormatASTC (81)
[2017.10.11-04.02.21:187][555]LogModuleManager: Shutting down and abandoning module ImageWrapper (80)
[2017.10.11-04.02.21:187][555]LogModuleManager: Shutting down and abandoning module TextureFormatAndroid (77)
[2017.10.11-04.02.21:187][555]LogModuleManager: Shutting down and abandoning module AudioFormatOpus (75)
[2017.10.11-04.02.21:187][555]LogModuleManager: Shutting down and abandoning module AudioFormatOgg (73)
[2017.10.11-04.02.21:187][555]LogModuleManager: Shutting down and abandoning module AudioFormatADPCM (71)
[2017.10.11-04.02.21:187][555]LogModuleManager: Shutting down and abandoning module WindowsTargetPlatform (69)
[2017.10.11-04.02.21:187][555]LogModuleManager: Shutting down and abandoning module WindowsServerTargetPlatform (67)
[2017.10.11-04.02.21:187][555]LogModuleManager: Shutting down and abandoning module WindowsNoEditorTargetPlatform (65)
[2017.10.11-04.02.21:187][555]LogModuleManager: Shutting down and abandoning module WindowsClientTargetPlatform (63)
[2017.10.11-04.02.21:187][555]LogModuleManager: Shutting down and abandoning module InputCore (60)
[2017.10.11-04.02.21:187][555]LogModuleManager: Shutting down and abandoning module Settings (58)
[2017.10.11-04.02.21:187][555]LogModuleManager: Shutting down and abandoning module OculusRift (56)
[2017.10.11-04.02.21:187][555]LogModuleManager: Shutting down and abandoning module GearVRController (54)
[2017.10.11-04.02.21:187][555]LogModuleManager: Shutting down and abandoning module GearVR (52)
[2017.10.11-04.02.21:187][555]LogModuleManager: Shutting down and abandoning module ExampleDeviceProfileSelector (50)
[2017.10.11-04.02.21:187][555]LogModuleManager: Shutting down and abandoning module OnlineBlueprintSupport (48)
[2017.10.11-04.02.21:187][555]LogModuleManager: Shutting down and abandoning module OnlineSubsystem (44)
[2017.10.11-04.02.21:187][555]LogOnline:Display: Unloading online subsystem: NULL
[2017.10.11-04.02.21:187][555]LogModuleManager: Shutting down and abandoning module XMPP (43)
[2017.10.11-04.02.21:187][555]LogModuleManager: Shutting down and abandoning module HTTP (41)
[2017.10.11-04.02.21:200][555]LogModuleManager: Shutting down and abandoning module SSL (40)
[2017.10.11-04.02.21:201][555]LogModuleManager: Shutting down and abandoning module HTTPChunkInstaller (36)
[2017.10.11-04.02.21:201][555]LogModuleManager: Shutting down and abandoning module AnimationModifiers (34)
[2017.10.11-04.02.21:201][555]LogModuleManager: Shutting down and abandoning module PropertyEditor (33)
[2017.10.11-04.02.21:201][555]LogModuleManager: Shutting down and abandoning module AudioEditor (30)
[2017.10.11-04.02.21:201][555]LogModuleManager: Shutting down and abandoning module TextureCompressor (28)
[2017.10.11-04.02.21:201][555]LogModuleManager: Shutting down and abandoning module ShaderCore (26)
[2017.10.11-04.02.21:201][555]LogModuleManager: Shutting down and abandoning module Landscape (24)
[2017.10.11-04.02.21:201][555]LogModuleManager: Shutting down and abandoning module SlateRHIRenderer (22)
[2017.10.11-04.02.21:202][555]LogModuleManager: Shutting down and abandoning module OpenGLDrv (20)
[2017.10.11-04.02.21:202][555]LogModuleManager: Shutting down and abandoning module D3D11RHI (18)
[2017.10.11-04.02.21:202][555]LogModuleManager: Shutting down and abandoning module AnimGraphRuntime (16)
[2017.10.11-04.02.21:202][555]LogModuleManager: Shutting down and abandoning module Renderer (14)
[2017.10.11-04.02.21:202][555]LogModuleManager: Shutting down and abandoning module Engine (12)
[2017.10.11-04.02.21:202][555]LogModuleManager: Shutting down and abandoning module CoreUObject (10)
[2017.10.11-04.02.21:202][555]LogModuleManager: Shutting down and abandoning module NetworkFile (8)
[2017.10.11-04.02.21:202][555]LogModuleManager: Shutting down and abandoning module StreamingFile (6)
[2017.10.11-04.02.21:202][555]LogModuleManager: Shutting down and abandoning module SandboxFile (4)
[2017.10.11-04.02.21:202][555]LogModuleManager: Shutting down and abandoning module PakFile (2)
[2017.10.11-04.02.21:203][555]LogExit: Exiting.
[2017.10.11-04.02.21:204][555]Log file closed, 10/11/17 00:02:21
