Log file open, 10/07/17 11:44:23
LogInit:Display: Running engine for game: ScrumLordRacing
LogPlatformFile: Not using cached read wrapper
LogInit:Display: RandInit(-462862056) SRandInit(-462862056).
LogTaskGraph: Started task graph with 5 named threads and 8 total threads with 1 sets of task threads.
LogStats: Stats thread started at 0.670346
LogInit: Using libcurl 7.47.1
LogInit:  - built for x86_64-pc-win32
LogInit:  - supports SSL with OpenSSL/1.0.2g
LogInit:  - supports HTTP deflate (compression) using libz 1.2.8
LogInit:  - other features:
LogInit:      CURL_VERSION_SSL
LogInit:      CURL_VERSION_LIBZ
LogInit:      CURL_VERSION_IPV6
LogInit:      CURL_VERSION_ASYNCHDNS
LogInit:      CURL_VERSION_LARGEFILE
LogInit:      CURL_VERSION_IDN
LogInit:  CurlRequestOptions (configurable via config and command line):
LogInit:  - bVerifyPeer = false  - Libcurl will NOT verify peer certificate
LogInit:  - bUseHttpProxy = false  - Libcurl will NOT use HTTP proxy
LogInit:  - bDontReuseConnections = false  - Libcurl will reuse connections
LogInit:  - CertBundlePath = nullptr  - Libcurl will use whatever was configured at build time.
LogInit: Build: ++UE4+Release-4.16-CL-3561208
LogInit: Engine Version: 4.16.3-3561208+++UE4+Release-4.16
LogInit: Compatible Engine Version: 4.16.0-3452394+++UE4+Release-4.16
LogInit: Net CL: 3452394
LogDevObjectVersion: Number of dev versions registered: 16
LogDevObjectVersion:   Dev-Blueprints (B0D832E4-1F89-4F0D-ACCF-7EB736FD4AA2): 9
LogDevObjectVersion:   Dev-Build (E1C64328-A22C-4D53-A36C-8E866417BD8C): 0
LogDevObjectVersion:   Dev-Core (375EC13C-06E4-48FB-B500-84F0262A717E): 2
LogDevObjectVersion:   Dev-Editor (E4B068ED-F494-42E9-A231-DA0B2E46BB41): 17
LogDevObjectVersion:   Dev-Framework (CFFC743F-43B0-4480-9391-14DF171D2073): 23
LogDevObjectVersion:   Dev-Mobile (B02B49B5-BB20-44E9-A304-32B752E40360): 0
LogDevObjectVersion:   Dev-Networking (A4E4105C-59A1-49B5-A7C5-40C4547EDFEE): 0
LogDevObjectVersion:   Dev-Online (39C831C9-5AE6-47DC-9A44-9C173E1C8E7C): 0
LogDevObjectVersion:   Dev-Physics (78F01B33-EBEA-4F98-B9B4-84EACCB95AA2): 0
LogDevObjectVersion:   Dev-Platform (6631380F-2D4D-43E0-8009-CF276956A95A): 0
LogDevObjectVersion:   Dev-Rendering (12F88B9F-8875-4AFC-A67C-D90C383ABD29): 15
LogDevObjectVersion:   Dev-Sequencer (7B5AE74C-D270-4C10-A958-57980B212A5A): 4
LogDevObjectVersion:   Dev-VR (D7296918-1DD6-4BDD-9DE2-64A83CC13884): 0
LogDevObjectVersion:   Dev-LoadTimes (C2A15278-BFE7-4AFE-6C17-90FF531DF755): 1
LogDevObjectVersion:   Private-Geometry (6EACA3D4-40EC-4CC1-B786-8BED09428FC5): 1
LogDevObjectVersion:   Dev-AnimPhys (29E575DD-E0A3-4627-9D10-D276232CDCEA): 3
LogInit: Compiled (64-bit): Jul 28 2017 11:49:47
LogInit: Compiled with Visual C++: 19.00.24215.01
LogInit: Build Configuration: Development
LogInit: Branch Name: ++UE4+Release-4.16
LogInit: Command line:  
LogInit: Base directory: C:/Program Files/Epic Games/UE_4.16/Engine/Binaries/Win64/
LogInit: Installed Engine Build: 1
LogInit: Presizing for max 8388607 objects, including 0 objects not considered by GC, pre-allocating 0 bytes for permanent pool.
LogInit: Object subsystem initialized
[2017.10.07-15.44.23:871][  0]LogInit: Selected Device Profile: [Windows]
[2017.10.07-15.44.23:871][  0]LogInit: Applying CVar settings loaded from the selected device profile: [Windows]
[2017.10.07-15.44.23:912][  0]LogInit: Computer: ALEX
[2017.10.07-15.44.23:912][  0]LogInit: User: galla000
[2017.10.07-15.44.23:912][  0]LogInit: CPU Page size=4096, Cores=4
[2017.10.07-15.44.23:912][  0]LogInit: High frequency timer resolution =2.825505 MHz
[2017.10.07-15.44.23:913][  0]LogMemory: Memory total: Physical=31.9GB (32GB approx)
[2017.10.07-15.44.23:913][  0]LogMemory: Platform Memory Stats for Windows
[2017.10.07-15.44.23:913][  0]LogMemory: Process Physical Memory: 270.80 MB used, 270.80 MB peak
[2017.10.07-15.44.23:913][  0]LogMemory: Process Virtual Memory: 260.66 MB used, 260.66 MB peak
[2017.10.07-15.44.23:913][  0]LogMemory: Physical Memory: 3342.58 MB used,  29306.44 MB free, 32649.02 MB total
[2017.10.07-15.44.23:913][  0]LogMemory: Virtual Memory: 621.52 MB used,  29306.44 MB free, 134217728.00 MB total
[2017.10.07-15.44.24:189][  0]LogInit: Using OS detected language (en-US).
[2017.10.07-15.44.24:189][  0]LogInit: Using OS detected locale (en-US).
[2017.10.07-15.44.24:230][  0]LogTextLocalizationManager: No specific localization for 'en-US' exists, so the 'en' localization will be used.
[2017.10.07-15.44.26:380][  0]LogD3D11RHI: D3D11 adapters:
[2017.10.07-15.44.26:389][  0]LogD3D11RHI:    0. 'Intel(R) HD Graphics 4600' (Feature Level 11_0)
[2017.10.07-15.44.26:389][  0]LogD3D11RHI:       4054/0/16324 MB DedicatedVideo/DedicatedSystem/SharedSystem, Outputs:1, VendorId:0x8086
[2017.10.07-15.44.26:392][  0]LogD3D11RHI:    1. 'Microsoft Basic Render Driver' (Feature Level 11_0)
[2017.10.07-15.44.26:392][  0]LogD3D11RHI:       0/0/256 MB DedicatedVideo/DedicatedSystem/SharedSystem, Outputs:0, VendorId:0x1414
[2017.10.07-15.44.26:392][  0]LogD3D11RHI: Chosen D3D11 Adapter: 0
[2017.10.07-15.44.26:396][  0]LogD3D11RHI: Creating new Direct3DDevice
[2017.10.07-15.44.26:396][  0]LogD3D11RHI:     GPU DeviceId: 0x416 (for the marketing name, search the web for "GPU Device Id")
[2017.10.07-15.44.26:396][  0]LogWindows: EnumDisplayDevices:
[2017.10.07-15.44.26:396][  0]LogWindows:    0. 'Intel(R) HD Graphics 4600' (P:1 D:1)
[2017.10.07-15.44.26:396][  0]LogWindows:    1. 'Intel(R) HD Graphics 4600' (P:0 D:0)
[2017.10.07-15.44.26:396][  0]LogWindows:    2. 'Intel(R) HD Graphics 4600' (P:0 D:0)
[2017.10.07-15.44.26:397][  0]LogWindows:    3. 'Intel(R) HD Graphics 4600' (P:0 D:0)
[2017.10.07-15.44.26:397][  0]LogWindows: DebugString: FoundDriverCount:4 
[2017.10.07-15.44.26:397][  0]LogD3D11RHI:     Adapter Name: Intel(R) HD Graphics 4600
[2017.10.07-15.44.26:397][  0]LogD3D11RHI:   Driver Version: 10.18.10.3304 (internal:10.18.10.3304, unified:10.18.10.3304)
[2017.10.07-15.44.26:397][  0]LogD3D11RHI:      Driver Date: 9-9-2013
[2017.10.07-15.44.26:397][  0]LogRHI: Texture pool is 1361 MB (70% of 1945 MB)
[2017.10.07-15.44.26:406][  0]LogD3D11RHI: Async texture creation enabled
[2017.10.07-15.44.26:443][  0]LogD3D11RHI: GPU Timing Frequency: 12.500000 (Debug: 2 3)
[2017.10.07-15.44.26:449][  0]LogShaderCompilers: Guid format shader working directory is 19 characters bigger than the processId version (D:/Unreal Games/ScrumLordRacing/Intermediate/Shaders/WorkingDirectory/8572/).
[2017.10.07-15.44.26:449][  0]LogShaderCompilers: Cleaned the shader compiler working directory 'C:/Users/galla_000/AppData/Local/Temp/UnrealShaderWorkingDir/06858F424D329A984F433D8534369A21/'.
[2017.10.07-15.44.26:449][  0]LogShaderCompilers:Display: Using Local Shader Compiler.
[2017.10.07-15.44.28:385][  0]LogTemp:Display: Loaded TP AllDesktopTargetPlatform
[2017.10.07-15.44.28:423][  0]LogTemp:Display: Loaded TP MacClientTargetPlatform
[2017.10.07-15.44.28:463][  0]LogTemp:Display: Loaded TP MacNoEditorTargetPlatform
[2017.10.07-15.44.28:502][  0]LogTemp:Display: Loaded TP MacServerTargetPlatform
[2017.10.07-15.44.28:546][  0]LogTemp:Display: Loaded TP MacTargetPlatform
[2017.10.07-15.44.28:585][  0]LogTemp:Display: Loaded TP WindowsClientTargetPlatform
[2017.10.07-15.44.28:624][  0]LogTemp:Display: Loaded TP WindowsNoEditorTargetPlatform
[2017.10.07-15.44.28:662][  0]LogTemp:Display: Loaded TP WindowsServerTargetPlatform
[2017.10.07-15.44.28:698][  0]LogTemp:Display: Loaded TP WindowsTargetPlatform
[2017.10.07-15.44.28:741][  0]LogTemp:Display: Loaded TP AndroidTargetPlatform
[2017.10.07-15.44.28:780][  0]LogTemp:Display: Loaded TP Android_ASTCTargetPlatform
[2017.10.07-15.44.28:818][  0]LogTemp:Display: Loaded TP Android_ATCTargetPlatform
[2017.10.07-15.44.28:856][  0]LogTemp:Display: Loaded TP Android_DXTTargetPlatform
[2017.10.07-15.44.28:895][  0]LogTemp:Display: Loaded TP Android_ETC1TargetPlatform
[2017.10.07-15.44.28:933][  0]LogTemp:Display: Loaded TP Android_ETC2TargetPlatform
[2017.10.07-15.44.29:011][  0]LogTemp:Display: Loaded TP Android_MultiTargetPlatform
[2017.10.07-15.44.29:011][  0]LogTemp:Display: Loaded TP Android_PVRTCTargetPlatform
[2017.10.07-15.44.29:042][  0]LogTemp:Display: Loaded TP HTML5TargetPlatform
[2017.10.07-15.44.29:129][  0]LogTemp:Display: Loaded TP IOSTargetPlatform
[2017.10.07-15.44.29:153][  0]LogTemp:Display: Loaded TP TVOSTargetPlatform
[2017.10.07-15.44.29:193][  0]LogTemp:Display: Loaded TP LinuxClientTargetPlatform
[2017.10.07-15.44.29:231][  0]LogTemp:Display: Loaded TP LinuxNoEditorTargetPlatform
[2017.10.07-15.44.29:269][  0]LogTemp:Display: Loaded TP LinuxServerTargetPlatform
[2017.10.07-15.44.29:313][  0]LogTemp:Display: Loaded TP LinuxTargetPlatform
[2017.10.07-15.44.29:313][  0]LogTargetPlatformManager:Display: Building Assets For Windows
[2017.10.07-15.44.29:824][  0]LogDerivedDataCache:Display: Max Cache Size: 512 MB
[2017.10.07-15.44.30:130][  0]LogDerivedDataCache: Loaded boot cache 0.31s 90MB C:/Users/galla_000/AppData/Local/UnrealEngine/4.16/DerivedDataCache/Boot.ddc.
[2017.10.07-15.44.30:130][  0]LogDerivedDataCache:Display: Loaded Boot cache: C:/Users/galla_000/AppData/Local/UnrealEngine/4.16/DerivedDataCache/Boot.ddc
[2017.10.07-15.44.30:130][  0]LogDerivedDataCache: FDerivedDataBackendGraph:  Pak pak cache file D:/Unreal Games/ScrumLordRacing/DerivedDataCache/DDC.ddp not found, will not use a pak cache.
[2017.10.07-15.44.30:130][  0]LogDerivedDataCache: Unable to find inner node Pak for hierarchical cache Hierarchy.
[2017.10.07-15.44.30:130][  0]LogDerivedDataCache: FDerivedDataBackendGraph:  CompressedPak pak cache file D:/Unreal Games/ScrumLordRacing/DerivedDataCache/Compressed.ddp not found, will not use a pak cache.
[2017.10.07-15.44.30:130][  0]LogDerivedDataCache: Unable to find inner node CompressedPak for hierarchical cache Hierarchy.
[2017.10.07-15.44.30:156][  0]LogDerivedDataCache:Display: Pak cache opened for reading ../../../Engine/DerivedDataCache/Compressed.ddp.
[2017.10.07-15.44.30:170][  0]LogDerivedDataCache: Using Local data cache path C:/Users/galla_000/AppData/Local/UnrealEngine/Common/DerivedDataCache: Writable
[2017.10.07-15.44.30:181][  0]LogMaterial: Verifying Global Shaders for PCD3D_SM5
[2017.10.07-15.44.30:188][  0]LogSlate: Using Freetype 2.6.0
[2017.10.07-15.44.30:202][  0]LogSlate: SlateFontCache - WITH_FREETYPE: 1, WITH_HARFBUZZ: 1
[2017.10.07-15.44.30:202][  0]LogSlate: SlateFontCache - WITH_FREETYPE: 1, WITH_HARFBUZZ: 1
[2017.10.07-15.44.31:021][  0]LogInit: Selected Device Profile: [Windows]
[2017.10.07-15.44.31:244][  0]LogContentStreaming: Texture pool size is 0.00 MB
[2017.10.07-15.44.31:496][  0]LogMeshUtilities: Using QuadricMeshReduction for automatic static mesh reduction
[2017.10.07-15.44.31:543][  0]LogSimplygon: Simplygon DLL not present - disabling.
[2017.10.07-15.44.31:583][  0]LogMeshUtilities: Using SimplygonSwarm for distributed automatic mesh merging
[2017.10.07-15.44.31:583][  0]LogMeshUtilities: No automatic skeletal mesh reduction module available
[2017.10.07-15.44.31:583][  0]LogMeshUtilities: No automatic mesh merging module available
[2017.10.07-15.44.32:966][  0]LogNetVersion: ScrumLordRacing , NetCL: 3452394, EngineNetVer: 2, GameNetVer: 0 (Checksum: 1756322102)
[2017.10.07-15.44.33:073][  0]LogAssetRegistry: FAssetRegistry took 0.0294 seconds to start up
[2017.10.07-15.44.33:223][  0]LogPackageLocalizationCache: Processed 4 localized package path(s) for 2 prioritized culture(s) in 0.132136 seconds
[2017.10.07-15.44.33:229][  0]LogUObjectArray: 34194 objects as part of root set at end of initial load.
[2017.10.07-15.44.33:229][  0]LogUObjectAllocator: 7260416 out of 0 bytes used by permanent object pool.
[2017.10.07-15.44.33:229][  0]LogUObjectArray: CloseDisregardForGC: 0/0 objects in disregard for GC pool
[2017.10.07-15.44.33:285][  0]LogInit: WinSock: version 1.1 (2.2), MaxSocks=32767, MaxUdp=65467
[2017.10.07-15.44.37:651][  0]LogTcpMessaging: Initializing TcpMessaging bridge
[2017.10.07-15.44.37:688][  0]LogUdpMessaging: Initializing bridge on interface 0.0.0.0:0 to multicast group 230.0.0.1:6666.
[2017.10.07-15.44.38:281][  0]LogMaterial: Uniform references updated for custom material expression Custom.
[2017.10.07-15.44.38:733][  0]SourceControl: Info Source control is disabled
[2017.10.07-15.44.38:734][  0]SourceControl: Info Source control is disabled
[2017.10.07-15.44.38:782][  0]SourceControl: Info Source control is disabled
[2017.10.07-15.44.38:823][  0]SourceControl: Info Source control is disabled
[2017.10.07-15.44.39:472][  0]LogAndroidPermission: UAndroidPermissionCallbackProxy::GetInstance
[2017.10.07-15.44.39:995][  0]LogEngine: Initializing Engine...
[2017.10.07-15.44.39:996][  0]LogHMD: Failed to initialize OpenVR with code 110
[2017.10.07-15.44.40:376][  0]LogStats: UGameplayTagsManager::ConstructGameplayTagTree: Construct from data asset -  0.000 s
[2017.10.07-15.44.40:377][  0]LogStats: UGameplayTagsManager::ConstructGameplayTagTree: GameplayTagTreeChangedEvent.Broadcast -  0.000 s
[2017.10.07-15.44.40:631][  0]LogAIModule: Creating AISystem for world Untitled
[2017.10.07-15.44.40:646][  0]LogInit: XAudio2 using 'Speakers (Realtek High Definition Audio)' : 2 channels at 48 kHz using 32 bits per sample (channel mask 0x3)
[2017.10.07-15.44.40:999][  0]LogInit: FAudioDevice initialized.
[2017.10.07-15.44.41:038][  0]LogDerivedDataCache: Saved boot cache 0.04s 90MB C:/Users/galla_000/AppData/Local/UnrealEngine/4.16/DerivedDataCache/Boot.ddc.
[2017.10.07-15.44.41:045][  0]LogInit: Texture streaming: Enabled
[2017.10.07-15.44.41:128][  0]LogEngineSessionManager: EngineSessionManager initialized
[2017.10.07-15.44.41:335][  0]LogInit: Transaction tracking system initialized
[2017.10.07-15.44.41:607][  0]BlueprintLog: New page: Editor Load
[2017.10.07-15.44.42:476][  0]LocalizationService: Info Localization service is disabled
[2017.10.07-15.44.43:070][  0]LogConsoleResponse:Display: 
[2017.10.07-15.44.43:517][  0]LogCook:Display: Max memory allowance for cook 16384mb min free memory 0mb
[2017.10.07-15.44.43:517][  0]LogCook:Display: Mobile HDR setting 1
[2017.10.07-15.44.43:978][  0]LogFileCache: Scanning file cache for directory 'D:/Unreal Games/ScrumLordRacing/Content/' took 0.02s
[2017.10.07-15.44.44:467][  0]SourceControl: Info Source control is disabled
[2017.10.07-15.44.44:469][  0]Cmd: MAP LOAD FILE="D:/Unreal Games/ScrumLordRacing/Content/VehicleAdvBP/Maps/VehicleAdvExampleMap.umap" TEMPLATE=0 SHOWPROGRESS=1 FEATURELEVEL=3
[2017.10.07-15.44.44:470][  0]LightingResults: New page: Lighting Build
[2017.10.07-15.44.44:507][  0]MapCheck: New page: Map Check
[2017.10.07-15.44.44:507][  0]LightingResults: New page: Lighting Build
[2017.10.07-15.44.47:432][  0]LogAIModule: Creating AISystem for world VehicleAdvExampleMap
[2017.10.07-15.44.47:594][  0]LogEditorServer: Finished looking for orphan Actors (0.000 secs)
[2017.10.07-15.44.47:611][  0]Cmd: MAP CHECKDEP NOCLEARLOG
[2017.10.07-15.44.47:660][  0]MapCheck: Info Map check complete: 0 Error(s), 0 Warning(s), took 48.516ms to complete.
[2017.10.07-15.44.47:660][  0]LogFileHelpers: Loading map 'VehicleAdvExampleMap' took 3.192
[2017.10.07-15.44.47:858][  0]LogCollectionManager: Loaded 0 collections in 0.001433 seconds
[2017.10.07-15.44.47:943][  0]LogFileCache: Scanning file cache for directory 'D:/Unreal Games/ScrumLordRacing/Saved/Collections/' took 0.01s
[2017.10.07-15.44.47:943][  0]LogFileCache: Scanning file cache for directory 'D:/Unreal Games/ScrumLordRacing/Content/Developers/galla000/Collections/' took 0.01s
[2017.10.07-15.44.47:943][  0]LogFileCache: Scanning file cache for directory 'D:/Unreal Games/ScrumLordRacing/Content/Collections/' took 0.01s
[2017.10.07-15.44.47:943][  0]LogCollectionManager: Rebuilt the GUID cache for 0 collections in 0.000001 seconds
[2017.10.07-15.44.47:953][  0]LogContentBrowser: Native class hierarchy populated in 0.0084 seconds. Added 2331 classes and 494 folders.
[2017.10.07-15.44.48:007][  0]LogContentBrowser: Native class hierarchy updated for 'WidgetCarousel' in 0.0004 seconds. Added 0 classes and 0 folders.
[2017.10.07-15.44.48:373][  0]LogContentBrowser: Native class hierarchy updated for 'AddContentDialog' in 0.0005 seconds. Added 0 classes and 0 folders.
[2017.10.07-15.44.48:429][  0]LogContentBrowser: Native class hierarchy updated for 'SceneOutliner' in 0.0005 seconds. Added 1 classes and 2 folders.
[2017.10.07-15.44.48:652][  0]LogCrashTracker: Crashtracker disabled due to settings.
[2017.10.07-15.44.48:667][  0]LogSlate: Took 0.004813 seconds to synchronously load lazily loaded font '../../../Engine/Content/Slate/Fonts/Roboto-Regular.ttf' (155K)
[2017.10.07-15.44.48:674][  0]LogSlate: Took 0.005013 seconds to synchronously load lazily loaded font '../../../Engine/Content/Slate/Fonts/Roboto-Bold.ttf' (160K)
[2017.10.07-15.44.48:688][  0]LogSlate: Took 0.007437 seconds to synchronously load lazily loaded font '../../../Engine/Content/Editor/Slate/Fonts/FontAwesome.ttf' (139K)
[2017.10.07-15.44.48:852][  0]LogRenderer: Reallocating scene render targets to support 1208x576 NumSamples 1 (Frame:1).
[2017.10.07-15.44.49:384][  0]LogUObjectGlobals:Warning: Failed to find object 'Class None.'
[2017.10.07-15.44.49:444][  0]LogContentBrowser: Native class hierarchy updated for 'HierarchicalLODOutliner' in 0.0005 seconds. Added 1 classes and 2 folders.
[2017.10.07-15.44.49:444][  0]LogLoad: (Engine Initialization) Total time: 29.68 seconds
[2017.10.07-15.44.49:444][  0]LogLoad: (Engine Initialization) Total Blueprint compile time: 0.20 seconds
[2017.10.07-15.44.49:444][  0]LogExternalProfiler: No external profilers were discovered.  External profiling features will not be available.
[2017.10.07-15.44.49:462][  0]LogOcInput: OculusInput pre-init called
[2017.10.07-15.44.49:463][  0]LogRawInputWindows:Warning: Found device 0 devices
[2017.10.07-15.44.49:463][  0]LogRawInputWindows:Warning: Found device 0 devices
[2017.10.07-15.44.49:463][  0]LogRawInputWindows:Warning: Device was registered succesfully but not connected (Usage:4 UsagePage:1
[2017.10.07-15.44.49:463][  0]LogRawInputWindows:Warning: Found device 1 devices
[2017.10.07-15.44.49:463][  0]LogRawInputWindows:Warning: Device was registered succesfully but not connected (Usage:5 UsagePage:1
[2017.10.07-15.44.49:463][  0]LogHMD: Starting GearVRController plugin
[2017.10.07-15.44.49:481][  0]LogAssetRegistry: Asset discovery search completed in 16.4313 seconds
[2017.10.07-15.44.49:482][  0]LogCollectionManager: Rebuilt the object cache for 0 collections in 0.000001 seconds (found 0 objects)
[2017.10.07-15.44.49:482][  0]LogCollectionManager: Fixed up redirectors for 0 collections in 0.000018 seconds (updated 0 objects)
[2017.10.07-15.44.49:487][  0]LogContentStreaming: Texture pool size now 800 MB
[2017.10.07-15.44.49:539][  0]LogSlate: Took 0.005371 seconds to synchronously load lazily loaded font '../../../Engine/Content/Slate/Fonts/Roboto-Light.ttf' (159K)
[2017.10.07-15.47.36:903][319]LogEditorViewport: Clicking on Actor (LMB): BP_Sky_Sphere_C (SkyShereBlueprint)
[2017.10.07-15.47.38:429][345]Cmd: SELECT NONE
[2017.10.07-17.36.53:872][242]LogTemp: Repeting last play command: Selected Viewport
[2017.10.07-17.36.54:435][242]LogPlayLevel: PlayLevel: No blueprints needed recompiling
[2017.10.07-17.36.54:437][242]PIE: New page: PIE session: VehicleAdvExampleMap (Oct 7, 2017, 9:36:54 AM)
[2017.10.07-17.36.54:437][242]LogPlayLevel: Creating play world package: /Game/VehicleAdvBP/Maps/UEDPIE_0_VehicleAdvExampleMap
[2017.10.07-17.36.54:464][242]LogPlayLevel: PIE: StaticDuplicateObject took: (0.026924s)
[2017.10.07-17.36.54:464][242]LogAIModule: Creating AISystem for world VehicleAdvExampleMap
[2017.10.07-17.36.54:465][242]LogPlayLevel: PIE: World Init took: (0.000974s)
[2017.10.07-17.36.54:465][242]LogPlayLevel: PIE: Created PIE world by copying editor world from /Game/VehicleAdvBP/Maps/VehicleAdvExampleMap.VehicleAdvExampleMap to /Game/VehicleAdvBP/Maps/UEDPIE_0_VehicleAdvExampleMap.VehicleAdvExampleMap (0.028157s)
[2017.10.07-17.36.54:474][242]LogInit: XAudio2 using 'Speakers (Realtek High Definition Audio)' : 2 channels at 48 kHz using 32 bits per sample (channel mask 0x3)
[2017.10.07-17.36.54:481][242]LogInit: FAudioDevice initialized.
[2017.10.07-17.36.54:533][242]LogLoad: Game class is 'VehicleAdvGameMode_C'
[2017.10.07-17.36.54:549][242]LogWorld: Bringing World /Game/VehicleAdvBP/Maps/UEDPIE_0_VehicleAdvExampleMap.VehicleAdvExampleMap up for play (max tick rate 60) at 2017.10.07-13.36.54
[2017.10.07-17.36.54:551][242]LogWorld: Bringing up level for play took: 0.011440
[2017.10.07-17.36.54:595][242]LogContentBrowser: Native class hierarchy updated for 'MovieSceneCapture' in 0.0006 seconds. Added 11 classes and 0 folders.
[2017.10.07-17.36.54:596][242]PIE: Info Play in editor start time for /Game/VehicleAdvBP/Maps/UEDPIE_0_VehicleAdvExampleMap 0.413
[2017.10.07-17.36.58:803][353]LogBlueprintUserMessages: [1M_Cube_2_DM_BP_229] Peanut
[2017.10.07-17.36.59:188][362]LogBlueprintUserMessages: [1M_Cube_2_DM_BP_229] Peanut
[2017.10.07-17.37.07:295][469]LogTemp: Repeting last play command: Selected Viewport
[2017.10.07-17.37.07:308][469]LogPlayLevel: PlayLevel: No blueprints needed recompiling
[2017.10.07-17.37.07:308][469]PIE: New page: PIE session: VehicleAdvExampleMap (Oct 7, 2017, 9:37:07 AM)
[2017.10.07-17.37.07:308][469]LogPlayLevel: Creating play world package: /Game/VehicleAdvBP/Maps/UEDPIE_0_VehicleAdvExampleMap
[2017.10.07-17.37.07:332][469]LogPlayLevel: PIE: StaticDuplicateObject took: (0.024418s)
[2017.10.07-17.37.07:333][469]LogAIModule: Creating AISystem for world VehicleAdvExampleMap
[2017.10.07-17.37.07:333][469]LogPlayLevel: PIE: World Init took: (0.001102s)
[2017.10.07-17.37.07:334][469]LogPlayLevel: PIE: Created PIE world by copying editor world from /Game/VehicleAdvBP/Maps/VehicleAdvExampleMap.VehicleAdvExampleMap to /Game/VehicleAdvBP/Maps/UEDPIE_0_VehicleAdvExampleMap.VehicleAdvExampleMap (0.025762s)
[2017.10.07-17.37.07:341][469]LogInit: XAudio2 using 'Speakers (Realtek High Definition Audio)' : 2 channels at 48 kHz using 32 bits per sample (channel mask 0x3)
[2017.10.07-17.37.07:349][469]LogInit: FAudioDevice initialized.
[2017.10.07-17.37.07:380][469]LogLoad: Game class is 'VehicleAdvGameMode_C'
[2017.10.07-17.37.07:390][469]LogWorld: Bringing World /Game/VehicleAdvBP/Maps/UEDPIE_0_VehicleAdvExampleMap.VehicleAdvExampleMap up for play (max tick rate 60) at 2017.10.07-13.37.07
[2017.10.07-17.37.07:390][469]LogWorld: Bringing up level for play took: 0.005168
[2017.10.07-17.37.07:391][469]PIE: Info Play in editor start time for /Game/VehicleAdvBP/Maps/UEDPIE_0_VehicleAdvExampleMap -0.792
[2017.10.07-17.37.11:613][582]LogBlueprintUserMessages: [1M_Cube_2_DM_BP_229] Peanut
[2017.10.07-17.37.12:468][604]LogBlueprintUserMessages: [1M_Cube_2_DM_BP_229] Peanut
[2017.10.07-17.37.20:993][736]LogSlate: Took 0.004619 seconds to synchronously load lazily loaded font '../../../Engine/Content/Slate/Fonts/Roboto-Light.ttf' (159K)
[2017.10.07-17.37.21:426][736]LogContentBrowser: Native class hierarchy updated for 'BlueprintGraph' in 0.0008 seconds. Added 112 classes and 0 folders.
[2017.10.07-17.37.21:958][736]LogSlate: Took 0.002903 seconds to synchronously load lazily loaded font '../../../Engine/Content/Slate/Fonts/Roboto-Regular.ttf' (155K)
[2017.10.07-17.37.22:065][736]LogSlate: Took 0.004112 seconds to synchronously load lazily loaded font '../../../Engine/Content/Editor/Slate/Fonts/Roboto-BoldCondensed.ttf' (158K)
[2017.10.07-17.37.22:178][737]LogSlate: Took 0.006219 seconds to synchronously load lazily loaded font '../../../Engine/Content/Editor/Slate/Fonts/Roboto-Italic.ttf' (157K)
[2017.10.07-17.38.08:243][355]BlueprintLog: New page: Compile Barrel
[2017.10.07-17.38.08:989][365]Cmd: OBJ SAVEPACKAGE PACKAGE="/Game/VehicleAdvBP/Blueprints/Barrel" FILE="D:/Unreal Games/ScrumLordRacing/Content/VehicleAdvBP/Blueprints/Barrel.uasset" SILENT=true
[2017.10.07-17.38.09:088][365]LogSavePackage: Save=18.48ms
[2017.10.07-17.38.09:088][365]LogSavePackage: Moving 'D:/Unreal Games/ScrumLordRacing/Saved/BarrelE981A8334AD50F77E6E012A2D5DC933C.tmp' to 'D:/Unreal Games/ScrumLordRacing/Content/VehicleAdvBP/Blueprints/Barrel.uasset'
[2017.10.07-17.38.09:092][365]LogSavePackage:Display: Finished SavePackage D:/Unreal Games/ScrumLordRacing/Content/VehicleAdvBP/Blueprints/Barrel.uasset
[2017.10.07-17.38.11:187][406]LogTemp: Repeting last play command: Selected Viewport
[2017.10.07-17.38.11:218][406]LogPlayLevel: PlayLevel: No blueprints needed recompiling
[2017.10.07-17.38.11:218][406]PIE: New page: PIE session: VehicleAdvExampleMap (Oct 7, 2017, 9:38:11 AM)
[2017.10.07-17.38.11:218][406]LogPlayLevel: Creating play world package: /Game/VehicleAdvBP/Maps/UEDPIE_0_VehicleAdvExampleMap
[2017.10.07-17.38.11:246][406]LogPlayLevel: PIE: StaticDuplicateObject took: (0.028168s)
[2017.10.07-17.38.11:247][406]LogAIModule: Creating AISystem for world VehicleAdvExampleMap
[2017.10.07-17.38.11:247][406]LogPlayLevel: PIE: World Init took: (0.000920s)
[2017.10.07-17.38.11:247][406]LogPlayLevel: PIE: Created PIE world by copying editor world from /Game/VehicleAdvBP/Maps/VehicleAdvExampleMap.VehicleAdvExampleMap to /Game/VehicleAdvBP/Maps/UEDPIE_0_VehicleAdvExampleMap.VehicleAdvExampleMap (0.029401s)
[2017.10.07-17.38.11:288][406]LogInit: XAudio2 using 'Speakers (Realtek High Definition Audio)' : 2 channels at 48 kHz using 32 bits per sample (channel mask 0x3)
[2017.10.07-17.38.11:297][406]LogInit: FAudioDevice initialized.
[2017.10.07-17.38.11:325][406]LogLoad: Game class is 'VehicleAdvGameMode_C'
[2017.10.07-17.38.11:336][406]LogWorld: Bringing World /Game/VehicleAdvBP/Maps/UEDPIE_0_VehicleAdvExampleMap.VehicleAdvExampleMap up for play (max tick rate 60) at 2017.10.07-13.38.11
[2017.10.07-17.38.11:337][406]LogWorld: Bringing up level for play took: 0.006064
[2017.10.07-17.38.11:338][406]PIE: Info Play in editor start time for /Game/VehicleAdvBP/Maps/UEDPIE_0_VehicleAdvExampleMap -0.846
[2017.10.07-17.38.15:520][518]LogBlueprintUserMessages: [1M_Cube_2_DM_BP_229] Peanut
[2017.10.07-17.38.16:359][540]LogBlueprintUserMessages: [1M_Cube_2_DM_BP_229] Peanut
[2017.10.07-17.38.54:530][919]LogSlate: Took 0.000162 seconds to synchronously load lazily loaded font '../../../Engine/Content/Slate/Fonts/Roboto-Light.ttf' (159K)
[2017.10.07-17.39.03:922][946]LogSavePackage: Save=296.48ms
[2017.10.07-17.39.03:922][946]LogSavePackage: Moving 'D:/Unreal Games/ScrumLordRacing/Saved/VehicleAdvExampleMap_Auto1AAD6E6CB46A7222B023D178D7302D1E8.tmp' to 'D:/Unreal Games/ScrumLordRacing/Saved/Autosaves/Game/VehicleAdvBP/Maps/VehicleAdvExampleMap_Auto1.umap'
[2017.10.07-17.39.03:922][946]LogSavePackage:Display: Finished SavePackage D:/Unreal Games/ScrumLordRacing/Saved/Autosaves/Game/VehicleAdvBP/Maps/VehicleAdvExampleMap_Auto1.umap
[2017.10.07-17.39.03:928][946]LogFileHelpers: Editor autosave (incl. sublevels) for '/Game/VehicleAdvBP/Maps/VehicleAdvExampleMap' took 0.381
[2017.10.07-17.39.03:928][946]LogFileHelpers: Editor autosave (incl. sublevels) for all levels took 0.381
[2017.10.07-17.39.03:930][946]OBJ SavePackage: Generating thumbnails for [0] asset(s) in package [/Game/VehicleAdvBP/Blueprints/Barrel] ([1] browsable assets)...
[2017.10.07-17.39.03:930][946]OBJ SavePackage: Finished generating thumbnails for package [/Game/VehicleAdvBP/Blueprints/Barrel]
[2017.10.07-17.39.03:930][946]Cmd: OBJ SAVEPACKAGE PACKAGE="/Game/VehicleAdvBP/Blueprints/Barrel" FILE="D:/Unreal Games/ScrumLordRacing/Saved/Autosaves/Game/VehicleAdvBP/Blueprints/Barrel_Auto1.uasset" SILENT=false AUTOSAVING=true
[2017.10.07-17.39.03:949][946]LogSavePackage: Save=16.13ms
[2017.10.07-17.39.03:949][946]LogSavePackage: Moving 'D:/Unreal Games/ScrumLordRacing/Saved/Barrel_Auto10019FD7F4DB7A3144C53D2B35E7FBFFE.tmp' to 'D:/Unreal Games/ScrumLordRacing/Saved/Autosaves/Game/VehicleAdvBP/Blueprints/Barrel_Auto1.uasset'
[2017.10.07-17.39.03:949][946]LogSavePackage:Display: Finished SavePackage D:/Unreal Games/ScrumLordRacing/Saved/Autosaves/Game/VehicleAdvBP/Blueprints/Barrel_Auto1.uasset
[2017.10.07-17.39.03:949][946]LogFileHelpers: Auto-saving content packages took 0.019
[2017.10.07-17.40.27:610][ 98]BlueprintLog: New page: Compile Barrel
[2017.10.07-17.40.28:646][108]Cmd: OBJ SAVEPACKAGE PACKAGE="/Game/VehicleAdvBP/Blueprints/Barrel" FILE="D:/Unreal Games/ScrumLordRacing/Content/VehicleAdvBP/Blueprints/Barrel.uasset" SILENT=true
[2017.10.07-17.40.28:668][108]LogSavePackage: Save=18.05ms
[2017.10.07-17.40.28:668][108]LogSavePackage: Moving 'D:/Unreal Games/ScrumLordRacing/Saved/Barrel5EC37D0749BCB2C415C1F48EFE7925F5.tmp' to 'D:/Unreal Games/ScrumLordRacing/Content/VehicleAdvBP/Blueprints/Barrel.uasset'
[2017.10.07-17.40.28:671][108]LogSavePackage:Display: Finished SavePackage D:/Unreal Games/ScrumLordRacing/Content/VehicleAdvBP/Blueprints/Barrel.uasset
[2017.10.07-17.40.32:841][187]LogTemp: Repeting last play command: Selected Viewport
[2017.10.07-17.40.32:858][187]LogPlayLevel: PlayLevel: No blueprints needed recompiling
[2017.10.07-17.40.32:858][187]PIE: New page: PIE session: VehicleAdvExampleMap (Oct 7, 2017, 9:40:32 AM)
[2017.10.07-17.40.32:858][187]LogPlayLevel: Creating play world package: /Game/VehicleAdvBP/Maps/UEDPIE_0_VehicleAdvExampleMap
[2017.10.07-17.40.32:887][187]LogPlayLevel: PIE: StaticDuplicateObject took: (0.028801s)
[2017.10.07-17.40.32:887][187]LogAIModule: Creating AISystem for world VehicleAdvExampleMap
[2017.10.07-17.40.32:887][187]LogPlayLevel: PIE: World Init took: (0.000818s)
[2017.10.07-17.40.32:888][187]LogPlayLevel: PIE: Created PIE world by copying editor world from /Game/VehicleAdvBP/Maps/VehicleAdvExampleMap.VehicleAdvExampleMap to /Game/VehicleAdvBP/Maps/UEDPIE_0_VehicleAdvExampleMap.VehicleAdvExampleMap (0.029981s)
[2017.10.07-17.40.32:946][187]LogInit: XAudio2 using 'Speakers (Realtek High Definition Audio)' : 2 channels at 48 kHz using 32 bits per sample (channel mask 0x3)
[2017.10.07-17.40.32:954][187]LogInit: FAudioDevice initialized.
[2017.10.07-17.40.32:990][187]LogLoad: Game class is 'VehicleAdvGameMode_C'
[2017.10.07-17.40.33:000][187]LogWorld: Bringing World /Game/VehicleAdvBP/Maps/UEDPIE_0_VehicleAdvExampleMap.VehicleAdvExampleMap up for play (max tick rate 60) at 2017.10.07-13.40.33
[2017.10.07-17.40.33:001][187]PIE:Warning: Warning Constraint in '/Game/VehicleAdvBP/Maps/UEDPIE_0_VehicleAdvExampleMap.VehicleAdvExampleMap:PersistentLevel.1M_Cube_2_DM_BP2_107.PhysicsConstraint' attempting to create a joint between objects that are both static.  No joint created.
[2017.10.07-17.40.33:001][187]PIE:Warning: Warning Constraint in '/Game/VehicleAdvBP/Maps/UEDPIE_0_VehicleAdvExampleMap.VehicleAdvExampleMap:PersistentLevel.1M_Cube_2_DM_BP3_320.PhysicsConstraint' attempting to create a joint between objects that are both static.  No joint created.
[2017.10.07-17.40.33:001][187]PIE:Warning: Warning Constraint in '/Game/VehicleAdvBP/Maps/UEDPIE_0_VehicleAdvExampleMap.VehicleAdvExampleMap:PersistentLevel.1M_Cube_2_DM_BP_229.PhysicsConstraint' attempting to create a joint between objects that are both static.  No joint created.
[2017.10.07-17.40.33:001][187]PIE:Warning: Warning Constraint in '/Game/VehicleAdvBP/Maps/UEDPIE_0_VehicleAdvExampleMap.VehicleAdvExampleMap:PersistentLevel.Barrel_50.PhysicsConstraint' attempting to create a joint between objects that are both static.  No joint created.
[2017.10.07-17.40.33:001][187]LogWorld: Bringing up level for play took: 0.005433
[2017.10.07-17.40.33:002][187]PIE: Info Play in editor start time for /Game/VehicleAdvBP/Maps/UEDPIE_0_VehicleAdvExampleMap 0.818
[2017.10.07-17.40.36:826][288]LogBlueprintUserMessages: [1M_Cube_2_DM_BP_229] Peanut
[2017.10.07-17.40.37:609][308]LogBlueprintUserMessages: [1M_Cube_2_DM_BP_229] Peanut
[2017.10.07-17.40.38:224][324]LogBlueprintUserMessages: [1M_Cube_2_DM_BP2_107] Peanut
[2017.10.07-17.40.39:002][343]LogBlueprintUserMessages: [1M_Cube_2_DM_BP2_107] Peanut
[2017.10.07-17.40.56:757][841]LogBlueprintUserMessages: [1M_Cube_2_DM_BP3_320] Peanut
[2017.10.07-17.41.03:505][ 28]LogBlueprintUserMessages: [GITTEST_98] Hello
[2017.10.07-17.41.10:934][240]LogBlueprintUserMessages: [Barrel_50] Peanut
[2017.10.07-17.41.11:452][254]LogBlueprintUserMessages: [Barrel_50] Peanut
[2017.10.07-17.41.17:061][375]PIE:Warning: Warning Constraint in '/Engine/Transient.World_6:PersistentLevel.Barrel_C_4.PhysicsConstraint' attempting to create a joint between objects that are both static.  No joint created.
[2017.10.07-17.42.02:495][157]BlueprintLog: New page: Compile Barrel
[2017.10.07-17.42.04:439][183]Cmd: OBJ SAVEPACKAGE PACKAGE="/Game/VehicleAdvBP/Blueprints/Barrel" FILE="D:/Unreal Games/ScrumLordRacing/Content/VehicleAdvBP/Blueprints/Barrel.uasset" SILENT=true
[2017.10.07-17.42.04:461][183]LogSavePackage: Save=19.32ms
[2017.10.07-17.42.04:461][183]LogSavePackage: Moving 'D:/Unreal Games/ScrumLordRacing/Saved/Barrel76DEA2384EB59A136C924D900E0B07FC.tmp' to 'D:/Unreal Games/ScrumLordRacing/Content/VehicleAdvBP/Blueprints/Barrel.uasset'
[2017.10.07-17.42.04:463][183]LogSavePackage:Display: Finished SavePackage D:/Unreal Games/ScrumLordRacing/Content/VehicleAdvBP/Blueprints/Barrel.uasset
[2017.10.07-17.42.06:710][227]LogTemp: Repeting last play command: Selected Viewport
[2017.10.07-17.42.06:728][227]LogPlayLevel: PlayLevel: No blueprints needed recompiling
[2017.10.07-17.42.06:728][227]PIE: New page: PIE session: VehicleAdvExampleMap (Oct 7, 2017, 9:42:06 AM)
[2017.10.07-17.42.06:728][227]LogPlayLevel: Creating play world package: /Game/VehicleAdvBP/Maps/UEDPIE_0_VehicleAdvExampleMap
[2017.10.07-17.42.06:755][227]LogPlayLevel: PIE: StaticDuplicateObject took: (0.026746s)
[2017.10.07-17.42.06:756][227]LogAIModule: Creating AISystem for world VehicleAdvExampleMap
[2017.10.07-17.42.06:756][227]LogPlayLevel: PIE: World Init took: (0.001114s)
[2017.10.07-17.42.06:756][227]LogPlayLevel: PIE: Created PIE world by copying editor world from /Game/VehicleAdvBP/Maps/VehicleAdvExampleMap.VehicleAdvExampleMap to /Game/VehicleAdvBP/Maps/UEDPIE_0_VehicleAdvExampleMap.VehicleAdvExampleMap (0.028333s)
[2017.10.07-17.42.06:809][227]LogInit: XAudio2 using 'Speakers (Realtek High Definition Audio)' : 2 channels at 48 kHz using 32 bits per sample (channel mask 0x3)
[2017.10.07-17.42.06:818][227]LogInit: FAudioDevice initialized.
[2017.10.07-17.42.06:849][227]LogLoad: Game class is 'VehicleAdvGameMode_C'
[2017.10.07-17.42.06:861][227]LogWorld: Bringing World /Game/VehicleAdvBP/Maps/UEDPIE_0_VehicleAdvExampleMap.VehicleAdvExampleMap up for play (max tick rate 60) at 2017.10.07-13.42.06
[2017.10.07-17.42.06:862][227]LogWorld: Bringing up level for play took: 0.005922
[2017.10.07-17.42.06:863][227]PIE: Info Play in editor start time for /Game/VehicleAdvBP/Maps/UEDPIE_0_VehicleAdvExampleMap 0.679
[2017.10.07-17.42.26:426][775]LogBlueprintUserMessages: [1M_Cube_2_DM_BP_229] Peanut
[2017.10.07-17.42.32:193][932]LogBlueprintUserMessages: [1M_Cube_2_DM_BP2_107] Peanut
[2017.10.07-17.42.32:686][945]LogBlueprintUserMessages: [1M_Cube_2_DM_BP2_107] Peanut
[2017.10.07-17.43.13:320][605]BlueprintLog: New page: Compile VehicleBlueprint
[2017.10.07-17.43.14:280][614]BlueprintLog: New page: Compile VehicleBlueprint
[2017.10.07-17.43.15:044][620]Cmd: OBJ SAVEPACKAGE PACKAGE="/Game/VehicleAdvBP/Blueprints/VehicleBlueprint" FILE="D:/Unreal Games/ScrumLordRacing/Content/VehicleAdvBP/Blueprints/VehicleBlueprint.uasset" SILENT=true
[2017.10.07-17.43.15:198][620]LogSavePackage: Save=147.45ms
[2017.10.07-17.43.15:198][620]LogSavePackage: Moving 'D:/Unreal Games/ScrumLordRacing/Saved/VehicleBlueprint70ACE03241168C802B4F3590E6C9E31B.tmp' to 'D:/Unreal Games/ScrumLordRacing/Content/VehicleAdvBP/Blueprints/VehicleBlueprint.uasset'
[2017.10.07-17.43.15:200][620]LogSavePackage:Display: Finished SavePackage D:/Unreal Games/ScrumLordRacing/Content/VehicleAdvBP/Blueprints/VehicleBlueprint.uasset
[2017.10.07-17.43.18:171][675]LogTemp: Repeting last play command: Selected Viewport
[2017.10.07-17.43.18:194][675]LogPlayLevel: PlayLevel: No blueprints needed recompiling
[2017.10.07-17.43.18:194][675]PIE: New page: PIE session: VehicleAdvExampleMap (Oct 7, 2017, 9:43:18 AM)
[2017.10.07-17.43.18:194][675]LogPlayLevel: Creating play world package: /Game/VehicleAdvBP/Maps/UEDPIE_0_VehicleAdvExampleMap
[2017.10.07-17.43.18:221][675]LogPlayLevel: PIE: StaticDuplicateObject took: (0.027118s)
[2017.10.07-17.43.18:222][675]LogAIModule: Creating AISystem for world VehicleAdvExampleMap
[2017.10.07-17.43.18:222][675]LogPlayLevel: PIE: World Init took: (0.000797s)
[2017.10.07-17.43.18:222][675]LogPlayLevel: PIE: Created PIE world by copying editor world from /Game/VehicleAdvBP/Maps/VehicleAdvExampleMap.VehicleAdvExampleMap to /Game/VehicleAdvBP/Maps/UEDPIE_0_VehicleAdvExampleMap.VehicleAdvExampleMap (0.028208s)
[2017.10.07-17.43.18:281][675]LogInit: XAudio2 using 'Speakers (Realtek High Definition Audio)' : 2 channels at 48 kHz using 32 bits per sample (channel mask 0x3)
[2017.10.07-17.43.18:288][675]LogInit: FAudioDevice initialized.
[2017.10.07-17.43.18:323][675]LogLoad: Game class is 'VehicleAdvGameMode_C'
[2017.10.07-17.43.18:334][675]LogWorld: Bringing World /Game/VehicleAdvBP/Maps/UEDPIE_0_VehicleAdvExampleMap.VehicleAdvExampleMap up for play (max tick rate 60) at 2017.10.07-13.43.18
[2017.10.07-17.43.18:335][675]LogWorld: Bringing up level for play took: 0.006026
[2017.10.07-17.43.18:336][675]PIE: Info Play in editor start time for /Game/VehicleAdvBP/Maps/UEDPIE_0_VehicleAdvExampleMap 0.152
[2017.10.07-17.43.23:270][807]LogBlueprintUserMessages: [1M_Cube_2_DM_BP_229] Peanut
[2017.10.07-17.43.47:592][251]BlueprintLog: New page: Compile VehicleBlueprint
[2017.10.07-17.43.49:148][269]BlueprintLog: New page: Compile VehicleBlueprint
[2017.10.07-17.43.50:086][278]Cmd: OBJ SAVEPACKAGE PACKAGE="/Game/VehicleAdvBP/Blueprints/VehicleBlueprint" FILE="D:/Unreal Games/ScrumLordRacing/Content/VehicleAdvBP/Blueprints/VehicleBlueprint.uasset" SILENT=true
[2017.10.07-17.43.50:247][278]LogSavePackage: Save=157.87ms
[2017.10.07-17.43.50:247][278]LogSavePackage: Moving 'D:/Unreal Games/ScrumLordRacing/Saved/VehicleBlueprint3503E1054C2A648D0FE311AAB268F5F0.tmp' to 'D:/Unreal Games/ScrumLordRacing/Content/VehicleAdvBP/Blueprints/VehicleBlueprint.uasset'
[2017.10.07-17.43.50:248][278]LogSavePackage:Display: Finished SavePackage D:/Unreal Games/ScrumLordRacing/Content/VehicleAdvBP/Blueprints/VehicleBlueprint.uasset
[2017.10.07-17.44.21:972][692]BlueprintLog: New page: Compile Barrel
[2017.10.07-17.44.22:741][703]Cmd: OBJ SAVEPACKAGE PACKAGE="/Game/VehicleAdvBP/Blueprints/Barrel" FILE="D:/Unreal Games/ScrumLordRacing/Content/VehicleAdvBP/Blueprints/Barrel.uasset" SILENT=true
[2017.10.07-17.44.22:767][703]LogSavePackage: Save=18.24ms
[2017.10.07-17.44.22:767][703]LogSavePackage: Moving 'D:/Unreal Games/ScrumLordRacing/Saved/BarrelB01DDC4A4379B5714D5141A91B3BB514.tmp' to 'D:/Unreal Games/ScrumLordRacing/Content/VehicleAdvBP/Blueprints/Barrel.uasset'
[2017.10.07-17.44.22:768][703]LogSavePackage:Display: Finished SavePackage D:/Unreal Games/ScrumLordRacing/Content/VehicleAdvBP/Blueprints/Barrel.uasset
[2017.10.07-17.44.26:747][775]LogTemp: Repeting last play command: Selected Viewport
[2017.10.07-17.44.26:770][775]LogPlayLevel: PlayLevel: No blueprints needed recompiling
[2017.10.07-17.44.26:771][775]PIE: New page: PIE session: VehicleAdvExampleMap (Oct 7, 2017, 9:44:26 AM)
[2017.10.07-17.44.26:771][775]LogPlayLevel: Creating play world package: /Game/VehicleAdvBP/Maps/UEDPIE_0_VehicleAdvExampleMap
[2017.10.07-17.44.26:799][775]LogPlayLevel: PIE: StaticDuplicateObject took: (0.028411s)
[2017.10.07-17.44.26:800][775]LogAIModule: Creating AISystem for world VehicleAdvExampleMap
[2017.10.07-17.44.26:800][775]LogPlayLevel: PIE: World Init took: (0.000569s)
[2017.10.07-17.44.26:800][775]LogPlayLevel: PIE: Created PIE world by copying editor world from /Game/VehicleAdvBP/Maps/VehicleAdvExampleMap.VehicleAdvExampleMap to /Game/VehicleAdvBP/Maps/UEDPIE_0_VehicleAdvExampleMap.VehicleAdvExampleMap (0.029223s)
[2017.10.07-17.44.26:850][775]LogInit: XAudio2 using 'Speakers (Realtek High Definition Audio)' : 2 channels at 48 kHz using 32 bits per sample (channel mask 0x3)
[2017.10.07-17.44.26:858][775]LogInit: FAudioDevice initialized.
[2017.10.07-17.44.26:887][775]LogLoad: Game class is 'VehicleAdvGameMode_C'
[2017.10.07-17.44.26:898][775]LogWorld: Bringing World /Game/VehicleAdvBP/Maps/UEDPIE_0_VehicleAdvExampleMap.VehicleAdvExampleMap up for play (max tick rate 60) at 2017.10.07-13.44.26
[2017.10.07-17.44.26:899][775]LogWorld: Bringing up level for play took: 0.006124
[2017.10.07-17.44.26:900][775]PIE: Info Play in editor start time for /Game/VehicleAdvBP/Maps/UEDPIE_0_VehicleAdvExampleMap 0.716
[2017.10.07-17.44.30:750][878]LogBlueprintUserMessages: [1M_Cube_2_DM_BP_229] Peanut
[2017.10.07-17.44.31:735][904]PIE:Warning: Warning Invalid Simulate Options: Body (1M_Cube_2_DM_BP_229.Destructible 1M_Cube_2_DM) is set to simulate physics but Collision Enabled is incompatible
[2017.10.07-17.44.42:412][165]LogTemp: Repeting last play command: Selected Viewport
[2017.10.07-17.44.42:429][165]LogPlayLevel: PlayLevel: No blueprints needed recompiling
[2017.10.07-17.44.42:429][165]PIE: New page: PIE session: VehicleAdvExampleMap (Oct 7, 2017, 9:44:42 AM)
[2017.10.07-17.44.42:429][165]LogPlayLevel: Creating play world package: /Game/VehicleAdvBP/Maps/UEDPIE_0_VehicleAdvExampleMap
[2017.10.07-17.44.42:455][165]LogPlayLevel: PIE: StaticDuplicateObject took: (0.025720s)
[2017.10.07-17.44.42:455][165]LogAIModule: Creating AISystem for world VehicleAdvExampleMap
[2017.10.07-17.44.42:456][165]LogPlayLevel: PIE: World Init took: (0.000819s)
[2017.10.07-17.44.42:456][165]LogPlayLevel: PIE: Created PIE world by copying editor world from /Game/VehicleAdvBP/Maps/VehicleAdvExampleMap.VehicleAdvExampleMap to /Game/VehicleAdvBP/Maps/UEDPIE_0_VehicleAdvExampleMap.VehicleAdvExampleMap (0.026842s)
[2017.10.07-17.44.42:478][165]LogInit: XAudio2 using 'Speakers (Realtek High Definition Audio)' : 2 channels at 48 kHz using 32 bits per sample (channel mask 0x3)
[2017.10.07-17.44.42:486][165]LogInit: FAudioDevice initialized.
[2017.10.07-17.44.42:538][165]LogLoad: Game class is 'VehicleAdvGameMode_C'
[2017.10.07-17.44.42:550][165]LogWorld: Bringing World /Game/VehicleAdvBP/Maps/UEDPIE_0_VehicleAdvExampleMap.VehicleAdvExampleMap up for play (max tick rate 60) at 2017.10.07-13.44.42
[2017.10.07-17.44.42:550][165]LogWorld: Bringing up level for play took: 0.006761
[2017.10.07-17.44.42:551][165]PIE: Info Play in editor start time for /Game/VehicleAdvBP/Maps/UEDPIE_0_VehicleAdvExampleMap 0.367
[2017.10.07-17.44.46:135][261]LogBlueprintUserMessages: [1M_Cube_2_DM_BP_229] Peanut
[2017.10.07-17.44.47:126][287]PIE:Warning: Warning Invalid Simulate Options: Body (1M_Cube_2_DM_BP_229.Destructible 1M_Cube_2_DM) is set to simulate physics but Collision Enabled is incompatible
[2017.10.07-17.45.01:614][692]LogBlueprintUserMessages: [1M_Cube_2_DM_BP2_107] Peanut
[2017.10.07-17.45.02:574][717]PIE:Warning: Warning Invalid Simulate Options: Body (1M_Cube_2_DM_BP2_107.Destructible 1M_Cube_2_DM) is set to simulate physics but Collision Enabled is incompatible
[2017.10.07-17.45.05:429][795]LogBlueprintUserMessages: [1M_Cube_2_DM_BP3_320] Peanut
[2017.10.07-17.45.06:389][820]PIE:Warning: Warning Invalid Simulate Options: Body (1M_Cube_2_DM_BP3_320.Destructible 1M_Cube_2_DM) is set to simulate physics but Collision Enabled is incompatible
[2017.10.07-17.46.08:752][848]BlueprintLog: New page: Compile Barrel
[2017.10.07-17.46.09:721][863]Cmd: OBJ SAVEPACKAGE PACKAGE="/Game/VehicleAdvBP/Blueprints/Barrel" FILE="D:/Unreal Games/ScrumLordRacing/Content/VehicleAdvBP/Blueprints/Barrel.uasset" SILENT=true
[2017.10.07-17.46.09:745][863]LogSavePackage: Save=20.73ms
[2017.10.07-17.46.09:745][863]LogSavePackage: Moving 'D:/Unreal Games/ScrumLordRacing/Saved/BarrelB77AACD34F4864BE799616A9940BC985.tmp' to 'D:/Unreal Games/ScrumLordRacing/Content/VehicleAdvBP/Blueprints/Barrel.uasset'
[2017.10.07-17.46.09:747][863]LogSavePackage:Display: Finished SavePackage D:/Unreal Games/ScrumLordRacing/Content/VehicleAdvBP/Blueprints/Barrel.uasset
[2017.10.07-17.46.11:954][906]LogTemp: Repeting last play command: Selected Viewport
[2017.10.07-17.46.11:971][906]LogPlayLevel: PlayLevel: No blueprints needed recompiling
[2017.10.07-17.46.11:971][906]PIE: New page: PIE session: VehicleAdvExampleMap (Oct 7, 2017, 9:46:11 AM)
[2017.10.07-17.46.11:971][906]LogPlayLevel: Creating play world package: /Game/VehicleAdvBP/Maps/UEDPIE_0_VehicleAdvExampleMap
[2017.10.07-17.46.11:995][906]LogPlayLevel: PIE: StaticDuplicateObject took: (0.023812s)
[2017.10.07-17.46.11:995][906]LogAIModule: Creating AISystem for world VehicleAdvExampleMap
[2017.10.07-17.46.11:996][906]LogPlayLevel: PIE: World Init took: (0.000720s)
[2017.10.07-17.46.11:996][906]LogPlayLevel: PIE: Created PIE world by copying editor world from /Game/VehicleAdvBP/Maps/VehicleAdvExampleMap.VehicleAdvExampleMap to /Game/VehicleAdvBP/Maps/UEDPIE_0_VehicleAdvExampleMap.VehicleAdvExampleMap (0.024751s)
[2017.10.07-17.46.12:056][906]LogInit: XAudio2 using 'Speakers (Realtek High Definition Audio)' : 2 channels at 48 kHz using 32 bits per sample (channel mask 0x3)
[2017.10.07-17.46.12:064][906]LogInit: FAudioDevice initialized.
[2017.10.07-17.46.12:095][906]LogLoad: Game class is 'VehicleAdvGameMode_C'
[2017.10.07-17.46.12:106][906]LogWorld: Bringing World /Game/VehicleAdvBP/Maps/UEDPIE_0_VehicleAdvExampleMap.VehicleAdvExampleMap up for play (max tick rate 60) at 2017.10.07-13.46.12
[2017.10.07-17.46.12:106][906]LogWorld: Bringing up level for play took: 0.005828
[2017.10.07-17.46.12:107][906]PIE: Info Play in editor start time for /Game/VehicleAdvBP/Maps/UEDPIE_0_VehicleAdvExampleMap -0.077
[2017.10.07-17.46.15:910][  8]LogBlueprintUserMessages: [1M_Cube_2_DM_BP_229] Peanut
[2017.10.07-17.46.16:881][ 33]PIE:Warning: Warning Invalid Simulate Options: Body (1M_Cube_2_DM_BP_229.Destructible 1M_Cube_2_DM) is set to simulate physics but Collision Enabled is incompatible
[2017.10.07-17.46.23:428][213]LogBlueprintUserMessages: [1M_Cube_2_DM_BP2_107] Peanut
[2017.10.07-17.46.24:409][238]PIE:Warning: Warning Invalid Simulate Options: Body (1M_Cube_2_DM_BP2_107.Destructible 1M_Cube_2_DM) is set to simulate physics but Collision Enabled is incompatible
[2017.10.07-17.46.42:354][589]BlueprintLog: New page: Compile Barrel
[2017.10.07-17.46.43:231][602]Cmd: OBJ SAVEPACKAGE PACKAGE="/Game/VehicleAdvBP/Blueprints/Barrel" FILE="D:/Unreal Games/ScrumLordRacing/Content/VehicleAdvBP/Blueprints/Barrel.uasset" SILENT=true
[2017.10.07-17.46.43:258][602]LogSavePackage: Save=23.17ms
[2017.10.07-17.46.43:258][602]LogSavePackage: Moving 'D:/Unreal Games/ScrumLordRacing/Saved/BarrelAF05B1B349292E5D86C093BE3A6C43FC.tmp' to 'D:/Unreal Games/ScrumLordRacing/Content/VehicleAdvBP/Blueprints/Barrel.uasset'
[2017.10.07-17.46.43:259][602]LogSavePackage:Display: Finished SavePackage D:/Unreal Games/ScrumLordRacing/Content/VehicleAdvBP/Blueprints/Barrel.uasset
[2017.10.07-17.46.45:813][650]LogTemp: Repeting last play command: Selected Viewport
[2017.10.07-17.46.45:829][650]LogPlayLevel: PlayLevel: No blueprints needed recompiling
[2017.10.07-17.46.45:829][650]PIE: New page: PIE session: VehicleAdvExampleMap (Oct 7, 2017, 9:46:45 AM)
[2017.10.07-17.46.45:829][650]LogPlayLevel: Creating play world package: /Game/VehicleAdvBP/Maps/UEDPIE_0_VehicleAdvExampleMap
[2017.10.07-17.46.45:855][650]LogPlayLevel: PIE: StaticDuplicateObject took: (0.025391s)
[2017.10.07-17.46.45:855][650]LogAIModule: Creating AISystem for world VehicleAdvExampleMap
[2017.10.07-17.46.45:856][650]LogPlayLevel: PIE: World Init took: (0.001032s)
[2017.10.07-17.46.45:856][650]LogPlayLevel: PIE: Created PIE world by copying editor world from /Game/VehicleAdvBP/Maps/VehicleAdvExampleMap.VehicleAdvExampleMap to /Game/VehicleAdvBP/Maps/UEDPIE_0_VehicleAdvExampleMap.VehicleAdvExampleMap (0.026700s)
[2017.10.07-17.46.45:914][650]LogInit: XAudio2 using 'Speakers (Realtek High Definition Audio)' : 2 channels at 48 kHz using 32 bits per sample (channel mask 0x3)
[2017.10.07-17.46.45:923][650]LogInit: FAudioDevice initialized.
[2017.10.07-17.46.45:955][650]LogLoad: Game class is 'VehicleAdvGameMode_C'
[2017.10.07-17.46.45:967][650]LogWorld: Bringing World /Game/VehicleAdvBP/Maps/UEDPIE_0_VehicleAdvExampleMap.VehicleAdvExampleMap up for play (max tick rate 60) at 2017.10.07-13.46.45
[2017.10.07-17.46.45:967][650]LogWorld: Bringing up level for play took: 0.005864
[2017.10.07-17.46.45:968][650]PIE: Info Play in editor start time for /Game/VehicleAdvBP/Maps/UEDPIE_0_VehicleAdvExampleMap -0.216
[2017.10.07-17.46.49:900][756]LogBlueprintUserMessages: [1M_Cube_2_DM_BP_229] Peanut
[2017.10.07-17.46.49:900][756]LogBlueprintUserMessages: [1M_Cube_2_DM_BP_229] Peanut
[2017.10.07-17.46.49:900][756]LogBlueprintUserMessages: [1M_Cube_2_DM_BP_229] Peanut
[2017.10.07-17.46.50:886][782]PIE:Warning: Warning Invalid Simulate Options: Body (1M_Cube_2_DM_BP_229.Destructible 1M_Cube_2_DM) is set to simulate physics but Collision Enabled is incompatible
[2017.10.07-17.46.56:962][948]LogBlueprintUserMessages: [1M_Cube_2_DM_BP2_107] Peanut
[2017.10.07-17.46.57:925][973]PIE:Warning: Warning Invalid Simulate Options: Body (1M_Cube_2_DM_BP2_107.Destructible 1M_Cube_2_DM) is set to simulate physics but Collision Enabled is incompatible
[2017.10.07-17.47.04:692][159]LogBlueprintUserMessages: [1M_Cube_2_DM_BP3_320] Peanut
[2017.10.07-17.47.04:692][159]LogBlueprintUserMessages: [1M_Cube_2_DM_BP3_320] Peanut
[2017.10.07-17.47.04:692][159]LogBlueprintUserMessages: [1M_Cube_2_DM_BP3_320] Peanut
[2017.10.07-17.47.05:672][185]PIE:Warning: Warning Invalid Simulate Options: Body (1M_Cube_2_DM_BP3_320.Destructible 1M_Cube_2_DM) is set to simulate physics but Collision Enabled is incompatible
[2017.10.07-17.47.10:287][303]LogTemp: Repeting last play command: Selected Viewport
[2017.10.07-17.47.10:306][303]LogPlayLevel: PlayLevel: No blueprints needed recompiling
[2017.10.07-17.47.10:306][303]PIE: New page: PIE session: VehicleAdvExampleMap (Oct 7, 2017, 9:47:10 AM)
[2017.10.07-17.47.10:306][303]LogPlayLevel: Creating play world package: /Game/VehicleAdvBP/Maps/UEDPIE_0_VehicleAdvExampleMap
[2017.10.07-17.47.10:333][303]LogPlayLevel: PIE: StaticDuplicateObject took: (0.027403s)
[2017.10.07-17.47.10:334][303]LogAIModule: Creating AISystem for world VehicleAdvExampleMap
[2017.10.07-17.47.10:334][303]LogPlayLevel: PIE: World Init took: (0.000941s)
[2017.10.07-17.47.10:335][303]LogPlayLevel: PIE: Created PIE world by copying editor world from /Game/VehicleAdvBP/Maps/VehicleAdvExampleMap.VehicleAdvExampleMap to /Game/VehicleAdvBP/Maps/UEDPIE_0_VehicleAdvExampleMap.VehicleAdvExampleMap (0.028737s)
[2017.10.07-17.47.10:354][303]LogInit: XAudio2 using 'Speakers (Realtek High Definition Audio)' : 2 channels at 48 kHz using 32 bits per sample (channel mask 0x3)
[2017.10.07-17.47.10:365][303]LogInit: FAudioDevice initialized.
[2017.10.07-17.47.10:418][303]LogLoad: Game class is 'VehicleAdvGameMode_C'
[2017.10.07-17.47.10:429][303]LogWorld: Bringing World /Game/VehicleAdvBP/Maps/UEDPIE_0_VehicleAdvExampleMap.VehicleAdvExampleMap up for play (max tick rate 60) at 2017.10.07-13.47.10
[2017.10.07-17.47.10:430][303]LogWorld: Bringing up level for play took: 0.006031
[2017.10.07-17.47.10:431][303]PIE: Info Play in editor start time for /Game/VehicleAdvBP/Maps/UEDPIE_0_VehicleAdvExampleMap 0.247
[2017.10.07-17.47.14:413][410]LogBlueprintUserMessages: [1M_Cube_2_DM_BP_229] Peanut
[2017.10.07-17.47.15:402][436]PIE:Warning: Warning Invalid Simulate Options: Body (1M_Cube_2_DM_BP_229.Destructible 1M_Cube_2_DM) is set to simulate physics but Collision Enabled is incompatible
[2017.10.07-17.47.43:798][848]BlueprintLog: New page: Compile VehicleBlueprint
[2017.10.07-17.47.44:873][851]Cmd: OBJ SAVEPACKAGE PACKAGE="/Game/VehicleAdvBP/Blueprints/VehicleBlueprint" FILE="D:/Unreal Games/ScrumLordRacing/Content/VehicleAdvBP/Blueprints/VehicleBlueprint.uasset" SILENT=true
[2017.10.07-17.47.45:025][851]LogSavePackage: Save=149.10ms
[2017.10.07-17.47.45:025][851]LogSavePackage: Moving 'D:/Unreal Games/ScrumLordRacing/Saved/VehicleBlueprint2424B4BE4FF4308583AD358AC93931DA.tmp' to 'D:/Unreal Games/ScrumLordRacing/Content/VehicleAdvBP/Blueprints/VehicleBlueprint.uasset'
[2017.10.07-17.47.45:027][851]LogSavePackage:Display: Finished SavePackage D:/Unreal Games/ScrumLordRacing/Content/VehicleAdvBP/Blueprints/VehicleBlueprint.uasset
[2017.10.07-17.47.47:748][905]LogTemp: Repeting last play command: Selected Viewport
[2017.10.07-17.47.47:771][905]LogPlayLevel: PlayLevel: No blueprints needed recompiling
[2017.10.07-17.47.47:771][905]PIE: New page: PIE session: VehicleAdvExampleMap (Oct 7, 2017, 9:47:47 AM)
[2017.10.07-17.47.47:771][905]LogPlayLevel: Creating play world package: /Game/VehicleAdvBP/Maps/UEDPIE_0_VehicleAdvExampleMap
[2017.10.07-17.47.47:797][905]LogPlayLevel: PIE: StaticDuplicateObject took: (0.026047s)
[2017.10.07-17.47.47:798][905]LogAIModule: Creating AISystem for world VehicleAdvExampleMap
[2017.10.07-17.47.47:798][905]LogPlayLevel: PIE: World Init took: (0.000568s)
[2017.10.07-17.47.47:798][905]LogPlayLevel: PIE: Created PIE world by copying editor world from /Game/VehicleAdvBP/Maps/VehicleAdvExampleMap.VehicleAdvExampleMap to /Game/VehicleAdvBP/Maps/UEDPIE_0_VehicleAdvExampleMap.VehicleAdvExampleMap (0.026870s)
[2017.10.07-17.47.47:846][905]LogInit: XAudio2 using 'Speakers (Realtek High Definition Audio)' : 2 channels at 48 kHz using 32 bits per sample (channel mask 0x3)
[2017.10.07-17.47.47:853][905]LogInit: FAudioDevice initialized.
[2017.10.07-17.47.47:882][905]LogLoad: Game class is 'VehicleAdvGameMode_C'
[2017.10.07-17.47.47:894][905]LogWorld: Bringing World /Game/VehicleAdvBP/Maps/UEDPIE_0_VehicleAdvExampleMap.VehicleAdvExampleMap up for play (max tick rate 60) at 2017.10.07-13.47.47
[2017.10.07-17.47.47:894][905]LogWorld: Bringing up level for play took: 0.006084
[2017.10.07-17.47.47:896][905]PIE: Info Play in editor start time for /Game/VehicleAdvBP/Maps/UEDPIE_0_VehicleAdvExampleMap -0.288
[2017.10.07-17.47.52:029][ 16]LogBlueprintUserMessages: [1M_Cube_2_DM_BP_229] Peanut
[2017.10.07-17.47.53:015][ 42]PIE:Warning: Warning Invalid Simulate Options: Body (1M_Cube_2_DM_BP_229.Destructible 1M_Cube_2_DM) is set to simulate physics but Collision Enabled is incompatible
[2017.10.07-17.48.09:036][484]LogBlueprintUserMessages: [1M_Cube_2_DM_BP3_320] Peanut
[2017.10.07-17.48.10:005][510]PIE:Warning: Warning Invalid Simulate Options: Body (1M_Cube_2_DM_BP3_320.Destructible 1M_Cube_2_DM) is set to simulate physics but Collision Enabled is incompatible
[2017.10.07-17.48.15:830][671]LogBlueprintUserMessages: [1M_Cube_2_DM_BP2_107] Peanut
[2017.10.07-17.48.15:830][671]LogBlueprintUserMessages: [1M_Cube_2_DM_BP2_107] Peanut
[2017.10.07-17.48.15:830][671]LogBlueprintUserMessages: [1M_Cube_2_DM_BP2_107] Peanut
[2017.10.07-17.48.16:799][696]PIE:Warning: Warning Invalid Simulate Options: Body (1M_Cube_2_DM_BP2_107.Destructible 1M_Cube_2_DM) is set to simulate physics but Collision Enabled is incompatible
[2017.10.07-17.48.21:777][821]LogTemp: Repeting last play command: Selected Viewport
[2017.10.07-17.48.21:795][821]LogPlayLevel: PlayLevel: No blueprints needed recompiling
[2017.10.07-17.48.21:795][821]PIE: New page: PIE session: VehicleAdvExampleMap (Oct 7, 2017, 9:48:21 AM)
[2017.10.07-17.48.21:795][821]LogPlayLevel: Creating play world package: /Game/VehicleAdvBP/Maps/UEDPIE_0_VehicleAdvExampleMap
[2017.10.07-17.48.21:826][821]LogPlayLevel: PIE: StaticDuplicateObject took: (0.029567s)
[2017.10.07-17.48.21:826][821]LogAIModule: Creating AISystem for world VehicleAdvExampleMap
[2017.10.07-17.48.21:827][821]LogPlayLevel: PIE: World Init took: (0.001171s)
[2017.10.07-17.48.21:827][821]LogPlayLevel: PIE: Created PIE world by copying editor world from /Game/VehicleAdvBP/Maps/VehicleAdvExampleMap.VehicleAdvExampleMap to /Game/VehicleAdvBP/Maps/UEDPIE_0_VehicleAdvExampleMap.VehicleAdvExampleMap (0.031145s)
[2017.10.07-17.48.21:846][821]LogInit: XAudio2 using 'Speakers (Realtek High Definition Audio)' : 2 channels at 48 kHz using 32 bits per sample (channel mask 0x3)
[2017.10.07-17.48.21:857][821]LogInit: FAudioDevice initialized.
[2017.10.07-17.48.21:907][821]LogLoad: Game class is 'VehicleAdvGameMode_C'
[2017.10.07-17.48.21:918][821]LogWorld: Bringing World /Game/VehicleAdvBP/Maps/UEDPIE_0_VehicleAdvExampleMap.VehicleAdvExampleMap up for play (max tick rate 60) at 2017.10.07-13.48.21
[2017.10.07-17.48.21:919][821]LogWorld: Bringing up level for play took: 0.006033
[2017.10.07-17.48.21:920][821]PIE: Info Play in editor start time for /Game/VehicleAdvBP/Maps/UEDPIE_0_VehicleAdvExampleMap -0.264
[2017.10.07-17.48.34:291][165]LogBlueprintUserMessages: [1M_Cube_2_DM_BP3_320] Peanut
[2017.10.07-17.48.34:291][165]LogBlueprintUserMessages: [1M_Cube_2_DM_BP3_320] Peanut
[2017.10.07-17.48.34:291][165]LogBlueprintUserMessages: [1M_Cube_2_DM_BP3_320] Peanut
[2017.10.07-17.48.35:270][191]PIE:Warning: Warning Invalid Simulate Options: Body (1M_Cube_2_DM_BP3_320.Destructible 1M_Cube_2_DM) is set to simulate physics but Collision Enabled is incompatible
[2017.10.07-17.48.41:824][373]LogBlueprintUserMessages: [GITTEST_98] Hello
[2017.10.07-17.48.42:392][389]LogBlueprintUserMessages: [Barrel_50] Peanut
[2017.10.07-17.48.43:359][416]PIE:Warning: Warning Invalid Simulate Options: Body (Barrel_50.Destructible 1M_Cube_2_DM) is set to simulate physics but Collision Enabled is incompatible
[2017.10.07-17.48.52:109][662]LogBlueprintUserMessages: [1M_Cube_2_DM_BP_229] Peanut
[2017.10.07-17.48.53:098][688]PIE:Warning: Warning Invalid Simulate Options: Body (1M_Cube_2_DM_BP_229.Destructible 1M_Cube_2_DM) is set to simulate physics but Collision Enabled is incompatible
[2017.10.07-17.48.58:123][827]LogBlueprintUserMessages: [1M_Cube_2_DM_BP2_107] Peanut
[2017.10.07-17.48.59:118][854]PIE:Warning: Warning Invalid Simulate Options: Body (1M_Cube_2_DM_BP2_107.Destructible 1M_Cube_2_DM) is set to simulate physics but Collision Enabled is incompatible
[2017.10.07-17.50.05:436][829]LogSavePackage: Save=289.71ms
[2017.10.07-17.50.05:436][829]LogSavePackage: Moving 'D:/Unreal Games/ScrumLordRacing/Saved/VehicleAdvExampleMap5AB27776434BD6EB485558B524145FBA.tmp' to 'D:/Unreal Games/ScrumLordRacing/Content/VehicleAdvBP/Maps/VehicleAdvExampleMap.umap'
[2017.10.07-17.50.05:438][829]LogSavePackage:Display: Finished SavePackage D:/Unreal Games/ScrumLordRacing/Content/VehicleAdvBP/Maps/VehicleAdvExampleMap.umap
[2017.10.07-17.50.05:457][829]LogFileHelpers: Saving map 'VehicleAdvExampleMap' took 1.717
[2017.10.07-17.50.05:519][829]LogWindowsTextInputMethodSystem:Display: IME system now deactivated.
[2017.10.07-17.50.05:712][830]Cmd: QUIT_EDITOR
[2017.10.07-17.50.05:805][830]LogExit: Preparing to exit.
[2017.10.07-17.50.07:057][830]LogExit: Editor shut down
[2017.10.07-17.50.07:060][830]LogExit: Transaction tracking system shut down
[2017.10.07-17.50.07:165][830]LogObj: Freed 0b from 0 cluster array pools.
[2017.10.07-17.50.07:165][830]LogExit: Object subsystem successfully closed.
[2017.10.07-17.50.07:193][830]LogD3D11RHI: Shutdown
[2017.10.07-17.50.07:193][830]LogD3D11RHI: CleanupD3DDevice
[2017.10.07-17.50.07:411][830]LogD3D11RHI: ~FD3D11DynamicRHI
[2017.10.07-17.50.07:432][830]LogModuleManager: Shutting down and abandoning module BlueprintGraph (532)
[2017.10.07-17.50.07:432][830]LogModuleManager: Shutting down and abandoning module BlueprintProfiler (530)
[2017.10.07-17.50.07:433][830]LogModuleManager: Shutting down and abandoning module MovieSceneCapture (528)
[2017.10.07-17.50.07:433][830]LogModuleManager: Shutting down and abandoning module HierarchicalLODOutliner (526)
[2017.10.07-17.50.07:433][830]LogModuleManager: Shutting down and abandoning module CrashTracker (524)
[2017.10.07-17.50.07:433][830]LogModuleManager: Shutting down and abandoning module SceneOutliner (522)
[2017.10.07-17.50.07:433][830]LogModuleManager: Shutting down and abandoning module AddContentDialog (520)
[2017.10.07-17.50.07:433][830]LogDirectoryWatcher: A directory notification for 'C:/Program Files/Epic Games/UE_4.16/FeaturePacks/' was aborted.
[2017.10.07-17.50.07:434][830]LogModuleManager: Shutting down and abandoning module WidgetCarousel (519)
[2017.10.07-17.50.07:434][830]LogModuleManager: Shutting down and abandoning module EditorWidgets (516)
[2017.10.07-17.50.07:434][830]LogModuleManager: Shutting down and abandoning module CollectionManager (514)
[2017.10.07-17.50.07:434][830]LogDirectoryWatcher: A directory notification for 'D:/Unreal Games/ScrumLordRacing/Content/Collections/' was aborted.
[2017.10.07-17.50.07:434][830]LogDirectoryWatcher: A directory notification for 'D:/Unreal Games/ScrumLordRacing/Content/Developers/galla000/Collections/' was aborted.
[2017.10.07-17.50.07:434][830]LogDirectoryWatcher: A directory notification for 'D:/Unreal Games/ScrumLordRacing/Saved/Collections/' was aborted.
[2017.10.07-17.50.07:434][830]LogModuleManager: Shutting down and abandoning module StatsViewer (512)
[2017.10.07-17.50.07:434][830]LogModuleManager: Shutting down and abandoning module FoliageEdit (510)
[2017.10.07-17.50.07:434][830]LogModuleManager: Shutting down and abandoning module LandscapeEditor (508)
[2017.10.07-17.50.07:435][830]LogModuleManager: Shutting down and abandoning module MeshPaintMode (506)
[2017.10.07-17.50.07:435][830]LogModuleManager: Shutting down and abandoning module SceneDepthPickerMode (504)
[2017.10.07-17.50.07:435][830]LogModuleManager: Shutting down and abandoning module ActorPickerMode (502)
[2017.10.07-17.50.07:435][830]LogModuleManager: Shutting down and abandoning module GeometryMode (500)
[2017.10.07-17.50.07:435][830]LogModuleManager: Shutting down and abandoning module TextureAlignMode (498)
[2017.10.07-17.50.07:435][830]LogModuleManager: Shutting down and abandoning module BspMode (496)
[2017.10.07-17.50.07:435][830]LogModuleManager: Shutting down and abandoning module HardwareSurvey (494)
[2017.10.07-17.50.07:435][830]LogModuleManager: Shutting down and abandoning module SequenceRecorderSections (492)
[2017.10.07-17.50.07:435][830]LogModuleManager: Shutting down and abandoning module AutomationWorker (490)
[2017.10.07-17.50.07:435][830]LogModuleManager: Shutting down and abandoning module MatineeToLevelSequence (488)
[2017.10.07-17.50.07:435][830]LogModuleManager: Shutting down and abandoning module LevelSequenceEditor (486)
[2017.10.07-17.50.07:435][830]LogModuleManager: Shutting down and abandoning module PlacementMode (485)
[2017.10.07-17.50.07:435][830]LogModuleManager: Shutting down and abandoning module WmfMediaFactory (482)
[2017.10.07-17.50.07:435][830]LogModuleManager: Shutting down and abandoning module WmfMediaEditor (480)
[2017.10.07-17.50.07:435][830]LogModuleManager: Shutting down and abandoning module AvfMediaFactory (478)
[2017.10.07-17.50.07:435][830]LogModuleManager: Shutting down and abandoning module AvfMediaEditor (476)
[2017.10.07-17.50.07:435][830]LogModuleManager: Shutting down and abandoning module AndroidMediaFactory (474)
[2017.10.07-17.50.07:435][830]LogModuleManager: Shutting down and abandoning module Media (473)
[2017.10.07-17.50.07:435][830]LogModuleManager: Shutting down and abandoning module AndroidMediaEditor (470)
[2017.10.07-17.50.07:435][830]LogModuleManager: Shutting down and abandoning module CharacterAI (468)
[2017.10.07-17.50.07:435][830]LogModuleManager: Shutting down and abandoning module AudioCapture (466)
[2017.10.07-17.50.07:435][830]LogModuleManager: Shutting down and abandoning module SequenceRecorder (465)
[2017.10.07-17.50.07:436][830]LogModuleManager: Shutting down and abandoning module SmartSnapping (462)
[2017.10.07-17.50.07:436][830]LogModuleManager: Shutting down and abandoning module SessionServices (460)
[2017.10.07-17.50.07:436][830]LogModuleManager: Shutting down and abandoning module ViewportSnapping (458)
[2017.10.07-17.50.07:436][830]LogModuleManager: Shutting down and abandoning module ViewportInteraction (456)
[2017.10.07-17.50.07:436][830]LogModuleManager: Shutting down and abandoning module ClothPainter (454)
[2017.10.07-17.50.07:437][830]LogModuleManager: Shutting down and abandoning module LogVisualizer (452)
[2017.10.07-17.50.07:437][830]LogModuleManager: Shutting down and abandoning module IntroTutorials (450)
[2017.10.07-17.50.07:437][830]LogModuleManager: Shutting down and abandoning module GameProjectGeneration (449)
[2017.10.07-17.50.07:438][830]LogModuleManager: Shutting down and abandoning module EditorLiveStreaming (446)
[2017.10.07-17.50.07:438][830]LogModuleManager: Shutting down and abandoning module IOSPlatformEditor (444)
[2017.10.07-17.50.07:439][830]LogModuleManager: Shutting down and abandoning module HTML5PlatformEditor (442)
[2017.10.07-17.50.07:439][830]LogModuleManager: Shutting down and abandoning module AndroidPlatformEditor (440)
[2017.10.07-17.50.07:439][830]LogModuleManager: Shutting down and abandoning module AndroidDeviceDetection (439)
[2017.10.07-17.50.08:187][830]LogModuleManager: Shutting down and abandoning module IOSRuntimeSettings (436)
[2017.10.07-17.50.08:187][830]LogModuleManager: Shutting down and abandoning module AndroidRuntimeSettings (434)
[2017.10.07-17.50.08:187][830]LogModuleManager: Shutting down and abandoning module InputBindingEditor (432)
[2017.10.07-17.50.08:190][830]LogModuleManager: Shutting down and abandoning module MergeActors (430)
[2017.10.07-17.50.08:190][830]LogModuleManager: Shutting down and abandoning module SizeMap (428)
[2017.10.07-17.50.08:190][830]LogModuleManager: Shutting down and abandoning module TreeMap (426)
[2017.10.07-17.50.08:191][830]LogModuleManager: Shutting down and abandoning module ReferenceViewer (424)
[2017.10.07-17.50.08:191][830]LogModuleManager: Shutting down and abandoning module LocalizationDashboard (422)
[2017.10.07-17.50.08:191][830]LogModuleManager: Shutting down and abandoning module LocalizationService (421)
[2017.10.07-17.50.08:191][830]LogModuleManager: Shutting down and abandoning module HardwareTargeting (418)
[2017.10.07-17.50.08:191][830]LogModuleManager: Shutting down and abandoning module DeviceProfileEditor (416)
[2017.10.07-17.50.08:192][830]LogModuleManager: Shutting down and abandoning module UndoHistory (414)
[2017.10.07-17.50.08:192][830]LogModuleManager: Shutting down and abandoning module UserFeedback (412)
[2017.10.07-17.50.08:192][830]LogModuleManager: Shutting down and abandoning module XmlParser (410)
[2017.10.07-17.50.08:192][830]LogModuleManager: Shutting down and abandoning module Blutility (408)
[2017.10.07-17.50.08:192][830]LogModuleManager: Shutting down and abandoning module ProjectSettingsViewer (406)
[2017.10.07-17.50.08:192][830]LogModuleManager: Shutting down and abandoning module ProjectTargetPlatformEditor (405)
[2017.10.07-17.50.08:192][830]LogModuleManager: Shutting down and abandoning module EditorSettingsViewer (402)
[2017.10.07-17.50.08:192][830]LogModuleManager: Shutting down and abandoning module SettingsEditor (400)
[2017.10.07-17.50.08:192][830]LogModuleManager: Shutting down and abandoning module ProjectLauncher (398)
[2017.10.07-17.50.08:192][830]LogModuleManager: Shutting down and abandoning module SessionFrontend (396)
[2017.10.07-17.50.08:193][830]LogModuleManager: Shutting down and abandoning module ProfilerClient (394)
[2017.10.07-17.50.08:193][830]LogModuleManager: Shutting down and abandoning module DeviceManager (392)
[2017.10.07-17.50.08:193][830]LogModuleManager: Shutting down and abandoning module TargetDeviceServices (391)
[2017.10.07-17.50.08:236][830]LogModuleManager: Shutting down and abandoning module AutomationController (388)
[2017.10.07-17.50.08:236][830]LogModuleManager: Shutting down and abandoning module AutomationWindow (386)
[2017.10.07-17.50.08:237][830]LogModuleManager: Shutting down and abandoning module Layers (384)
[2017.10.07-17.50.08:238][830]LogModuleManager: Shutting down and abandoning module ComponentVisualizers (382)
[2017.10.07-17.50.08:238][830]LogModuleManager: Shutting down and abandoning module DetailCustomizations (380)
[2017.10.07-17.50.08:238][830]LogModuleManager: Shutting down and abandoning module PackagesDialog (378)
[2017.10.07-17.50.08:238][830]LogModuleManager: Shutting down and abandoning module Persona (376)
[2017.10.07-17.50.08:239][830]LogModuleManager: Shutting down and abandoning module AdvancedPreviewScene (375)
[2017.10.07-17.50.08:239][830]LogModuleManager: Shutting down and abandoning module AnimGraph (373)
[2017.10.07-17.50.08:239][830]LogModuleManager: Shutting down and abandoning module Kismet (370)
[2017.10.07-17.50.08:245][830]LogModuleManager: Shutting down and abandoning module ClassViewer (368)
[2017.10.07-17.50.08:245][830]LogModuleManager: Shutting down and abandoning module Toolbox (366)
[2017.10.07-17.50.08:245][830]LogModuleManager: Shutting down and abandoning module ModuleUI (364)
[2017.10.07-17.50.08:246][830]LogModuleManager: Shutting down and abandoning module MovieSceneTools (362)
[2017.10.07-17.50.08:246][830]LogModuleManager: Shutting down and abandoning module OutputLog (360)
[2017.10.07-17.50.08:246][830]LogModuleManager: Shutting down and abandoning module GammaUI (358)
[2017.10.07-17.50.08:246][830]LogModuleManager: Shutting down and abandoning module Documentation (356)
[2017.10.07-17.50.08:247][830]LogModuleManager: Shutting down and abandoning module MovieSceneTracks (354)
[2017.10.07-17.50.08:247][830]LogModuleManager: Shutting down and abandoning module MovieScene (352)
[2017.10.07-17.50.08:247][830]LogModuleManager: Shutting down and abandoning module Niagara (350)
[2017.10.07-17.50.08:247][830]LogModuleManager: Shutting down and abandoning module NiagaraEditor (349)
[2017.10.07-17.50.08:247][830]LogModuleManager: Shutting down and abandoning module StreamingPauseRendering (346)
[2017.10.07-17.50.08:247][830]LogModuleManager: Shutting down and abandoning module AnalyticsET (344)
[2017.10.07-17.50.08:247][830]LogModuleManager: Shutting down and abandoning module PortalServices (342)
[2017.10.07-17.50.08:247][830]LogModuleManager: Shutting down and abandoning module PortalRpc (340)
[2017.10.07-17.50.08:247][830]LogModuleManager: Shutting down and abandoning module MessagingRpc (338)
[2017.10.07-17.50.08:247][830]LogModuleManager: Shutting down and abandoning module AIModule (336)
[2017.10.07-17.50.08:247][830]LogModuleManager: Shutting down and abandoning module GameplayDebugger (335)
[2017.10.07-17.50.08:247][830]LogModuleManager: Shutting down and abandoning module AITestSuite (333)
[2017.10.07-17.50.08:247][830]LogModuleManager: Shutting down and abandoning module ProfilerService (330)
[2017.10.07-17.50.08:292][830]LogModuleManager: Shutting down and abandoning module TaskGraph (328)
[2017.10.07-17.50.08:294][830]LogModuleManager: Shutting down and abandoning module SteamVRController (326)
[2017.10.07-17.50.08:294][830]LogModuleManager: Shutting down and abandoning module SteamVR (324)
[2017.10.07-17.50.08:294][830]LogModuleManager: Shutting down and abandoning module ProceduralMeshComponentEditor (322)
[2017.10.07-17.50.08:294][830]LogModuleManager: Shutting down and abandoning module ProceduralMeshComponent (320)
[2017.10.07-17.50.08:294][830]LogModuleManager: Shutting down and abandoning module OculusLibrary (318)
[2017.10.07-17.50.08:294][830]LogModuleManager: Shutting down and abandoning module OculusInput (316)
[2017.10.07-17.50.08:294][830]LogModuleManager: Shutting down and abandoning module MobilePatchingUtils (314)
[2017.10.07-17.50.08:294][830]LogModuleManager: Shutting down and abandoning module CustomMeshComponent (312)
[2017.10.07-17.50.08:294][830]LogModuleManager: Shutting down and abandoning module CableComponent (310)
[2017.10.07-17.50.08:294][830]LogModuleManager: Shutting down and abandoning module ArchVisCharacter (308)
[2017.10.07-17.50.08:294][830]LogModuleManager: Shutting down and abandoning module AndroidPermission (306)
[2017.10.07-17.50.08:294][830]LogModuleManager: Shutting down and abandoning module MediaPlayerEditor (302)
[2017.10.07-17.50.08:294][830]LogModuleManager: Shutting down and abandoning module RawInput (300)
[2017.10.07-17.50.08:294][830]LogModuleManager: Shutting down and abandoning module HTML5Networking (298)
[2017.10.07-17.50.08:294][830]LogModuleManager: Shutting down and abandoning module AlembicImporter (296)
[2017.10.07-17.50.08:294][830]LogModuleManager: Shutting down and abandoning module AlembicLibrary (295)
[2017.10.07-17.50.08:294][830]LogModuleManager: Shutting down and abandoning module GeometryCache (294)
[2017.10.07-17.50.08:294][830]LogModuleManager: Shutting down and abandoning module GeometryCacheEd (293)
[2017.10.07-17.50.08:294][830]LogModuleManager: Shutting down and abandoning module SuperSearchEditor (288)
[2017.10.07-17.50.08:294][830]LogModuleManager: Shutting down and abandoning module SuperSearch (287)
[2017.10.07-17.50.08:294][830]LogModuleManager: Shutting down and abandoning module SpeedTreeImporter (284)
[2017.10.07-17.50.08:294][830]LogModuleManager: Shutting down and abandoning module PluginBrowser (282)
[2017.10.07-17.50.08:294][830]LogModuleManager: Shutting down and abandoning module MobileLauncherProfileWizard (280)
[2017.10.07-17.50.08:294][830]LogModuleManager: Shutting down and abandoning module VisualStudioSourceCodeAccess (278)
[2017.10.07-17.50.08:294][830]LogModuleManager: Shutting down and abandoning module DesktopPlatform (277)
[2017.10.07-17.50.08:294][830]LogModuleManager: Shutting down and abandoning module UObjectPlugin (274)
[2017.10.07-17.50.08:294][830]LogModuleManager: Shutting down and abandoning module SubversionSourceControl (272)
[2017.10.07-17.50.08:294][830]LogModuleManager: Shutting down and abandoning module PerforceSourceControl (270)
[2017.10.07-17.50.08:294][830]LogModuleManager: Shutting down and abandoning module GitSourceControl (268)
[2017.10.07-17.50.08:294][830]LogModuleManager: Shutting down and abandoning module SourceControl (267)
[2017.10.07-17.50.08:294][830]LogModuleManager: Shutting down and abandoning module LightPropagationVolumeEditor (264)
[2017.10.07-17.50.08:294][830]LogModuleManager: Shutting down and abandoning module PaperTiledImporter (262)
[2017.10.07-17.50.08:294][830]LogModuleManager: Shutting down and abandoning module PaperSpriteSheetImporter (260)
[2017.10.07-17.50.08:294][830]LogModuleManager: Shutting down and abandoning module Paper2DEditor (258)
[2017.10.07-17.50.08:294][830]LogModuleManager: Shutting down and abandoning module MeshPaint (257)
[2017.10.07-17.50.08:294][830]LogModuleManager: Shutting down and abandoning module LevelEditor (255)
[2017.10.07-17.50.08:295][830]LogModuleManager: Shutting down and abandoning module PixelInspectorModule (254)
[2017.10.07-17.50.08:295][830]LogModuleManager: Shutting down and abandoning module MainFrame (252)
[2017.10.07-17.50.08:295][830]LogModuleManager: Shutting down and abandoning module HotReload (251)
[2017.10.07-17.50.08:295][830]LogModuleManager: Shutting down and abandoning module PhysXVehiclesEditor (246)
[2017.10.07-17.50.08:295][830]LogModuleManager: Shutting down and abandoning module PhysXVehicles (244)
[2017.10.07-17.50.08:296][830]LogModuleManager: Shutting down and abandoning module LocationServicesBPLibrary (242)
[2017.10.07-17.50.08:296][830]LogModuleManager: Shutting down and abandoning module ImmediatePhysicsEditor (240)
[2017.10.07-17.50.08:296][830]LogModuleManager: Shutting down and abandoning module ImmediatePhysics (238)
[2017.10.07-17.50.08:296][830]LogModuleManager: Shutting down and abandoning module UdpMessaging (236)
[2017.10.07-17.50.08:396][830]LogModuleManager: Shutting down and abandoning module TcpMessaging (234)
[2017.10.07-17.50.08:497][830]LogModuleManager: Shutting down and abandoning module GameplayTagsEditor (232)
[2017.10.07-17.50.08:500][830]LogModuleManager: Shutting down and abandoning module FacialAnimationEditor (230)
[2017.10.07-17.50.08:500][830]LogModuleManager: Shutting down and abandoning module FacialAnimation (228)
[2017.10.07-17.50.08:500][830]LogModuleManager: Shutting down and abandoning module AssetManagerEditor (226)
[2017.10.07-17.50.08:500][830]LogModuleManager: Shutting down and abandoning module GraphEditor (225)
[2017.10.07-17.50.08:500][830]LogModuleManager: Shutting down and abandoning module ContentBrowser (223)
[2017.10.07-17.50.08:501][830]LogModuleManager: Shutting down and abandoning module LightPropagationVolumeRuntime (220)
[2017.10.07-17.50.08:501][830]LogModuleManager: Shutting down and abandoning module Paper2D (218)
[2017.10.07-17.50.08:501][830]LogModuleManager: Shutting down and abandoning module WindowsMoviePlayer (216)
[2017.10.07-17.50.08:502][830]LogModuleManager: Shutting down and abandoning module WmfMedia (214)
[2017.10.07-17.50.08:502][830]LogModuleManager: Shutting down and abandoning module ClothingSystemEditor (212)
[2017.10.07-17.50.08:502][830]LogModuleManager: Shutting down and abandoning module ClothingSystemRuntime (210)
[2017.10.07-17.50.08:502][830]LogModuleManager: Shutting down and abandoning module MediaAssets (208)
[2017.10.07-17.50.08:502][830]LogModuleManager: Shutting down and abandoning module GameLiveStreaming (206)
[2017.10.07-17.50.08:502][830]LogModuleManager: Shutting down and abandoning module VREditor (204)
[2017.10.07-17.50.08:502][830]LogModuleManager: Shutting down and abandoning module StringTableEditor (202)
[2017.10.07-17.50.08:503][830]LogModuleManager: Shutting down and abandoning module GameplayTasksEditor (200)
[2017.10.07-17.50.08:503][830]LogModuleManager: Shutting down and abandoning module BehaviorTreeEditor (198)
[2017.10.07-17.50.08:503][830]LogModuleManager: Shutting down and abandoning module FunctionalTesting (196)
[2017.10.07-17.50.08:503][830]LogModuleManager: Shutting down and abandoning module CollisionAnalyzer (194)
[2017.10.07-17.50.08:504][830]LogModuleManager: Shutting down and abandoning module UMG (192)
[2017.10.07-17.50.08:504][830]LogModuleManager: Shutting down and abandoning module UMGEditor (191)
[2017.10.07-17.50.08:505][830]LogModuleManager: Shutting down and abandoning module Sequencer (190)
[2017.10.07-17.50.08:505][830]LogModuleManager: Shutting down and abandoning module AssetTools (188)
[2017.10.07-17.50.08:506][830]LogModuleManager: Shutting down and abandoning module MessageLog (187)
[2017.10.07-17.50.08:506][830]LogModuleManager: Shutting down and abandoning module WorkspaceMenuStructure (186)
[2017.10.07-17.50.08:506][830]LogModuleManager: Shutting down and abandoning module SlateReflector (180)
[2017.10.07-17.50.08:507][830]LogModuleManager: Shutting down and abandoning module Slate (178)
[2017.10.07-17.50.08:507][830]LogModuleManager: Shutting down and abandoning module EditorStyle (176)
[2017.10.07-17.50.08:509][830]LogModuleManager: Shutting down and abandoning module SourceCodeAccess (174)
[2017.10.07-17.50.08:509][830]LogModuleManager: Shutting down and abandoning module HeadMountedDisplay (172)
[2017.10.07-17.50.08:509][830]LogModuleManager: Shutting down and abandoning module XAudio2 (170)
[2017.10.07-17.50.08:509][830]LogModuleManager: Shutting down and abandoning module Networking (168)
[2017.10.07-17.50.08:509][830]LogModuleManager: Shutting down and abandoning module Core (164)
[2017.10.07-17.50.08:509][830]LogModuleManager: Shutting down and abandoning module AssetRegistry (162)
[2017.10.07-17.50.08:565][830]LogDirectoryWatcher: A directory notification for '../../../Engine/Content/' was aborted.
[2017.10.07-17.50.08:565][830]LogDirectoryWatcher: A directory notification for 'D:/Unreal Games/ScrumLordRacing/Content/' was aborted.
[2017.10.07-17.50.08:565][830]LogDirectoryWatcher: A directory notification for '../../../Engine/Plugins/2D/Paper2D/Content/' was aborted.
[2017.10.07-17.50.08:565][830]LogDirectoryWatcher: A directory notification for '../../../Engine/Plugins/Runtime/GearVR/Content/' was aborted.
[2017.10.07-17.50.08:567][830]LogModuleManager: Shutting down and abandoning module DirectoryWatcher (161)
[2017.10.07-17.50.08:567][830]LogModuleManager: Shutting down and abandoning module KismetCompiler (158)
[2017.10.07-17.50.08:568][830]LogModuleManager: Shutting down and abandoning module LevelSequence (156)
[2017.10.07-17.50.08:568][830]LogModuleManager: Shutting down and abandoning module PhysXFormats (154)
[2017.10.07-17.50.08:568][830]LogModuleManager: Shutting down and abandoning module MeshUtilities (152)
[2017.10.07-17.50.08:568][830]LogModuleManager: Shutting down and abandoning module SimplygonSwarm (151)
[2017.10.07-17.50.08:568][830]LogModuleManager: Shutting down and abandoning module SimplygonMeshReduction (149)
[2017.10.07-17.50.08:568][830]LogModuleManager: Shutting down and abandoning module QuadricMeshReduction (147)
[2017.10.07-17.50.08:568][830]LogModuleManager: Shutting down and abandoning module DerivedDataCache (144)
[2017.10.07-17.50.08:647][830]LogDerivedDataCache: Shutdown
[2017.10.07-17.50.08:647][830]LogModuleManager: Shutting down and abandoning module TargetPlatform (142)
[2017.10.07-17.50.08:647][830]LogModuleManager: Shutting down and abandoning module VulkanShaderFormat (141)
[2017.10.07-17.50.08:647][830]LogModuleManager: Shutting down and abandoning module ShaderFormatVectorVM (139)
[2017.10.07-17.50.08:648][830]LogModuleManager: Shutting down and abandoning module ShaderFormatOpenGL (137)
[2017.10.07-17.50.08:649][830]LogModuleManager: Shutting down and abandoning module ShaderFormatD3D (135)
[2017.10.07-17.50.08:649][830]LogModuleManager: Shutting down and abandoning module MetalShaderFormat (133)
[2017.10.07-17.50.08:649][830]LogModuleManager: Shutting down and abandoning module TextureFormatUncompressed (131)
[2017.10.07-17.50.08:649][830]LogModuleManager: Shutting down and abandoning module TextureFormatPVR (129)
[2017.10.07-17.50.08:649][830]LogModuleManager: Shutting down and abandoning module TextureFormatDXT (127)
[2017.10.07-17.50.08:649][830]LogModuleManager: Shutting down and abandoning module TextureFormatIntelISPCTexComp (125)
[2017.10.07-17.50.08:649][830]LogModuleManager: Shutting down and abandoning module TextureFormatASTC (123)
[2017.10.07-17.50.08:649][830]LogModuleManager: Shutting down and abandoning module ImageWrapper (122)
[2017.10.07-17.50.08:649][830]LogModuleManager: Shutting down and abandoning module TextureFormatAndroid (119)
[2017.10.07-17.50.08:649][830]LogModuleManager: Shutting down and abandoning module AudioFormatOpus (117)
[2017.10.07-17.50.08:649][830]LogModuleManager: Shutting down and abandoning module AudioFormatOgg (115)
[2017.10.07-17.50.08:649][830]LogModuleManager: Shutting down and abandoning module AudioFormatADPCM (113)
[2017.10.07-17.50.08:649][830]LogModuleManager: Shutting down and abandoning module LinuxTargetPlatform (111)
[2017.10.07-17.50.08:649][830]LogModuleManager: Shutting down and abandoning module LinuxServerTargetPlatform (109)
[2017.10.07-17.50.08:649][830]LogModuleManager: Shutting down and abandoning module LinuxNoEditorTargetPlatform (107)
[2017.10.07-17.50.08:649][830]LogModuleManager: Shutting down and abandoning module LinuxClientTargetPlatform (105)
[2017.10.07-17.50.08:649][830]LogModuleManager: Shutting down and abandoning module TVOSTargetPlatform (103)
[2017.10.07-17.50.08:649][830]LogModuleManager: Shutting down and abandoning module Messaging (101)
[2017.10.07-17.50.08:649][830]LogModuleManager: Shutting down and abandoning module IOSTargetPlatform (99)
[2017.10.07-17.50.08:649][830]LogModuleManager: Shutting down and abandoning module HTML5TargetPlatform (97)
[2017.10.07-17.50.08:649][830]LogModuleManager: Shutting down and abandoning module Android_PVRTCTargetPlatform (95)
[2017.10.07-17.50.08:649][830]LogModuleManager: Shutting down and abandoning module Android_MultiTargetPlatform (93)
[2017.10.07-17.50.08:649][830]LogModuleManager: Shutting down and abandoning module Android_ETC2TargetPlatform (91)
[2017.10.07-17.50.08:649][830]LogModuleManager: Shutting down and abandoning module Android_ETC1TargetPlatform (89)
[2017.10.07-17.50.08:649][830]LogModuleManager: Shutting down and abandoning module Android_DXTTargetPlatform (87)
[2017.10.07-17.50.08:649][830]LogModuleManager: Shutting down and abandoning module Android_ATCTargetPlatform (85)
[2017.10.07-17.50.08:649][830]LogModuleManager: Shutting down and abandoning module Android_ASTCTargetPlatform (83)
[2017.10.07-17.50.08:649][830]LogModuleManager: Shutting down and abandoning module AndroidTargetPlatform (81)
[2017.10.07-17.50.08:650][830]LogModuleManager: Shutting down and abandoning module WindowsTargetPlatform (79)
[2017.10.07-17.50.08:650][830]LogModuleManager: Shutting down and abandoning module WindowsServerTargetPlatform (77)
[2017.10.07-17.50.08:650][830]LogModuleManager: Shutting down and abandoning module WindowsNoEditorTargetPlatform (75)
[2017.10.07-17.50.08:650][830]LogModuleManager: Shutting down and abandoning module WindowsClientTargetPlatform (73)
[2017.10.07-17.50.08:650][830]LogModuleManager: Shutting down and abandoning module MacTargetPlatform (71)
[2017.10.07-17.50.08:650][830]LogModuleManager: Shutting down and abandoning module MacServerTargetPlatform (69)
[2017.10.07-17.50.08:650][830]LogModuleManager: Shutting down and abandoning module MacNoEditorTargetPlatform (67)
[2017.10.07-17.50.08:650][830]LogModuleManager: Shutting down and abandoning module MacClientTargetPlatform (65)
[2017.10.07-17.50.08:650][830]LogModuleManager: Shutting down and abandoning module AllDesktopTargetPlatform (63)
[2017.10.07-17.50.08:650][830]LogModuleManager: Shutting down and abandoning module InputCore (60)
[2017.10.07-17.50.08:650][830]LogModuleManager: Shutting down and abandoning module Settings (58)
[2017.10.07-17.50.08:650][830]LogModuleManager: Shutting down and abandoning module OculusRift (56)
[2017.10.07-17.50.08:650][830]LogModuleManager: Shutting down and abandoning module GearVRController (54)
[2017.10.07-17.50.08:650][830]LogModuleManager: Shutting down and abandoning module GearVR (52)
[2017.10.07-17.50.08:650][830]LogModuleManager: Shutting down and abandoning module ExampleDeviceProfileSelector (50)
[2017.10.07-17.50.08:650][830]LogModuleManager: Shutting down and abandoning module OnlineBlueprintSupport (48)
[2017.10.07-17.50.08:650][830]LogModuleManager: Shutting down and abandoning module OnlineSubsystem (44)
[2017.10.07-17.50.08:650][830]LogOnline:Display: Unloading online subsystem: NULL
[2017.10.07-17.50.08:650][830]LogModuleManager: Shutting down and abandoning module XMPP (43)
[2017.10.07-17.50.08:651][830]LogModuleManager: Shutting down and abandoning module HTTP (41)
[2017.10.07-17.50.08:651][830]LogHttp:Display: Http module shutting down, but needs to wait on 1 outstanding Http requests:
[2017.10.07-17.50.08:651][830]LogHttp:Display: 	verb=[POST] url=[https://datarouter.ol.epicgames.com/datarouter/api/v1/public/data?SessionID=%7B8C3C0C47-426D-30A1-7373-978DF97360CD%7D&AppID=UEEditor.Rocket.Release&AppVersion=4.16.3-3561208%2B%2B%2BUE4%2BRelease-4.16&UserID=665dec2a4cb07e4a71250ab9266ceb62%7Ce8b3675815f34300b2475ff9b011f0bc%7C4e8dcd73-f07b-479f-a7d5-ed78ed029b66&AppEnvironment=datacollector-binary&UploadType=eteventstream] status=Processing
[2017.10.07-17.50.08:669][830]LogModuleManager: Shutting down and abandoning module SSL (40)
[2017.10.07-17.50.08:671][830]LogModuleManager: Shutting down and abandoning module HTTPChunkInstaller (36)
[2017.10.07-17.50.08:671][830]LogModuleManager: Shutting down and abandoning module AnimationModifiers (34)
[2017.10.07-17.50.08:671][830]LogModuleManager: Shutting down and abandoning module PropertyEditor (33)
[2017.10.07-17.50.08:671][830]LogModuleManager: Shutting down and abandoning module AudioEditor (30)
[2017.10.07-17.50.08:672][830]LogModuleManager: Shutting down and abandoning module TextureCompressor (28)
[2017.10.07-17.50.08:672][830]LogModuleManager: Shutting down and abandoning module ShaderCore (26)
[2017.10.07-17.50.08:672][830]LogModuleManager: Shutting down and abandoning module Landscape (24)
[2017.10.07-17.50.08:672][830]LogModuleManager: Shutting down and abandoning module SlateRHIRenderer (22)
[2017.10.07-17.50.08:673][830]LogModuleManager: Shutting down and abandoning module OpenGLDrv (20)
[2017.10.07-17.50.08:674][830]LogModuleManager: Shutting down and abandoning module D3D11RHI (18)
[2017.10.07-17.50.08:674][830]LogModuleManager: Shutting down and abandoning module AnimGraphRuntime (16)
[2017.10.07-17.50.08:674][830]LogModuleManager: Shutting down and abandoning module Renderer (14)
[2017.10.07-17.50.08:674][830]LogModuleManager: Shutting down and abandoning module Engine (12)
[2017.10.07-17.50.08:674][830]LogModuleManager: Shutting down and abandoning module CoreUObject (10)
[2017.10.07-17.50.08:674][830]LogModuleManager: Shutting down and abandoning module NetworkFile (8)
[2017.10.07-17.50.08:674][830]LogModuleManager: Shutting down and abandoning module StreamingFile (6)
[2017.10.07-17.50.08:674][830]LogModuleManager: Shutting down and abandoning module SandboxFile (4)
[2017.10.07-17.50.08:674][830]LogModuleManager: Shutting down and abandoning module PakFile (2)
[2017.10.07-17.50.08:675][830]LogExit: Exiting.
[2017.10.07-17.50.08:687][830]Log file closed, 10/07/17 13:50:08
